[2026-05-08T19:50:00.807+0000] {local_task_job_runner.py:123} INFO - ::group::Pre task execution logs
[2026-05-08T19:50:00.821+0000] {taskinstance.py:2614} INFO - Dependencies all met for dep_context=non-requeueable deps ti=<TaskInstance: iot_sensor_pipeline.run_iot_etl_pipeline scheduled__2026-05-08T19:45:00+00:00 [queued]>
[2026-05-08T19:50:00.827+0000] {taskinstance.py:2614} INFO - Dependencies all met for dep_context=requeueable deps ti=<TaskInstance: iot_sensor_pipeline.run_iot_etl_pipeline scheduled__2026-05-08T19:45:00+00:00 [queued]>
[2026-05-08T19:50:00.827+0000] {taskinstance.py:2867} INFO - Starting attempt 1 of 2
[2026-05-08T19:50:00.840+0000] {taskinstance.py:2890} INFO - Executing <Task(PythonOperator): run_iot_etl_pipeline> on 2026-05-08 19:45:00+00:00
[2026-05-08T19:50:00.849+0000] {logging_mixin.py:190} WARNING - /home/***/.local/lib/python3.12/site-packages/***/task/task_runner/standard_task_runner.py:70 DeprecationWarning: This process (pid=2459) is multi-threaded, use of fork() may lead to deadlocks in the child.
[2026-05-08T19:50:00.850+0000] {standard_task_runner.py:72} INFO - Started process 2461 to run task
[2026-05-08T19:50:00.849+0000] {standard_task_runner.py:104} INFO - Running: ['***', 'tasks', 'run', 'iot_sensor_pipeline', 'run_iot_etl_pipeline', 'scheduled__2026-05-08T19:45:00+00:00', '--job-id', '199', '--raw', '--subdir', 'DAGS_FOLDER/iot_dag.py', '--cfg-path', '/tmp/tmpzgyl6sap']
[2026-05-08T19:50:00.851+0000] {standard_task_runner.py:105} INFO - Job 199: Subtask run_iot_etl_pipeline
[2026-05-08T19:50:00.897+0000] {task_command.py:467} INFO - Running <TaskInstance: iot_sensor_pipeline.run_iot_etl_pipeline scheduled__2026-05-08T19:45:00+00:00 [running]> on host 384a23093721
[2026-05-08T19:50:00.971+0000] {taskinstance.py:3134} INFO - Exporting env vars: AIRFLOW_CTX_DAG_OWNER='amrire' AIRFLOW_CTX_DAG_ID='iot_sensor_pipeline' AIRFLOW_CTX_TASK_ID='run_iot_etl_pipeline' AIRFLOW_CTX_EXECUTION_DATE='2026-05-08T19:45:00+00:00' AIRFLOW_CTX_TRY_NUMBER='1' AIRFLOW_CTX_DAG_RUN_ID='scheduled__2026-05-08T19:45:00+00:00'
[2026-05-08T19:50:00.972+0000] {taskinstance.py:732} INFO - ::endgroup::
[2026-05-08T19:50:00.996+0000] {pipeline.py:25} INFO - Pipeline run 197 started
[2026-05-08T19:50:00.997+0000] {extract.py:8} INFO - Extract started
[2026-05-08T19:50:01.002+0000] {extract.py:43} INFO - Extract completed | rows=51 | runtime=0.01s
[2026-05-08T19:50:01.002+0000] {transform.py:7} INFO - Transform started
[2026-05-08T19:50:01.015+0000] {transform.py:81} INFO - Transform completed | clean_rows=51 | quarantined_rows=0 | runtime=0.01s
[2026-05-08T19:50:01.015+0000] {load.py:9} INFO - Load started for Run ID: 197
[2026-05-08T19:50:01.026+0000] {load.py:41} INFO - Loaded 51 clean records.
[2026-05-08T19:50:01.028+0000] {load.py:67} INFO - Watermark updated | ID: 8419 | TS: 2026-05-08 19:49:55.750860+00:00
[2026-05-08T19:50:01.028+0000] {load.py:74} INFO - Load completed | runtime=0.01s
[2026-05-08T19:50:01.030+0000] {pipeline.py:46} INFO - Pipeline run 197 completed successfully
[2026-05-08T19:50:01.031+0000] {python.py:240} INFO - Done. Returned value was: None
[2026-05-08T19:50:01.038+0000] {taskinstance.py:341} INFO - ::group::Post task execution logs
[2026-05-08T19:50:01.038+0000] {taskinstance.py:353} INFO - Marking task as SUCCESS. dag_id=iot_sensor_pipeline, task_id=run_iot_etl_pipeline, run_id=scheduled__2026-05-08T19:45:00+00:00, execution_date=20260508T194500, start_date=20260508T195000, end_date=20260508T195001
[2026-05-08T19:50:01.104+0000] {local_task_job_runner.py:266} INFO - Task exited with return code 0
[2026-05-08T19:50:01.117+0000] {taskinstance.py:3901} INFO - 0 downstream tasks scheduled from follow-on schedule check
[2026-05-08T19:50:01.119+0000] {local_task_job_runner.py:245} INFO - ::endgroup::
