[2026-05-09T07:40:01.018+0000] {local_task_job_runner.py:123} INFO - ::group::Pre task execution logs
[2026-05-09T07:40:01.029+0000] {taskinstance.py:2614} INFO - Dependencies all met for dep_context=non-requeueable deps ti=<TaskInstance: iot_sensor_pipeline.run_iot_etl_pipeline scheduled__2026-05-09T07:35:00+00:00 [queued]>
[2026-05-09T07:40:01.033+0000] {taskinstance.py:2614} INFO - Dependencies all met for dep_context=requeueable deps ti=<TaskInstance: iot_sensor_pipeline.run_iot_etl_pipeline scheduled__2026-05-09T07:35:00+00:00 [queued]>
[2026-05-09T07:40:01.033+0000] {taskinstance.py:2867} INFO - Starting attempt 1 of 2
[2026-05-09T07:40:01.041+0000] {taskinstance.py:2890} INFO - Executing <Task(PythonOperator): run_iot_etl_pipeline> on 2026-05-09 07:35:00+00:00
[2026-05-09T07:40:01.047+0000] {standard_task_runner.py:104} INFO - Running: ['***', 'tasks', 'run', 'iot_sensor_pipeline', 'run_iot_etl_pipeline', 'scheduled__2026-05-09T07:35:00+00:00', '--job-id', '22', '--raw', '--subdir', 'DAGS_FOLDER/iot_dag.py', '--cfg-path', '/tmp/tmpglj7ua3s']
[2026-05-09T07:40:01.049+0000] {standard_task_runner.py:105} INFO - Job 22: Subtask run_iot_etl_pipeline
[2026-05-09T07:40:01.049+0000] {logging_mixin.py:190} WARNING - /home/***/.local/lib/python3.12/site-packages/***/task/task_runner/standard_task_runner.py:70 DeprecationWarning: This process (pid=1417) is multi-threaded, use of fork() may lead to deadlocks in the child.
[2026-05-09T07:40:01.050+0000] {standard_task_runner.py:72} INFO - Started process 1419 to run task
[2026-05-09T07:40:01.086+0000] {task_command.py:467} INFO - Running <TaskInstance: iot_sensor_pipeline.run_iot_etl_pipeline scheduled__2026-05-09T07:35:00+00:00 [running]> on host 5f88d49937a6
[2026-05-09T07:40:01.145+0000] {taskinstance.py:3134} INFO - Exporting env vars: AIRFLOW_CTX_DAG_OWNER='amrire' AIRFLOW_CTX_DAG_ID='iot_sensor_pipeline' AIRFLOW_CTX_TASK_ID='run_iot_etl_pipeline' AIRFLOW_CTX_EXECUTION_DATE='2026-05-09T07:35:00+00:00' AIRFLOW_CTX_TRY_NUMBER='1' AIRFLOW_CTX_DAG_RUN_ID='scheduled__2026-05-09T07:35:00+00:00'
[2026-05-09T07:40:01.146+0000] {taskinstance.py:732} INFO - ::endgroup::
[2026-05-09T07:40:01.163+0000] {pipeline.py:36} INFO - --- sensor_etl RUN 21 STARTED ---
[2026-05-09T07:40:01.163+0000] {extract.py:8} INFO - Extract started
[2026-05-09T07:40:01.168+0000] {extract.py:43} INFO - Extract completed | rows=51 | runtime=0.01s
[2026-05-09T07:40:01.169+0000] {transform.py:7} INFO - Transform started
[2026-05-09T07:40:01.179+0000] {transform.py:81} INFO - Transform completed | clean_rows=51 | quarantined_rows=0 | runtime=0.01s
[2026-05-09T07:40:01.179+0000] {load.py:9} INFO - Load started for Run ID: 21
[2026-05-09T07:40:01.189+0000] {load.py:41} INFO - Loaded 51 clean records.
[2026-05-09T07:40:01.191+0000] {load.py:67} INFO - Watermark updated | ID: 1017 | TS: 2026-05-09 07:39:56.293324+00:00
[2026-05-09T07:40:01.191+0000] {load.py:74} INFO - Load completed | runtime=0.01s
[2026-05-09T07:40:01.193+0000] {pipeline.py:57} INFO - --- sensor_etl RUN 21 COMPLETED SUCCESSFULLY ---
[2026-05-09T07:40:01.194+0000] {python.py:240} INFO - Done. Returned value was: None
[2026-05-09T07:40:01.201+0000] {taskinstance.py:341} INFO - ::group::Post task execution logs
[2026-05-09T07:40:01.201+0000] {taskinstance.py:353} INFO - Marking task as SUCCESS. dag_id=iot_sensor_pipeline, task_id=run_iot_etl_pipeline, run_id=scheduled__2026-05-09T07:35:00+00:00, execution_date=20260509T073500, start_date=20260509T074001, end_date=20260509T074001
[2026-05-09T07:40:01.223+0000] {local_task_job_runner.py:266} INFO - Task exited with return code 0
[2026-05-09T07:40:01.234+0000] {taskinstance.py:3901} INFO - 0 downstream tasks scheduled from follow-on schedule check
[2026-05-09T07:40:01.236+0000] {local_task_job_runner.py:245} INFO - ::endgroup::
