2026-05-12 18:52:02,443 | INFO | iot_pipeline | Logger initialized. Log file path: /opt/airflow/dags/logs/pipeline.log
2026-05-12 18:52:35,113 | INFO | iot_pipeline | Logger initialized. Log file path: /opt/airflow/dags/logs/pipeline.log
2026-05-12 18:53:07,253 | INFO | iot_pipeline | Logger initialized. Log file path: /opt/airflow/dags/logs/pipeline.log
2026-05-12 18:53:39,907 | INFO | iot_pipeline | Logger initialized. Log file path: /opt/airflow/dags/logs/pipeline.log
2026-05-12 18:54:12,561 | INFO | iot_pipeline | Logger initialized. Log file path: /opt/airflow/dags/logs/pipeline.log
2026-05-12 18:54:44,406 | INFO | iot_pipeline | Logger initialized. Log file path: /opt/airflow/dags/logs/pipeline.log
2026-05-12 18:55:00,626 | INFO | iot_pipeline | Logger initialized. Log file path: /opt/airflow/dags/logs/pipeline.log
2026-05-12 18:55:00,842 | INFO | iot_pipeline | --- sensor_etl RUN 10 STARTED ---
2026-05-12 18:55:00,843 | INFO | iot_pipeline | Extract started
2026-05-12 18:55:00,847 | INFO | iot_pipeline | Extract completed | rows=51 | runtime=0.00s
2026-05-12 18:55:00,847 | INFO | iot_pipeline | Transform started
2026-05-12 18:55:00,857 | INFO | iot_pipeline | Transform completed | clean_rows=51 | quarantined_rows=0 | runtime=0.01s
2026-05-12 18:55:00,858 | INFO | iot_pipeline | Load started for Run ID: 10
2026-05-12 18:55:00,869 | INFO | iot_pipeline | Loaded 51 clean records.
2026-05-12 18:55:00,871 | INFO | iot_pipeline | Watermark updated | ID: 443 | TS: 2026-05-12 18:54:58.849450+00:00
2026-05-12 18:55:00,871 | INFO | iot_pipeline | Load completed | runtime=0.01s
2026-05-12 18:55:00,874 | INFO | iot_pipeline | --- sensor_etl RUN 10 COMPLETED SUCCESSFULLY ---
2026-05-12 18:55:16,988 | INFO | iot_pipeline | Logger initialized. Log file path: /opt/airflow/dags/logs/pipeline.log
2026-05-12 18:55:48,912 | INFO | iot_pipeline | Logger initialized. Log file path: /opt/airflow/dags/logs/pipeline.log
2026-05-12 18:56:21,359 | INFO | iot_pipeline | Logger initialized. Log file path: /opt/airflow/dags/logs/pipeline.log
2026-05-12 18:56:53,804 | INFO | iot_pipeline | Logger initialized. Log file path: /opt/airflow/dags/logs/pipeline.log
2026-05-12 18:57:26,035 | INFO | iot_pipeline | Logger initialized. Log file path: /opt/airflow/dags/logs/pipeline.log
2026-05-12 18:57:58,617 | INFO | iot_pipeline | Logger initialized. Log file path: /opt/airflow/dags/logs/pipeline.log
2026-05-12 18:58:31,493 | INFO | iot_pipeline | Logger initialized. Log file path: /opt/airflow/dags/logs/pipeline.log
2026-05-12 18:59:03,437 | INFO | iot_pipeline | Logger initialized. Log file path: /opt/airflow/dags/logs/pipeline.log
2026-05-12 18:59:36,142 | INFO | iot_pipeline | Logger initialized. Log file path: /opt/airflow/dags/logs/pipeline.log
2026-05-12 19:00:00,786 | INFO | iot_pipeline | Logger initialized. Log file path: /opt/airflow/dags/logs/pipeline.log
2026-05-12 19:00:00,994 | INFO | iot_pipeline | --- sensor_etl RUN 11 STARTED ---
2026-05-12 19:00:00,995 | INFO | iot_pipeline | Extract started
2026-05-12 19:00:01,001 | INFO | iot_pipeline | Extract completed | rows=51 | runtime=0.01s
2026-05-12 19:00:01,001 | INFO | iot_pipeline | Transform started
2026-05-12 19:00:01,012 | INFO | iot_pipeline | Transform completed | clean_rows=51 | quarantined_rows=0 | runtime=0.01s
2026-05-12 19:00:01,012 | INFO | iot_pipeline | Load started for Run ID: 11
2026-05-12 19:00:01,022 | INFO | iot_pipeline | Loaded 51 clean records.
2026-05-12 19:00:01,024 | INFO | iot_pipeline | Watermark updated | ID: 494 | TS: 2026-05-12 18:59:56.472612+00:00
2026-05-12 19:00:01,024 | INFO | iot_pipeline | Load completed | runtime=0.01s
2026-05-12 19:00:01,026 | INFO | iot_pipeline | --- sensor_etl RUN 11 COMPLETED SUCCESSFULLY ---
2026-05-12 19:00:08,219 | INFO | iot_pipeline | Logger initialized. Log file path: /opt/airflow/dags/logs/pipeline.log
2026-05-12 19:00:40,777 | INFO | iot_pipeline | Logger initialized. Log file path: /opt/airflow/dags/logs/pipeline.log
2026-05-12 19:01:13,200 | INFO | iot_pipeline | Logger initialized. Log file path: /opt/airflow/dags/logs/pipeline.log
2026-05-12 19:01:56,471 | INFO | iot_pipeline | Logger initialized. Log file path: /opt/airflow/dags/logs/pipeline.log
2026-05-12 19:01:57,808 | INFO | iot_pipeline | Logger initialized. Log file path: /opt/airflow/dags/logs/pipeline.log
2026-05-12 19:01:58,070 | INFO | iot_pipeline | --- sensor_etl RUN 1 STARTED ---
2026-05-12 19:01:58,071 | INFO | iot_pipeline | Extract started
2026-05-12 19:01:58,072 | INFO | iot_pipeline | No watermark found. Starting from ID 0.
2026-05-12 19:01:58,076 | INFO | iot_pipeline | Extract completed | rows=5 | runtime=0.00s
2026-05-12 19:01:58,076 | INFO | iot_pipeline | Transform started
2026-05-12 19:01:58,085 | INFO | iot_pipeline | Transform completed | clean_rows=5 | quarantined_rows=0 | runtime=0.01s
2026-05-12 19:01:58,086 | INFO | iot_pipeline | Load started for Run ID: 1
2026-05-12 19:01:58,090 | INFO | iot_pipeline | Loaded 5 clean records.
2026-05-12 19:01:58,092 | INFO | iot_pipeline | Watermark updated | ID: 5 | TS: 2026-05-12 19:01:54.571633+00:00
2026-05-12 19:01:58,093 | INFO | iot_pipeline | Load completed | runtime=0.01s
2026-05-12 19:01:58,095 | INFO | iot_pipeline | --- sensor_etl RUN 1 COMPLETED SUCCESSFULLY ---
2026-05-12 19:02:27,694 | INFO | iot_pipeline | Logger initialized. Log file path: /opt/airflow/dags/logs/pipeline.log
2026-05-12 19:02:58,676 | INFO | iot_pipeline | Logger initialized. Log file path: /opt/airflow/dags/logs/pipeline.log
2026-05-12 19:03:29,281 | INFO | iot_pipeline | Logger initialized. Log file path: /opt/airflow/dags/logs/pipeline.log
2026-05-12 19:04:00,005 | INFO | iot_pipeline | Logger initialized. Log file path: /opt/airflow/dags/logs/pipeline.log
2026-05-12 19:04:31,097 | INFO | iot_pipeline | Logger initialized. Log file path: /opt/airflow/dags/logs/pipeline.log
2026-05-12 19:05:00,868 | INFO | iot_pipeline | Logger initialized. Log file path: /opt/airflow/dags/logs/pipeline.log
2026-05-12 19:05:01,078 | INFO | iot_pipeline | --- sensor_etl RUN 2 STARTED ---
2026-05-12 19:05:01,079 | INFO | iot_pipeline | Extract started
2026-05-12 19:05:01,084 | INFO | iot_pipeline | Extract completed | rows=31 | runtime=0.01s
2026-05-12 19:05:01,085 | INFO | iot_pipeline | Transform started
2026-05-12 19:05:01,097 | INFO | iot_pipeline | Transform completed | clean_rows=31 | quarantined_rows=0 | runtime=0.01s
2026-05-12 19:05:01,098 | INFO | iot_pipeline | Load started for Run ID: 2
2026-05-12 19:05:01,109 | INFO | iot_pipeline | Loaded 31 clean records.
2026-05-12 19:05:01,111 | INFO | iot_pipeline | Watermark updated | ID: 36 | TS: 2026-05-12 19:04:56.797888+00:00
2026-05-12 19:05:01,112 | INFO | iot_pipeline | Load completed | runtime=0.01s
2026-05-12 19:05:01,114 | INFO | iot_pipeline | --- sensor_etl RUN 2 COMPLETED SUCCESSFULLY ---
2026-05-12 19:05:01,670 | INFO | iot_pipeline | Logger initialized. Log file path: /opt/airflow/dags/logs/pipeline.log
2026-05-12 19:05:32,592 | INFO | iot_pipeline | Logger initialized. Log file path: /opt/airflow/dags/logs/pipeline.log
2026-05-12 19:06:05,312 | INFO | iot_pipeline | Logger initialized. Log file path: /opt/airflow/dags/logs/pipeline.log
2026-05-12 19:06:37,357 | INFO | iot_pipeline | Logger initialized. Log file path: /opt/airflow/dags/logs/pipeline.log
2026-05-12 19:07:10,050 | INFO | iot_pipeline | Logger initialized. Log file path: /opt/airflow/dags/logs/pipeline.log
2026-05-12 19:07:43,016 | INFO | iot_pipeline | Logger initialized. Log file path: /opt/airflow/dags/logs/pipeline.log
2026-05-12 19:08:15,054 | INFO | iot_pipeline | Logger initialized. Log file path: /opt/airflow/dags/logs/pipeline.log
2026-05-12 19:08:47,752 | INFO | iot_pipeline | Logger initialized. Log file path: /opt/airflow/dags/logs/pipeline.log
2026-05-12 19:09:19,878 | INFO | iot_pipeline | Logger initialized. Log file path: /opt/airflow/dags/logs/pipeline.log
2026-05-12 19:09:52,488 | INFO | iot_pipeline | Logger initialized. Log file path: /opt/airflow/dags/logs/pipeline.log
2026-05-12 19:10:00,988 | INFO | iot_pipeline | Logger initialized. Log file path: /opt/airflow/dags/logs/pipeline.log
2026-05-12 19:10:01,243 | INFO | iot_pipeline | --- sensor_etl RUN 3 STARTED ---
2026-05-12 19:10:01,243 | INFO | iot_pipeline | Extract started
2026-05-12 19:10:01,250 | INFO | iot_pipeline | Extract completed | rows=51 | runtime=0.01s
2026-05-12 19:10:01,250 | INFO | iot_pipeline | Transform started
2026-05-12 19:10:01,261 | INFO | iot_pipeline | Transform completed | clean_rows=51 | quarantined_rows=0 | runtime=0.01s
2026-05-12 19:10:01,261 | INFO | iot_pipeline | Load started for Run ID: 3
2026-05-12 19:10:01,272 | INFO | iot_pipeline | Loaded 51 clean records.
2026-05-12 19:10:01,274 | INFO | iot_pipeline | Watermark updated | ID: 87 | TS: 2026-05-12 19:09:57.204054+00:00
2026-05-12 19:10:01,275 | INFO | iot_pipeline | Load completed | runtime=0.01s
2026-05-12 19:10:01,277 | INFO | iot_pipeline | --- sensor_etl RUN 3 COMPLETED SUCCESSFULLY ---
2026-05-12 19:10:25,640 | INFO | iot_pipeline | Logger initialized. Log file path: /opt/airflow/dags/logs/pipeline.log
2026-05-12 19:10:57,741 | INFO | iot_pipeline | Logger initialized. Log file path: /opt/airflow/dags/logs/pipeline.log
2026-05-12 19:11:30,392 | INFO | iot_pipeline | Logger initialized. Log file path: /opt/airflow/dags/logs/pipeline.log
2026-05-12 19:12:03,305 | INFO | iot_pipeline | Logger initialized. Log file path: /opt/airflow/dags/logs/pipeline.log
2026-05-12 19:12:35,108 | INFO | iot_pipeline | Logger initialized. Log file path: /opt/airflow/dags/logs/pipeline.log
2026-05-12 19:13:08,104 | INFO | iot_pipeline | Logger initialized. Log file path: /opt/airflow/dags/logs/pipeline.log
2026-05-12 19:13:40,225 | INFO | iot_pipeline | Logger initialized. Log file path: /opt/airflow/dags/logs/pipeline.log
2026-05-12 19:14:12,880 | INFO | iot_pipeline | Logger initialized. Log file path: /opt/airflow/dags/logs/pipeline.log
2026-05-12 19:14:44,982 | INFO | iot_pipeline | Logger initialized. Log file path: /opt/airflow/dags/logs/pipeline.log
2026-05-12 19:15:01,187 | INFO | iot_pipeline | Logger initialized. Log file path: /opt/airflow/dags/logs/pipeline.log
2026-05-12 19:15:01,415 | INFO | iot_pipeline | --- sensor_etl RUN 4 STARTED ---
2026-05-12 19:15:01,415 | INFO | iot_pipeline | Extract started
2026-05-12 19:15:01,420 | INFO | iot_pipeline | Extract completed | rows=52 | runtime=0.01s
2026-05-12 19:15:01,421 | INFO | iot_pipeline | Transform started
2026-05-12 19:15:01,432 | INFO | iot_pipeline | Transform completed | clean_rows=52 | quarantined_rows=0 | runtime=0.01s
2026-05-12 19:15:01,432 | INFO | iot_pipeline | Load started for Run ID: 4
2026-05-12 19:15:01,445 | INFO | iot_pipeline | Loaded 52 clean records.
2026-05-12 19:15:01,448 | INFO | iot_pipeline | Watermark updated | ID: 139 | TS: 2026-05-12 19:15:00.455949+00:00
2026-05-12 19:15:01,448 | INFO | iot_pipeline | Load completed | runtime=0.02s
2026-05-12 19:15:01,451 | INFO | iot_pipeline | --- sensor_etl RUN 4 COMPLETED SUCCESSFULLY ---
2026-05-12 19:15:17,736 | INFO | iot_pipeline | Logger initialized. Log file path: /opt/airflow/dags/logs/pipeline.log
2026-05-12 19:15:50,890 | INFO | iot_pipeline | Logger initialized. Log file path: /opt/airflow/dags/logs/pipeline.log
2026-05-12 19:16:22,938 | INFO | iot_pipeline | Logger initialized. Log file path: /opt/airflow/dags/logs/pipeline.log
2026-05-12 19:16:55,680 | INFO | iot_pipeline | Logger initialized. Log file path: /opt/airflow/dags/logs/pipeline.log
2026-05-12 19:17:28,681 | INFO | iot_pipeline | Logger initialized. Log file path: /opt/airflow/dags/logs/pipeline.log
2026-05-12 19:18:00,441 | INFO | iot_pipeline | Logger initialized. Log file path: /opt/airflow/dags/logs/pipeline.log
2026-05-12 19:18:33,143 | INFO | iot_pipeline | Logger initialized. Log file path: /opt/airflow/dags/logs/pipeline.log
2026-05-12 19:19:05,888 | INFO | iot_pipeline | Logger initialized. Log file path: /opt/airflow/dags/logs/pipeline.log
2026-05-12 19:19:37,956 | INFO | iot_pipeline | Logger initialized. Log file path: /opt/airflow/dags/logs/pipeline.log
2026-05-12 19:20:00,824 | INFO | iot_pipeline | Logger initialized. Log file path: /opt/airflow/dags/logs/pipeline.log
2026-05-12 19:20:01,042 | INFO | iot_pipeline | --- sensor_etl RUN 5 STARTED ---
2026-05-12 19:20:01,043 | INFO | iot_pipeline | Extract started
2026-05-12 19:20:01,051 | INFO | iot_pipeline | Extract completed | rows=51 | runtime=0.01s
2026-05-12 19:20:01,052 | INFO | iot_pipeline | Transform started
2026-05-12 19:20:01,062 | INFO | iot_pipeline | Transform completed | clean_rows=51 | quarantined_rows=0 | runtime=0.01s
2026-05-12 19:20:01,062 | INFO | iot_pipeline | Load started for Run ID: 5
2026-05-12 19:20:01,074 | INFO | iot_pipeline | Loaded 51 clean records.
2026-05-12 19:20:01,076 | INFO | iot_pipeline | Watermark updated | ID: 190 | TS: 2026-05-12 19:19:58.219541+00:00
2026-05-12 19:20:01,076 | INFO | iot_pipeline | Load completed | runtime=0.01s
2026-05-12 19:20:01,078 | INFO | iot_pipeline | --- sensor_etl RUN 5 COMPLETED SUCCESSFULLY ---
2026-05-12 19:20:10,780 | INFO | iot_pipeline | Logger initialized. Log file path: /opt/airflow/dags/logs/pipeline.log
2026-05-12 19:20:43,812 | INFO | iot_pipeline | Logger initialized. Log file path: /opt/airflow/dags/logs/pipeline.log
2026-05-12 19:21:15,979 | INFO | iot_pipeline | Logger initialized. Log file path: /opt/airflow/dags/logs/pipeline.log
2026-05-12 19:21:48,666 | INFO | iot_pipeline | Logger initialized. Log file path: /opt/airflow/dags/logs/pipeline.log
2026-05-12 19:22:21,533 | INFO | iot_pipeline | Logger initialized. Log file path: /opt/airflow/dags/logs/pipeline.log
2026-05-12 19:22:53,615 | INFO | iot_pipeline | Logger initialized. Log file path: /opt/airflow/dags/logs/pipeline.log
2026-05-12 19:23:26,431 | INFO | iot_pipeline | Logger initialized. Log file path: /opt/airflow/dags/logs/pipeline.log
2026-05-12 19:23:59,207 | INFO | iot_pipeline | Logger initialized. Log file path: /opt/airflow/dags/logs/pipeline.log
2026-05-12 19:24:31,354 | INFO | iot_pipeline | Logger initialized. Log file path: /opt/airflow/dags/logs/pipeline.log
2026-05-12 19:25:00,597 | INFO | iot_pipeline | Logger initialized. Log file path: /opt/airflow/dags/logs/pipeline.log
2026-05-12 19:25:00,812 | INFO | iot_pipeline | --- sensor_etl RUN 6 STARTED ---
2026-05-12 19:25:00,813 | INFO | iot_pipeline | Extract started
2026-05-12 19:25:00,818 | INFO | iot_pipeline | Extract completed | rows=51 | runtime=0.01s
2026-05-12 19:25:00,818 | INFO | iot_pipeline | Transform started
2026-05-12 19:25:00,828 | INFO | iot_pipeline | Transform completed | clean_rows=51 | quarantined_rows=0 | runtime=0.01s
2026-05-12 19:25:00,828 | INFO | iot_pipeline | Load started for Run ID: 6
2026-05-12 19:25:00,837 | INFO | iot_pipeline | Loaded 51 clean records.
2026-05-12 19:25:00,839 | INFO | iot_pipeline | Watermark updated | ID: 241 | TS: 2026-05-12 19:24:56.177935+00:00
2026-05-12 19:25:00,839 | INFO | iot_pipeline | Load completed | runtime=0.01s
2026-05-12 19:25:00,841 | INFO | iot_pipeline | --- sensor_etl RUN 6 COMPLETED SUCCESSFULLY ---
2026-05-12 19:25:04,150 | INFO | iot_pipeline | Logger initialized. Log file path: /opt/airflow/dags/logs/pipeline.log
2026-05-12 19:25:37,236 | INFO | iot_pipeline | Logger initialized. Log file path: /opt/airflow/dags/logs/pipeline.log
2026-05-12 19:26:07,846 | INFO | iot_pipeline | Logger initialized. Log file path: /opt/airflow/dags/logs/pipeline.log
2026-05-12 19:26:38,330 | INFO | iot_pipeline | Logger initialized. Log file path: /opt/airflow/dags/logs/pipeline.log
2026-05-12 19:27:08,799 | INFO | iot_pipeline | Logger initialized. Log file path: /opt/airflow/dags/logs/pipeline.log
2026-05-12 19:27:39,944 | INFO | iot_pipeline | Logger initialized. Log file path: /opt/airflow/dags/logs/pipeline.log
2026-05-12 19:28:10,834 | INFO | iot_pipeline | Logger initialized. Log file path: /opt/airflow/dags/logs/pipeline.log
2026-05-12 19:28:41,651 | INFO | iot_pipeline | Logger initialized. Log file path: /opt/airflow/dags/logs/pipeline.log
2026-05-12 19:29:12,713 | INFO | iot_pipeline | Logger initialized. Log file path: /opt/airflow/dags/logs/pipeline.log
2026-05-12 19:29:43,581 | INFO | iot_pipeline | Logger initialized. Log file path: /opt/airflow/dags/logs/pipeline.log
2026-05-12 19:30:00,995 | INFO | iot_pipeline | Logger initialized. Log file path: /opt/airflow/dags/logs/pipeline.log
2026-05-12 19:30:01,375 | INFO | iot_pipeline | --- sensor_etl RUN 7 STARTED ---
2026-05-12 19:30:01,376 | INFO | iot_pipeline | Extract started
2026-05-12 19:30:01,383 | INFO | iot_pipeline | Extract completed | rows=51 | runtime=0.01s
2026-05-12 19:30:01,383 | INFO | iot_pipeline | Transform started
2026-05-12 19:30:01,396 | INFO | iot_pipeline | Transform completed | clean_rows=51 | quarantined_rows=0 | runtime=0.01s
2026-05-12 19:30:01,397 | INFO | iot_pipeline | Load started for Run ID: 7
2026-05-12 19:30:01,408 | INFO | iot_pipeline | Loaded 51 clean records.
2026-05-12 19:30:01,410 | INFO | iot_pipeline | Watermark updated | ID: 292 | TS: 2026-05-12 19:29:53.923102+00:00
2026-05-12 19:30:01,411 | INFO | iot_pipeline | Load completed | runtime=0.01s
2026-05-12 19:30:01,413 | INFO | iot_pipeline | --- sensor_etl RUN 7 COMPLETED SUCCESSFULLY ---
2026-05-12 19:30:14,666 | INFO | iot_pipeline | Logger initialized. Log file path: /opt/airflow/dags/logs/pipeline.log
2026-05-12 19:30:45,526 | INFO | iot_pipeline | Logger initialized. Log file path: /opt/airflow/dags/logs/pipeline.log
2026-05-12 19:31:16,655 | INFO | iot_pipeline | Logger initialized. Log file path: /opt/airflow/dags/logs/pipeline.log
2026-05-12 19:31:47,457 | INFO | iot_pipeline | Logger initialized. Log file path: /opt/airflow/dags/logs/pipeline.log
2026-05-12 19:32:18,718 | INFO | iot_pipeline | Logger initialized. Log file path: /opt/airflow/dags/logs/pipeline.log
2026-05-12 19:32:49,524 | INFO | iot_pipeline | Logger initialized. Log file path: /opt/airflow/dags/logs/pipeline.log
2026-05-12 19:33:20,740 | INFO | iot_pipeline | Logger initialized. Log file path: /opt/airflow/dags/logs/pipeline.log
2026-05-12 19:33:51,771 | INFO | iot_pipeline | Logger initialized. Log file path: /opt/airflow/dags/logs/pipeline.log
2026-05-12 19:34:23,033 | INFO | iot_pipeline | Logger initialized. Log file path: /opt/airflow/dags/logs/pipeline.log
2026-05-12 19:34:53,837 | INFO | iot_pipeline | Logger initialized. Log file path: /opt/airflow/dags/logs/pipeline.log
2026-05-12 19:35:00,588 | INFO | iot_pipeline | Logger initialized. Log file path: /opt/airflow/dags/logs/pipeline.log
2026-05-12 19:35:00,822 | INFO | iot_pipeline | --- sensor_etl RUN 8 STARTED ---
2026-05-12 19:35:00,822 | INFO | iot_pipeline | Extract started
2026-05-12 19:35:00,828 | INFO | iot_pipeline | Extract completed | rows=51 | runtime=0.01s
2026-05-12 19:35:00,829 | INFO | iot_pipeline | Transform started
2026-05-12 19:35:00,840 | INFO | iot_pipeline | Transform completed | clean_rows=51 | quarantined_rows=0 | runtime=0.01s
2026-05-12 19:35:00,840 | INFO | iot_pipeline | Load started for Run ID: 8
2026-05-12 19:35:00,851 | INFO | iot_pipeline | Loaded 51 clean records.
2026-05-12 19:35:00,853 | INFO | iot_pipeline | Watermark updated | ID: 343 | TS: 2026-05-12 19:34:58.510181+00:00
2026-05-12 19:35:00,854 | INFO | iot_pipeline | Load completed | runtime=0.01s
2026-05-12 19:35:00,856 | INFO | iot_pipeline | --- sensor_etl RUN 8 COMPLETED SUCCESSFULLY ---
2026-05-12 19:35:24,963 | INFO | iot_pipeline | Logger initialized. Log file path: /opt/airflow/dags/logs/pipeline.log
2026-05-12 19:35:57,233 | INFO | iot_pipeline | Logger initialized. Log file path: /opt/airflow/dags/logs/pipeline.log
2026-05-12 19:36:30,230 | INFO | iot_pipeline | Logger initialized. Log file path: /opt/airflow/dags/logs/pipeline.log
2026-05-12 19:37:02,694 | INFO | iot_pipeline | Logger initialized. Log file path: /opt/airflow/dags/logs/pipeline.log
2026-05-12 19:37:35,506 | INFO | iot_pipeline | Logger initialized. Log file path: /opt/airflow/dags/logs/pipeline.log
2026-05-12 19:38:08,496 | INFO | iot_pipeline | Logger initialized. Log file path: /opt/airflow/dags/logs/pipeline.log
2026-05-12 19:38:41,512 | INFO | iot_pipeline | Logger initialized. Log file path: /opt/airflow/dags/logs/pipeline.log
2026-05-12 19:39:13,731 | INFO | iot_pipeline | Logger initialized. Log file path: /opt/airflow/dags/logs/pipeline.log
2026-05-12 19:39:46,705 | INFO | iot_pipeline | Logger initialized. Log file path: /opt/airflow/dags/logs/pipeline.log
2026-05-12 19:40:01,001 | INFO | iot_pipeline | Logger initialized. Log file path: /opt/airflow/dags/logs/pipeline.log
2026-05-12 19:40:01,208 | INFO | iot_pipeline | --- sensor_etl RUN 9 STARTED ---
2026-05-12 19:40:01,208 | INFO | iot_pipeline | Extract started
2026-05-12 19:40:01,213 | INFO | iot_pipeline | Extract completed | rows=51 | runtime=0.00s
2026-05-12 19:40:01,213 | INFO | iot_pipeline | Transform started
2026-05-12 19:40:01,222 | INFO | iot_pipeline | Transform completed | clean_rows=51 | quarantined_rows=0 | runtime=0.01s
2026-05-12 19:40:01,223 | INFO | iot_pipeline | Load started for Run ID: 9
2026-05-12 19:40:01,231 | INFO | iot_pipeline | Loaded 51 clean records.
2026-05-12 19:40:01,233 | INFO | iot_pipeline | Watermark updated | ID: 394 | TS: 2026-05-12 19:39:56.521690+00:00
2026-05-12 19:40:01,233 | INFO | iot_pipeline | Load completed | runtime=0.01s
2026-05-12 19:40:01,235 | INFO | iot_pipeline | --- sensor_etl RUN 9 COMPLETED SUCCESSFULLY ---
2026-05-12 19:40:20,049 | INFO | iot_pipeline | Logger initialized. Log file path: /opt/airflow/dags/logs/pipeline.log
2026-05-12 19:40:52,491 | INFO | iot_pipeline | Logger initialized. Log file path: /opt/airflow/dags/logs/pipeline.log
2026-05-12 19:41:25,367 | INFO | iot_pipeline | Logger initialized. Log file path: /opt/airflow/dags/logs/pipeline.log
2026-05-12 19:41:57,671 | INFO | iot_pipeline | Logger initialized. Log file path: /opt/airflow/dags/logs/pipeline.log
2026-05-12 19:42:30,721 | INFO | iot_pipeline | Logger initialized. Log file path: /opt/airflow/dags/logs/pipeline.log
2026-05-12 19:43:04,061 | INFO | iot_pipeline | Logger initialized. Log file path: /opt/airflow/dags/logs/pipeline.log
2026-05-12 19:43:36,028 | INFO | iot_pipeline | Logger initialized. Log file path: /opt/airflow/dags/logs/pipeline.log
2026-05-12 19:44:09,274 | INFO | iot_pipeline | Logger initialized. Log file path: /opt/airflow/dags/logs/pipeline.log
2026-05-12 19:44:41,588 | INFO | iot_pipeline | Logger initialized. Log file path: /opt/airflow/dags/logs/pipeline.log
2026-05-12 19:45:00,743 | INFO | iot_pipeline | Logger initialized. Log file path: /opt/airflow/dags/logs/pipeline.log
2026-05-12 19:45:00,968 | INFO | iot_pipeline | --- sensor_etl RUN 10 STARTED ---
2026-05-12 19:45:00,968 | INFO | iot_pipeline | Extract started
2026-05-12 19:45:00,972 | INFO | iot_pipeline | Extract completed | rows=52 | runtime=0.00s
2026-05-12 19:45:00,972 | INFO | iot_pipeline | Transform started
2026-05-12 19:45:00,981 | INFO | iot_pipeline | Transform completed | clean_rows=52 | quarantined_rows=0 | runtime=0.01s
2026-05-12 19:45:00,982 | INFO | iot_pipeline | Load started for Run ID: 10
2026-05-12 19:45:00,991 | INFO | iot_pipeline | Loaded 52 clean records.
2026-05-12 19:45:00,993 | INFO | iot_pipeline | Watermark updated | ID: 446 | TS: 2026-05-12 19:44:59.925432+00:00
2026-05-12 19:45:00,993 | INFO | iot_pipeline | Load completed | runtime=0.01s
2026-05-12 19:45:00,995 | INFO | iot_pipeline | --- sensor_etl RUN 10 COMPLETED SUCCESSFULLY ---
2026-05-12 19:45:14,669 | INFO | iot_pipeline | Logger initialized. Log file path: /opt/airflow/dags/logs/pipeline.log
2026-05-12 19:45:47,951 | INFO | iot_pipeline | Logger initialized. Log file path: /opt/airflow/dags/logs/pipeline.log
2026-05-12 19:46:19,875 | INFO | iot_pipeline | Logger initialized. Log file path: /opt/airflow/dags/logs/pipeline.log
2026-05-12 19:46:52,834 | INFO | iot_pipeline | Logger initialized. Log file path: /opt/airflow/dags/logs/pipeline.log
2026-05-12 19:47:26,139 | INFO | iot_pipeline | Logger initialized. Log file path: /opt/airflow/dags/logs/pipeline.log
2026-05-12 19:47:58,411 | INFO | iot_pipeline | Logger initialized. Log file path: /opt/airflow/dags/logs/pipeline.log
2026-05-12 19:48:31,302 | INFO | iot_pipeline | Logger initialized. Log file path: /opt/airflow/dags/logs/pipeline.log
2026-05-12 19:49:03,656 | INFO | iot_pipeline | Logger initialized. Log file path: /opt/airflow/dags/logs/pipeline.log
2026-05-12 19:49:36,657 | INFO | iot_pipeline | Logger initialized. Log file path: /opt/airflow/dags/logs/pipeline.log
2026-05-12 19:50:00,563 | INFO | iot_pipeline | Logger initialized. Log file path: /opt/airflow/dags/logs/pipeline.log
2026-05-12 19:50:00,781 | INFO | iot_pipeline | --- sensor_etl RUN 11 STARTED ---
2026-05-12 19:50:00,781 | INFO | iot_pipeline | Extract started
2026-05-12 19:50:00,786 | INFO | iot_pipeline | Extract completed | rows=51 | runtime=0.00s
2026-05-12 19:50:00,786 | INFO | iot_pipeline | Transform started
2026-05-12 19:50:00,797 | INFO | iot_pipeline | Transform completed | clean_rows=51 | quarantined_rows=0 | runtime=0.01s
2026-05-12 19:50:00,797 | INFO | iot_pipeline | Load started for Run ID: 11
2026-05-12 19:50:00,810 | INFO | iot_pipeline | Loaded 51 clean records.
2026-05-12 19:50:00,812 | INFO | iot_pipeline | Watermark updated | ID: 497 | TS: 2026-05-12 19:49:57.921440+00:00
2026-05-12 19:50:00,813 | INFO | iot_pipeline | Load completed | runtime=0.02s
2026-05-12 19:50:00,815 | INFO | iot_pipeline | --- sensor_etl RUN 11 COMPLETED SUCCESSFULLY ---
2026-05-12 19:50:09,975 | INFO | iot_pipeline | Logger initialized. Log file path: /opt/airflow/dags/logs/pipeline.log
2026-05-12 19:50:42,259 | INFO | iot_pipeline | Logger initialized. Log file path: /opt/airflow/dags/logs/pipeline.log
2026-05-12 19:51:15,246 | INFO | iot_pipeline | Logger initialized. Log file path: /opt/airflow/dags/logs/pipeline.log
2026-05-12 19:51:47,598 | INFO | iot_pipeline | Logger initialized. Log file path: /opt/airflow/dags/logs/pipeline.log
2026-05-12 19:52:20,651 | INFO | iot_pipeline | Logger initialized. Log file path: /opt/airflow/dags/logs/pipeline.log
2026-05-12 19:52:53,871 | INFO | iot_pipeline | Logger initialized. Log file path: /opt/airflow/dags/logs/pipeline.log
2026-05-12 19:53:26,199 | INFO | iot_pipeline | Logger initialized. Log file path: /opt/airflow/dags/logs/pipeline.log
2026-05-12 19:53:59,266 | INFO | iot_pipeline | Logger initialized. Log file path: /opt/airflow/dags/logs/pipeline.log
2026-05-12 19:54:31,559 | INFO | iot_pipeline | Logger initialized. Log file path: /opt/airflow/dags/logs/pipeline.log
2026-05-12 19:55:00,497 | INFO | iot_pipeline | Logger initialized. Log file path: /opt/airflow/dags/logs/pipeline.log
2026-05-12 19:55:00,723 | INFO | iot_pipeline | --- sensor_etl RUN 12 STARTED ---
2026-05-12 19:55:00,723 | INFO | iot_pipeline | Extract started
2026-05-12 19:55:00,730 | INFO | iot_pipeline | Extract completed | rows=51 | runtime=0.01s
2026-05-12 19:55:00,730 | INFO | iot_pipeline | Transform started
2026-05-12 19:55:00,740 | INFO | iot_pipeline | Transform completed | clean_rows=51 | quarantined_rows=0 | runtime=0.01s
2026-05-12 19:55:00,741 | INFO | iot_pipeline | Load started for Run ID: 12
2026-05-12 19:55:00,752 | INFO | iot_pipeline | Loaded 51 clean records.
2026-05-12 19:55:00,754 | INFO | iot_pipeline | Watermark updated | ID: 548 | TS: 2026-05-12 19:54:55.973137+00:00
2026-05-12 19:55:00,755 | INFO | iot_pipeline | Load completed | runtime=0.01s
2026-05-12 19:55:00,757 | INFO | iot_pipeline | --- sensor_etl RUN 12 COMPLETED SUCCESSFULLY ---
2026-05-12 19:55:04,504 | INFO | iot_pipeline | Logger initialized. Log file path: /opt/airflow/dags/logs/pipeline.log
2026-05-12 19:55:37,808 | INFO | iot_pipeline | Logger initialized. Log file path: /opt/airflow/dags/logs/pipeline.log
2026-05-12 19:56:08,448 | INFO | iot_pipeline | Logger initialized. Log file path: /opt/airflow/dags/logs/pipeline.log
2026-05-12 19:56:41,069 | INFO | iot_pipeline | Logger initialized. Log file path: /opt/airflow/dags/logs/pipeline.log
2026-05-12 19:57:13,013 | INFO | iot_pipeline | Logger initialized. Log file path: /opt/airflow/dags/logs/pipeline.log
2026-05-12 19:57:44,390 | INFO | iot_pipeline | Logger initialized. Log file path: /opt/airflow/dags/logs/pipeline.log
2026-05-12 19:58:16,397 | INFO | iot_pipeline | Logger initialized. Log file path: /opt/airflow/dags/logs/pipeline.log
2026-05-12 19:58:47,129 | INFO | iot_pipeline | Logger initialized. Log file path: /opt/airflow/dags/logs/pipeline.log
2026-05-12 19:59:17,525 | INFO | iot_pipeline | Logger initialized. Log file path: /opt/airflow/dags/logs/pipeline.log
2026-05-12 19:59:48,600 | INFO | iot_pipeline | Logger initialized. Log file path: /opt/airflow/dags/logs/pipeline.log
2026-05-12 20:00:01,423 | INFO | iot_pipeline | Logger initialized. Log file path: /opt/airflow/dags/logs/pipeline.log
2026-05-12 20:00:01,687 | INFO | iot_pipeline | --- sensor_etl RUN 13 STARTED ---
2026-05-12 20:00:01,687 | INFO | iot_pipeline | Extract started
2026-05-12 20:00:01,693 | INFO | iot_pipeline | Extract completed | rows=52 | runtime=0.01s
2026-05-12 20:00:01,694 | INFO | iot_pipeline | Transform started
2026-05-12 20:00:01,704 | INFO | iot_pipeline | Transform completed | clean_rows=52 | quarantined_rows=0 | runtime=0.01s
2026-05-12 20:00:01,705 | INFO | iot_pipeline | Load started for Run ID: 13
2026-05-12 20:00:01,715 | INFO | iot_pipeline | Loaded 52 clean records.
2026-05-12 20:00:01,717 | INFO | iot_pipeline | Watermark updated | ID: 600 | TS: 2026-05-12 20:00:00.182499+00:00
2026-05-12 20:00:01,718 | INFO | iot_pipeline | Load completed | runtime=0.01s
2026-05-12 20:00:01,719 | INFO | iot_pipeline | --- sensor_etl RUN 13 COMPLETED SUCCESSFULLY ---
2026-05-12 20:00:20,123 | INFO | iot_pipeline | Logger initialized. Log file path: /opt/airflow/dags/logs/pipeline.log
2026-05-12 20:00:50,589 | INFO | iot_pipeline | Logger initialized. Log file path: /opt/airflow/dags/logs/pipeline.log
2026-05-12 20:01:21,731 | INFO | iot_pipeline | Logger initialized. Log file path: /opt/airflow/dags/logs/pipeline.log
2026-05-12 20:01:52,986 | INFO | iot_pipeline | Logger initialized. Log file path: /opt/airflow/dags/logs/pipeline.log
2026-05-12 20:02:24,002 | INFO | iot_pipeline | Logger initialized. Log file path: /opt/airflow/dags/logs/pipeline.log
2026-05-12 20:02:55,254 | INFO | iot_pipeline | Logger initialized. Log file path: /opt/airflow/dags/logs/pipeline.log
2026-05-12 20:03:26,166 | INFO | iot_pipeline | Logger initialized. Log file path: /opt/airflow/dags/logs/pipeline.log
2026-05-12 20:03:57,261 | INFO | iot_pipeline | Logger initialized. Log file path: /opt/airflow/dags/logs/pipeline.log
2026-05-12 20:04:28,175 | INFO | iot_pipeline | Logger initialized. Log file path: /opt/airflow/dags/logs/pipeline.log
2026-05-12 20:04:59,132 | INFO | iot_pipeline | Logger initialized. Log file path: /opt/airflow/dags/logs/pipeline.log
2026-05-12 20:05:00,532 | INFO | iot_pipeline | Logger initialized. Log file path: /opt/airflow/dags/logs/pipeline.log
2026-05-12 20:05:00,743 | INFO | iot_pipeline | --- sensor_etl RUN 14 STARTED ---
2026-05-12 20:05:00,744 | INFO | iot_pipeline | Extract started
2026-05-12 20:05:00,748 | INFO | iot_pipeline | Extract completed | rows=51 | runtime=0.00s
2026-05-12 20:05:00,749 | INFO | iot_pipeline | Transform started
2026-05-12 20:05:00,758 | INFO | iot_pipeline | Transform completed | clean_rows=51 | quarantined_rows=0 | runtime=0.01s
2026-05-12 20:05:00,759 | INFO | iot_pipeline | Load started for Run ID: 14
2026-05-12 20:05:00,774 | INFO | iot_pipeline | Loaded 51 clean records.
2026-05-12 20:05:00,776 | INFO | iot_pipeline | Watermark updated | ID: 651 | TS: 2026-05-12 20:04:59.660456+00:00
2026-05-12 20:05:00,777 | INFO | iot_pipeline | Load completed | runtime=0.02s
2026-05-12 20:05:00,779 | INFO | iot_pipeline | --- sensor_etl RUN 14 COMPLETED SUCCESSFULLY ---
2026-05-12 20:05:30,351 | INFO | iot_pipeline | Logger initialized. Log file path: /opt/airflow/dags/logs/pipeline.log
2026-05-12 20:06:01,101 | INFO | iot_pipeline | Logger initialized. Log file path: /opt/airflow/dags/logs/pipeline.log
2026-05-12 20:06:32,388 | INFO | iot_pipeline | Logger initialized. Log file path: /opt/airflow/dags/logs/pipeline.log
2026-05-12 20:07:03,219 | INFO | iot_pipeline | Logger initialized. Log file path: /opt/airflow/dags/logs/pipeline.log
2026-05-12 20:07:34,097 | INFO | iot_pipeline | Logger initialized. Log file path: /opt/airflow/dags/logs/pipeline.log
2026-05-12 20:08:05,189 | INFO | iot_pipeline | Logger initialized. Log file path: /opt/airflow/dags/logs/pipeline.log
2026-05-12 20:08:36,108 | INFO | iot_pipeline | Logger initialized. Log file path: /opt/airflow/dags/logs/pipeline.log
2026-05-12 20:09:07,048 | INFO | iot_pipeline | Logger initialized. Log file path: /opt/airflow/dags/logs/pipeline.log
2026-05-12 20:09:37,632 | INFO | iot_pipeline | Logger initialized. Log file path: /opt/airflow/dags/logs/pipeline.log
2026-05-12 20:10:01,241 | INFO | iot_pipeline | Logger initialized. Log file path: /opt/airflow/dags/logs/pipeline.log
2026-05-12 20:10:01,483 | INFO | iot_pipeline | --- sensor_etl RUN 15 STARTED ---
2026-05-12 20:10:01,483 | INFO | iot_pipeline | Extract started
2026-05-12 20:10:01,489 | INFO | iot_pipeline | Extract completed | rows=51 | runtime=0.01s
2026-05-12 20:10:01,489 | INFO | iot_pipeline | Transform started
2026-05-12 20:10:01,500 | INFO | iot_pipeline | Transform completed | clean_rows=51 | quarantined_rows=0 | runtime=0.01s
2026-05-12 20:10:01,500 | INFO | iot_pipeline | Load started for Run ID: 15
2026-05-12 20:10:01,512 | INFO | iot_pipeline | Loaded 51 clean records.
2026-05-12 20:10:01,514 | INFO | iot_pipeline | Watermark updated | ID: 702 | TS: 2026-05-12 20:09:57.668312+00:00
2026-05-12 20:10:01,515 | INFO | iot_pipeline | Load completed | runtime=0.01s
2026-05-12 20:10:01,517 | INFO | iot_pipeline | --- sensor_etl RUN 15 COMPLETED SUCCESSFULLY ---
2026-05-12 20:10:08,059 | INFO | iot_pipeline | Logger initialized. Log file path: /opt/airflow/dags/logs/pipeline.log
2026-05-12 20:10:38,928 | INFO | iot_pipeline | Logger initialized. Log file path: /opt/airflow/dags/logs/pipeline.log
2026-05-12 20:11:09,816 | INFO | iot_pipeline | Logger initialized. Log file path: /opt/airflow/dags/logs/pipeline.log
2026-05-12 20:11:40,621 | INFO | iot_pipeline | Logger initialized. Log file path: /opt/airflow/dags/logs/pipeline.log
2026-05-12 20:12:11,437 | INFO | iot_pipeline | Logger initialized. Log file path: /opt/airflow/dags/logs/pipeline.log
2026-05-12 20:12:42,201 | INFO | iot_pipeline | Logger initialized. Log file path: /opt/airflow/dags/logs/pipeline.log
2026-05-12 20:13:12,971 | INFO | iot_pipeline | Logger initialized. Log file path: /opt/airflow/dags/logs/pipeline.log
2026-05-12 20:13:43,730 | INFO | iot_pipeline | Logger initialized. Log file path: /opt/airflow/dags/logs/pipeline.log
2026-05-12 20:14:14,475 | INFO | iot_pipeline | Logger initialized. Log file path: /opt/airflow/dags/logs/pipeline.log
2026-05-12 20:14:45,199 | INFO | iot_pipeline | Logger initialized. Log file path: /opt/airflow/dags/logs/pipeline.log
2026-05-12 20:15:00,525 | INFO | iot_pipeline | Logger initialized. Log file path: /opt/airflow/dags/logs/pipeline.log
2026-05-12 20:15:00,758 | INFO | iot_pipeline | --- sensor_etl RUN 16 STARTED ---
2026-05-12 20:15:00,758 | INFO | iot_pipeline | Extract started
2026-05-12 20:15:00,764 | INFO | iot_pipeline | Extract completed | rows=51 | runtime=0.01s
2026-05-12 20:15:00,765 | INFO | iot_pipeline | Transform started
2026-05-12 20:15:00,776 | INFO | iot_pipeline | Transform completed | clean_rows=51 | quarantined_rows=0 | runtime=0.01s
2026-05-12 20:15:00,777 | INFO | iot_pipeline | Load started for Run ID: 16
2026-05-12 20:15:00,786 | INFO | iot_pipeline | Loaded 51 clean records.
2026-05-12 20:15:00,788 | INFO | iot_pipeline | Watermark updated | ID: 753 | TS: 2026-05-12 20:14:56.579876+00:00
2026-05-12 20:15:00,789 | INFO | iot_pipeline | Load completed | runtime=0.01s
2026-05-12 20:15:00,792 | INFO | iot_pipeline | --- sensor_etl RUN 16 COMPLETED SUCCESSFULLY ---
2026-05-12 20:15:15,905 | INFO | iot_pipeline | Logger initialized. Log file path: /opt/airflow/dags/logs/pipeline.log
2026-05-12 20:15:46,555 | INFO | iot_pipeline | Logger initialized. Log file path: /opt/airflow/dags/logs/pipeline.log
2026-05-12 20:16:17,182 | INFO | iot_pipeline | Logger initialized. Log file path: /opt/airflow/dags/logs/pipeline.log
2026-05-12 20:16:47,846 | INFO | iot_pipeline | Logger initialized. Log file path: /opt/airflow/dags/logs/pipeline.log
2026-05-12 20:17:18,430 | INFO | iot_pipeline | Logger initialized. Log file path: /opt/airflow/dags/logs/pipeline.log
2026-05-12 20:17:49,036 | INFO | iot_pipeline | Logger initialized. Log file path: /opt/airflow/dags/logs/pipeline.log
2026-05-12 20:18:19,616 | INFO | iot_pipeline | Logger initialized. Log file path: /opt/airflow/dags/logs/pipeline.log
2026-05-12 20:18:50,326 | INFO | iot_pipeline | Logger initialized. Log file path: /opt/airflow/dags/logs/pipeline.log
2026-05-12 20:19:21,025 | INFO | iot_pipeline | Logger initialized. Log file path: /opt/airflow/dags/logs/pipeline.log
2026-05-12 20:19:51,597 | INFO | iot_pipeline | Logger initialized. Log file path: /opt/airflow/dags/logs/pipeline.log
2026-05-12 20:20:00,647 | INFO | iot_pipeline | Logger initialized. Log file path: /opt/airflow/dags/logs/pipeline.log
2026-05-12 20:20:00,915 | INFO | iot_pipeline | --- sensor_etl RUN 17 STARTED ---
2026-05-12 20:20:00,916 | INFO | iot_pipeline | Extract started
2026-05-12 20:20:00,923 | INFO | iot_pipeline | Extract completed | rows=52 | runtime=0.01s
2026-05-12 20:20:00,923 | INFO | iot_pipeline | Transform started
2026-05-12 20:20:00,936 | INFO | iot_pipeline | Transform completed | clean_rows=52 | quarantined_rows=0 | runtime=0.01s
2026-05-12 20:20:00,936 | INFO | iot_pipeline | Load started for Run ID: 17
2026-05-12 20:20:00,950 | INFO | iot_pipeline | Loaded 52 clean records.
2026-05-12 20:20:00,952 | INFO | iot_pipeline | Watermark updated | ID: 805 | TS: 2026-05-12 20:20:00.877738+00:00
2026-05-12 20:20:00,953 | INFO | iot_pipeline | Load completed | runtime=0.02s
2026-05-12 20:20:00,956 | INFO | iot_pipeline | --- sensor_etl RUN 17 COMPLETED SUCCESSFULLY ---
2026-05-12 20:20:22,205 | INFO | iot_pipeline | Logger initialized. Log file path: /opt/airflow/dags/logs/pipeline.log
2026-05-12 20:20:52,862 | INFO | iot_pipeline | Logger initialized. Log file path: /opt/airflow/dags/logs/pipeline.log
2026-05-12 20:21:23,627 | INFO | iot_pipeline | Logger initialized. Log file path: /opt/airflow/dags/logs/pipeline.log
2026-05-12 20:21:54,338 | INFO | iot_pipeline | Logger initialized. Log file path: /opt/airflow/dags/logs/pipeline.log
2026-05-12 20:22:24,992 | INFO | iot_pipeline | Logger initialized. Log file path: /opt/airflow/dags/logs/pipeline.log
2026-05-12 20:22:55,650 | INFO | iot_pipeline | Logger initialized. Log file path: /opt/airflow/dags/logs/pipeline.log
2026-05-12 20:23:26,316 | INFO | iot_pipeline | Logger initialized. Log file path: /opt/airflow/dags/logs/pipeline.log
2026-05-12 20:23:56,891 | INFO | iot_pipeline | Logger initialized. Log file path: /opt/airflow/dags/logs/pipeline.log
2026-05-12 20:24:27,479 | INFO | iot_pipeline | Logger initialized. Log file path: /opt/airflow/dags/logs/pipeline.log
2026-05-12 20:24:58,013 | INFO | iot_pipeline | Logger initialized. Log file path: /opt/airflow/dags/logs/pipeline.log
2026-05-12 20:25:01,424 | INFO | iot_pipeline | Logger initialized. Log file path: /opt/airflow/dags/logs/pipeline.log
2026-05-12 20:25:01,681 | INFO | iot_pipeline | --- sensor_etl RUN 18 STARTED ---
2026-05-12 20:25:01,681 | INFO | iot_pipeline | Extract started
2026-05-12 20:25:01,688 | INFO | iot_pipeline | Extract completed | rows=51 | runtime=0.01s
2026-05-12 20:25:01,688 | INFO | iot_pipeline | Transform started
2026-05-12 20:25:01,702 | INFO | iot_pipeline | Transform completed | clean_rows=51 | quarantined_rows=0 | runtime=0.01s
2026-05-12 20:25:01,703 | INFO | iot_pipeline | Load started for Run ID: 18
2026-05-12 20:25:01,716 | INFO | iot_pipeline | Loaded 51 clean records.
2026-05-12 20:25:01,719 | INFO | iot_pipeline | Watermark updated | ID: 856 | TS: 2026-05-12 20:24:59.683038+00:00
2026-05-12 20:25:01,719 | INFO | iot_pipeline | Load completed | runtime=0.02s
2026-05-12 20:25:01,721 | INFO | iot_pipeline | --- sensor_etl RUN 18 COMPLETED SUCCESSFULLY ---
2026-05-12 20:25:28,598 | INFO | iot_pipeline | Logger initialized. Log file path: /opt/airflow/dags/logs/pipeline.log
2026-05-12 20:25:59,249 | INFO | iot_pipeline | Logger initialized. Log file path: /opt/airflow/dags/logs/pipeline.log
2026-05-12 20:26:29,856 | INFO | iot_pipeline | Logger initialized. Log file path: /opt/airflow/dags/logs/pipeline.log
2026-05-12 20:27:00,490 | INFO | iot_pipeline | Logger initialized. Log file path: /opt/airflow/dags/logs/pipeline.log
2026-05-12 20:27:31,123 | INFO | iot_pipeline | Logger initialized. Log file path: /opt/airflow/dags/logs/pipeline.log
2026-05-12 20:28:01,790 | INFO | iot_pipeline | Logger initialized. Log file path: /opt/airflow/dags/logs/pipeline.log
2026-05-12 20:28:32,418 | INFO | iot_pipeline | Logger initialized. Log file path: /opt/airflow/dags/logs/pipeline.log
2026-05-12 20:29:03,037 | INFO | iot_pipeline | Logger initialized. Log file path: /opt/airflow/dags/logs/pipeline.log
2026-05-12 20:29:33,679 | INFO | iot_pipeline | Logger initialized. Log file path: /opt/airflow/dags/logs/pipeline.log
2026-05-12 20:30:00,570 | INFO | iot_pipeline | Logger initialized. Log file path: /opt/airflow/dags/logs/pipeline.log
2026-05-12 20:30:00,864 | INFO | iot_pipeline | --- sensor_etl RUN 19 STARTED ---
2026-05-12 20:30:00,865 | INFO | iot_pipeline | Extract started
2026-05-12 20:30:00,870 | INFO | iot_pipeline | Extract completed | rows=51 | runtime=0.01s
2026-05-12 20:30:00,870 | INFO | iot_pipeline | Transform started
2026-05-12 20:30:00,880 | INFO | iot_pipeline | Transform completed | clean_rows=51 | quarantined_rows=0 | runtime=0.01s
2026-05-12 20:30:00,881 | INFO | iot_pipeline | Load started for Run ID: 19
2026-05-12 20:30:00,890 | INFO | iot_pipeline | Loaded 51 clean records.
2026-05-12 20:30:00,893 | INFO | iot_pipeline | Watermark updated | ID: 907 | TS: 2026-05-12 20:29:58.232863+00:00
2026-05-12 20:30:00,893 | INFO | iot_pipeline | Load completed | runtime=0.01s
2026-05-12 20:30:00,895 | INFO | iot_pipeline | --- sensor_etl RUN 19 COMPLETED SUCCESSFULLY ---
2026-05-12 20:30:04,277 | INFO | iot_pipeline | Logger initialized. Log file path: /opt/airflow/dags/logs/pipeline.log
2026-05-12 20:30:34,927 | INFO | iot_pipeline | Logger initialized. Log file path: /opt/airflow/dags/logs/pipeline.log
2026-05-12 20:31:05,542 | INFO | iot_pipeline | Logger initialized. Log file path: /opt/airflow/dags/logs/pipeline.log
2026-05-12 20:31:36,117 | INFO | iot_pipeline | Logger initialized. Log file path: /opt/airflow/dags/logs/pipeline.log
2026-05-12 20:32:06,766 | INFO | iot_pipeline | Logger initialized. Log file path: /opt/airflow/dags/logs/pipeline.log
2026-05-12 20:32:37,347 | INFO | iot_pipeline | Logger initialized. Log file path: /opt/airflow/dags/logs/pipeline.log
2026-05-12 20:33:08,020 | INFO | iot_pipeline | Logger initialized. Log file path: /opt/airflow/dags/logs/pipeline.log
2026-05-12 20:33:38,641 | INFO | iot_pipeline | Logger initialized. Log file path: /opt/airflow/dags/logs/pipeline.log
2026-05-12 20:34:09,267 | INFO | iot_pipeline | Logger initialized. Log file path: /opt/airflow/dags/logs/pipeline.log
2026-05-12 20:34:39,900 | INFO | iot_pipeline | Logger initialized. Log file path: /opt/airflow/dags/logs/pipeline.log
2026-05-12 20:35:00,683 | INFO | iot_pipeline | Logger initialized. Log file path: /opt/airflow/dags/logs/pipeline.log
2026-05-12 20:35:00,946 | INFO | iot_pipeline | --- sensor_etl RUN 20 STARTED ---
2026-05-12 20:35:00,946 | INFO | iot_pipeline | Extract started
2026-05-12 20:35:00,952 | INFO | iot_pipeline | Extract completed | rows=51 | runtime=0.01s
2026-05-12 20:35:00,952 | INFO | iot_pipeline | Transform started
2026-05-12 20:35:00,967 | INFO | iot_pipeline | Transform completed | clean_rows=51 | quarantined_rows=0 | runtime=0.01s
2026-05-12 20:35:00,967 | INFO | iot_pipeline | Load started for Run ID: 20
2026-05-12 20:35:00,987 | INFO | iot_pipeline | Loaded 51 clean records.
2026-05-12 20:35:00,990 | INFO | iot_pipeline | Watermark updated | ID: 958 | TS: 2026-05-12 20:35:00.750569+00:00
2026-05-12 20:35:00,991 | INFO | iot_pipeline | Load completed | runtime=0.02s
2026-05-12 20:35:00,993 | INFO | iot_pipeline | --- sensor_etl RUN 20 COMPLETED SUCCESSFULLY ---
2026-05-12 20:35:10,503 | INFO | iot_pipeline | Logger initialized. Log file path: /opt/airflow/dags/logs/pipeline.log
2026-05-12 20:35:41,183 | INFO | iot_pipeline | Logger initialized. Log file path: /opt/airflow/dags/logs/pipeline.log
2026-05-12 20:36:11,779 | INFO | iot_pipeline | Logger initialized. Log file path: /opt/airflow/dags/logs/pipeline.log
2026-05-12 20:36:42,390 | INFO | iot_pipeline | Logger initialized. Log file path: /opt/airflow/dags/logs/pipeline.log
2026-05-12 20:37:13,053 | INFO | iot_pipeline | Logger initialized. Log file path: /opt/airflow/dags/logs/pipeline.log
2026-05-12 20:37:43,647 | INFO | iot_pipeline | Logger initialized. Log file path: /opt/airflow/dags/logs/pipeline.log
2026-05-12 20:38:14,253 | INFO | iot_pipeline | Logger initialized. Log file path: /opt/airflow/dags/logs/pipeline.log
2026-05-12 20:38:44,868 | INFO | iot_pipeline | Logger initialized. Log file path: /opt/airflow/dags/logs/pipeline.log
2026-05-12 20:39:15,479 | INFO | iot_pipeline | Logger initialized. Log file path: /opt/airflow/dags/logs/pipeline.log
2026-05-12 20:39:46,076 | INFO | iot_pipeline | Logger initialized. Log file path: /opt/airflow/dags/logs/pipeline.log
2026-05-12 20:40:00,897 | INFO | iot_pipeline | Logger initialized. Log file path: /opt/airflow/dags/logs/pipeline.log
2026-05-12 20:40:01,142 | INFO | iot_pipeline | --- sensor_etl RUN 21 STARTED ---
2026-05-12 20:40:01,143 | INFO | iot_pipeline | Extract started
2026-05-12 20:40:01,148 | INFO | iot_pipeline | Extract completed | rows=20 | runtime=0.01s
2026-05-12 20:40:01,149 | INFO | iot_pipeline | Transform started
2026-05-12 20:40:01,166 | INFO | iot_pipeline | Transform completed | clean_rows=20 | quarantined_rows=0 | runtime=0.02s
2026-05-12 20:40:01,166 | INFO | iot_pipeline | Load started for Run ID: 21
2026-05-12 20:40:01,176 | INFO | iot_pipeline | Loaded 20 clean records.
2026-05-12 20:40:01,180 | INFO | iot_pipeline | Watermark updated | ID: 978 | TS: 2026-05-12 20:39:55.775219+00:00
2026-05-12 20:40:01,180 | INFO | iot_pipeline | Load completed | runtime=0.01s
2026-05-12 20:40:01,183 | INFO | iot_pipeline | --- sensor_etl RUN 21 COMPLETED SUCCESSFULLY ---
2026-05-12 20:40:16,710 | INFO | iot_pipeline | Logger initialized. Log file path: /opt/airflow/dags/logs/pipeline.log
2026-05-12 20:40:47,371 | INFO | iot_pipeline | Logger initialized. Log file path: /opt/airflow/dags/logs/pipeline.log
2026-05-12 20:41:17,991 | INFO | iot_pipeline | Logger initialized. Log file path: /opt/airflow/dags/logs/pipeline.log
2026-05-12 20:41:48,644 | INFO | iot_pipeline | Logger initialized. Log file path: /opt/airflow/dags/logs/pipeline.log
2026-05-12 20:42:19,274 | INFO | iot_pipeline | Logger initialized. Log file path: /opt/airflow/dags/logs/pipeline.log
2026-05-12 20:42:49,902 | INFO | iot_pipeline | Logger initialized. Log file path: /opt/airflow/dags/logs/pipeline.log
2026-05-12 20:43:20,484 | INFO | iot_pipeline | Logger initialized. Log file path: /opt/airflow/dags/logs/pipeline.log
2026-05-12 20:43:51,097 | INFO | iot_pipeline | Logger initialized. Log file path: /opt/airflow/dags/logs/pipeline.log
2026-05-12 20:44:21,723 | INFO | iot_pipeline | Logger initialized. Log file path: /opt/airflow/dags/logs/pipeline.log
2026-05-12 20:44:52,336 | INFO | iot_pipeline | Logger initialized. Log file path: /opt/airflow/dags/logs/pipeline.log
2026-05-12 20:45:00,900 | INFO | iot_pipeline | Logger initialized. Log file path: /opt/airflow/dags/logs/pipeline.log
2026-05-12 20:45:01,117 | INFO | iot_pipeline | --- sensor_etl RUN 22 STARTED ---
2026-05-12 20:45:01,118 | INFO | iot_pipeline | Extract started
2026-05-12 20:45:01,122 | INFO | iot_pipeline | Extract completed | rows=52 | runtime=0.00s
2026-05-12 20:45:01,123 | INFO | iot_pipeline | Transform started
2026-05-12 20:45:01,132 | INFO | iot_pipeline | Transform completed | clean_rows=52 | quarantined_rows=0 | runtime=0.01s
2026-05-12 20:45:01,133 | INFO | iot_pipeline | Load started for Run ID: 22
2026-05-12 20:45:01,142 | INFO | iot_pipeline | Loaded 52 clean records.
2026-05-12 20:45:01,145 | INFO | iot_pipeline | Watermark updated | ID: 1030 | TS: 2026-05-12 20:45:00.177551+00:00
2026-05-12 20:45:01,145 | INFO | iot_pipeline | Load completed | runtime=0.01s
2026-05-12 20:45:01,147 | INFO | iot_pipeline | --- sensor_etl RUN 22 COMPLETED SUCCESSFULLY ---
2026-05-12 20:45:22,938 | INFO | iot_pipeline | Logger initialized. Log file path: /opt/airflow/dags/logs/pipeline.log
2026-05-12 20:45:53,579 | INFO | iot_pipeline | Logger initialized. Log file path: /opt/airflow/dags/logs/pipeline.log
2026-05-12 20:46:24,212 | INFO | iot_pipeline | Logger initialized. Log file path: /opt/airflow/dags/logs/pipeline.log
2026-05-12 20:46:54,809 | INFO | iot_pipeline | Logger initialized. Log file path: /opt/airflow/dags/logs/pipeline.log
2026-05-12 20:47:25,460 | INFO | iot_pipeline | Logger initialized. Log file path: /opt/airflow/dags/logs/pipeline.log
2026-05-12 20:47:56,064 | INFO | iot_pipeline | Logger initialized. Log file path: /opt/airflow/dags/logs/pipeline.log
2026-05-12 20:48:26,657 | INFO | iot_pipeline | Logger initialized. Log file path: /opt/airflow/dags/logs/pipeline.log
2026-05-12 20:48:57,264 | INFO | iot_pipeline | Logger initialized. Log file path: /opt/airflow/dags/logs/pipeline.log
2026-05-12 20:49:27,893 | INFO | iot_pipeline | Logger initialized. Log file path: /opt/airflow/dags/logs/pipeline.log
2026-05-12 20:49:58,482 | INFO | iot_pipeline | Logger initialized. Log file path: /opt/airflow/dags/logs/pipeline.log
2026-05-12 20:50:00,980 | INFO | iot_pipeline | Logger initialized. Log file path: /opt/airflow/dags/logs/pipeline.log
2026-05-12 20:50:01,222 | INFO | iot_pipeline | --- sensor_etl RUN 23 STARTED ---
2026-05-12 20:50:01,223 | INFO | iot_pipeline | Extract started
2026-05-12 20:50:01,228 | INFO | iot_pipeline | Extract completed | rows=16 | runtime=0.01s
2026-05-12 20:50:01,228 | INFO | iot_pipeline | Transform started
2026-05-12 20:50:01,239 | INFO | iot_pipeline | Transform completed | clean_rows=16 | quarantined_rows=0 | runtime=0.01s
2026-05-12 20:50:01,239 | INFO | iot_pipeline | Load started for Run ID: 23
2026-05-12 20:50:01,245 | INFO | iot_pipeline | Loaded 16 clean records.
2026-05-12 20:50:01,247 | INFO | iot_pipeline | Watermark updated | ID: 1046 | TS: 2026-05-12 20:46:33.804840+00:00
2026-05-12 20:50:01,248 | INFO | iot_pipeline | Load completed | runtime=0.01s
2026-05-12 20:50:01,250 | INFO | iot_pipeline | --- sensor_etl RUN 23 COMPLETED SUCCESSFULLY ---
2026-05-12 20:50:29,088 | INFO | iot_pipeline | Logger initialized. Log file path: /opt/airflow/dags/logs/pipeline.log
2026-05-12 20:50:59,679 | INFO | iot_pipeline | Logger initialized. Log file path: /opt/airflow/dags/logs/pipeline.log
2026-05-12 20:51:30,246 | INFO | iot_pipeline | Logger initialized. Log file path: /opt/airflow/dags/logs/pipeline.log
2026-05-12 20:52:00,844 | INFO | iot_pipeline | Logger initialized. Log file path: /opt/airflow/dags/logs/pipeline.log
2026-05-12 20:52:31,401 | INFO | iot_pipeline | Logger initialized. Log file path: /opt/airflow/dags/logs/pipeline.log
