[2026-04-23T03:00:00.527+0000] {local_task_job_runner.py:123} INFO - ::group::Pre task execution logs
[2026-04-23T03:00:00.537+0000] {taskinstance.py:2614} INFO - Dependencies all met for dep_context=non-requeueable deps ti=<TaskInstance: iot_sensor_pipeline.run_iot_etl_pipeline scheduled__2026-04-23T02:55:00+00:00 [queued]>
[2026-04-23T03:00:00.542+0000] {taskinstance.py:2614} INFO - Dependencies all met for dep_context=requeueable deps ti=<TaskInstance: iot_sensor_pipeline.run_iot_etl_pipeline scheduled__2026-04-23T02:55:00+00:00 [queued]>
[2026-04-23T03:00:00.542+0000] {taskinstance.py:2867} INFO - Starting attempt 1 of 2
[2026-04-23T03:00:00.550+0000] {taskinstance.py:2890} INFO - Executing <Task(PythonOperator): run_iot_etl_pipeline> on 2026-04-23 02:55:00+00:00
[2026-04-23T03:00:00.556+0000] {standard_task_runner.py:104} INFO - Running: ['***', 'tasks', 'run', 'iot_sensor_pipeline', 'run_iot_etl_pipeline', 'scheduled__2026-04-23T02:55:00+00:00', '--job-id', '132', '--raw', '--subdir', 'DAGS_FOLDER/iot_dag.py', '--cfg-path', '/tmp/tmp1dvsxyqv']
[2026-04-23T03:00:00.558+0000] {standard_task_runner.py:105} INFO - Job 132: Subtask run_iot_etl_pipeline
[2026-04-23T03:00:00.558+0000] {logging_mixin.py:190} WARNING - /home/***/.local/lib/python3.12/site-packages/***/task/task_runner/standard_task_runner.py:70 DeprecationWarning: This process (pid=235) is multi-threaded, use of fork() may lead to deadlocks in the child.
[2026-04-23T03:00:00.559+0000] {standard_task_runner.py:72} INFO - Started process 237 to run task
[2026-04-23T03:00:00.594+0000] {task_command.py:467} INFO - Running <TaskInstance: iot_sensor_pipeline.run_iot_etl_pipeline scheduled__2026-04-23T02:55:00+00:00 [running]> on host 0471fb5f5ee0
[2026-04-23T03:00:00.650+0000] {taskinstance.py:3134} INFO - Exporting env vars: AIRFLOW_CTX_DAG_OWNER='amrire' AIRFLOW_CTX_DAG_ID='iot_sensor_pipeline' AIRFLOW_CTX_TASK_ID='run_iot_etl_pipeline' AIRFLOW_CTX_EXECUTION_DATE='2026-04-23T02:55:00+00:00' AIRFLOW_CTX_TRY_NUMBER='1' AIRFLOW_CTX_DAG_RUN_ID='scheduled__2026-04-23T02:55:00+00:00'
[2026-04-23T03:00:00.651+0000] {taskinstance.py:732} INFO - ::endgroup::
[2026-04-23T03:00:00.668+0000] {pipeline.py:25} INFO - Pipeline run 36 started
[2026-04-23T03:00:00.668+0000] {extract.py:8} INFO - Extract started
[2026-04-23T03:00:00.673+0000] {extract.py:43} INFO - Extract completed | rows=10 | runtime=0.00s
[2026-04-23T03:00:00.676+0000] {transform.py:7} INFO - Transform started
[2026-04-23T03:00:00.689+0000] {transform.py:81} INFO - Transform completed | clean_rows=10 | quarantined_rows=0 | runtime=0.01s
[2026-04-23T03:00:00.689+0000] {logging_mixin.py:190} INFO - DEBUG - CLEAN COLS: ['raw_id', 'run_id', 'device_id', 'event_ts_ms', 'event_ts', 'temperature', 'humidity', 'source', 'ingest_ts']
[2026-04-23T03:00:00.690+0000] {logging_mixin.py:190} INFO - DEBUG - NULL COUNT: 0
[2026-04-23T03:00:00.690+0000] {load.py:10} INFO - Load started for Run ID: 36
[2026-04-23T03:00:00.697+0000] {load.py:39} INFO - Loaded 10 clean records.
[2026-04-23T03:00:00.699+0000] {load.py:62} INFO - Watermark updated to ID: 454.
[2026-04-23T03:00:00.700+0000] {load.py:69} INFO - Load completed | runtime=0.01s
[2026-04-23T03:00:00.702+0000] {pipeline.py:51} INFO - Pipeline run 36 completed successfully
[2026-04-23T03:00:00.703+0000] {python.py:240} INFO - Done. Returned value was: None
[2026-04-23T03:00:00.710+0000] {taskinstance.py:341} INFO - ::group::Post task execution logs
[2026-04-23T03:00:00.711+0000] {taskinstance.py:353} INFO - Marking task as SUCCESS. dag_id=iot_sensor_pipeline, task_id=run_iot_etl_pipeline, run_id=scheduled__2026-04-23T02:55:00+00:00, execution_date=20260423T025500, start_date=20260423T030000, end_date=20260423T030000
[2026-04-23T03:00:00.773+0000] {local_task_job_runner.py:266} INFO - Task exited with return code 0
[2026-04-23T03:00:00.802+0000] {taskinstance.py:3901} INFO - 0 downstream tasks scheduled from follow-on schedule check
[2026-04-23T03:00:00.803+0000] {local_task_job_runner.py:245} INFO - ::endgroup::
