[2026-04-22T00:20:00.798+0000] {local_task_job_runner.py:123} INFO - ::group::Pre task execution logs
[2026-04-22T00:20:00.809+0000] {taskinstance.py:2614} INFO - Dependencies all met for dep_context=non-requeueable deps ti=<TaskInstance: iot_sensor_pipeline.run_iot_etl_pipeline scheduled__2026-04-22T00:15:00+00:00 [queued]>
[2026-04-22T00:20:00.815+0000] {taskinstance.py:2614} INFO - Dependencies all met for dep_context=requeueable deps ti=<TaskInstance: iot_sensor_pipeline.run_iot_etl_pipeline scheduled__2026-04-22T00:15:00+00:00 [queued]>
[2026-04-22T00:20:00.816+0000] {taskinstance.py:2867} INFO - Starting attempt 1 of 2
[2026-04-22T00:20:00.825+0000] {taskinstance.py:2890} INFO - Executing <Task(PythonOperator): run_iot_etl_pipeline> on 2026-04-22 00:15:00+00:00
[2026-04-22T00:20:00.832+0000] {standard_task_runner.py:104} INFO - Running: ['***', 'tasks', 'run', 'iot_sensor_pipeline', 'run_iot_etl_pipeline', 'scheduled__2026-04-22T00:15:00+00:00', '--job-id', '25', '--raw', '--subdir', 'DAGS_FOLDER/iot_dag.py', '--cfg-path', '/tmp/tmpuochk0rl']
[2026-04-22T00:20:00.835+0000] {standard_task_runner.py:105} INFO - Job 25: Subtask run_iot_etl_pipeline
[2026-04-22T00:20:00.836+0000] {logging_mixin.py:190} WARNING - /home/***/.local/lib/python3.12/site-packages/***/task/task_runner/standard_task_runner.py:70 DeprecationWarning: This process (pid=1161) is multi-threaded, use of fork() may lead to deadlocks in the child.
[2026-04-22T00:20:00.837+0000] {standard_task_runner.py:72} INFO - Started process 1163 to run task
[2026-04-22T00:20:00.877+0000] {task_command.py:467} INFO - Running <TaskInstance: iot_sensor_pipeline.run_iot_etl_pipeline scheduled__2026-04-22T00:15:00+00:00 [running]> on host 3b74ecf2fd6a
[2026-04-22T00:20:00.945+0000] {taskinstance.py:3134} INFO - Exporting env vars: AIRFLOW_CTX_DAG_OWNER='amrire' AIRFLOW_CTX_DAG_ID='iot_sensor_pipeline' AIRFLOW_CTX_TASK_ID='run_iot_etl_pipeline' AIRFLOW_CTX_EXECUTION_DATE='2026-04-22T00:15:00+00:00' AIRFLOW_CTX_TRY_NUMBER='1' AIRFLOW_CTX_DAG_RUN_ID='scheduled__2026-04-22T00:15:00+00:00'
[2026-04-22T00:20:00.946+0000] {taskinstance.py:732} INFO - ::endgroup::
[2026-04-22T00:20:00.968+0000] {pipeline.py:25} INFO - Pipeline run 21 started
[2026-04-22T00:20:00.968+0000] {extract.py:8} INFO - Extract started
[2026-04-22T00:20:00.978+0000] {extract.py:43} INFO - Extract completed | rows=803 | runtime=0.01s
[2026-04-22T00:20:00.980+0000] {transform.py:7} INFO - Transform started
[2026-04-22T00:20:00.992+0000] {transform.py:73} INFO - Transform completed | clean_rows=803 | quarantined_rows=0 | runtime=0.01s
[2026-04-22T00:20:00.992+0000] {load.py:10} INFO - Load started for Run ID: 21
[2026-04-22T00:20:01.107+0000] {load.py:33} INFO - Loaded 803 clean records.
[2026-04-22T00:20:01.110+0000] {load.py:61} INFO - Watermark successfully updated to 2026-04-22 00:20:00.080492+00:00.
[2026-04-22T00:20:01.110+0000] {load.py:68} INFO - Load completed | runtime=0.12s
[2026-04-22T00:20:01.112+0000] {pipeline.py:51} INFO - Pipeline run 21 completed successfully
[2026-04-22T00:20:01.113+0000] {python.py:240} INFO - Done. Returned value was: None
[2026-04-22T00:20:01.121+0000] {taskinstance.py:341} INFO - ::group::Post task execution logs
[2026-04-22T00:20:01.122+0000] {taskinstance.py:353} INFO - Marking task as SUCCESS. dag_id=iot_sensor_pipeline, task_id=run_iot_etl_pipeline, run_id=scheduled__2026-04-22T00:15:00+00:00, execution_date=20260422T001500, start_date=20260422T002000, end_date=20260422T002001
[2026-04-22T00:20:01.171+0000] {local_task_job_runner.py:266} INFO - Task exited with return code 0
[2026-04-22T00:20:01.187+0000] {taskinstance.py:3901} INFO - 0 downstream tasks scheduled from follow-on schedule check
[2026-04-22T00:20:01.189+0000] {local_task_job_runner.py:245} INFO - ::endgroup::
