[2026-05-04T23:50:00.684+0000] {local_task_job_runner.py:123} INFO - ::group::Pre task execution logs
[2026-05-04T23:50:00.694+0000] {taskinstance.py:2614} INFO - Dependencies all met for dep_context=non-requeueable deps ti=<TaskInstance: iot_sensor_pipeline.run_iot_etl_pipeline scheduled__2026-05-04T23:45:00+00:00 [queued]>
[2026-05-04T23:50:00.701+0000] {taskinstance.py:2614} INFO - Dependencies all met for dep_context=requeueable deps ti=<TaskInstance: iot_sensor_pipeline.run_iot_etl_pipeline scheduled__2026-05-04T23:45:00+00:00 [queued]>
[2026-05-04T23:50:00.701+0000] {taskinstance.py:2867} INFO - Starting attempt 1 of 2
[2026-05-04T23:50:00.710+0000] {taskinstance.py:2890} INFO - Executing <Task(PythonOperator): run_iot_etl_pipeline> on 2026-05-04 23:45:00+00:00
[2026-05-04T23:50:00.716+0000] {standard_task_runner.py:104} INFO - Running: ['***', 'tasks', 'run', 'iot_sensor_pipeline', 'run_iot_etl_pipeline', 'scheduled__2026-05-04T23:45:00+00:00', '--job-id', '1946', '--raw', '--subdir', 'DAGS_FOLDER/iot_dag.py', '--cfg-path', '/tmp/tmpccyp6a7o']
[2026-05-04T23:50:00.718+0000] {standard_task_runner.py:105} INFO - Job 1946: Subtask run_iot_etl_pipeline
[2026-05-04T23:50:00.717+0000] {logging_mixin.py:190} WARNING - /home/***/.local/lib/python3.12/site-packages/***/task/task_runner/standard_task_runner.py:70 DeprecationWarning: This process (pid=250) is multi-threaded, use of fork() may lead to deadlocks in the child.
[2026-05-04T23:50:00.718+0000] {standard_task_runner.py:72} INFO - Started process 252 to run task
[2026-05-04T23:50:00.755+0000] {task_command.py:467} INFO - Running <TaskInstance: iot_sensor_pipeline.run_iot_etl_pipeline scheduled__2026-05-04T23:45:00+00:00 [running]> on host 9cac1abd8a3e
[2026-05-04T23:50:00.814+0000] {taskinstance.py:3134} INFO - Exporting env vars: AIRFLOW_CTX_DAG_OWNER='amrire' AIRFLOW_CTX_DAG_ID='iot_sensor_pipeline' AIRFLOW_CTX_TASK_ID='run_iot_etl_pipeline' AIRFLOW_CTX_EXECUTION_DATE='2026-05-04T23:45:00+00:00' AIRFLOW_CTX_TRY_NUMBER='1' AIRFLOW_CTX_DAG_RUN_ID='scheduled__2026-05-04T23:45:00+00:00'
[2026-05-04T23:50:00.815+0000] {taskinstance.py:732} INFO - ::endgroup::
[2026-05-04T23:50:00.834+0000] {pipeline.py:25} INFO - Pipeline run 1790 started
[2026-05-04T23:50:00.834+0000] {extract.py:8} INFO - Extract started
[2026-05-04T23:50:00.842+0000] {extract.py:39} INFO - No new data found.
[2026-05-04T23:50:00.843+0000] {pipeline.py:30} INFO - No new data. Exiting.
[2026-05-04T23:50:00.846+0000] {python.py:240} INFO - Done. Returned value was: None
[2026-05-04T23:50:00.859+0000] {taskinstance.py:341} INFO - ::group::Post task execution logs
[2026-05-04T23:50:00.859+0000] {taskinstance.py:353} INFO - Marking task as SUCCESS. dag_id=iot_sensor_pipeline, task_id=run_iot_etl_pipeline, run_id=scheduled__2026-05-04T23:45:00+00:00, execution_date=20260504T234500, start_date=20260504T235000, end_date=20260504T235000
[2026-05-04T23:50:00.932+0000] {local_task_job_runner.py:266} INFO - Task exited with return code 0
[2026-05-04T23:50:00.945+0000] {taskinstance.py:3901} INFO - 0 downstream tasks scheduled from follow-on schedule check
[2026-05-04T23:50:00.947+0000] {local_task_job_runner.py:245} INFO - ::endgroup::
[2026-05-04T23:50:00.968+0000] {local_task_job_runner.py:127} ERROR - Received SIGTERM. Terminating subprocesses
[2026-05-04T23:50:00.968+0000] {local_task_job_runner.py:266} INFO - Task exited with return code 143
[2026-05-04T23:50:00.979+0000] {taskinstance.py:3907} WARNING - Skipping mini scheduling run due to exception: SELECT task_instance.task_display_name, task_instance.task_id, task_instance.dag_id, task_instance.run_id, task_instance.map_index, task_instance.start_date, task_instance.end_date, task_instance.duration, task_instance.state, task_instance.try_number, task_instance.max_tries, task_instance.hostname, task_instance.unixname, task_instance.job_id, task_instance.pool, task_instance.pool_slots, task_instance.queue, task_instance.priority_weight, task_instance.operator, task_instance.custom_operator_name, task_instance.queued_dttm, task_instance.queued_by_job_id, task_instance.pid, task_instance.executor, task_instance.executor_config, task_instance.updated_at, task_instance.rendered_map_index, task_instance.external_executor_id, task_instance.trigger_id, task_instance.trigger_timeout, task_instance.next_method, task_instance.next_kwargs, dag_run_1.state AS state_1, dag_run_1.id, dag_run_1.dag_id AS dag_id_1, dag_run_1.queued_at, dag_run_1.execution_date, dag_run_1.start_date AS start_date_1, dag_run_1.end_date AS end_date_1, dag_run_1.run_id AS run_id_1, dag_run_1.creating_job_id, dag_run_1.external_trigger, dag_run_1.run_type, dag_run_1.conf, dag_run_1.data_interval_start, dag_run_1.data_interval_end, dag_run_1.last_scheduling_decision, dag_run_1.dag_hash, dag_run_1.log_template_id, dag_run_1.updated_at AS updated_at_1, dag_run_1.clear_number 
FROM task_instance JOIN dag_run AS dag_run_1 ON dag_run_1.dag_id = task_instance.dag_id AND dag_run_1.run_id = task_instance.run_id 
WHERE task_instance.dag_id = %(dag_id_2)s AND task_instance.run_id = %(run_id_2)s AND (task_instance.state IN (%(state_2_1)s, %(state_2_2)s, %(state_2_3)s, %(state_2_4)s, %(state_2_5)s, %(state_2_6)s, %(state_2_7)s, %(state_2_8)s, %(state_2_9)s, %(state_2_10)s, %(state_2_11)s, %(state_2_12)s, %(state_2_13)s) OR task_instance.state IS NULL)
Traceback (most recent call last):
  File "/home/airflow/.local/lib/python3.12/site-packages/sqlalchemy/engine/base.py", line 1910, in _execute_context
    self.dialect.do_execute(
  File "/home/airflow/.local/lib/python3.12/site-packages/sqlalchemy/engine/default.py", line 736, in do_execute
    cursor.execute(statement, parameters)
psycopg2.OperationalError: server closed the connection unexpectedly
	This probably means the server terminated abnormally
	before or while processing the request.


The above exception was the direct cause of the following exception:

Traceback (most recent call last):
  File "/home/airflow/.local/lib/python3.12/site-packages/airflow/models/taskinstance.py", line 3879, in _schedule_downstream_tasks
    info = dag_run.task_instance_scheduling_decisions(session)
           ^^^^^^^^^^^^^^^^^^^^^^^^^^^^^^^^^^^^^^^^^^^^^^^^^^^
  File "/home/airflow/.local/lib/python3.12/site-packages/airflow/utils/session.py", line 94, in wrapper
    return func(*args, **kwargs)
           ^^^^^^^^^^^^^^^^^^^^^
  File "/home/airflow/.local/lib/python3.12/site-packages/airflow/models/dagrun.py", line 967, in task_instance_scheduling_decisions
    tis = self.get_task_instances(session=session, state=State.task_states)
          ^^^^^^^^^^^^^^^^^^^^^^^^^^^^^^^^^^^^^^^^^^^^^^^^^^^^^^^^^^^^^^^^^
  File "/home/airflow/.local/lib/python3.12/site-packages/airflow/utils/session.py", line 94, in wrapper
    return func(*args, **kwargs)
           ^^^^^^^^^^^^^^^^^^^^^
  File "/home/airflow/.local/lib/python3.12/site-packages/airflow/models/dagrun.py", line 629, in get_task_instances
    return DagRun.fetch_task_instances(
           ^^^^^^^^^^^^^^^^^^^^^^^^^^^^
  File "/home/airflow/.local/lib/python3.12/site-packages/airflow/api_internal/internal_api_call.py", line 166, in wrapper
    return func(*args, **kwargs)
           ^^^^^^^^^^^^^^^^^^^^^
  File "/home/airflow/.local/lib/python3.12/site-packages/airflow/utils/session.py", line 94, in wrapper
    return func(*args, **kwargs)
           ^^^^^^^^^^^^^^^^^^^^^
  File "/home/airflow/.local/lib/python3.12/site-packages/airflow/models/dagrun.py", line 566, in fetch_task_instances
    return session.scalars(tis).all()
           ^^^^^^^^^^^^^^^^^^^^
  File "/home/airflow/.local/lib/python3.12/site-packages/sqlalchemy/orm/session.py", line 1778, in scalars
    return self.execute(
           ^^^^^^^^^^^^^
  File "/home/airflow/.local/lib/python3.12/site-packages/sqlalchemy/orm/session.py", line 1717, in execute
    result = conn._execute_20(statement, params or {}, execution_options)
             ^^^^^^^^^^^^^^^^^^^^^^^^^^^^^^^^^^^^^^^^^^^^^^^^^^^^^^^^^^^^
  File "/home/airflow/.local/lib/python3.12/site-packages/sqlalchemy/engine/base.py", line 1710, in _execute_20
    return meth(self, args_10style, kwargs_10style, execution_options)
           ^^^^^^^^^^^^^^^^^^^^^^^^^^^^^^^^^^^^^^^^^^^^^^^^^^^^^^^^^^^
  File "/home/airflow/.local/lib/python3.12/site-packages/sqlalchemy/sql/elements.py", line 334, in _execute_on_connection
    return connection._execute_clauseelement(
           ^^^^^^^^^^^^^^^^^^^^^^^^^^^^^^^^^^
  File "/home/airflow/.local/lib/python3.12/site-packages/sqlalchemy/engine/base.py", line 1577, in _execute_clauseelement
    ret = self._execute_context(
          ^^^^^^^^^^^^^^^^^^^^^^
  File "/home/airflow/.local/lib/python3.12/site-packages/sqlalchemy/engine/base.py", line 1953, in _execute_context
    self._handle_dbapi_exception(
  File "/home/airflow/.local/lib/python3.12/site-packages/sqlalchemy/engine/base.py", line 2134, in _handle_dbapi_exception
    util.raise_(
  File "/home/airflow/.local/lib/python3.12/site-packages/sqlalchemy/util/compat.py", line 211, in raise_
    raise exception
  File "/home/airflow/.local/lib/python3.12/site-packages/sqlalchemy/engine/base.py", line 1910, in _execute_context
    self.dialect.do_execute(
  File "/home/airflow/.local/lib/python3.12/site-packages/sqlalchemy/engine/default.py", line 736, in do_execute
    cursor.execute(statement, parameters)
sqlalchemy.exc.OperationalError: (psycopg2.OperationalError) server closed the connection unexpectedly
	This probably means the server terminated abnormally
	before or while processing the request.

[SQL: SELECT task_instance.task_display_name, task_instance.task_id, task_instance.dag_id, task_instance.run_id, task_instance.map_index, task_instance.start_date, task_instance.end_date, task_instance.duration, task_instance.state, task_instance.try_number, task_instance.max_tries, task_instance.hostname, task_instance.unixname, task_instance.job_id, task_instance.pool, task_instance.pool_slots, task_instance.queue, task_instance.priority_weight, task_instance.operator, task_instance.custom_operator_name, task_instance.queued_dttm, task_instance.queued_by_job_id, task_instance.pid, task_instance.executor, task_instance.executor_config, task_instance.updated_at, task_instance.rendered_map_index, task_instance.external_executor_id, task_instance.trigger_id, task_instance.trigger_timeout, task_instance.next_method, task_instance.next_kwargs, dag_run_1.state AS state_1, dag_run_1.id, dag_run_1.dag_id AS dag_id_1, dag_run_1.queued_at, dag_run_1.execution_date, dag_run_1.start_date AS start_date_1, dag_run_1.end_date AS end_date_1, dag_run_1.run_id AS run_id_1, dag_run_1.creating_job_id, dag_run_1.external_trigger, dag_run_1.run_type, dag_run_1.conf, dag_run_1.data_interval_start, dag_run_1.data_interval_end, dag_run_1.last_scheduling_decision, dag_run_1.dag_hash, dag_run_1.log_template_id, dag_run_1.updated_at AS updated_at_1, dag_run_1.clear_number 
FROM task_instance JOIN dag_run AS dag_run_1 ON dag_run_1.dag_id = task_instance.dag_id AND dag_run_1.run_id = task_instance.run_id 
WHERE task_instance.dag_id = %(dag_id_2)s AND task_instance.run_id = %(run_id_2)s AND (task_instance.state IN (%(state_2_1)s, %(state_2_2)s, %(state_2_3)s, %(state_2_4)s, %(state_2_5)s, %(state_2_6)s, %(state_2_7)s, %(state_2_8)s, %(state_2_9)s, %(state_2_10)s, %(state_2_11)s, %(state_2_12)s, %(state_2_13)s) OR task_instance.state IS NULL)]
[parameters: {'dag_id_2': 'iot_sensor_pipeline', 'run_id_2': 'scheduled__2026-05-04T23:45:00+00:00', 'state_2_1': <TaskInstanceState.REMOVED: 'removed'>, 'state_2_2': <TaskInstanceState.SCHEDULED: 'scheduled'>, 'state_2_3': <TaskInstanceState.QUEUED: 'queued'>, 'state_2_4': <TaskInstanceState.RUNNING: 'running'>, 'state_2_5': <TaskInstanceState.SUCCESS: 'success'>, 'state_2_6': <TaskInstanceState.RESTARTING: 'restarting'>, 'state_2_7': <TaskInstanceState.FAILED: 'failed'>, 'state_2_8': <TaskInstanceState.UP_FOR_RETRY: 'up_for_retry'>, 'state_2_9': <TaskInstanceState.UP_FOR_RESCHEDULE: 'up_for_reschedule'>, 'state_2_10': <TaskInstanceState.UPSTREAM_FAILED: 'upstream_failed'>, 'state_2_11': <TaskInstanceState.SKIPPED: 'skipped'>, 'state_2_12': <TaskInstanceState.DEFERRED: 'deferred'>, 'state_2_13': <TaskInstanceState.SHUTDOWN: 'shutdown'>}]
(Background on this error at: https://sqlalche.me/e/14/e3q8)
