[2026-05-06T21:10:01.474+0000] {local_task_job_runner.py:123} INFO - ::group::Pre task execution logs
[2026-05-06T21:10:01.486+0000] {taskinstance.py:2614} INFO - Dependencies all met for dep_context=non-requeueable deps ti=<TaskInstance: iot_sensor_pipeline.run_iot_etl_pipeline scheduled__2026-05-06T21:05:00+00:00 [queued]>
[2026-05-06T21:10:01.490+0000] {taskinstance.py:2614} INFO - Dependencies all met for dep_context=requeueable deps ti=<TaskInstance: iot_sensor_pipeline.run_iot_etl_pipeline scheduled__2026-05-06T21:05:00+00:00 [queued]>
[2026-05-06T21:10:01.490+0000] {taskinstance.py:2867} INFO - Starting attempt 1 of 2
[2026-05-06T21:10:01.500+0000] {taskinstance.py:2890} INFO - Executing <Task(PythonOperator): run_iot_etl_pipeline> on 2026-05-06 21:05:00+00:00
[2026-05-06T21:10:01.506+0000] {standard_task_runner.py:104} INFO - Running: ['***', 'tasks', 'run', 'iot_sensor_pipeline', 'run_iot_etl_pipeline', 'scheduled__2026-05-06T21:05:00+00:00', '--job-id', '2233', '--raw', '--subdir', 'DAGS_FOLDER/iot_dag.py', '--cfg-path', '/tmp/tmpp23nu87l']
[2026-05-06T21:10:01.508+0000] {standard_task_runner.py:105} INFO - Job 2233: Subtask run_iot_etl_pipeline
[2026-05-06T21:10:01.508+0000] {logging_mixin.py:190} WARNING - /home/***/.local/lib/python3.12/site-packages/***/task/task_runner/standard_task_runner.py:70 DeprecationWarning: This process (pid=1543) is multi-threaded, use of fork() may lead to deadlocks in the child.
[2026-05-06T21:10:01.509+0000] {standard_task_runner.py:72} INFO - Started process 1545 to run task
[2026-05-06T21:10:01.549+0000] {task_command.py:467} INFO - Running <TaskInstance: iot_sensor_pipeline.run_iot_etl_pipeline scheduled__2026-05-06T21:05:00+00:00 [running]> on host eb6d0aa2e1ba
[2026-05-06T21:10:01.612+0000] {taskinstance.py:3134} INFO - Exporting env vars: AIRFLOW_CTX_DAG_OWNER='amrire' AIRFLOW_CTX_DAG_ID='iot_sensor_pipeline' AIRFLOW_CTX_TASK_ID='run_iot_etl_pipeline' AIRFLOW_CTX_EXECUTION_DATE='2026-05-06T21:05:00+00:00' AIRFLOW_CTX_TRY_NUMBER='1' AIRFLOW_CTX_DAG_RUN_ID='scheduled__2026-05-06T21:05:00+00:00'
[2026-05-06T21:10:01.612+0000] {taskinstance.py:732} INFO - ::endgroup::
[2026-05-06T21:10:01.631+0000] {pipeline.py:25} INFO - Pipeline run 2068 started
[2026-05-06T21:10:01.631+0000] {extract.py:8} INFO - Extract started
[2026-05-06T21:10:01.636+0000] {extract.py:43} INFO - Extract completed | rows=49 | runtime=0.00s
[2026-05-06T21:10:01.637+0000] {transform.py:7} INFO - Transform started
[2026-05-06T21:10:01.647+0000] {transform.py:81} INFO - Transform completed | clean_rows=49 | quarantined_rows=0 | runtime=0.01s
[2026-05-06T21:10:01.647+0000] {load.py:11} INFO - Load started for Run ID: 2068
[2026-05-06T21:10:01.656+0000] {load.py:37} INFO - Loaded 49 clean records.
[2026-05-06T21:10:01.658+0000] {load.py:61} INFO - Watermark updated to ID: 69497.
[2026-05-06T21:10:01.658+0000] {load.py:68} INFO - Load completed | runtime=0.01s
[2026-05-06T21:10:01.660+0000] {pipeline.py:51} INFO - Pipeline run 2068 completed successfully
[2026-05-06T21:10:01.661+0000] {python.py:240} INFO - Done. Returned value was: None
[2026-05-06T21:10:01.668+0000] {taskinstance.py:341} INFO - ::group::Post task execution logs
[2026-05-06T21:10:01.669+0000] {taskinstance.py:353} INFO - Marking task as SUCCESS. dag_id=iot_sensor_pipeline, task_id=run_iot_etl_pipeline, run_id=scheduled__2026-05-06T21:05:00+00:00, execution_date=20260506T210500, start_date=20260506T211001, end_date=20260506T211001
[2026-05-06T21:10:01.723+0000] {local_task_job_runner.py:266} INFO - Task exited with return code 0
[2026-05-06T21:10:01.745+0000] {taskinstance.py:3901} INFO - 0 downstream tasks scheduled from follow-on schedule check
[2026-05-06T21:10:01.747+0000] {local_task_job_runner.py:245} INFO - ::endgroup::
