[2026-05-11T18:05:53.043+0000] {local_task_job_runner.py:123} INFO - ::group::Pre task execution logs
[2026-05-11T18:05:53.057+0000] {taskinstance.py:2614} INFO - Dependencies all met for dep_context=non-requeueable deps ti=<TaskInstance: iot_sensor_pipeline.run_iot_etl_pipeline scheduled__2026-05-11T18:00:00+00:00 [queued]>
[2026-05-11T18:05:53.062+0000] {taskinstance.py:2614} INFO - Dependencies all met for dep_context=requeueable deps ti=<TaskInstance: iot_sensor_pipeline.run_iot_etl_pipeline scheduled__2026-05-11T18:00:00+00:00 [queued]>
[2026-05-11T18:05:53.063+0000] {taskinstance.py:2867} INFO - Starting attempt 1 of 2
[2026-05-11T18:05:53.075+0000] {taskinstance.py:2890} INFO - Executing <Task(PythonOperator): run_iot_etl_pipeline> on 2026-05-11 18:00:00+00:00
[2026-05-11T18:05:53.085+0000] {logging_mixin.py:190} WARNING - /home/***/.local/lib/python3.12/site-packages/***/task/task_runner/standard_task_runner.py:70 DeprecationWarning: This process (pid=177) is multi-threaded, use of fork() may lead to deadlocks in the child.
[2026-05-11T18:05:53.083+0000] {standard_task_runner.py:104} INFO - Running: ['***', 'tasks', 'run', 'iot_sensor_pipeline', 'run_iot_etl_pipeline', 'scheduled__2026-05-11T18:00:00+00:00', '--job-id', '114', '--raw', '--subdir', 'DAGS_FOLDER/iot_dag.py', '--cfg-path', '/tmp/tmpeificp1r']
[2026-05-11T18:05:53.086+0000] {standard_task_runner.py:105} INFO - Job 114: Subtask run_iot_etl_pipeline
[2026-05-11T18:05:53.086+0000] {standard_task_runner.py:72} INFO - Started process 179 to run task
[2026-05-11T18:05:53.130+0000] {task_command.py:467} INFO - Running <TaskInstance: iot_sensor_pipeline.run_iot_etl_pipeline scheduled__2026-05-11T18:00:00+00:00 [running]> on host 7d294e19f4fc
[2026-05-11T18:05:53.204+0000] {taskinstance.py:3134} INFO - Exporting env vars: AIRFLOW_CTX_DAG_OWNER='amrire' AIRFLOW_CTX_DAG_ID='iot_sensor_pipeline' AIRFLOW_CTX_TASK_ID='run_iot_etl_pipeline' AIRFLOW_CTX_EXECUTION_DATE='2026-05-11T18:00:00+00:00' AIRFLOW_CTX_TRY_NUMBER='1' AIRFLOW_CTX_DAG_RUN_ID='scheduled__2026-05-11T18:00:00+00:00'
[2026-05-11T18:05:53.204+0000] {taskinstance.py:732} INFO - ::endgroup::
[2026-05-11T18:05:53.224+0000] {pipeline.py:36} INFO - --- sensor_etl RUN 109 STARTED ---
[2026-05-11T18:05:53.225+0000] {extract.py:8} INFO - Extract started
[2026-05-11T18:05:53.230+0000] {extract.py:43} INFO - Extract completed | rows=1 | runtime=0.00s
[2026-05-11T18:05:53.230+0000] {transform.py:7} INFO - Transform started
[2026-05-11T18:05:53.242+0000] {transform.py:81} INFO - Transform completed | clean_rows=1 | quarantined_rows=0 | runtime=0.01s
[2026-05-11T18:05:53.242+0000] {load.py:9} INFO - Load started for Run ID: 109
[2026-05-11T18:05:53.246+0000] {load.py:41} INFO - Loaded 1 clean records.
[2026-05-11T18:05:53.248+0000] {load.py:67} INFO - Watermark updated | ID: 2050 | TS: 2026-05-11 18:05:52.070915+00:00
[2026-05-11T18:05:53.248+0000] {load.py:74} INFO - Load completed | runtime=0.01s
[2026-05-11T18:05:53.250+0000] {pipeline.py:57} INFO - --- sensor_etl RUN 109 COMPLETED SUCCESSFULLY ---
[2026-05-11T18:05:53.250+0000] {python.py:240} INFO - Done. Returned value was: None
[2026-05-11T18:05:53.260+0000] {taskinstance.py:341} INFO - ::group::Post task execution logs
[2026-05-11T18:05:53.260+0000] {taskinstance.py:353} INFO - Marking task as SUCCESS. dag_id=iot_sensor_pipeline, task_id=run_iot_etl_pipeline, run_id=scheduled__2026-05-11T18:00:00+00:00, execution_date=20260511T180000, start_date=20260511T180553, end_date=20260511T180553
[2026-05-11T18:05:53.300+0000] {local_task_job_runner.py:266} INFO - Task exited with return code 0
[2026-05-11T18:05:53.323+0000] {taskinstance.py:3901} INFO - 0 downstream tasks scheduled from follow-on schedule check
[2026-05-11T18:05:53.327+0000] {local_task_job_runner.py:245} INFO - ::endgroup::
