[2026-05-09T05:45:01.881+0000] {local_task_job_runner.py:123} INFO - ::group::Pre task execution logs
[2026-05-09T05:45:01.901+0000] {taskinstance.py:2614} INFO - Dependencies all met for dep_context=non-requeueable deps ti=<TaskInstance: iot_sensor_pipeline.run_iot_etl_pipeline scheduled__2026-05-09T05:40:00+00:00 [queued]>
[2026-05-09T05:45:01.912+0000] {taskinstance.py:2614} INFO - Dependencies all met for dep_context=requeueable deps ti=<TaskInstance: iot_sensor_pipeline.run_iot_etl_pipeline scheduled__2026-05-09T05:40:00+00:00 [queued]>
[2026-05-09T05:45:01.912+0000] {taskinstance.py:2867} INFO - Starting attempt 1 of 2
[2026-05-09T05:45:01.928+0000] {taskinstance.py:2890} INFO - Executing <Task(PythonOperator): run_iot_etl_pipeline> on 2026-05-09 05:40:00+00:00
[2026-05-09T05:45:01.939+0000] {logging_mixin.py:190} WARNING - /home/***/.local/lib/python3.12/site-packages/***/task/task_runner/standard_task_runner.py:70 DeprecationWarning: This process (pid=261) is multi-threaded, use of fork() may lead to deadlocks in the child.
[2026-05-09T05:45:01.937+0000] {standard_task_runner.py:104} INFO - Running: ['***', 'tasks', 'run', 'iot_sensor_pipeline', 'run_iot_etl_pipeline', 'scheduled__2026-05-09T05:40:00+00:00', '--job-id', '6', '--raw', '--subdir', 'DAGS_FOLDER/iot_dag.py', '--cfg-path', '/tmp/tmpl64qlhc5']
[2026-05-09T05:45:01.940+0000] {standard_task_runner.py:105} INFO - Job 6: Subtask run_iot_etl_pipeline
[2026-05-09T05:45:01.940+0000] {standard_task_runner.py:72} INFO - Started process 263 to run task
[2026-05-09T05:45:01.995+0000] {task_command.py:467} INFO - Running <TaskInstance: iot_sensor_pipeline.run_iot_etl_pipeline scheduled__2026-05-09T05:40:00+00:00 [running]> on host 173e7ff269b6
[2026-05-09T05:45:02.109+0000] {taskinstance.py:3134} INFO - Exporting env vars: AIRFLOW_CTX_DAG_OWNER='amrire' AIRFLOW_CTX_DAG_ID='iot_sensor_pipeline' AIRFLOW_CTX_TASK_ID='run_iot_etl_pipeline' AIRFLOW_CTX_EXECUTION_DATE='2026-05-09T05:40:00+00:00' AIRFLOW_CTX_TRY_NUMBER='1' AIRFLOW_CTX_DAG_RUN_ID='scheduled__2026-05-09T05:40:00+00:00'
[2026-05-09T05:45:02.110+0000] {taskinstance.py:732} INFO - ::endgroup::
[2026-05-09T05:45:02.136+0000] {pipeline.py:36} INFO - --- sensor_etl RUN 4 STARTED ---
[2026-05-09T05:45:02.136+0000] {extract.py:8} INFO - Extract started
[2026-05-09T05:45:02.145+0000] {extract.py:43} INFO - Extract completed | rows=52 | runtime=0.01s
[2026-05-09T05:45:02.145+0000] {transform.py:7} INFO - Transform started
[2026-05-09T05:45:02.170+0000] {transform.py:81} INFO - Transform completed | clean_rows=52 | quarantined_rows=0 | runtime=0.02s
[2026-05-09T05:45:02.170+0000] {load.py:9} INFO - Load started for Run ID: 4
[2026-05-09T05:45:02.191+0000] {load.py:41} INFO - Loaded 52 clean records.
[2026-05-09T05:45:02.215+0000] {load.py:67} INFO - Watermark updated | ID: 142 | TS: 2026-05-09 05:44:59.592365+00:00
[2026-05-09T05:45:02.216+0000] {load.py:74} INFO - Load completed | runtime=0.04s
[2026-05-09T05:45:02.221+0000] {pipeline.py:57} INFO - --- sensor_etl RUN 4 COMPLETED SUCCESSFULLY ---
[2026-05-09T05:45:02.222+0000] {python.py:240} INFO - Done. Returned value was: None
[2026-05-09T05:45:02.235+0000] {taskinstance.py:341} INFO - ::group::Post task execution logs
[2026-05-09T05:45:02.235+0000] {taskinstance.py:353} INFO - Marking task as SUCCESS. dag_id=iot_sensor_pipeline, task_id=run_iot_etl_pipeline, run_id=scheduled__2026-05-09T05:40:00+00:00, execution_date=20260509T054000, start_date=20260509T054501, end_date=20260509T054502
[2026-05-09T05:45:02.315+0000] {local_task_job_runner.py:266} INFO - Task exited with return code 0
[2026-05-09T05:45:02.331+0000] {taskinstance.py:3901} INFO - 0 downstream tasks scheduled from follow-on schedule check
[2026-05-09T05:45:02.334+0000] {local_task_job_runner.py:245} INFO - ::endgroup::
[2026-05-09T05:48:07.326+0000] {local_task_job_runner.py:123} INFO - ::group::Pre task execution logs
[2026-05-09T05:48:07.338+0000] {taskinstance.py:2614} INFO - Dependencies all met for dep_context=non-requeueable deps ti=<TaskInstance: iot_sensor_pipeline.run_iot_etl_pipeline scheduled__2026-05-09T05:40:00+00:00 [queued]>
[2026-05-09T05:48:07.344+0000] {taskinstance.py:2614} INFO - Dependencies all met for dep_context=requeueable deps ti=<TaskInstance: iot_sensor_pipeline.run_iot_etl_pipeline scheduled__2026-05-09T05:40:00+00:00 [queued]>
[2026-05-09T05:48:07.344+0000] {taskinstance.py:2867} INFO - Starting attempt 1 of 2
[2026-05-09T05:48:07.352+0000] {taskinstance.py:2890} INFO - Executing <Task(PythonOperator): run_iot_etl_pipeline> on 2026-05-09 05:40:00+00:00
[2026-05-09T05:48:07.358+0000] {standard_task_runner.py:104} INFO - Running: ['***', 'tasks', 'run', 'iot_sensor_pipeline', 'run_iot_etl_pipeline', 'scheduled__2026-05-09T05:40:00+00:00', '--job-id', '2', '--raw', '--subdir', 'DAGS_FOLDER/iot_dag.py', '--cfg-path', '/tmp/tmptpxc2zm_']
[2026-05-09T05:48:07.360+0000] {standard_task_runner.py:105} INFO - Job 2: Subtask run_iot_etl_pipeline
[2026-05-09T05:48:07.360+0000] {logging_mixin.py:190} WARNING - /home/***/.local/lib/python3.12/site-packages/***/task/task_runner/standard_task_runner.py:70 DeprecationWarning: This process (pid=173) is multi-threaded, use of fork() may lead to deadlocks in the child.
[2026-05-09T05:48:07.361+0000] {standard_task_runner.py:72} INFO - Started process 175 to run task
[2026-05-09T05:48:07.398+0000] {task_command.py:467} INFO - Running <TaskInstance: iot_sensor_pipeline.run_iot_etl_pipeline scheduled__2026-05-09T05:40:00+00:00 [running]> on host 32b4cb8966a8
[2026-05-09T05:48:07.461+0000] {taskinstance.py:3134} INFO - Exporting env vars: AIRFLOW_CTX_DAG_OWNER='amrire' AIRFLOW_CTX_DAG_ID='iot_sensor_pipeline' AIRFLOW_CTX_TASK_ID='run_iot_etl_pipeline' AIRFLOW_CTX_EXECUTION_DATE='2026-05-09T05:40:00+00:00' AIRFLOW_CTX_TRY_NUMBER='1' AIRFLOW_CTX_DAG_RUN_ID='scheduled__2026-05-09T05:40:00+00:00'
[2026-05-09T05:48:07.462+0000] {taskinstance.py:732} INFO - ::endgroup::
[2026-05-09T05:48:07.490+0000] {pipeline.py:36} INFO - --- sensor_etl RUN 1 STARTED ---
[2026-05-09T05:48:07.491+0000] {extract.py:8} INFO - Extract started
[2026-05-09T05:48:07.492+0000] {extract.py:23} INFO - No watermark found. Starting from ID 0.
[2026-05-09T05:48:07.496+0000] {extract.py:43} INFO - Extract completed | rows=5 | runtime=0.01s
[2026-05-09T05:48:07.497+0000] {transform.py:7} INFO - Transform started
[2026-05-09T05:48:07.509+0000] {transform.py:81} INFO - Transform completed | clean_rows=5 | quarantined_rows=0 | runtime=0.01s
[2026-05-09T05:48:07.509+0000] {load.py:9} INFO - Load started for Run ID: 1
[2026-05-09T05:48:07.515+0000] {load.py:41} INFO - Loaded 5 clean records.
[2026-05-09T05:48:07.517+0000] {load.py:67} INFO - Watermark updated | ID: 5 | TS: 2026-05-09 05:48:02.571964+00:00
[2026-05-09T05:48:07.518+0000] {load.py:74} INFO - Load completed | runtime=0.01s
[2026-05-09T05:48:07.520+0000] {pipeline.py:57} INFO - --- sensor_etl RUN 1 COMPLETED SUCCESSFULLY ---
[2026-05-09T05:48:07.520+0000] {python.py:240} INFO - Done. Returned value was: None
[2026-05-09T05:48:07.529+0000] {taskinstance.py:341} INFO - ::group::Post task execution logs
[2026-05-09T05:48:07.529+0000] {taskinstance.py:353} INFO - Marking task as SUCCESS. dag_id=iot_sensor_pipeline, task_id=run_iot_etl_pipeline, run_id=scheduled__2026-05-09T05:40:00+00:00, execution_date=20260509T054000, start_date=20260509T054807, end_date=20260509T054807
[2026-05-09T05:48:07.575+0000] {local_task_job_runner.py:266} INFO - Task exited with return code 0
[2026-05-09T05:48:07.587+0000] {taskinstance.py:3901} INFO - 0 downstream tasks scheduled from follow-on schedule check
[2026-05-09T05:48:07.588+0000] {local_task_job_runner.py:245} INFO - ::endgroup::
