[2026-05-07T09:50:01.110+0000] {local_task_job_runner.py:123} INFO - ::group::Pre task execution logs
[2026-05-07T09:50:01.123+0000] {taskinstance.py:2614} INFO - Dependencies all met for dep_context=non-requeueable deps ti=<TaskInstance: iot_sensor_pipeline.run_iot_etl_pipeline scheduled__2026-05-07T09:45:00+00:00 [queued]>
[2026-05-07T09:50:01.129+0000] {taskinstance.py:2614} INFO - Dependencies all met for dep_context=requeueable deps ti=<TaskInstance: iot_sensor_pipeline.run_iot_etl_pipeline scheduled__2026-05-07T09:45:00+00:00 [queued]>
[2026-05-07T09:50:01.130+0000] {taskinstance.py:2867} INFO - Starting attempt 1 of 2
[2026-05-07T09:50:01.141+0000] {taskinstance.py:2890} INFO - Executing <Task(PythonOperator): run_iot_etl_pipeline> on 2026-05-07 09:45:00+00:00
[2026-05-07T09:50:01.151+0000] {logging_mixin.py:190} WARNING - /home/***/.local/lib/python3.12/site-packages/***/task/task_runner/standard_task_runner.py:70 DeprecationWarning: This process (pid=231) is multi-threaded, use of fork() may lead to deadlocks in the child.
[2026-05-07T09:50:01.149+0000] {standard_task_runner.py:104} INFO - Running: ['***', 'tasks', 'run', 'iot_sensor_pipeline', 'run_iot_etl_pipeline', 'scheduled__2026-05-07T09:45:00+00:00', '--job-id', '5', '--raw', '--subdir', 'DAGS_FOLDER/iot_dag.py', '--cfg-path', '/tmp/tmp_0p_s39o']
[2026-05-07T09:50:01.152+0000] {standard_task_runner.py:72} INFO - Started process 233 to run task
[2026-05-07T09:50:01.152+0000] {standard_task_runner.py:105} INFO - Job 5: Subtask run_iot_etl_pipeline
[2026-05-07T09:50:01.194+0000] {task_command.py:467} INFO - Running <TaskInstance: iot_sensor_pipeline.run_iot_etl_pipeline scheduled__2026-05-07T09:45:00+00:00 [running]> on host e8c023bf0fb2
[2026-05-07T09:50:01.262+0000] {taskinstance.py:3134} INFO - Exporting env vars: AIRFLOW_CTX_DAG_OWNER='amrire' AIRFLOW_CTX_DAG_ID='iot_sensor_pipeline' AIRFLOW_CTX_TASK_ID='run_iot_etl_pipeline' AIRFLOW_CTX_EXECUTION_DATE='2026-05-07T09:45:00+00:00' AIRFLOW_CTX_TRY_NUMBER='1' AIRFLOW_CTX_DAG_RUN_ID='scheduled__2026-05-07T09:45:00+00:00'
[2026-05-07T09:50:01.263+0000] {taskinstance.py:732} INFO - ::endgroup::
[2026-05-07T09:50:01.284+0000] {pipeline.py:25} INFO - Pipeline run 3 started
[2026-05-07T09:50:01.284+0000] {extract.py:8} INFO - Extract started
[2026-05-07T09:50:01.289+0000] {extract.py:43} INFO - Extract completed | rows=51 | runtime=0.01s
[2026-05-07T09:50:01.290+0000] {transform.py:7} INFO - Transform started
[2026-05-07T09:50:01.303+0000] {transform.py:81} INFO - Transform completed | clean_rows=51 | quarantined_rows=0 | runtime=0.01s
[2026-05-07T09:50:01.303+0000] {load.py:9} INFO - Load started for Run ID: 3
[2026-05-07T09:50:01.317+0000] {load.py:41} INFO - Loaded 51 clean records.
[2026-05-07T09:50:01.319+0000] {load.py:67} INFO - Watermark updated | ID: 105 | TS: 2026-05-07 09:49:59.646706+00:00
[2026-05-07T09:50:01.319+0000] {load.py:74} INFO - Load completed | runtime=0.02s
[2026-05-07T09:50:01.322+0000] {pipeline.py:46} INFO - Pipeline run 3 completed successfully
[2026-05-07T09:50:01.322+0000] {python.py:240} INFO - Done. Returned value was: None
[2026-05-07T09:50:01.331+0000] {taskinstance.py:341} INFO - ::group::Post task execution logs
[2026-05-07T09:50:01.332+0000] {taskinstance.py:353} INFO - Marking task as SUCCESS. dag_id=iot_sensor_pipeline, task_id=run_iot_etl_pipeline, run_id=scheduled__2026-05-07T09:45:00+00:00, execution_date=20260507T094500, start_date=20260507T095001, end_date=20260507T095001
[2026-05-07T09:50:01.366+0000] {local_task_job_runner.py:266} INFO - Task exited with return code 0
[2026-05-07T09:50:01.377+0000] {taskinstance.py:3901} INFO - 0 downstream tasks scheduled from follow-on schedule check
[2026-05-07T09:50:01.379+0000] {local_task_job_runner.py:245} INFO - ::endgroup::
