[2026-05-07T05:50:09.197+0000] {local_task_job_runner.py:123} INFO - ::group::Pre task execution logs
[2026-05-07T05:50:09.209+0000] {taskinstance.py:2614} INFO - Dependencies all met for dep_context=non-requeueable deps ti=<TaskInstance: iot_sensor_pipeline.run_iot_etl_pipeline scheduled__2026-05-07T05:45:00+00:00 [queued]>
[2026-05-07T05:50:09.214+0000] {taskinstance.py:2614} INFO - Dependencies all met for dep_context=requeueable deps ti=<TaskInstance: iot_sensor_pipeline.run_iot_etl_pipeline scheduled__2026-05-07T05:45:00+00:00 [queued]>
[2026-05-07T05:50:09.214+0000] {taskinstance.py:2867} INFO - Starting attempt 1 of 2
[2026-05-07T05:50:09.223+0000] {taskinstance.py:2890} INFO - Executing <Task(PythonOperator): run_iot_etl_pipeline> on 2026-05-07 05:45:00+00:00
[2026-05-07T05:50:09.229+0000] {standard_task_runner.py:104} INFO - Running: ['***', 'tasks', 'run', 'iot_sensor_pipeline', 'run_iot_etl_pipeline', 'scheduled__2026-05-07T05:45:00+00:00', '--job-id', '2339', '--raw', '--subdir', 'DAGS_FOLDER/iot_dag.py', '--cfg-path', '/tmp/tmpdlpymkk4']
[2026-05-07T05:50:09.231+0000] {standard_task_runner.py:105} INFO - Job 2339: Subtask run_iot_etl_pipeline
[2026-05-07T05:50:09.234+0000] {logging_mixin.py:190} WARNING - /home/***/.local/lib/python3.12/site-packages/***/task/task_runner/standard_task_runner.py:70 DeprecationWarning: This process (pid=170) is multi-threaded, use of fork() may lead to deadlocks in the child.
[2026-05-07T05:50:09.235+0000] {standard_task_runner.py:72} INFO - Started process 175 to run task
[2026-05-07T05:50:09.271+0000] {task_command.py:467} INFO - Running <TaskInstance: iot_sensor_pipeline.run_iot_etl_pipeline scheduled__2026-05-07T05:45:00+00:00 [running]> on host 9a08d972aac1
[2026-05-07T05:50:09.338+0000] {taskinstance.py:3134} INFO - Exporting env vars: AIRFLOW_CTX_DAG_OWNER='amrire' AIRFLOW_CTX_DAG_ID='iot_sensor_pipeline' AIRFLOW_CTX_TASK_ID='run_iot_etl_pipeline' AIRFLOW_CTX_EXECUTION_DATE='2026-05-07T05:45:00+00:00' AIRFLOW_CTX_TRY_NUMBER='1' AIRFLOW_CTX_DAG_RUN_ID='scheduled__2026-05-07T05:45:00+00:00'
[2026-05-07T05:50:09.338+0000] {taskinstance.py:732} INFO - ::endgroup::
[2026-05-07T05:50:09.367+0000] {pipeline.py:25} INFO - Pipeline run 2172 started
[2026-05-07T05:50:09.367+0000] {extract.py:8} INFO - Extract started
[2026-05-07T05:50:09.372+0000] {extract.py:43} INFO - Extract completed | rows=50 | runtime=0.01s
[2026-05-07T05:50:09.374+0000] {transform.py:7} INFO - Transform started
[2026-05-07T05:50:09.385+0000] {transform.py:81} INFO - Transform completed | clean_rows=50 | quarantined_rows=0 | runtime=0.01s
[2026-05-07T05:50:09.385+0000] {load.py:11} INFO - Load started for Run ID: 2172
[2026-05-07T05:50:09.398+0000] {load.py:37} INFO - Loaded 50 clean records.
[2026-05-07T05:50:09.401+0000] {load.py:61} INFO - Watermark updated to ID: 74804.
[2026-05-07T05:50:09.401+0000] {load.py:68} INFO - Load completed | runtime=0.02s
[2026-05-07T05:50:09.404+0000] {pipeline.py:51} INFO - Pipeline run 2172 completed successfully
[2026-05-07T05:50:09.404+0000] {python.py:240} INFO - Done. Returned value was: None
[2026-05-07T05:50:09.412+0000] {taskinstance.py:341} INFO - ::group::Post task execution logs
[2026-05-07T05:50:09.412+0000] {taskinstance.py:353} INFO - Marking task as SUCCESS. dag_id=iot_sensor_pipeline, task_id=run_iot_etl_pipeline, run_id=scheduled__2026-05-07T05:45:00+00:00, execution_date=20260507T054500, start_date=20260507T055009, end_date=20260507T055009
[2026-05-07T05:50:09.448+0000] {local_task_job_runner.py:266} INFO - Task exited with return code 0
[2026-05-07T05:50:09.460+0000] {taskinstance.py:3901} INFO - 0 downstream tasks scheduled from follow-on schedule check
[2026-05-07T05:50:09.461+0000] {local_task_job_runner.py:245} INFO - ::endgroup::
