[2026-05-09T05:50:00.794+0000] {local_task_job_runner.py:123} INFO - ::group::Pre task execution logs
[2026-05-09T05:50:00.805+0000] {taskinstance.py:2614} INFO - Dependencies all met for dep_context=non-requeueable deps ti=<TaskInstance: iot_sensor_pipeline.run_iot_etl_pipeline scheduled__2026-05-09T05:45:00+00:00 [queued]>
[2026-05-09T05:50:00.809+0000] {taskinstance.py:2614} INFO - Dependencies all met for dep_context=requeueable deps ti=<TaskInstance: iot_sensor_pipeline.run_iot_etl_pipeline scheduled__2026-05-09T05:45:00+00:00 [queued]>
[2026-05-09T05:50:00.809+0000] {taskinstance.py:2867} INFO - Starting attempt 1 of 2
[2026-05-09T05:50:00.817+0000] {taskinstance.py:2890} INFO - Executing <Task(PythonOperator): run_iot_etl_pipeline> on 2026-05-09 05:45:00+00:00
[2026-05-09T05:50:00.824+0000] {standard_task_runner.py:104} INFO - Running: ['***', 'tasks', 'run', 'iot_sensor_pipeline', 'run_iot_etl_pipeline', 'scheduled__2026-05-09T05:45:00+00:00', '--job-id', '3', '--raw', '--subdir', 'DAGS_FOLDER/iot_dag.py', '--cfg-path', '/tmp/tmpwnba3698']
[2026-05-09T05:50:00.825+0000] {standard_task_runner.py:105} INFO - Job 3: Subtask run_iot_etl_pipeline
[2026-05-09T05:50:00.826+0000] {logging_mixin.py:190} WARNING - /home/***/.local/lib/python3.12/site-packages/***/task/task_runner/standard_task_runner.py:70 DeprecationWarning: This process (pid=195) is multi-threaded, use of fork() may lead to deadlocks in the child.
[2026-05-09T05:50:00.826+0000] {standard_task_runner.py:72} INFO - Started process 197 to run task
[2026-05-09T05:50:00.864+0000] {task_command.py:467} INFO - Running <TaskInstance: iot_sensor_pipeline.run_iot_etl_pipeline scheduled__2026-05-09T05:45:00+00:00 [running]> on host 32b4cb8966a8
[2026-05-09T05:50:00.929+0000] {taskinstance.py:3134} INFO - Exporting env vars: AIRFLOW_CTX_DAG_OWNER='amrire' AIRFLOW_CTX_DAG_ID='iot_sensor_pipeline' AIRFLOW_CTX_TASK_ID='run_iot_etl_pipeline' AIRFLOW_CTX_EXECUTION_DATE='2026-05-09T05:45:00+00:00' AIRFLOW_CTX_TRY_NUMBER='1' AIRFLOW_CTX_DAG_RUN_ID='scheduled__2026-05-09T05:45:00+00:00'
[2026-05-09T05:50:00.929+0000] {taskinstance.py:732} INFO - ::endgroup::
[2026-05-09T05:50:00.947+0000] {pipeline.py:36} INFO - --- sensor_etl RUN 2 STARTED ---
[2026-05-09T05:50:00.947+0000] {extract.py:8} INFO - Extract started
[2026-05-09T05:50:00.952+0000] {extract.py:43} INFO - Extract completed | rows=20 | runtime=0.00s
[2026-05-09T05:50:00.952+0000] {transform.py:7} INFO - Transform started
[2026-05-09T05:50:00.963+0000] {transform.py:81} INFO - Transform completed | clean_rows=20 | quarantined_rows=0 | runtime=0.01s
[2026-05-09T05:50:00.963+0000] {load.py:9} INFO - Load started for Run ID: 2
[2026-05-09T05:50:00.969+0000] {load.py:41} INFO - Loaded 20 clean records.
[2026-05-09T05:50:00.971+0000] {load.py:67} INFO - Watermark updated | ID: 25 | TS: 2026-05-09 05:49:59.461648+00:00
[2026-05-09T05:50:00.972+0000] {load.py:74} INFO - Load completed | runtime=0.01s
[2026-05-09T05:50:00.974+0000] {pipeline.py:57} INFO - --- sensor_etl RUN 2 COMPLETED SUCCESSFULLY ---
[2026-05-09T05:50:00.974+0000] {python.py:240} INFO - Done. Returned value was: None
[2026-05-09T05:50:00.982+0000] {taskinstance.py:341} INFO - ::group::Post task execution logs
[2026-05-09T05:50:00.982+0000] {taskinstance.py:353} INFO - Marking task as SUCCESS. dag_id=iot_sensor_pipeline, task_id=run_iot_etl_pipeline, run_id=scheduled__2026-05-09T05:45:00+00:00, execution_date=20260509T054500, start_date=20260509T055000, end_date=20260509T055000
[2026-05-09T05:50:01.040+0000] {local_task_job_runner.py:266} INFO - Task exited with return code 0
[2026-05-09T05:50:01.054+0000] {taskinstance.py:3901} INFO - 0 downstream tasks scheduled from follow-on schedule check
[2026-05-09T05:50:01.056+0000] {local_task_job_runner.py:245} INFO - ::endgroup::
[2026-05-09T05:54:26.000+0000] {local_task_job_runner.py:123} INFO - ::group::Pre task execution logs
[2026-05-09T05:54:26.013+0000] {taskinstance.py:2614} INFO - Dependencies all met for dep_context=non-requeueable deps ti=<TaskInstance: iot_sensor_pipeline.run_iot_etl_pipeline scheduled__2026-05-09T05:45:00+00:00 [queued]>
[2026-05-09T05:54:26.018+0000] {taskinstance.py:2614} INFO - Dependencies all met for dep_context=requeueable deps ti=<TaskInstance: iot_sensor_pipeline.run_iot_etl_pipeline scheduled__2026-05-09T05:45:00+00:00 [queued]>
[2026-05-09T05:54:26.018+0000] {taskinstance.py:2867} INFO - Starting attempt 1 of 2
[2026-05-09T05:54:26.026+0000] {taskinstance.py:2890} INFO - Executing <Task(PythonOperator): run_iot_etl_pipeline> on 2026-05-09 05:45:00+00:00
[2026-05-09T05:54:26.033+0000] {standard_task_runner.py:104} INFO - Running: ['***', 'tasks', 'run', 'iot_sensor_pipeline', 'run_iot_etl_pipeline', 'scheduled__2026-05-09T05:45:00+00:00', '--job-id', '2', '--raw', '--subdir', 'DAGS_FOLDER/iot_dag.py', '--cfg-path', '/tmp/tmp5qjmk58m']
[2026-05-09T05:54:26.035+0000] {logging_mixin.py:190} WARNING - /home/***/.local/lib/python3.12/site-packages/***/task/task_runner/standard_task_runner.py:70 DeprecationWarning: This process (pid=173) is multi-threaded, use of fork() may lead to deadlocks in the child.
[2026-05-09T05:54:26.035+0000] {standard_task_runner.py:105} INFO - Job 2: Subtask run_iot_etl_pipeline
[2026-05-09T05:54:26.035+0000] {standard_task_runner.py:72} INFO - Started process 175 to run task
[2026-05-09T05:54:26.072+0000] {task_command.py:467} INFO - Running <TaskInstance: iot_sensor_pipeline.run_iot_etl_pipeline scheduled__2026-05-09T05:45:00+00:00 [running]> on host a9b557c1044c
[2026-05-09T05:54:26.132+0000] {taskinstance.py:3134} INFO - Exporting env vars: AIRFLOW_CTX_DAG_OWNER='amrire' AIRFLOW_CTX_DAG_ID='iot_sensor_pipeline' AIRFLOW_CTX_TASK_ID='run_iot_etl_pipeline' AIRFLOW_CTX_EXECUTION_DATE='2026-05-09T05:45:00+00:00' AIRFLOW_CTX_TRY_NUMBER='1' AIRFLOW_CTX_DAG_RUN_ID='scheduled__2026-05-09T05:45:00+00:00'
[2026-05-09T05:54:26.133+0000] {taskinstance.py:732} INFO - ::endgroup::
[2026-05-09T05:54:26.162+0000] {pipeline.py:36} INFO - --- sensor_etl RUN 1 STARTED ---
[2026-05-09T05:54:26.162+0000] {extract.py:8} INFO - Extract started
[2026-05-09T05:54:26.163+0000] {extract.py:23} INFO - No watermark found. Starting from ID 0.
[2026-05-09T05:54:26.167+0000] {extract.py:43} INFO - Extract completed | rows=4 | runtime=0.01s
[2026-05-09T05:54:26.167+0000] {transform.py:7} INFO - Transform started
[2026-05-09T05:54:26.180+0000] {transform.py:81} INFO - Transform completed | clean_rows=4 | quarantined_rows=0 | runtime=0.01s
[2026-05-09T05:54:26.180+0000] {load.py:9} INFO - Load started for Run ID: 1
[2026-05-09T05:54:26.186+0000] {load.py:41} INFO - Loaded 4 clean records.
[2026-05-09T05:54:26.189+0000] {load.py:67} INFO - Watermark updated | ID: 4 | TS: 2026-05-09 05:54:25.971727+00:00
[2026-05-09T05:54:26.189+0000] {load.py:74} INFO - Load completed | runtime=0.01s
[2026-05-09T05:54:26.191+0000] {pipeline.py:57} INFO - --- sensor_etl RUN 1 COMPLETED SUCCESSFULLY ---
[2026-05-09T05:54:26.192+0000] {python.py:240} INFO - Done. Returned value was: None
[2026-05-09T05:54:26.199+0000] {taskinstance.py:341} INFO - ::group::Post task execution logs
[2026-05-09T05:54:26.199+0000] {taskinstance.py:353} INFO - Marking task as SUCCESS. dag_id=iot_sensor_pipeline, task_id=run_iot_etl_pipeline, run_id=scheduled__2026-05-09T05:45:00+00:00, execution_date=20260509T054500, start_date=20260509T055426, end_date=20260509T055426
[2026-05-09T05:54:26.249+0000] {local_task_job_runner.py:266} INFO - Task exited with return code 0
[2026-05-09T05:54:26.260+0000] {taskinstance.py:3901} INFO - 0 downstream tasks scheduled from follow-on schedule check
[2026-05-09T05:54:26.262+0000] {local_task_job_runner.py:245} INFO - ::endgroup::
