[2026-05-07T06:55:00.584+0000] {local_task_job_runner.py:123} INFO - ::group::Pre task execution logs
[2026-05-07T06:55:00.598+0000] {taskinstance.py:2614} INFO - Dependencies all met for dep_context=non-requeueable deps ti=<TaskInstance: iot_sensor_pipeline.run_iot_etl_pipeline scheduled__2026-05-07T06:50:00+00:00 [queued]>
[2026-05-07T06:55:00.604+0000] {taskinstance.py:2614} INFO - Dependencies all met for dep_context=requeueable deps ti=<TaskInstance: iot_sensor_pipeline.run_iot_etl_pipeline scheduled__2026-05-07T06:50:00+00:00 [queued]>
[2026-05-07T06:55:00.605+0000] {taskinstance.py:2867} INFO - Starting attempt 1 of 2
[2026-05-07T06:55:00.615+0000] {taskinstance.py:2890} INFO - Executing <Task(PythonOperator): run_iot_etl_pipeline> on 2026-05-07 06:50:00+00:00
[2026-05-07T06:55:00.623+0000] {standard_task_runner.py:104} INFO - Running: ['***', 'tasks', 'run', 'iot_sensor_pipeline', 'run_iot_etl_pipeline', 'scheduled__2026-05-07T06:50:00+00:00', '--job-id', '2352', '--raw', '--subdir', 'DAGS_FOLDER/iot_dag.py', '--cfg-path', '/tmp/tmp0lvjczt5']
[2026-05-07T06:55:00.626+0000] {standard_task_runner.py:105} INFO - Job 2352: Subtask run_iot_etl_pipeline
[2026-05-07T06:55:00.627+0000] {logging_mixin.py:190} WARNING - /home/***/.local/lib/python3.12/site-packages/***/task/task_runner/standard_task_runner.py:70 DeprecationWarning: This process (pid=987) is multi-threaded, use of fork() may lead to deadlocks in the child.
[2026-05-07T06:55:00.627+0000] {standard_task_runner.py:72} INFO - Started process 989 to run task
[2026-05-07T06:55:00.674+0000] {task_command.py:467} INFO - Running <TaskInstance: iot_sensor_pipeline.run_iot_etl_pipeline scheduled__2026-05-07T06:50:00+00:00 [running]> on host 9a08d972aac1
[2026-05-07T06:55:00.749+0000] {taskinstance.py:3134} INFO - Exporting env vars: AIRFLOW_CTX_DAG_OWNER='amrire' AIRFLOW_CTX_DAG_ID='iot_sensor_pipeline' AIRFLOW_CTX_TASK_ID='run_iot_etl_pipeline' AIRFLOW_CTX_EXECUTION_DATE='2026-05-07T06:50:00+00:00' AIRFLOW_CTX_TRY_NUMBER='1' AIRFLOW_CTX_DAG_RUN_ID='scheduled__2026-05-07T06:50:00+00:00'
[2026-05-07T06:55:00.750+0000] {taskinstance.py:732} INFO - ::endgroup::
[2026-05-07T06:55:00.772+0000] {pipeline.py:25} INFO - Pipeline run 2185 started
[2026-05-07T06:55:00.772+0000] {extract.py:8} INFO - Extract started
[2026-05-07T06:55:00.780+0000] {extract.py:43} INFO - Extract completed | rows=51 | runtime=0.01s
[2026-05-07T06:55:00.781+0000] {transform.py:7} INFO - Transform started
[2026-05-07T06:55:00.795+0000] {transform.py:81} INFO - Transform completed | clean_rows=51 | quarantined_rows=0 | runtime=0.01s
[2026-05-07T06:55:00.795+0000] {load.py:11} INFO - Load started for Run ID: 2185
[2026-05-07T06:55:00.809+0000] {load.py:37} INFO - Loaded 51 clean records.
[2026-05-07T06:55:00.811+0000] {load.py:61} INFO - Watermark updated to ID: 75469.
[2026-05-07T06:55:00.812+0000] {load.py:68} INFO - Load completed | runtime=0.02s
[2026-05-07T06:55:00.815+0000] {pipeline.py:50} INFO - Pipeline run 2185 completed successfully
[2026-05-07T06:55:00.815+0000] {python.py:240} INFO - Done. Returned value was: None
[2026-05-07T06:55:00.826+0000] {taskinstance.py:341} INFO - ::group::Post task execution logs
[2026-05-07T06:55:00.826+0000] {taskinstance.py:353} INFO - Marking task as SUCCESS. dag_id=iot_sensor_pipeline, task_id=run_iot_etl_pipeline, run_id=scheduled__2026-05-07T06:50:00+00:00, execution_date=20260507T065000, start_date=20260507T065500, end_date=20260507T065500
[2026-05-07T06:55:00.882+0000] {local_task_job_runner.py:266} INFO - Task exited with return code 0
[2026-05-07T06:55:00.895+0000] {taskinstance.py:3901} INFO - 0 downstream tasks scheduled from follow-on schedule check
[2026-05-07T06:55:00.897+0000] {local_task_job_runner.py:245} INFO - ::endgroup::
