[2026-04-25T12:35:00.883+0000] {local_task_job_runner.py:123} INFO - ::group::Pre task execution logs
[2026-04-25T12:35:00.894+0000] {taskinstance.py:2614} INFO - Dependencies all met for dep_context=non-requeueable deps ti=<TaskInstance: iot_sensor_pipeline.run_iot_etl_pipeline scheduled__2026-04-25T12:30:00+00:00 [queued]>
[2026-04-25T12:35:00.899+0000] {taskinstance.py:2614} INFO - Dependencies all met for dep_context=requeueable deps ti=<TaskInstance: iot_sensor_pipeline.run_iot_etl_pipeline scheduled__2026-04-25T12:30:00+00:00 [queued]>
[2026-04-25T12:35:00.899+0000] {taskinstance.py:2867} INFO - Starting attempt 1 of 2
[2026-04-25T12:35:00.908+0000] {taskinstance.py:2890} INFO - Executing <Task(PythonOperator): run_iot_etl_pipeline> on 2026-04-25 12:30:00+00:00
[2026-04-25T12:35:00.915+0000] {standard_task_runner.py:104} INFO - Running: ['***', 'tasks', 'run', 'iot_sensor_pipeline', 'run_iot_etl_pipeline', 'scheduled__2026-04-25T12:30:00+00:00', '--job-id', '429', '--raw', '--subdir', 'DAGS_FOLDER/iot_dag.py', '--cfg-path', '/tmp/tmpvnw79071']
[2026-04-25T12:35:00.917+0000] {logging_mixin.py:190} WARNING - /home/***/.local/lib/python3.12/site-packages/***/task/task_runner/standard_task_runner.py:70 DeprecationWarning: This process (pid=1485) is multi-threaded, use of fork() may lead to deadlocks in the child.
[2026-04-25T12:35:00.917+0000] {standard_task_runner.py:105} INFO - Job 429: Subtask run_iot_etl_pipeline
[2026-04-25T12:35:00.917+0000] {standard_task_runner.py:72} INFO - Started process 1487 to run task
[2026-04-25T12:35:00.955+0000] {task_command.py:467} INFO - Running <TaskInstance: iot_sensor_pipeline.run_iot_etl_pipeline scheduled__2026-04-25T12:30:00+00:00 [running]> on host 0471fb5f5ee0
[2026-04-25T12:35:01.015+0000] {taskinstance.py:3134} INFO - Exporting env vars: AIRFLOW_CTX_DAG_OWNER='amrire' AIRFLOW_CTX_DAG_ID='iot_sensor_pipeline' AIRFLOW_CTX_TASK_ID='run_iot_etl_pipeline' AIRFLOW_CTX_EXECUTION_DATE='2026-04-25T12:30:00+00:00' AIRFLOW_CTX_TRY_NUMBER='1' AIRFLOW_CTX_DAG_RUN_ID='scheduled__2026-04-25T12:30:00+00:00'
[2026-04-25T12:35:01.016+0000] {taskinstance.py:732} INFO - ::endgroup::
[2026-04-25T12:35:01.034+0000] {pipeline.py:25} INFO - Pipeline run 330 started
[2026-04-25T12:35:01.035+0000] {extract.py:8} INFO - Extract started
[2026-04-25T12:35:01.040+0000] {extract.py:43} INFO - Extract completed | rows=51 | runtime=0.01s
[2026-04-25T12:35:01.042+0000] {transform.py:7} INFO - Transform started
[2026-04-25T12:35:01.052+0000] {transform.py:81} INFO - Transform completed | clean_rows=51 | quarantined_rows=0 | runtime=0.01s
[2026-04-25T12:35:01.052+0000] {logging_mixin.py:190} INFO - DEBUG - CLEAN COLS: ['raw_id', 'run_id', 'device_id', 'event_ts_ms', 'event_ts', 'temperature', 'humidity', 'source', 'ingest_ts']
[2026-04-25T12:35:01.052+0000] {logging_mixin.py:190} INFO - DEBUG - NULL COUNT: 0
[2026-04-25T12:35:01.053+0000] {load.py:10} INFO - Load started for Run ID: 330
[2026-04-25T12:35:01.066+0000] {load.py:39} INFO - Loaded 51 clean records.
[2026-04-25T12:35:01.068+0000] {load.py:62} INFO - Watermark updated to ID: 8334.
[2026-04-25T12:35:01.068+0000] {load.py:69} INFO - Load completed | runtime=0.02s
[2026-04-25T12:35:01.070+0000] {pipeline.py:51} INFO - Pipeline run 330 completed successfully
[2026-04-25T12:35:01.070+0000] {python.py:240} INFO - Done. Returned value was: None
[2026-04-25T12:35:01.078+0000] {taskinstance.py:341} INFO - ::group::Post task execution logs
[2026-04-25T12:35:01.078+0000] {taskinstance.py:353} INFO - Marking task as SUCCESS. dag_id=iot_sensor_pipeline, task_id=run_iot_etl_pipeline, run_id=scheduled__2026-04-25T12:30:00+00:00, execution_date=20260425T123000, start_date=20260425T123500, end_date=20260425T123501
[2026-04-25T12:35:01.131+0000] {local_task_job_runner.py:266} INFO - Task exited with return code 0
[2026-04-25T12:35:01.145+0000] {taskinstance.py:3901} INFO - 0 downstream tasks scheduled from follow-on schedule check
[2026-04-25T12:35:01.147+0000] {local_task_job_runner.py:245} INFO - ::endgroup::
