[2026-05-09T04:50:50.884+0000] {local_task_job_runner.py:123} INFO - ::group::Pre task execution logs
[2026-05-09T04:50:50.896+0000] {taskinstance.py:2614} INFO - Dependencies all met for dep_context=non-requeueable deps ti=<TaskInstance: iot_sensor_pipeline.run_iot_etl_pipeline scheduled__2026-05-09T04:45:00+00:00 [queued]>
[2026-05-09T04:50:50.901+0000] {taskinstance.py:2614} INFO - Dependencies all met for dep_context=requeueable deps ti=<TaskInstance: iot_sensor_pipeline.run_iot_etl_pipeline scheduled__2026-05-09T04:45:00+00:00 [queued]>
[2026-05-09T04:50:50.902+0000] {taskinstance.py:2867} INFO - Starting attempt 1 of 2
[2026-05-09T04:50:50.919+0000] {taskinstance.py:2890} INFO - Executing <Task(PythonOperator): run_iot_etl_pipeline> on 2026-05-09 04:45:00+00:00
[2026-05-09T04:50:50.925+0000] {standard_task_runner.py:104} INFO - Running: ['***', 'tasks', 'run', 'iot_sensor_pipeline', 'run_iot_etl_pipeline', 'scheduled__2026-05-09T04:45:00+00:00', '--job-id', '2', '--raw', '--subdir', 'DAGS_FOLDER/iot_dag.py', '--cfg-path', '/tmp/tmpe9j3ddjc']
[2026-05-09T04:50:50.927+0000] {logging_mixin.py:190} WARNING - /home/***/.local/lib/python3.12/site-packages/***/task/task_runner/standard_task_runner.py:70 DeprecationWarning: This process (pid=173) is multi-threaded, use of fork() may lead to deadlocks in the child.
[2026-05-09T04:50:50.928+0000] {standard_task_runner.py:105} INFO - Job 2: Subtask run_iot_etl_pipeline
[2026-05-09T04:50:50.928+0000] {standard_task_runner.py:72} INFO - Started process 175 to run task
[2026-05-09T04:50:50.968+0000] {task_command.py:467} INFO - Running <TaskInstance: iot_sensor_pipeline.run_iot_etl_pipeline scheduled__2026-05-09T04:45:00+00:00 [running]> on host 131a6af6416d
[2026-05-09T04:50:51.034+0000] {taskinstance.py:3134} INFO - Exporting env vars: AIRFLOW_CTX_DAG_OWNER='amrire' AIRFLOW_CTX_DAG_ID='iot_sensor_pipeline' AIRFLOW_CTX_TASK_ID='run_iot_etl_pipeline' AIRFLOW_CTX_EXECUTION_DATE='2026-05-09T04:45:00+00:00' AIRFLOW_CTX_TRY_NUMBER='1' AIRFLOW_CTX_DAG_RUN_ID='scheduled__2026-05-09T04:45:00+00:00'
[2026-05-09T04:50:51.035+0000] {taskinstance.py:732} INFO - ::endgroup::
[2026-05-09T04:50:51.068+0000] {pipeline.py:25} INFO - Pipeline run 1 started
[2026-05-09T04:50:51.069+0000] {extract.py:8} INFO - Extract started
[2026-05-09T04:50:51.070+0000] {extract.py:23} INFO - No watermark found. Starting from ID 0.
[2026-05-09T04:50:51.074+0000] {extract.py:43} INFO - Extract completed | rows=5 | runtime=0.01s
[2026-05-09T04:50:51.075+0000] {transform.py:7} INFO - Transform started
[2026-05-09T04:50:51.086+0000] {transform.py:81} INFO - Transform completed | clean_rows=5 | quarantined_rows=0 | runtime=0.01s
[2026-05-09T04:50:51.087+0000] {load.py:9} INFO - Load started for Run ID: 1
[2026-05-09T04:50:51.092+0000] {load.py:41} INFO - Loaded 5 clean records.
[2026-05-09T04:50:51.095+0000] {load.py:67} INFO - Watermark updated | ID: 5 | TS: 2026-05-09 04:50:49.335654+00:00
[2026-05-09T04:50:51.096+0000] {load.py:74} INFO - Load completed | runtime=0.01s
[2026-05-09T04:50:51.098+0000] {pipeline.py:46} INFO - Pipeline run 1 completed successfully
[2026-05-09T04:50:51.099+0000] {python.py:240} INFO - Done. Returned value was: None
[2026-05-09T04:50:51.107+0000] {taskinstance.py:341} INFO - ::group::Post task execution logs
[2026-05-09T04:50:51.107+0000] {taskinstance.py:353} INFO - Marking task as SUCCESS. dag_id=iot_sensor_pipeline, task_id=run_iot_etl_pipeline, run_id=scheduled__2026-05-09T04:45:00+00:00, execution_date=20260509T044500, start_date=20260509T045050, end_date=20260509T045051
[2026-05-09T04:50:51.262+0000] {local_task_job_runner.py:266} INFO - Task exited with return code 0
[2026-05-09T04:50:51.277+0000] {taskinstance.py:3901} INFO - 0 downstream tasks scheduled from follow-on schedule check
[2026-05-09T04:50:51.281+0000] {local_task_job_runner.py:245} INFO - ::endgroup::
