[2026-05-09T11:15:01.385+0000] {local_task_job_runner.py:123} INFO - ::group::Pre task execution logs
[2026-05-09T11:15:01.395+0000] {taskinstance.py:2614} INFO - Dependencies all met for dep_context=non-requeueable deps ti=<TaskInstance: iot_sensor_pipeline.run_iot_etl_pipeline scheduled__2026-05-09T11:10:00+00:00 [queued]>
[2026-05-09T11:15:01.400+0000] {taskinstance.py:2614} INFO - Dependencies all met for dep_context=requeueable deps ti=<TaskInstance: iot_sensor_pipeline.run_iot_etl_pipeline scheduled__2026-05-09T11:10:00+00:00 [queued]>
[2026-05-09T11:15:01.400+0000] {taskinstance.py:2867} INFO - Starting attempt 1 of 2
[2026-05-09T11:15:01.408+0000] {taskinstance.py:2890} INFO - Executing <Task(PythonOperator): run_iot_etl_pipeline> on 2026-05-09 11:10:00+00:00
[2026-05-09T11:15:01.414+0000] {logging_mixin.py:190} WARNING - /home/***/.local/lib/python3.12/site-packages/***/task/task_runner/standard_task_runner.py:70 DeprecationWarning: This process (pid=4115) is multi-threaded, use of fork() may lead to deadlocks in the child.
[2026-05-09T11:15:01.415+0000] {standard_task_runner.py:72} INFO - Started process 4117 to run task
[2026-05-09T11:15:01.414+0000] {standard_task_runner.py:104} INFO - Running: ['***', 'tasks', 'run', 'iot_sensor_pipeline', 'run_iot_etl_pipeline', 'scheduled__2026-05-09T11:10:00+00:00', '--job-id', '65', '--raw', '--subdir', 'DAGS_FOLDER/iot_dag.py', '--cfg-path', '/tmp/tmp4tqokppd']
[2026-05-09T11:15:01.416+0000] {standard_task_runner.py:105} INFO - Job 65: Subtask run_iot_etl_pipeline
[2026-05-09T11:15:01.452+0000] {task_command.py:467} INFO - Running <TaskInstance: iot_sensor_pipeline.run_iot_etl_pipeline scheduled__2026-05-09T11:10:00+00:00 [running]> on host 5f88d49937a6
[2026-05-09T11:15:01.511+0000] {taskinstance.py:3134} INFO - Exporting env vars: AIRFLOW_CTX_DAG_OWNER='amrire' AIRFLOW_CTX_DAG_ID='iot_sensor_pipeline' AIRFLOW_CTX_TASK_ID='run_iot_etl_pipeline' AIRFLOW_CTX_EXECUTION_DATE='2026-05-09T11:10:00+00:00' AIRFLOW_CTX_TRY_NUMBER='1' AIRFLOW_CTX_DAG_RUN_ID='scheduled__2026-05-09T11:10:00+00:00'
[2026-05-09T11:15:01.512+0000] {taskinstance.py:732} INFO - ::endgroup::
[2026-05-09T11:15:01.529+0000] {pipeline.py:36} INFO - --- sensor_etl RUN 64 STARTED ---
[2026-05-09T11:15:01.529+0000] {extract.py:8} INFO - Extract started
[2026-05-09T11:15:01.535+0000] {extract.py:39} INFO - No new data found.
[2026-05-09T11:15:01.535+0000] {pipeline.py:41} INFO - Scan complete: No new data. Exiting.
[2026-05-09T11:15:01.537+0000] {python.py:240} INFO - Done. Returned value was: None
[2026-05-09T11:15:01.545+0000] {taskinstance.py:341} INFO - ::group::Post task execution logs
[2026-05-09T11:15:01.545+0000] {taskinstance.py:353} INFO - Marking task as SUCCESS. dag_id=iot_sensor_pipeline, task_id=run_iot_etl_pipeline, run_id=scheduled__2026-05-09T11:10:00+00:00, execution_date=20260509T111000, start_date=20260509T111501, end_date=20260509T111501
[2026-05-09T11:15:01.589+0000] {local_task_job_runner.py:266} INFO - Task exited with return code 0
[2026-05-09T11:15:01.600+0000] {taskinstance.py:3901} INFO - 0 downstream tasks scheduled from follow-on schedule check
[2026-05-09T11:15:01.603+0000] {local_task_job_runner.py:245} INFO - ::endgroup::
