[2026-05-10T23:55:00.584+0000] {local_task_job_runner.py:123} INFO - ::group::Pre task execution logs
[2026-05-10T23:55:00.597+0000] {taskinstance.py:2614} INFO - Dependencies all met for dep_context=non-requeueable deps ti=<TaskInstance: iot_sensor_pipeline.run_iot_etl_pipeline scheduled__2026-05-10T23:50:00+00:00 [queued]>
[2026-05-10T23:55:00.604+0000] {taskinstance.py:2614} INFO - Dependencies all met for dep_context=requeueable deps ti=<TaskInstance: iot_sensor_pipeline.run_iot_etl_pipeline scheduled__2026-05-10T23:50:00+00:00 [queued]>
[2026-05-10T23:55:00.604+0000] {taskinstance.py:2867} INFO - Starting attempt 1 of 2
[2026-05-10T23:55:00.613+0000] {taskinstance.py:2890} INFO - Executing <Task(PythonOperator): run_iot_etl_pipeline> on 2026-05-10 23:50:00+00:00
[2026-05-10T23:55:00.622+0000] {logging_mixin.py:190} WARNING - /home/***/.local/lib/python3.12/site-packages/***/task/task_runner/standard_task_runner.py:70 DeprecationWarning: This process (pid=173) is multi-threaded, use of fork() may lead to deadlocks in the child.
[2026-05-10T23:55:00.620+0000] {standard_task_runner.py:104} INFO - Running: ['***', 'tasks', 'run', 'iot_sensor_pipeline', 'run_iot_etl_pipeline', 'scheduled__2026-05-10T23:50:00+00:00', '--job-id', '259', '--raw', '--subdir', 'DAGS_FOLDER/iot_dag.py', '--cfg-path', '/tmp/tmpfza7y_t_']
[2026-05-10T23:55:00.623+0000] {standard_task_runner.py:105} INFO - Job 259: Subtask run_iot_etl_pipeline
[2026-05-10T23:55:00.623+0000] {standard_task_runner.py:72} INFO - Started process 175 to run task
[2026-05-10T23:55:00.661+0000] {task_command.py:467} INFO - Running <TaskInstance: iot_sensor_pipeline.run_iot_etl_pipeline scheduled__2026-05-10T23:50:00+00:00 [running]> on host 3ea961fdb0b8
[2026-05-10T23:55:00.746+0000] {taskinstance.py:3134} INFO - Exporting env vars: AIRFLOW_CTX_DAG_OWNER='amrire' AIRFLOW_CTX_DAG_ID='iot_sensor_pipeline' AIRFLOW_CTX_TASK_ID='run_iot_etl_pipeline' AIRFLOW_CTX_EXECUTION_DATE='2026-05-10T23:50:00+00:00' AIRFLOW_CTX_TRY_NUMBER='1' AIRFLOW_CTX_DAG_RUN_ID='scheduled__2026-05-10T23:50:00+00:00'
[2026-05-10T23:55:00.747+0000] {taskinstance.py:732} INFO - ::endgroup::
[2026-05-10T23:55:00.781+0000] {pipeline.py:36} INFO - --- sensor_etl RUN 255 STARTED ---
[2026-05-10T23:55:00.781+0000] {extract.py:8} INFO - Extract started
[2026-05-10T23:55:00.788+0000] {extract.py:43} INFO - Extract completed | rows=47 | runtime=0.01s
[2026-05-10T23:55:00.788+0000] {transform.py:7} INFO - Transform started
[2026-05-10T23:55:00.800+0000] {transform.py:81} INFO - Transform completed | clean_rows=47 | quarantined_rows=0 | runtime=0.01s
[2026-05-10T23:55:00.801+0000] {load.py:9} INFO - Load started for Run ID: 255
[2026-05-10T23:55:00.816+0000] {load.py:41} INFO - Loaded 47 clean records.
[2026-05-10T23:55:00.818+0000] {load.py:67} INFO - Watermark updated | ID: 6370 | TS: 2026-05-10 23:55:00.112526+00:00
[2026-05-10T23:55:00.819+0000] {load.py:74} INFO - Load completed | runtime=0.02s
[2026-05-10T23:55:00.821+0000] {pipeline.py:57} INFO - --- sensor_etl RUN 255 COMPLETED SUCCESSFULLY ---
[2026-05-10T23:55:00.822+0000] {python.py:240} INFO - Done. Returned value was: None
[2026-05-10T23:55:00.832+0000] {taskinstance.py:341} INFO - ::group::Post task execution logs
[2026-05-10T23:55:00.832+0000] {taskinstance.py:353} INFO - Marking task as SUCCESS. dag_id=iot_sensor_pipeline, task_id=run_iot_etl_pipeline, run_id=scheduled__2026-05-10T23:50:00+00:00, execution_date=20260510T235000, start_date=20260510T235500, end_date=20260510T235500
[2026-05-10T23:55:00.877+0000] {local_task_job_runner.py:266} INFO - Task exited with return code 0
[2026-05-10T23:55:00.889+0000] {taskinstance.py:3901} INFO - 0 downstream tasks scheduled from follow-on schedule check
[2026-05-10T23:55:00.891+0000] {local_task_job_runner.py:245} INFO - ::endgroup::
