[2026-05-09T21:00:00.501+0000] {local_task_job_runner.py:123} INFO - ::group::Pre task execution logs
[2026-05-09T21:00:00.513+0000] {taskinstance.py:2614} INFO - Dependencies all met for dep_context=non-requeueable deps ti=<TaskInstance: iot_sensor_pipeline.run_iot_etl_pipeline scheduled__2026-05-09T20:55:00+00:00 [queued]>
[2026-05-09T21:00:00.518+0000] {taskinstance.py:2614} INFO - Dependencies all met for dep_context=requeueable deps ti=<TaskInstance: iot_sensor_pipeline.run_iot_etl_pipeline scheduled__2026-05-09T20:55:00+00:00 [queued]>
[2026-05-09T21:00:00.518+0000] {taskinstance.py:2867} INFO - Starting attempt 1 of 2
[2026-05-09T21:00:00.529+0000] {taskinstance.py:2890} INFO - Executing <Task(PythonOperator): run_iot_etl_pipeline> on 2026-05-09 20:55:00+00:00
[2026-05-09T21:00:00.535+0000] {logging_mixin.py:190} WARNING - /home/***/.local/lib/python3.12/site-packages/***/task/task_runner/standard_task_runner.py:70 DeprecationWarning: This process (pid=3141) is multi-threaded, use of fork() may lead to deadlocks in the child.
[2026-05-09T21:00:00.536+0000] {standard_task_runner.py:72} INFO - Started process 3143 to run task
[2026-05-09T21:00:00.535+0000] {standard_task_runner.py:104} INFO - Running: ['***', 'tasks', 'run', 'iot_sensor_pipeline', 'run_iot_etl_pipeline', 'scheduled__2026-05-09T20:55:00+00:00', '--job-id', '149', '--raw', '--subdir', 'DAGS_FOLDER/iot_dag.py', '--cfg-path', '/tmp/tmprcxxmeyz']
[2026-05-09T21:00:00.537+0000] {standard_task_runner.py:105} INFO - Job 149: Subtask run_iot_etl_pipeline
[2026-05-09T21:00:00.582+0000] {task_command.py:467} INFO - Running <TaskInstance: iot_sensor_pipeline.run_iot_etl_pipeline scheduled__2026-05-09T20:55:00+00:00 [running]> on host 5f88d49937a6
[2026-05-09T21:00:00.654+0000] {taskinstance.py:3134} INFO - Exporting env vars: AIRFLOW_CTX_DAG_OWNER='amrire' AIRFLOW_CTX_DAG_ID='iot_sensor_pipeline' AIRFLOW_CTX_TASK_ID='run_iot_etl_pipeline' AIRFLOW_CTX_EXECUTION_DATE='2026-05-09T20:55:00+00:00' AIRFLOW_CTX_TRY_NUMBER='1' AIRFLOW_CTX_DAG_RUN_ID='scheduled__2026-05-09T20:55:00+00:00'
[2026-05-09T21:00:00.655+0000] {taskinstance.py:732} INFO - ::endgroup::
[2026-05-09T21:00:00.674+0000] {pipeline.py:36} INFO - --- sensor_etl RUN 147 STARTED ---
[2026-05-09T21:00:00.675+0000] {extract.py:8} INFO - Extract started
[2026-05-09T21:00:00.683+0000] {extract.py:43} INFO - Extract completed | rows=51 | runtime=0.01s
[2026-05-09T21:00:00.683+0000] {transform.py:7} INFO - Transform started
[2026-05-09T21:00:00.695+0000] {transform.py:81} INFO - Transform completed | clean_rows=51 | quarantined_rows=0 | runtime=0.01s
[2026-05-09T21:00:00.695+0000] {load.py:9} INFO - Load started for Run ID: 147
[2026-05-09T21:00:00.705+0000] {load.py:41} INFO - Loaded 51 clean records.
[2026-05-09T21:00:00.708+0000] {load.py:67} INFO - Watermark updated | ID: 3598 | TS: 2026-05-09 20:59:56.989550+00:00
[2026-05-09T21:00:00.709+0000] {load.py:74} INFO - Load completed | runtime=0.01s
[2026-05-09T21:00:00.711+0000] {pipeline.py:57} INFO - --- sensor_etl RUN 147 COMPLETED SUCCESSFULLY ---
[2026-05-09T21:00:00.712+0000] {python.py:240} INFO - Done. Returned value was: None
[2026-05-09T21:00:00.720+0000] {taskinstance.py:341} INFO - ::group::Post task execution logs
[2026-05-09T21:00:00.720+0000] {taskinstance.py:353} INFO - Marking task as SUCCESS. dag_id=iot_sensor_pipeline, task_id=run_iot_etl_pipeline, run_id=scheduled__2026-05-09T20:55:00+00:00, execution_date=20260509T205500, start_date=20260509T210000, end_date=20260509T210000
[2026-05-09T21:00:00.750+0000] {local_task_job_runner.py:266} INFO - Task exited with return code 0
[2026-05-09T21:00:00.763+0000] {taskinstance.py:3901} INFO - 0 downstream tasks scheduled from follow-on schedule check
[2026-05-09T21:00:00.765+0000] {local_task_job_runner.py:245} INFO - ::endgroup::
