[2026-05-08T10:10:00.967+0000] {local_task_job_runner.py:123} INFO - ::group::Pre task execution logs
[2026-05-08T10:10:00.979+0000] {taskinstance.py:2614} INFO - Dependencies all met for dep_context=non-requeueable deps ti=<TaskInstance: iot_sensor_pipeline.run_iot_etl_pipeline scheduled__2026-05-08T10:05:00+00:00 [queued]>
[2026-05-08T10:10:00.984+0000] {taskinstance.py:2614} INFO - Dependencies all met for dep_context=requeueable deps ti=<TaskInstance: iot_sensor_pipeline.run_iot_etl_pipeline scheduled__2026-05-08T10:05:00+00:00 [queued]>
[2026-05-08T10:10:00.985+0000] {taskinstance.py:2867} INFO - Starting attempt 1 of 2
[2026-05-08T10:10:00.994+0000] {taskinstance.py:2890} INFO - Executing <Task(PythonOperator): run_iot_etl_pipeline> on 2026-05-08 10:05:00+00:00
[2026-05-08T10:10:01.001+0000] {logging_mixin.py:190} WARNING - /home/***/.local/lib/python3.12/site-packages/***/task/task_runner/standard_task_runner.py:70 DeprecationWarning: This process (pid=3167) is multi-threaded, use of fork() may lead to deadlocks in the child.
[2026-05-08T10:10:01.003+0000] {standard_task_runner.py:72} INFO - Started process 3169 to run task
[2026-05-08T10:10:01.002+0000] {standard_task_runner.py:104} INFO - Running: ['***', 'tasks', 'run', 'iot_sensor_pipeline', 'run_iot_etl_pipeline', 'scheduled__2026-05-08T10:05:00+00:00', '--job-id', '50', '--raw', '--subdir', 'DAGS_FOLDER/iot_dag.py', '--cfg-path', '/tmp/tmpvr7wodqe']
[2026-05-08T10:10:01.004+0000] {standard_task_runner.py:105} INFO - Job 50: Subtask run_iot_etl_pipeline
[2026-05-08T10:10:01.049+0000] {task_command.py:467} INFO - Running <TaskInstance: iot_sensor_pipeline.run_iot_etl_pipeline scheduled__2026-05-08T10:05:00+00:00 [running]> on host 384a23093721
[2026-05-08T10:10:01.124+0000] {taskinstance.py:3134} INFO - Exporting env vars: AIRFLOW_CTX_DAG_OWNER='amrire' AIRFLOW_CTX_DAG_ID='iot_sensor_pipeline' AIRFLOW_CTX_TASK_ID='run_iot_etl_pipeline' AIRFLOW_CTX_EXECUTION_DATE='2026-05-08T10:05:00+00:00' AIRFLOW_CTX_TRY_NUMBER='1' AIRFLOW_CTX_DAG_RUN_ID='scheduled__2026-05-08T10:05:00+00:00'
[2026-05-08T10:10:01.125+0000] {taskinstance.py:732} INFO - ::endgroup::
[2026-05-08T10:10:01.145+0000] {pipeline.py:25} INFO - Pipeline run 49 started
[2026-05-08T10:10:01.145+0000] {extract.py:8} INFO - Extract started
[2026-05-08T10:10:01.151+0000] {extract.py:43} INFO - Extract completed | rows=52 | runtime=0.01s
[2026-05-08T10:10:01.152+0000] {transform.py:7} INFO - Transform started
[2026-05-08T10:10:01.164+0000] {transform.py:81} INFO - Transform completed | clean_rows=52 | quarantined_rows=0 | runtime=0.01s
[2026-05-08T10:10:01.165+0000] {load.py:9} INFO - Load started for Run ID: 49
[2026-05-08T10:10:01.178+0000] {load.py:41} INFO - Loaded 52 clean records.
[2026-05-08T10:10:01.181+0000] {load.py:67} INFO - Watermark updated | ID: 2447 | TS: 2026-05-08 10:09:59.557012+00:00
[2026-05-08T10:10:01.181+0000] {load.py:74} INFO - Load completed | runtime=0.02s
[2026-05-08T10:10:01.184+0000] {pipeline.py:46} INFO - Pipeline run 49 completed successfully
[2026-05-08T10:10:01.184+0000] {python.py:240} INFO - Done. Returned value was: None
[2026-05-08T10:10:01.195+0000] {taskinstance.py:341} INFO - ::group::Post task execution logs
[2026-05-08T10:10:01.195+0000] {taskinstance.py:353} INFO - Marking task as SUCCESS. dag_id=iot_sensor_pipeline, task_id=run_iot_etl_pipeline, run_id=scheduled__2026-05-08T10:05:00+00:00, execution_date=20260508T100500, start_date=20260508T101000, end_date=20260508T101001
[2026-05-08T10:10:01.257+0000] {local_task_job_runner.py:266} INFO - Task exited with return code 0
[2026-05-08T10:10:01.269+0000] {taskinstance.py:3901} INFO - 0 downstream tasks scheduled from follow-on schedule check
[2026-05-08T10:10:01.271+0000] {local_task_job_runner.py:245} INFO - ::endgroup::
