[2026-04-26T22:40:00.921+0000] {local_task_job_runner.py:123} INFO - ::group::Pre task execution logs
[2026-04-26T22:40:00.933+0000] {taskinstance.py:2614} INFO - Dependencies all met for dep_context=non-requeueable deps ti=<TaskInstance: iot_sensor_pipeline.run_iot_etl_pipeline scheduled__2026-04-26T22:35:00+00:00 [queued]>
[2026-04-26T22:40:00.939+0000] {taskinstance.py:2614} INFO - Dependencies all met for dep_context=requeueable deps ti=<TaskInstance: iot_sensor_pipeline.run_iot_etl_pipeline scheduled__2026-04-26T22:35:00+00:00 [queued]>
[2026-04-26T22:40:00.939+0000] {taskinstance.py:2867} INFO - Starting attempt 1 of 2
[2026-04-26T22:40:00.949+0000] {taskinstance.py:2890} INFO - Executing <Task(PythonOperator): run_iot_etl_pipeline> on 2026-04-26 22:35:00+00:00
[2026-04-26T22:40:00.956+0000] {logging_mixin.py:190} WARNING - /home/***/.local/lib/python3.12/site-packages/***/task/task_runner/standard_task_runner.py:70 DeprecationWarning: This process (pid=8975) is multi-threaded, use of fork() may lead to deadlocks in the child.
[2026-04-26T22:40:00.957+0000] {standard_task_runner.py:72} INFO - Started process 8977 to run task
[2026-04-26T22:40:00.956+0000] {standard_task_runner.py:104} INFO - Running: ['***', 'tasks', 'run', 'iot_sensor_pipeline', 'run_iot_etl_pipeline', 'scheduled__2026-04-26T22:35:00+00:00', '--job-id', '705', '--raw', '--subdir', 'DAGS_FOLDER/iot_dag.py', '--cfg-path', '/tmp/tmpl827j7sg']
[2026-04-26T22:40:00.958+0000] {standard_task_runner.py:105} INFO - Job 705: Subtask run_iot_etl_pipeline
[2026-04-26T22:40:01.000+0000] {task_command.py:467} INFO - Running <TaskInstance: iot_sensor_pipeline.run_iot_etl_pipeline scheduled__2026-04-26T22:35:00+00:00 [running]> on host 0471fb5f5ee0
[2026-04-26T22:40:01.069+0000] {taskinstance.py:3134} INFO - Exporting env vars: AIRFLOW_CTX_DAG_OWNER='amrire' AIRFLOW_CTX_DAG_ID='iot_sensor_pipeline' AIRFLOW_CTX_TASK_ID='run_iot_etl_pipeline' AIRFLOW_CTX_EXECUTION_DATE='2026-04-26T22:35:00+00:00' AIRFLOW_CTX_TRY_NUMBER='1' AIRFLOW_CTX_DAG_RUN_ID='scheduled__2026-04-26T22:35:00+00:00'
[2026-04-26T22:40:01.070+0000] {taskinstance.py:732} INFO - ::endgroup::
[2026-04-26T22:40:01.090+0000] {pipeline.py:25} INFO - Pipeline run 605 started
[2026-04-26T22:40:01.091+0000] {extract.py:8} INFO - Extract started
[2026-04-26T22:40:01.097+0000] {extract.py:39} INFO - No new data found.
[2026-04-26T22:40:01.098+0000] {pipeline.py:30} INFO - No new data. Exiting.
[2026-04-26T22:40:01.101+0000] {python.py:240} INFO - Done. Returned value was: None
[2026-04-26T22:40:01.110+0000] {taskinstance.py:341} INFO - ::group::Post task execution logs
[2026-04-26T22:40:01.110+0000] {taskinstance.py:353} INFO - Marking task as SUCCESS. dag_id=iot_sensor_pipeline, task_id=run_iot_etl_pipeline, run_id=scheduled__2026-04-26T22:35:00+00:00, execution_date=20260426T223500, start_date=20260426T224000, end_date=20260426T224001
[2026-04-26T22:40:01.171+0000] {local_task_job_runner.py:266} INFO - Task exited with return code 0
[2026-04-26T22:40:01.185+0000] {taskinstance.py:3901} INFO - 0 downstream tasks scheduled from follow-on schedule check
[2026-04-26T22:40:01.187+0000] {local_task_job_runner.py:245} INFO - ::endgroup::
