[2026-05-07T22:00:01.088+0000] {local_task_job_runner.py:123} INFO - ::group::Pre task execution logs
[2026-05-07T22:00:01.100+0000] {taskinstance.py:2614} INFO - Dependencies all met for dep_context=non-requeueable deps ti=<TaskInstance: iot_sensor_pipeline.run_iot_etl_pipeline scheduled__2026-05-07T21:55:00+00:00 [queued]>
[2026-05-07T22:00:01.105+0000] {taskinstance.py:2614} INFO - Dependencies all met for dep_context=requeueable deps ti=<TaskInstance: iot_sensor_pipeline.run_iot_etl_pipeline scheduled__2026-05-07T21:55:00+00:00 [queued]>
[2026-05-07T22:00:01.105+0000] {taskinstance.py:2867} INFO - Starting attempt 1 of 2
[2026-05-07T22:00:01.114+0000] {taskinstance.py:2890} INFO - Executing <Task(PythonOperator): run_iot_etl_pipeline> on 2026-05-07 21:55:00+00:00
[2026-05-07T22:00:01.121+0000] {standard_task_runner.py:104} INFO - Running: ['***', 'tasks', 'run', 'iot_sensor_pipeline', 'run_iot_etl_pipeline', 'scheduled__2026-05-07T21:55:00+00:00', '--job-id', '127', '--raw', '--subdir', 'DAGS_FOLDER/iot_dag.py', '--cfg-path', '/tmp/tmpfujm5vbu']
[2026-05-07T22:00:01.123+0000] {standard_task_runner.py:105} INFO - Job 127: Subtask run_iot_etl_pipeline
[2026-05-07T22:00:01.123+0000] {logging_mixin.py:190} WARNING - /home/***/.local/lib/python3.12/site-packages/***/task/task_runner/standard_task_runner.py:70 DeprecationWarning: This process (pid=1429) is multi-threaded, use of fork() may lead to deadlocks in the child.
[2026-05-07T22:00:01.123+0000] {standard_task_runner.py:72} INFO - Started process 1431 to run task
[2026-05-07T22:00:01.161+0000] {task_command.py:467} INFO - Running <TaskInstance: iot_sensor_pipeline.run_iot_etl_pipeline scheduled__2026-05-07T21:55:00+00:00 [running]> on host 3dd77fe9c916
[2026-05-07T22:00:01.222+0000] {taskinstance.py:3134} INFO - Exporting env vars: AIRFLOW_CTX_DAG_OWNER='amrire' AIRFLOW_CTX_DAG_ID='iot_sensor_pipeline' AIRFLOW_CTX_TASK_ID='run_iot_etl_pipeline' AIRFLOW_CTX_EXECUTION_DATE='2026-05-07T21:55:00+00:00' AIRFLOW_CTX_TRY_NUMBER='1' AIRFLOW_CTX_DAG_RUN_ID='scheduled__2026-05-07T21:55:00+00:00'
[2026-05-07T22:00:01.222+0000] {taskinstance.py:732} INFO - ::endgroup::
[2026-05-07T22:00:01.239+0000] {pipeline.py:25} INFO - Pipeline run 123 started
[2026-05-07T22:00:01.240+0000] {extract.py:8} INFO - Extract started
[2026-05-07T22:00:01.246+0000] {extract.py:43} INFO - Extract completed | rows=51 | runtime=0.01s
[2026-05-07T22:00:01.246+0000] {transform.py:7} INFO - Transform started
[2026-05-07T22:00:01.258+0000] {transform.py:81} INFO - Transform completed | clean_rows=51 | quarantined_rows=0 | runtime=0.01s
[2026-05-07T22:00:01.259+0000] {load.py:9} INFO - Load started for Run ID: 123
[2026-05-07T22:00:01.270+0000] {load.py:41} INFO - Loaded 51 clean records.
[2026-05-07T22:00:01.273+0000] {load.py:67} INFO - Watermark updated | ID: 4562 | TS: 2026-05-07 21:59:58.545646+00:00
[2026-05-07T22:00:01.273+0000] {load.py:74} INFO - Load completed | runtime=0.01s
[2026-05-07T22:00:01.275+0000] {pipeline.py:46} INFO - Pipeline run 123 completed successfully
[2026-05-07T22:00:01.276+0000] {python.py:240} INFO - Done. Returned value was: None
[2026-05-07T22:00:01.284+0000] {taskinstance.py:341} INFO - ::group::Post task execution logs
[2026-05-07T22:00:01.284+0000] {taskinstance.py:353} INFO - Marking task as SUCCESS. dag_id=iot_sensor_pipeline, task_id=run_iot_etl_pipeline, run_id=scheduled__2026-05-07T21:55:00+00:00, execution_date=20260507T215500, start_date=20260507T220001, end_date=20260507T220001
[2026-05-07T22:00:01.338+0000] {local_task_job_runner.py:266} INFO - Task exited with return code 0
[2026-05-07T22:00:01.351+0000] {taskinstance.py:3901} INFO - 0 downstream tasks scheduled from follow-on schedule check
[2026-05-07T22:00:01.353+0000] {local_task_job_runner.py:245} INFO - ::endgroup::
