[2026-05-04T18:00:00.866+0000] {local_task_job_runner.py:123} INFO - ::group::Pre task execution logs
[2026-05-04T18:00:00.878+0000] {taskinstance.py:2614} INFO - Dependencies all met for dep_context=non-requeueable deps ti=<TaskInstance: iot_sensor_pipeline.run_iot_etl_pipeline scheduled__2026-05-04T17:55:00+00:00 [queued]>
[2026-05-04T18:00:00.884+0000] {taskinstance.py:2614} INFO - Dependencies all met for dep_context=requeueable deps ti=<TaskInstance: iot_sensor_pipeline.run_iot_etl_pipeline scheduled__2026-05-04T17:55:00+00:00 [queued]>
[2026-05-04T18:00:00.884+0000] {taskinstance.py:2867} INFO - Starting attempt 1 of 2
[2026-05-04T18:00:00.892+0000] {taskinstance.py:2890} INFO - Executing <Task(PythonOperator): run_iot_etl_pipeline> on 2026-05-04 17:55:00+00:00
[2026-05-04T18:00:00.900+0000] {standard_task_runner.py:104} INFO - Running: ['***', 'tasks', 'run', 'iot_sensor_pipeline', 'run_iot_etl_pipeline', 'scheduled__2026-05-04T17:55:00+00:00', '--job-id', '1905', '--raw', '--subdir', 'DAGS_FOLDER/iot_dag.py', '--cfg-path', '/tmp/tmp6bpymjsw']
[2026-05-04T18:00:00.902+0000] {logging_mixin.py:190} WARNING - /home/***/.local/lib/python3.12/site-packages/***/task/task_runner/standard_task_runner.py:70 DeprecationWarning: This process (pid=1731) is multi-threaded, use of fork() may lead to deadlocks in the child.
[2026-05-04T18:00:00.902+0000] {standard_task_runner.py:105} INFO - Job 1905: Subtask run_iot_etl_pipeline
[2026-05-04T18:00:00.902+0000] {standard_task_runner.py:72} INFO - Started process 1733 to run task
[2026-05-04T18:00:00.944+0000] {task_command.py:467} INFO - Running <TaskInstance: iot_sensor_pipeline.run_iot_etl_pipeline scheduled__2026-05-04T17:55:00+00:00 [running]> on host 9cac1abd8a3e
[2026-05-04T18:00:01.014+0000] {taskinstance.py:3134} INFO - Exporting env vars: AIRFLOW_CTX_DAG_OWNER='amrire' AIRFLOW_CTX_DAG_ID='iot_sensor_pipeline' AIRFLOW_CTX_TASK_ID='run_iot_etl_pipeline' AIRFLOW_CTX_EXECUTION_DATE='2026-05-04T17:55:00+00:00' AIRFLOW_CTX_TRY_NUMBER='1' AIRFLOW_CTX_DAG_RUN_ID='scheduled__2026-05-04T17:55:00+00:00'
[2026-05-04T18:00:01.015+0000] {taskinstance.py:732} INFO - ::endgroup::
[2026-05-04T18:00:01.033+0000] {pipeline.py:25} INFO - Pipeline run 1751 started
[2026-05-04T18:00:01.034+0000] {extract.py:8} INFO - Extract started
[2026-05-04T18:00:01.039+0000] {extract.py:43} INFO - Extract completed | rows=51 | runtime=0.01s
[2026-05-04T18:00:01.041+0000] {transform.py:7} INFO - Transform started
[2026-05-04T18:00:01.053+0000] {transform.py:81} INFO - Transform completed | clean_rows=51 | quarantined_rows=0 | runtime=0.01s
[2026-05-04T18:00:01.054+0000] {logging_mixin.py:190} INFO - DEBUG - CLEAN COLS: ['raw_id', 'run_id', 'device_id', 'event_ts_ms', 'event_ts', 'temperature', 'humidity', 'source', 'ingest_ts']
[2026-05-04T18:00:01.054+0000] {logging_mixin.py:190} INFO - DEBUG - NULL COUNT: 0
[2026-05-04T18:00:01.054+0000] {load.py:10} INFO - Load started for Run ID: 1751
[2026-05-04T18:00:01.066+0000] {load.py:39} INFO - Loaded 51 clean records.
[2026-05-04T18:00:01.069+0000] {load.py:62} INFO - Watermark updated to ID: 56345.
[2026-05-04T18:00:01.069+0000] {load.py:69} INFO - Load completed | runtime=0.01s
[2026-05-04T18:00:01.071+0000] {pipeline.py:51} INFO - Pipeline run 1751 completed successfully
[2026-05-04T18:00:01.072+0000] {python.py:240} INFO - Done. Returned value was: None
[2026-05-04T18:00:01.081+0000] {taskinstance.py:341} INFO - ::group::Post task execution logs
[2026-05-04T18:00:01.081+0000] {taskinstance.py:353} INFO - Marking task as SUCCESS. dag_id=iot_sensor_pipeline, task_id=run_iot_etl_pipeline, run_id=scheduled__2026-05-04T17:55:00+00:00, execution_date=20260504T175500, start_date=20260504T180000, end_date=20260504T180001
[2026-05-04T18:00:01.116+0000] {local_task_job_runner.py:266} INFO - Task exited with return code 0
[2026-05-04T18:00:01.129+0000] {taskinstance.py:3901} INFO - 0 downstream tasks scheduled from follow-on schedule check
[2026-05-04T18:00:01.131+0000] {local_task_job_runner.py:245} INFO - ::endgroup::
