[2026-05-07T18:47:38.515+0000] {local_task_job_runner.py:123} INFO - ::group::Pre task execution logs
[2026-05-07T18:47:38.532+0000] {taskinstance.py:2614} INFO - Dependencies all met for dep_context=non-requeueable deps ti=<TaskInstance: iot_sensor_pipeline.run_iot_etl_pipeline scheduled__2026-05-07T18:40:00+00:00 [queued]>
[2026-05-07T18:47:38.541+0000] {taskinstance.py:2614} INFO - Dependencies all met for dep_context=requeueable deps ti=<TaskInstance: iot_sensor_pipeline.run_iot_etl_pipeline scheduled__2026-05-07T18:40:00+00:00 [queued]>
[2026-05-07T18:47:38.541+0000] {taskinstance.py:2867} INFO - Starting attempt 1 of 2
[2026-05-07T18:47:38.553+0000] {taskinstance.py:2890} INFO - Executing <Task(PythonOperator): run_iot_etl_pipeline> on 2026-05-07 18:40:00+00:00
[2026-05-07T18:47:38.562+0000] {standard_task_runner.py:104} INFO - Running: ['***', 'tasks', 'run', 'iot_sensor_pipeline', 'run_iot_etl_pipeline', 'scheduled__2026-05-07T18:40:00+00:00', '--job-id', '87', '--raw', '--subdir', 'DAGS_FOLDER/iot_dag.py', '--cfg-path', '/tmp/tmp0ava18ds']
[2026-05-07T18:47:38.564+0000] {standard_task_runner.py:105} INFO - Job 87: Subtask run_iot_etl_pipeline
[2026-05-07T18:47:38.566+0000] {logging_mixin.py:190} WARNING - /home/***/.local/lib/python3.12/site-packages/***/task/task_runner/standard_task_runner.py:70 DeprecationWarning: This process (pid=177) is multi-threaded, use of fork() may lead to deadlocks in the child.
[2026-05-07T18:47:38.569+0000] {standard_task_runner.py:72} INFO - Started process 179 to run task
[2026-05-07T18:47:38.613+0000] {task_command.py:467} INFO - Running <TaskInstance: iot_sensor_pipeline.run_iot_etl_pipeline scheduled__2026-05-07T18:40:00+00:00 [running]> on host e8c023bf0fb2
[2026-05-07T18:47:38.693+0000] {taskinstance.py:3134} INFO - Exporting env vars: AIRFLOW_CTX_DAG_OWNER='amrire' AIRFLOW_CTX_DAG_ID='iot_sensor_pipeline' AIRFLOW_CTX_TASK_ID='run_iot_etl_pipeline' AIRFLOW_CTX_EXECUTION_DATE='2026-05-07T18:40:00+00:00' AIRFLOW_CTX_TRY_NUMBER='1' AIRFLOW_CTX_DAG_RUN_ID='scheduled__2026-05-07T18:40:00+00:00'
[2026-05-07T18:47:38.694+0000] {taskinstance.py:732} INFO - ::endgroup::
[2026-05-07T18:47:38.715+0000] {pipeline.py:25} INFO - Pipeline run 84 started
[2026-05-07T18:47:38.715+0000] {extract.py:8} INFO - Extract started
[2026-05-07T18:47:38.722+0000] {extract.py:43} INFO - Extract completed | rows=1 | runtime=0.01s
[2026-05-07T18:47:38.723+0000] {transform.py:7} INFO - Transform started
[2026-05-07T18:47:38.733+0000] {transform.py:81} INFO - Transform completed | clean_rows=1 | quarantined_rows=0 | runtime=0.01s
[2026-05-07T18:47:38.735+0000] {load.py:9} INFO - Load started for Run ID: 84
[2026-05-07T18:47:38.738+0000] {load.py:41} INFO - Loaded 1 clean records.
[2026-05-07T18:47:38.741+0000] {load.py:67} INFO - Watermark updated | ID: 2594 | TS: 2026-05-07 18:47:36.339181+00:00
[2026-05-07T18:47:38.742+0000] {load.py:74} INFO - Load completed | runtime=0.01s
[2026-05-07T18:47:38.744+0000] {pipeline.py:46} INFO - Pipeline run 84 completed successfully
[2026-05-07T18:47:38.744+0000] {python.py:240} INFO - Done. Returned value was: None
[2026-05-07T18:47:38.754+0000] {taskinstance.py:341} INFO - ::group::Post task execution logs
[2026-05-07T18:47:38.755+0000] {taskinstance.py:353} INFO - Marking task as SUCCESS. dag_id=iot_sensor_pipeline, task_id=run_iot_etl_pipeline, run_id=scheduled__2026-05-07T18:40:00+00:00, execution_date=20260507T184000, start_date=20260507T184738, end_date=20260507T184738
[2026-05-07T18:47:38.783+0000] {local_task_job_runner.py:266} INFO - Task exited with return code 0
[2026-05-07T18:47:38.797+0000] {taskinstance.py:3901} INFO - 0 downstream tasks scheduled from follow-on schedule check
[2026-05-07T18:47:38.799+0000] {local_task_job_runner.py:245} INFO - ::endgroup::
