[2026-04-21T23:02:49.805+0000] {local_task_job_runner.py:123} INFO - ::group::Pre task execution logs
[2026-04-21T23:02:49.816+0000] {taskinstance.py:2614} INFO - Dependencies all met for dep_context=non-requeueable deps ti=<TaskInstance: iot_sensor_pipeline.run_iot_etl_pipeline scheduled__2026-04-21T22:50:00+00:00 [queued]>
[2026-04-21T23:02:49.821+0000] {taskinstance.py:2614} INFO - Dependencies all met for dep_context=requeueable deps ti=<TaskInstance: iot_sensor_pipeline.run_iot_etl_pipeline scheduled__2026-04-21T22:50:00+00:00 [queued]>
[2026-04-21T23:02:49.821+0000] {taskinstance.py:2867} INFO - Starting attempt 2 of 2
[2026-04-21T23:02:49.830+0000] {taskinstance.py:2890} INFO - Executing <Task(PythonOperator): run_iot_etl_pipeline> on 2026-04-21 22:50:00+00:00
[2026-04-21T23:02:49.836+0000] {standard_task_runner.py:104} INFO - Running: ['***', 'tasks', 'run', 'iot_sensor_pipeline', 'run_iot_etl_pipeline', 'scheduled__2026-04-21T22:50:00+00:00', '--job-id', '8', '--raw', '--subdir', 'DAGS_FOLDER/iot_dag.py', '--cfg-path', '/tmp/tmp06p0y8os']
[2026-04-21T23:02:49.838+0000] {logging_mixin.py:190} WARNING - /home/***/.local/lib/python3.12/site-packages/***/task/task_runner/standard_task_runner.py:70 DeprecationWarning: This process (pid=187) is multi-threaded, use of fork() may lead to deadlocks in the child.
[2026-04-21T23:02:49.838+0000] {standard_task_runner.py:105} INFO - Job 8: Subtask run_iot_etl_pipeline
[2026-04-21T23:02:49.838+0000] {standard_task_runner.py:72} INFO - Started process 189 to run task
[2026-04-21T23:02:49.875+0000] {task_command.py:467} INFO - Running <TaskInstance: iot_sensor_pipeline.run_iot_etl_pipeline scheduled__2026-04-21T22:50:00+00:00 [running]> on host 3b74ecf2fd6a
[2026-04-21T23:02:49.932+0000] {taskinstance.py:3134} INFO - Exporting env vars: AIRFLOW_CTX_DAG_OWNER='amrire' AIRFLOW_CTX_DAG_ID='iot_sensor_pipeline' AIRFLOW_CTX_TASK_ID='run_iot_etl_pipeline' AIRFLOW_CTX_EXECUTION_DATE='2026-04-21T22:50:00+00:00' AIRFLOW_CTX_TRY_NUMBER='2' AIRFLOW_CTX_DAG_RUN_ID='scheduled__2026-04-21T22:50:00+00:00'
[2026-04-21T23:02:49.933+0000] {taskinstance.py:732} INFO - ::endgroup::
[2026-04-21T23:02:49.951+0000] {pipeline.py:25} INFO - Pipeline run 4 started
[2026-04-21T23:02:49.952+0000] {extract.py:8} INFO - Extract started
[2026-04-21T23:02:49.956+0000] {extract.py:43} INFO - Extract completed | rows=14 | runtime=0.00s
[2026-04-21T23:02:49.957+0000] {transform.py:7} INFO - Transform started
[2026-04-21T23:02:49.966+0000] {transform.py:73} INFO - Transform completed | clean_rows=14 | quarantined_rows=0 | runtime=0.01s
[2026-04-21T23:02:49.966+0000] {load.py:10} INFO - Load started for Run ID: 4
[2026-04-21T23:02:49.970+0000] {load.py:33} INFO - Loaded 14 clean records.
[2026-04-21T23:02:49.972+0000] {load.py:61} INFO - Watermark successfully updated to 2026-04-21 23:02:44.548910+00:00.
[2026-04-21T23:02:49.973+0000] {load.py:68} INFO - Load completed | runtime=0.01s
[2026-04-21T23:02:49.975+0000] {pipeline.py:51} INFO - Pipeline run 4 completed successfully
[2026-04-21T23:02:49.975+0000] {python.py:240} INFO - Done. Returned value was: None
[2026-04-21T23:02:49.983+0000] {taskinstance.py:341} INFO - ::group::Post task execution logs
[2026-04-21T23:02:49.983+0000] {taskinstance.py:353} INFO - Marking task as SUCCESS. dag_id=iot_sensor_pipeline, task_id=run_iot_etl_pipeline, run_id=scheduled__2026-04-21T22:50:00+00:00, execution_date=20260421T225000, start_date=20260421T230249, end_date=20260421T230249
[2026-04-21T23:02:50.012+0000] {local_task_job_runner.py:266} INFO - Task exited with return code 0
[2026-04-21T23:02:50.023+0000] {taskinstance.py:3901} INFO - 0 downstream tasks scheduled from follow-on schedule check
[2026-04-21T23:02:50.025+0000] {local_task_job_runner.py:245} INFO - ::endgroup::
