[2026-05-09T23:30:03.037+0000] {local_task_job_runner.py:123} INFO - ::group::Pre task execution logs
[2026-05-09T23:30:03.050+0000] {taskinstance.py:2614} INFO - Dependencies all met for dep_context=non-requeueable deps ti=<TaskInstance: iot_sensor_pipeline.run_iot_etl_pipeline scheduled__2026-05-09T23:25:00+00:00 [queued]>
[2026-05-09T23:30:03.056+0000] {taskinstance.py:2614} INFO - Dependencies all met for dep_context=requeueable deps ti=<TaskInstance: iot_sensor_pipeline.run_iot_etl_pipeline scheduled__2026-05-09T23:25:00+00:00 [queued]>
[2026-05-09T23:30:03.056+0000] {taskinstance.py:2867} INFO - Starting attempt 1 of 2
[2026-05-09T23:30:03.066+0000] {taskinstance.py:2890} INFO - Executing <Task(PythonOperator): run_iot_etl_pipeline> on 2026-05-09 23:25:00+00:00
[2026-05-09T23:30:03.075+0000] {logging_mixin.py:190} WARNING - /home/***/.local/lib/python3.12/site-packages/***/task/task_runner/standard_task_runner.py:70 DeprecationWarning: This process (pid=4935) is multi-threaded, use of fork() may lead to deadlocks in the child.
[2026-05-09T23:30:03.076+0000] {standard_task_runner.py:72} INFO - Started process 4937 to run task
[2026-05-09T23:30:03.075+0000] {standard_task_runner.py:104} INFO - Running: ['***', 'tasks', 'run', 'iot_sensor_pipeline', 'run_iot_etl_pipeline', 'scheduled__2026-05-09T23:25:00+00:00', '--job-id', '179', '--raw', '--subdir', 'DAGS_FOLDER/iot_dag.py', '--cfg-path', '/tmp/tmp3fp6bh22']
[2026-05-09T23:30:03.077+0000] {standard_task_runner.py:105} INFO - Job 179: Subtask run_iot_etl_pipeline
[2026-05-09T23:30:03.119+0000] {task_command.py:467} INFO - Running <TaskInstance: iot_sensor_pipeline.run_iot_etl_pipeline scheduled__2026-05-09T23:25:00+00:00 [running]> on host 5f88d49937a6
[2026-05-09T23:30:03.186+0000] {taskinstance.py:3134} INFO - Exporting env vars: AIRFLOW_CTX_DAG_OWNER='amrire' AIRFLOW_CTX_DAG_ID='iot_sensor_pipeline' AIRFLOW_CTX_TASK_ID='run_iot_etl_pipeline' AIRFLOW_CTX_EXECUTION_DATE='2026-05-09T23:25:00+00:00' AIRFLOW_CTX_TRY_NUMBER='1' AIRFLOW_CTX_DAG_RUN_ID='scheduled__2026-05-09T23:25:00+00:00'
[2026-05-09T23:30:03.187+0000] {taskinstance.py:732} INFO - ::endgroup::
[2026-05-09T23:30:03.207+0000] {pipeline.py:36} INFO - --- sensor_etl RUN 177 STARTED ---
[2026-05-09T23:30:03.207+0000] {extract.py:8} INFO - Extract started
[2026-05-09T23:30:03.213+0000] {extract.py:43} INFO - Extract completed | rows=51 | runtime=0.01s
[2026-05-09T23:30:03.213+0000] {transform.py:7} INFO - Transform started
[2026-05-09T23:30:03.226+0000] {transform.py:81} INFO - Transform completed | clean_rows=51 | quarantined_rows=0 | runtime=0.01s
[2026-05-09T23:30:03.226+0000] {load.py:9} INFO - Load started for Run ID: 177
[2026-05-09T23:30:03.238+0000] {load.py:41} INFO - Loaded 51 clean records.
[2026-05-09T23:30:03.241+0000] {load.py:67} INFO - Watermark updated | ID: 5128 | TS: 2026-05-09 23:29:56.723504+00:00
[2026-05-09T23:30:03.241+0000] {load.py:74} INFO - Load completed | runtime=0.01s
[2026-05-09T23:30:03.243+0000] {pipeline.py:57} INFO - --- sensor_etl RUN 177 COMPLETED SUCCESSFULLY ---
[2026-05-09T23:30:03.244+0000] {python.py:240} INFO - Done. Returned value was: None
[2026-05-09T23:30:03.252+0000] {taskinstance.py:341} INFO - ::group::Post task execution logs
[2026-05-09T23:30:03.253+0000] {taskinstance.py:353} INFO - Marking task as SUCCESS. dag_id=iot_sensor_pipeline, task_id=run_iot_etl_pipeline, run_id=scheduled__2026-05-09T23:25:00+00:00, execution_date=20260509T232500, start_date=20260509T233003, end_date=20260509T233003
[2026-05-09T23:30:03.289+0000] {local_task_job_runner.py:266} INFO - Task exited with return code 0
[2026-05-09T23:30:03.301+0000] {taskinstance.py:3901} INFO - 0 downstream tasks scheduled from follow-on schedule check
[2026-05-09T23:30:03.303+0000] {local_task_job_runner.py:245} INFO - ::endgroup::
