[2026-05-06T23:20:01.447+0000] {local_task_job_runner.py:123} INFO - ::group::Pre task execution logs
[2026-05-06T23:20:01.461+0000] {taskinstance.py:2614} INFO - Dependencies all met for dep_context=non-requeueable deps ti=<TaskInstance: iot_sensor_pipeline.run_iot_etl_pipeline scheduled__2026-05-06T23:15:00+00:00 [queued]>
[2026-05-06T23:20:01.466+0000] {taskinstance.py:2614} INFO - Dependencies all met for dep_context=requeueable deps ti=<TaskInstance: iot_sensor_pipeline.run_iot_etl_pipeline scheduled__2026-05-06T23:15:00+00:00 [queued]>
[2026-05-06T23:20:01.466+0000] {taskinstance.py:2867} INFO - Starting attempt 1 of 2
[2026-05-06T23:20:01.479+0000] {taskinstance.py:2890} INFO - Executing <Task(PythonOperator): run_iot_etl_pipeline> on 2026-05-06 23:15:00+00:00
[2026-05-06T23:20:01.487+0000] {logging_mixin.py:190} WARNING - /home/***/.local/lib/python3.12/site-packages/***/task/task_runner/standard_task_runner.py:70 DeprecationWarning: This process (pid=3177) is multi-threaded, use of fork() may lead to deadlocks in the child.
[2026-05-06T23:20:01.488+0000] {standard_task_runner.py:72} INFO - Started process 3179 to run task
[2026-05-06T23:20:01.487+0000] {standard_task_runner.py:104} INFO - Running: ['***', 'tasks', 'run', 'iot_sensor_pipeline', 'run_iot_etl_pipeline', 'scheduled__2026-05-06T23:15:00+00:00', '--job-id', '2259', '--raw', '--subdir', 'DAGS_FOLDER/iot_dag.py', '--cfg-path', '/tmp/tmpe364b87a']
[2026-05-06T23:20:01.489+0000] {standard_task_runner.py:105} INFO - Job 2259: Subtask run_iot_etl_pipeline
[2026-05-06T23:20:01.537+0000] {task_command.py:467} INFO - Running <TaskInstance: iot_sensor_pipeline.run_iot_etl_pipeline scheduled__2026-05-06T23:15:00+00:00 [running]> on host eb6d0aa2e1ba
[2026-05-06T23:20:01.614+0000] {taskinstance.py:3134} INFO - Exporting env vars: AIRFLOW_CTX_DAG_OWNER='amrire' AIRFLOW_CTX_DAG_ID='iot_sensor_pipeline' AIRFLOW_CTX_TASK_ID='run_iot_etl_pipeline' AIRFLOW_CTX_EXECUTION_DATE='2026-05-06T23:15:00+00:00' AIRFLOW_CTX_TRY_NUMBER='1' AIRFLOW_CTX_DAG_RUN_ID='scheduled__2026-05-06T23:15:00+00:00'
[2026-05-06T23:20:01.614+0000] {taskinstance.py:732} INFO - ::endgroup::
[2026-05-06T23:20:01.638+0000] {pipeline.py:25} INFO - Pipeline run 2094 started
[2026-05-06T23:20:01.638+0000] {extract.py:8} INFO - Extract started
[2026-05-06T23:20:01.644+0000] {extract.py:43} INFO - Extract completed | rows=51 | runtime=0.01s
[2026-05-06T23:20:01.645+0000] {transform.py:7} INFO - Transform started
[2026-05-06T23:20:01.657+0000] {transform.py:81} INFO - Transform completed | clean_rows=51 | quarantined_rows=0 | runtime=0.01s
[2026-05-06T23:20:01.658+0000] {load.py:11} INFO - Load started for Run ID: 2094
[2026-05-06T23:20:01.670+0000] {load.py:37} INFO - Loaded 51 clean records.
[2026-05-06T23:20:01.673+0000] {load.py:61} INFO - Watermark updated to ID: 70827.
[2026-05-06T23:20:01.673+0000] {load.py:68} INFO - Load completed | runtime=0.02s
[2026-05-06T23:20:01.676+0000] {pipeline.py:51} INFO - Pipeline run 2094 completed successfully
[2026-05-06T23:20:01.676+0000] {python.py:240} INFO - Done. Returned value was: None
[2026-05-06T23:20:01.685+0000] {taskinstance.py:341} INFO - ::group::Post task execution logs
[2026-05-06T23:20:01.685+0000] {taskinstance.py:353} INFO - Marking task as SUCCESS. dag_id=iot_sensor_pipeline, task_id=run_iot_etl_pipeline, run_id=scheduled__2026-05-06T23:15:00+00:00, execution_date=20260506T231500, start_date=20260506T232001, end_date=20260506T232001
[2026-05-06T23:20:01.743+0000] {local_task_job_runner.py:266} INFO - Task exited with return code 0
[2026-05-06T23:20:01.757+0000] {taskinstance.py:3901} INFO - 0 downstream tasks scheduled from follow-on schedule check
[2026-05-06T23:20:01.758+0000] {local_task_job_runner.py:245} INFO - ::endgroup::
