[2026-05-09T05:30:01.181+0000] {local_task_job_runner.py:123} INFO - ::group::Pre task execution logs
[2026-05-09T05:30:01.197+0000] {taskinstance.py:2614} INFO - Dependencies all met for dep_context=non-requeueable deps ti=<TaskInstance: iot_sensor_pipeline.run_iot_etl_pipeline scheduled__2026-05-09T05:25:00+00:00 [queued]>
[2026-05-09T05:30:01.206+0000] {taskinstance.py:2614} INFO - Dependencies all met for dep_context=requeueable deps ti=<TaskInstance: iot_sensor_pipeline.run_iot_etl_pipeline scheduled__2026-05-09T05:25:00+00:00 [queued]>
[2026-05-09T05:30:01.207+0000] {taskinstance.py:2867} INFO - Starting attempt 1 of 2
[2026-05-09T05:30:01.221+0000] {taskinstance.py:2890} INFO - Executing <Task(PythonOperator): run_iot_etl_pipeline> on 2026-05-09 05:25:00+00:00
[2026-05-09T05:30:01.230+0000] {standard_task_runner.py:104} INFO - Running: ['***', 'tasks', 'run', 'iot_sensor_pipeline', 'run_iot_etl_pipeline', 'scheduled__2026-05-09T05:25:00+00:00', '--job-id', '4', '--raw', '--subdir', 'DAGS_FOLDER/iot_dag.py', '--cfg-path', '/tmp/tmp7nuj6euq']
[2026-05-09T05:30:01.233+0000] {logging_mixin.py:190} WARNING - /home/***/.local/lib/python3.12/site-packages/***/task/task_runner/standard_task_runner.py:70 DeprecationWarning: This process (pid=247) is multi-threaded, use of fork() may lead to deadlocks in the child.
[2026-05-09T05:30:01.233+0000] {standard_task_runner.py:105} INFO - Job 4: Subtask run_iot_etl_pipeline
[2026-05-09T05:30:01.233+0000] {standard_task_runner.py:72} INFO - Started process 249 to run task
[2026-05-09T05:30:01.279+0000] {task_command.py:467} INFO - Running <TaskInstance: iot_sensor_pipeline.run_iot_etl_pipeline scheduled__2026-05-09T05:25:00+00:00 [running]> on host 6234ca83ac6f
[2026-05-09T05:30:01.355+0000] {taskinstance.py:3134} INFO - Exporting env vars: AIRFLOW_CTX_DAG_OWNER='amrire' AIRFLOW_CTX_DAG_ID='iot_sensor_pipeline' AIRFLOW_CTX_TASK_ID='run_iot_etl_pipeline' AIRFLOW_CTX_EXECUTION_DATE='2026-05-09T05:25:00+00:00' AIRFLOW_CTX_TRY_NUMBER='1' AIRFLOW_CTX_DAG_RUN_ID='scheduled__2026-05-09T05:25:00+00:00'
[2026-05-09T05:30:01.355+0000] {taskinstance.py:732} INFO - ::endgroup::
[2026-05-09T05:30:01.377+0000] {pipeline.py:36} INFO - --- sensor_etl RUN 3 STARTED ---
[2026-05-09T05:30:01.377+0000] {extract.py:8} INFO - Extract started
[2026-05-09T05:30:01.379+0000] {extract.py:23} INFO - No watermark found. Starting from ID 0.
[2026-05-09T05:30:01.384+0000] {extract.py:39} INFO - No new data found.
[2026-05-09T05:30:01.384+0000] {pipeline.py:41} INFO - Scan complete: No new data. Exiting.
[2026-05-09T05:30:01.387+0000] {python.py:240} INFO - Done. Returned value was: None
[2026-05-09T05:30:01.395+0000] {taskinstance.py:341} INFO - ::group::Post task execution logs
[2026-05-09T05:30:01.396+0000] {taskinstance.py:353} INFO - Marking task as SUCCESS. dag_id=iot_sensor_pipeline, task_id=run_iot_etl_pipeline, run_id=scheduled__2026-05-09T05:25:00+00:00, execution_date=20260509T052500, start_date=20260509T053001, end_date=20260509T053001
[2026-05-09T05:30:01.447+0000] {local_task_job_runner.py:266} INFO - Task exited with return code 0
[2026-05-09T05:30:01.460+0000] {taskinstance.py:3901} INFO - 0 downstream tasks scheduled from follow-on schedule check
[2026-05-09T05:30:01.462+0000] {local_task_job_runner.py:245} INFO - ::endgroup::
[2026-05-09T05:31:29.490+0000] {local_task_job_runner.py:123} INFO - ::group::Pre task execution logs
[2026-05-09T05:31:29.501+0000] {taskinstance.py:2614} INFO - Dependencies all met for dep_context=non-requeueable deps ti=<TaskInstance: iot_sensor_pipeline.run_iot_etl_pipeline scheduled__2026-05-09T05:25:00+00:00 [queued]>
[2026-05-09T05:31:29.506+0000] {taskinstance.py:2614} INFO - Dependencies all met for dep_context=requeueable deps ti=<TaskInstance: iot_sensor_pipeline.run_iot_etl_pipeline scheduled__2026-05-09T05:25:00+00:00 [queued]>
[2026-05-09T05:31:29.506+0000] {taskinstance.py:2867} INFO - Starting attempt 1 of 2
[2026-05-09T05:31:29.514+0000] {taskinstance.py:2890} INFO - Executing <Task(PythonOperator): run_iot_etl_pipeline> on 2026-05-09 05:25:00+00:00
[2026-05-09T05:31:29.520+0000] {standard_task_runner.py:104} INFO - Running: ['***', 'tasks', 'run', 'iot_sensor_pipeline', 'run_iot_etl_pipeline', 'scheduled__2026-05-09T05:25:00+00:00', '--job-id', '2', '--raw', '--subdir', 'DAGS_FOLDER/iot_dag.py', '--cfg-path', '/tmp/tmpmxicewlv']
[2026-05-09T05:31:29.523+0000] {standard_task_runner.py:105} INFO - Job 2: Subtask run_iot_etl_pipeline
[2026-05-09T05:31:29.522+0000] {logging_mixin.py:190} WARNING - /home/***/.local/lib/python3.12/site-packages/***/task/task_runner/standard_task_runner.py:70 DeprecationWarning: This process (pid=173) is multi-threaded, use of fork() may lead to deadlocks in the child.
[2026-05-09T05:31:29.523+0000] {standard_task_runner.py:72} INFO - Started process 175 to run task
[2026-05-09T05:31:29.559+0000] {task_command.py:467} INFO - Running <TaskInstance: iot_sensor_pipeline.run_iot_etl_pipeline scheduled__2026-05-09T05:25:00+00:00 [running]> on host 243d059ba9e9
[2026-05-09T05:31:29.624+0000] {taskinstance.py:3134} INFO - Exporting env vars: AIRFLOW_CTX_DAG_OWNER='amrire' AIRFLOW_CTX_DAG_ID='iot_sensor_pipeline' AIRFLOW_CTX_TASK_ID='run_iot_etl_pipeline' AIRFLOW_CTX_EXECUTION_DATE='2026-05-09T05:25:00+00:00' AIRFLOW_CTX_TRY_NUMBER='1' AIRFLOW_CTX_DAG_RUN_ID='scheduled__2026-05-09T05:25:00+00:00'
[2026-05-09T05:31:29.625+0000] {taskinstance.py:732} INFO - ::endgroup::
[2026-05-09T05:31:29.654+0000] {pipeline.py:36} INFO - --- sensor_etl RUN 1 STARTED ---
[2026-05-09T05:31:29.655+0000] {extract.py:8} INFO - Extract started
[2026-05-09T05:31:29.656+0000] {extract.py:23} INFO - No watermark found. Starting from ID 0.
[2026-05-09T05:31:29.663+0000] {extract.py:43} INFO - Extract completed | rows=4 | runtime=0.01s
[2026-05-09T05:31:29.663+0000] {transform.py:7} INFO - Transform started
[2026-05-09T05:31:29.685+0000] {transform.py:81} INFO - Transform completed | clean_rows=4 | quarantined_rows=0 | runtime=0.02s
[2026-05-09T05:31:29.685+0000] {load.py:9} INFO - Load started for Run ID: 1
[2026-05-09T05:31:29.694+0000] {load.py:41} INFO - Loaded 4 clean records.
[2026-05-09T05:31:29.699+0000] {load.py:67} INFO - Watermark updated | ID: 4 | TS: 2026-05-09 05:31:24.164506+00:00
[2026-05-09T05:31:29.699+0000] {load.py:74} INFO - Load completed | runtime=0.01s
[2026-05-09T05:31:29.703+0000] {pipeline.py:57} INFO - --- sensor_etl RUN 1 COMPLETED SUCCESSFULLY ---
[2026-05-09T05:31:29.704+0000] {python.py:240} INFO - Done. Returned value was: None
[2026-05-09T05:31:29.715+0000] {taskinstance.py:341} INFO - ::group::Post task execution logs
[2026-05-09T05:31:29.715+0000] {taskinstance.py:353} INFO - Marking task as SUCCESS. dag_id=iot_sensor_pipeline, task_id=run_iot_etl_pipeline, run_id=scheduled__2026-05-09T05:25:00+00:00, execution_date=20260509T052500, start_date=20260509T053129, end_date=20260509T053129
[2026-05-09T05:31:29.777+0000] {local_task_job_runner.py:266} INFO - Task exited with return code 0
[2026-05-09T05:31:29.795+0000] {taskinstance.py:3901} INFO - 0 downstream tasks scheduled from follow-on schedule check
[2026-05-09T05:31:29.797+0000] {local_task_job_runner.py:245} INFO - ::endgroup::
