[2026-05-08T15:50:01.085+0000] {local_task_job_runner.py:123} INFO - ::group::Pre task execution logs
[2026-05-08T15:50:01.096+0000] {taskinstance.py:2614} INFO - Dependencies all met for dep_context=non-requeueable deps ti=<TaskInstance: iot_sensor_pipeline.run_iot_etl_pipeline scheduled__2026-05-08T15:45:00+00:00 [queued]>
[2026-05-08T15:50:01.101+0000] {taskinstance.py:2614} INFO - Dependencies all met for dep_context=requeueable deps ti=<TaskInstance: iot_sensor_pipeline.run_iot_etl_pipeline scheduled__2026-05-08T15:45:00+00:00 [queued]>
[2026-05-08T15:50:01.101+0000] {taskinstance.py:2867} INFO - Starting attempt 1 of 2
[2026-05-08T15:50:01.109+0000] {taskinstance.py:2890} INFO - Executing <Task(PythonOperator): run_iot_etl_pipeline> on 2026-05-08 15:45:00+00:00
[2026-05-08T15:50:01.115+0000] {logging_mixin.py:190} WARNING - /home/***/.local/lib/python3.12/site-packages/***/task/task_runner/standard_task_runner.py:70 DeprecationWarning: This process (pid=7447) is multi-threaded, use of fork() may lead to deadlocks in the child.
[2026-05-08T15:50:01.115+0000] {standard_task_runner.py:72} INFO - Started process 7449 to run task
[2026-05-08T15:50:01.115+0000] {standard_task_runner.py:104} INFO - Running: ['***', 'tasks', 'run', 'iot_sensor_pipeline', 'run_iot_etl_pipeline', 'scheduled__2026-05-08T15:45:00+00:00', '--job-id', '118', '--raw', '--subdir', 'DAGS_FOLDER/iot_dag.py', '--cfg-path', '/tmp/tmpqa43oqyj']
[2026-05-08T15:50:01.117+0000] {standard_task_runner.py:105} INFO - Job 118: Subtask run_iot_etl_pipeline
[2026-05-08T15:50:01.156+0000] {task_command.py:467} INFO - Running <TaskInstance: iot_sensor_pipeline.run_iot_etl_pipeline scheduled__2026-05-08T15:45:00+00:00 [running]> on host 384a23093721
[2026-05-08T15:50:01.222+0000] {taskinstance.py:3134} INFO - Exporting env vars: AIRFLOW_CTX_DAG_OWNER='amrire' AIRFLOW_CTX_DAG_ID='iot_sensor_pipeline' AIRFLOW_CTX_TASK_ID='run_iot_etl_pipeline' AIRFLOW_CTX_EXECUTION_DATE='2026-05-08T15:45:00+00:00' AIRFLOW_CTX_TRY_NUMBER='1' AIRFLOW_CTX_DAG_RUN_ID='scheduled__2026-05-08T15:45:00+00:00'
[2026-05-08T15:50:01.223+0000] {taskinstance.py:732} INFO - ::endgroup::
[2026-05-08T15:50:01.243+0000] {pipeline.py:25} INFO - Pipeline run 117 started
[2026-05-08T15:50:01.243+0000] {extract.py:8} INFO - Extract started
[2026-05-08T15:50:01.249+0000] {extract.py:43} INFO - Extract completed | rows=52 | runtime=0.01s
[2026-05-08T15:50:01.250+0000] {transform.py:7} INFO - Transform started
[2026-05-08T15:50:01.263+0000] {transform.py:81} INFO - Transform completed | clean_rows=52 | quarantined_rows=0 | runtime=0.01s
[2026-05-08T15:50:01.263+0000] {load.py:9} INFO - Load started for Run ID: 117
[2026-05-08T15:50:01.276+0000] {load.py:41} INFO - Loaded 52 clean records.
[2026-05-08T15:50:01.278+0000] {load.py:67} INFO - Watermark updated | ID: 5961 | TS: 2026-05-08 15:49:59.499984+00:00
[2026-05-08T15:50:01.278+0000] {load.py:74} INFO - Load completed | runtime=0.01s
[2026-05-08T15:50:01.280+0000] {pipeline.py:46} INFO - Pipeline run 117 completed successfully
[2026-05-08T15:50:01.281+0000] {python.py:240} INFO - Done. Returned value was: None
[2026-05-08T15:50:01.289+0000] {taskinstance.py:341} INFO - ::group::Post task execution logs
[2026-05-08T15:50:01.290+0000] {taskinstance.py:353} INFO - Marking task as SUCCESS. dag_id=iot_sensor_pipeline, task_id=run_iot_etl_pipeline, run_id=scheduled__2026-05-08T15:45:00+00:00, execution_date=20260508T154500, start_date=20260508T155001, end_date=20260508T155001
[2026-05-08T15:50:01.329+0000] {local_task_job_runner.py:266} INFO - Task exited with return code 0
[2026-05-08T15:50:01.344+0000] {taskinstance.py:3901} INFO - 0 downstream tasks scheduled from follow-on schedule check
[2026-05-08T15:50:01.346+0000] {local_task_job_runner.py:245} INFO - ::endgroup::
