[2026-04-22T21:25:02.478+0000] {local_task_job_runner.py:123} INFO - ::group::Pre task execution logs
[2026-04-22T21:25:02.489+0000] {taskinstance.py:2614} INFO - Dependencies all met for dep_context=non-requeueable deps ti=<TaskInstance: iot_sensor_pipeline.run_iot_etl_pipeline scheduled__2026-04-22T21:15:00+00:00 [queued]>
[2026-04-22T21:25:02.494+0000] {taskinstance.py:2614} INFO - Dependencies all met for dep_context=requeueable deps ti=<TaskInstance: iot_sensor_pipeline.run_iot_etl_pipeline scheduled__2026-04-22T21:15:00+00:00 [queued]>
[2026-04-22T21:25:02.494+0000] {taskinstance.py:2867} INFO - Starting attempt 2 of 2
[2026-04-22T21:25:02.503+0000] {taskinstance.py:2890} INFO - Executing <Task(PythonOperator): run_iot_etl_pipeline> on 2026-04-22 21:15:00+00:00
[2026-04-22T21:25:02.510+0000] {standard_task_runner.py:104} INFO - Running: ['***', 'tasks', 'run', 'iot_sensor_pipeline', 'run_iot_etl_pipeline', 'scheduled__2026-04-22T21:15:00+00:00', '--job-id', '108', '--raw', '--subdir', 'DAGS_FOLDER/iot_dag.py', '--cfg-path', '/tmp/tmptbn6725u']
[2026-04-22T21:25:02.511+0000] {logging_mixin.py:190} WARNING - /home/***/.local/lib/python3.12/site-packages/***/task/task_runner/standard_task_runner.py:70 DeprecationWarning: This process (pid=411) is multi-threaded, use of fork() may lead to deadlocks in the child.
[2026-04-22T21:25:02.512+0000] {standard_task_runner.py:105} INFO - Job 108: Subtask run_iot_etl_pipeline
[2026-04-22T21:25:02.512+0000] {standard_task_runner.py:72} INFO - Started process 413 to run task
[2026-04-22T21:25:02.547+0000] {task_command.py:467} INFO - Running <TaskInstance: iot_sensor_pipeline.run_iot_etl_pipeline scheduled__2026-04-22T21:15:00+00:00 [running]> on host 0471fb5f5ee0
[2026-04-22T21:25:02.614+0000] {taskinstance.py:3134} INFO - Exporting env vars: AIRFLOW_CTX_DAG_OWNER='amrire' AIRFLOW_CTX_DAG_ID='iot_sensor_pipeline' AIRFLOW_CTX_TASK_ID='run_iot_etl_pipeline' AIRFLOW_CTX_EXECUTION_DATE='2026-04-22T21:15:00+00:00' AIRFLOW_CTX_TRY_NUMBER='2' AIRFLOW_CTX_DAG_RUN_ID='scheduled__2026-04-22T21:15:00+00:00'
[2026-04-22T21:25:02.615+0000] {taskinstance.py:732} INFO - ::endgroup::
[2026-04-22T21:25:02.632+0000] {pipeline.py:25} INFO - Pipeline run 11 started
[2026-04-22T21:25:02.633+0000] {extract.py:8} INFO - Extract started
[2026-04-22T21:25:02.638+0000] {extract.py:39} INFO - No new data found.
[2026-04-22T21:25:02.638+0000] {pipeline.py:30} INFO - No new data. Exiting.
[2026-04-22T21:25:02.641+0000] {python.py:240} INFO - Done. Returned value was: None
[2026-04-22T21:25:02.648+0000] {taskinstance.py:341} INFO - ::group::Post task execution logs
[2026-04-22T21:25:02.649+0000] {taskinstance.py:353} INFO - Marking task as SUCCESS. dag_id=iot_sensor_pipeline, task_id=run_iot_etl_pipeline, run_id=scheduled__2026-04-22T21:15:00+00:00, execution_date=20260422T211500, start_date=20260422T212502, end_date=20260422T212502
[2026-04-22T21:25:02.686+0000] {local_task_job_runner.py:266} INFO - Task exited with return code 0
[2026-04-22T21:25:02.697+0000] {taskinstance.py:3901} INFO - 0 downstream tasks scheduled from follow-on schedule check
[2026-04-22T21:25:02.699+0000] {local_task_job_runner.py:245} INFO - ::endgroup::
