[2026-05-08T19:10:01.421+0000] {local_task_job_runner.py:123} INFO - ::group::Pre task execution logs
[2026-05-08T19:10:01.436+0000] {taskinstance.py:2614} INFO - Dependencies all met for dep_context=non-requeueable deps ti=<TaskInstance: iot_sensor_pipeline.run_iot_etl_pipeline scheduled__2026-05-08T19:05:00+00:00 [queued]>
[2026-05-08T19:10:01.443+0000] {taskinstance.py:2614} INFO - Dependencies all met for dep_context=requeueable deps ti=<TaskInstance: iot_sensor_pipeline.run_iot_etl_pipeline scheduled__2026-05-08T19:05:00+00:00 [queued]>
[2026-05-08T19:10:01.443+0000] {taskinstance.py:2867} INFO - Starting attempt 1 of 2
[2026-05-08T19:10:01.456+0000] {taskinstance.py:2890} INFO - Executing <Task(PythonOperator): run_iot_etl_pipeline> on 2026-05-08 19:05:00+00:00
[2026-05-08T19:10:01.463+0000] {standard_task_runner.py:104} INFO - Running: ['***', 'tasks', 'run', 'iot_sensor_pipeline', 'run_iot_etl_pipeline', 'scheduled__2026-05-08T19:05:00+00:00', '--job-id', '191', '--raw', '--subdir', 'DAGS_FOLDER/iot_dag.py', '--cfg-path', '/tmp/tmplr2dr4es']
[2026-05-08T19:10:01.466+0000] {standard_task_runner.py:105} INFO - Job 191: Subtask run_iot_etl_pipeline
[2026-05-08T19:10:01.466+0000] {logging_mixin.py:190} WARNING - /home/***/.local/lib/python3.12/site-packages/***/task/task_runner/standard_task_runner.py:70 DeprecationWarning: This process (pid=1953) is multi-threaded, use of fork() may lead to deadlocks in the child.
[2026-05-08T19:10:01.467+0000] {standard_task_runner.py:72} INFO - Started process 1955 to run task
[2026-05-08T19:10:01.511+0000] {task_command.py:467} INFO - Running <TaskInstance: iot_sensor_pipeline.run_iot_etl_pipeline scheduled__2026-05-08T19:05:00+00:00 [running]> on host 384a23093721
[2026-05-08T19:10:01.581+0000] {taskinstance.py:3134} INFO - Exporting env vars: AIRFLOW_CTX_DAG_OWNER='amrire' AIRFLOW_CTX_DAG_ID='iot_sensor_pipeline' AIRFLOW_CTX_TASK_ID='run_iot_etl_pipeline' AIRFLOW_CTX_EXECUTION_DATE='2026-05-08T19:05:00+00:00' AIRFLOW_CTX_TRY_NUMBER='1' AIRFLOW_CTX_DAG_RUN_ID='scheduled__2026-05-08T19:05:00+00:00'
[2026-05-08T19:10:01.582+0000] {taskinstance.py:732} INFO - ::endgroup::
[2026-05-08T19:10:01.604+0000] {pipeline.py:25} INFO - Pipeline run 189 started
[2026-05-08T19:10:01.605+0000] {extract.py:8} INFO - Extract started
[2026-05-08T19:10:01.610+0000] {extract.py:43} INFO - Extract completed | rows=51 | runtime=0.01s
[2026-05-08T19:10:01.610+0000] {transform.py:7} INFO - Transform started
[2026-05-08T19:10:01.623+0000] {transform.py:81} INFO - Transform completed | clean_rows=51 | quarantined_rows=0 | runtime=0.01s
[2026-05-08T19:10:01.624+0000] {load.py:9} INFO - Load started for Run ID: 189
[2026-05-08T19:10:01.636+0000] {load.py:41} INFO - Loaded 51 clean records.
[2026-05-08T19:10:01.638+0000] {load.py:67} INFO - Watermark updated | ID: 8009 | TS: 2026-05-08 19:09:57.748766+00:00
[2026-05-08T19:10:01.638+0000] {load.py:74} INFO - Load completed | runtime=0.01s
[2026-05-08T19:10:01.640+0000] {pipeline.py:46} INFO - Pipeline run 189 completed successfully
[2026-05-08T19:10:01.641+0000] {python.py:240} INFO - Done. Returned value was: None
[2026-05-08T19:10:01.649+0000] {taskinstance.py:341} INFO - ::group::Post task execution logs
[2026-05-08T19:10:01.649+0000] {taskinstance.py:353} INFO - Marking task as SUCCESS. dag_id=iot_sensor_pipeline, task_id=run_iot_etl_pipeline, run_id=scheduled__2026-05-08T19:05:00+00:00, execution_date=20260508T190500, start_date=20260508T191001, end_date=20260508T191001
[2026-05-08T19:10:01.681+0000] {local_task_job_runner.py:266} INFO - Task exited with return code 0
[2026-05-08T19:10:01.695+0000] {taskinstance.py:3901} INFO - 0 downstream tasks scheduled from follow-on schedule check
[2026-05-08T19:10:01.697+0000] {local_task_job_runner.py:245} INFO - ::endgroup::
