[2026-04-28T13:10:01.487+0000] {local_task_job_runner.py:123} INFO - ::group::Pre task execution logs
[2026-04-28T13:10:01.503+0000] {taskinstance.py:2614} INFO - Dependencies all met for dep_context=non-requeueable deps ti=<TaskInstance: iot_sensor_pipeline.run_iot_etl_pipeline scheduled__2026-04-28T13:05:00+00:00 [queued]>
[2026-04-28T13:10:01.509+0000] {taskinstance.py:2614} INFO - Dependencies all met for dep_context=requeueable deps ti=<TaskInstance: iot_sensor_pipeline.run_iot_etl_pipeline scheduled__2026-04-28T13:05:00+00:00 [queued]>
[2026-04-28T13:10:01.509+0000] {taskinstance.py:2867} INFO - Starting attempt 1 of 2
[2026-04-28T13:10:01.522+0000] {taskinstance.py:2890} INFO - Executing <Task(PythonOperator): run_iot_etl_pipeline> on 2026-04-28 13:05:00+00:00
[2026-04-28T13:10:01.531+0000] {standard_task_runner.py:104} INFO - Running: ['***', 'tasks', 'run', 'iot_sensor_pipeline', 'run_iot_etl_pipeline', 'scheduled__2026-04-28T13:05:00+00:00', '--job-id', '1014', '--raw', '--subdir', 'DAGS_FOLDER/iot_dag.py', '--cfg-path', '/tmp/tmph48ntf9k']
[2026-04-28T13:10:01.534+0000] {standard_task_runner.py:105} INFO - Job 1014: Subtask run_iot_etl_pipeline
[2026-04-28T13:10:01.534+0000] {logging_mixin.py:190} WARNING - /home/***/.local/lib/python3.12/site-packages/***/task/task_runner/standard_task_runner.py:70 DeprecationWarning: This process (pid=507) is multi-threaded, use of fork() may lead to deadlocks in the child.
[2026-04-28T13:10:01.534+0000] {standard_task_runner.py:72} INFO - Started process 509 to run task
[2026-04-28T13:10:01.584+0000] {task_command.py:467} INFO - Running <TaskInstance: iot_sensor_pipeline.run_iot_etl_pipeline scheduled__2026-04-28T13:05:00+00:00 [running]> on host 0471fb5f5ee0
[2026-04-28T13:10:01.658+0000] {taskinstance.py:3134} INFO - Exporting env vars: AIRFLOW_CTX_DAG_OWNER='amrire' AIRFLOW_CTX_DAG_ID='iot_sensor_pipeline' AIRFLOW_CTX_TASK_ID='run_iot_etl_pipeline' AIRFLOW_CTX_EXECUTION_DATE='2026-04-28T13:05:00+00:00' AIRFLOW_CTX_TRY_NUMBER='1' AIRFLOW_CTX_DAG_RUN_ID='scheduled__2026-04-28T13:05:00+00:00'
[2026-04-28T13:10:01.659+0000] {taskinstance.py:732} INFO - ::endgroup::
[2026-04-28T13:10:01.683+0000] {pipeline.py:25} INFO - Pipeline run 910 started
[2026-04-28T13:10:01.684+0000] {extract.py:8} INFO - Extract started
[2026-04-28T13:10:01.689+0000] {extract.py:39} INFO - No new data found.
[2026-04-28T13:10:01.690+0000] {pipeline.py:30} INFO - No new data. Exiting.
[2026-04-28T13:10:01.692+0000] {python.py:240} INFO - Done. Returned value was: None
[2026-04-28T13:10:01.701+0000] {taskinstance.py:341} INFO - ::group::Post task execution logs
[2026-04-28T13:10:01.702+0000] {taskinstance.py:353} INFO - Marking task as SUCCESS. dag_id=iot_sensor_pipeline, task_id=run_iot_etl_pipeline, run_id=scheduled__2026-04-28T13:05:00+00:00, execution_date=20260428T130500, start_date=20260428T131001, end_date=20260428T131001
[2026-04-28T13:10:01.749+0000] {local_task_job_runner.py:266} INFO - Task exited with return code 0
[2026-04-28T13:10:01.761+0000] {taskinstance.py:3901} INFO - 0 downstream tasks scheduled from follow-on schedule check
[2026-04-28T13:10:01.764+0000] {local_task_job_runner.py:245} INFO - ::endgroup::
