[2026-05-11T00:20:52.680+0000] {local_task_job_runner.py:123} INFO - ::group::Pre task execution logs
[2026-05-11T00:20:52.693+0000] {taskinstance.py:2614} INFO - Dependencies all met for dep_context=non-requeueable deps ti=<TaskInstance: iot_sensor_pipeline.run_iot_etl_pipeline scheduled__2026-05-11T00:15:00+00:00 [queued]>
[2026-05-11T00:20:52.700+0000] {taskinstance.py:2614} INFO - Dependencies all met for dep_context=requeueable deps ti=<TaskInstance: iot_sensor_pipeline.run_iot_etl_pipeline scheduled__2026-05-11T00:15:00+00:00 [queued]>
[2026-05-11T00:20:52.700+0000] {taskinstance.py:2867} INFO - Starting attempt 1 of 2
[2026-05-11T00:20:52.709+0000] {taskinstance.py:2890} INFO - Executing <Task(PythonOperator): run_iot_etl_pipeline> on 2026-05-11 00:15:00+00:00
[2026-05-11T00:20:52.716+0000] {standard_task_runner.py:104} INFO - Running: ['***', 'tasks', 'run', 'iot_sensor_pipeline', 'run_iot_etl_pipeline', 'scheduled__2026-05-11T00:15:00+00:00', '--job-id', '4', '--raw', '--subdir', 'DAGS_FOLDER/iot_dag.py', '--cfg-path', '/tmp/tmpc63vap_u']
[2026-05-11T00:20:52.718+0000] {standard_task_runner.py:105} INFO - Job 4: Subtask run_iot_etl_pipeline
[2026-05-11T00:20:52.719+0000] {logging_mixin.py:190} WARNING - /home/***/.local/lib/python3.12/site-packages/***/task/task_runner/standard_task_runner.py:70 DeprecationWarning: This process (pid=171) is multi-threaded, use of fork() may lead to deadlocks in the child.
[2026-05-11T00:20:52.719+0000] {standard_task_runner.py:72} INFO - Started process 175 to run task
[2026-05-11T00:20:52.758+0000] {task_command.py:467} INFO - Running <TaskInstance: iot_sensor_pipeline.run_iot_etl_pipeline scheduled__2026-05-11T00:15:00+00:00 [running]> on host 2f10412880d8
[2026-05-11T00:20:52.832+0000] {taskinstance.py:3134} INFO - Exporting env vars: AIRFLOW_CTX_DAG_OWNER='amrire' AIRFLOW_CTX_DAG_ID='iot_sensor_pipeline' AIRFLOW_CTX_TASK_ID='run_iot_etl_pipeline' AIRFLOW_CTX_EXECUTION_DATE='2026-05-11T00:15:00+00:00' AIRFLOW_CTX_TRY_NUMBER='1' AIRFLOW_CTX_DAG_RUN_ID='scheduled__2026-05-11T00:15:00+00:00'
[2026-05-11T00:20:52.832+0000] {taskinstance.py:732} INFO - ::endgroup::
[2026-05-11T00:20:52.867+0000] {pipeline.py:36} INFO - --- sensor_etl RUN 2 STARTED ---
[2026-05-11T00:20:52.867+0000] {extract.py:8} INFO - Extract started
[2026-05-11T00:20:52.873+0000] {extract.py:43} INFO - Extract completed | rows=32 | runtime=0.01s
[2026-05-11T00:20:52.874+0000] {transform.py:7} INFO - Transform started
[2026-05-11T00:20:52.887+0000] {transform.py:81} INFO - Transform completed | clean_rows=32 | quarantined_rows=0 | runtime=0.01s
[2026-05-11T00:20:52.888+0000] {load.py:9} INFO - Load started for Run ID: 2
[2026-05-11T00:20:52.897+0000] {load.py:41} INFO - Loaded 32 clean records.
[2026-05-11T00:20:52.899+0000] {load.py:67} INFO - Watermark updated | ID: 37 | TS: 2026-05-11 00:20:52.529335+00:00
[2026-05-11T00:20:52.900+0000] {load.py:74} INFO - Load completed | runtime=0.01s
[2026-05-11T00:20:52.902+0000] {pipeline.py:57} INFO - --- sensor_etl RUN 2 COMPLETED SUCCESSFULLY ---
[2026-05-11T00:20:52.903+0000] {python.py:240} INFO - Done. Returned value was: None
[2026-05-11T00:20:52.913+0000] {taskinstance.py:341} INFO - ::group::Post task execution logs
[2026-05-11T00:20:52.913+0000] {taskinstance.py:353} INFO - Marking task as SUCCESS. dag_id=iot_sensor_pipeline, task_id=run_iot_etl_pipeline, run_id=scheduled__2026-05-11T00:15:00+00:00, execution_date=20260511T001500, start_date=20260511T002052, end_date=20260511T002052
[2026-05-11T00:20:52.973+0000] {local_task_job_runner.py:266} INFO - Task exited with return code 0
[2026-05-11T00:20:52.989+0000] {taskinstance.py:3901} INFO - 0 downstream tasks scheduled from follow-on schedule check
[2026-05-11T00:20:52.991+0000] {local_task_job_runner.py:245} INFO - ::endgroup::
[2026-05-11T00:23:20.546+0000] {local_task_job_runner.py:123} INFO - ::group::Pre task execution logs
[2026-05-11T00:23:20.559+0000] {taskinstance.py:2614} INFO - Dependencies all met for dep_context=non-requeueable deps ti=<TaskInstance: iot_sensor_pipeline.run_iot_etl_pipeline scheduled__2026-05-11T00:15:00+00:00 [queued]>
[2026-05-11T00:23:20.565+0000] {taskinstance.py:2614} INFO - Dependencies all met for dep_context=requeueable deps ti=<TaskInstance: iot_sensor_pipeline.run_iot_etl_pipeline scheduled__2026-05-11T00:15:00+00:00 [queued]>
[2026-05-11T00:23:20.565+0000] {taskinstance.py:2867} INFO - Starting attempt 1 of 2
[2026-05-11T00:23:20.576+0000] {taskinstance.py:2890} INFO - Executing <Task(PythonOperator): run_iot_etl_pipeline> on 2026-05-11 00:15:00+00:00
[2026-05-11T00:23:20.585+0000] {standard_task_runner.py:104} INFO - Running: ['***', 'tasks', 'run', 'iot_sensor_pipeline', 'run_iot_etl_pipeline', 'scheduled__2026-05-11T00:15:00+00:00', '--job-id', '2', '--raw', '--subdir', 'DAGS_FOLDER/iot_dag.py', '--cfg-path', '/tmp/tmpndf11v8n']
[2026-05-11T00:23:20.587+0000] {logging_mixin.py:190} WARNING - /home/***/.local/lib/python3.12/site-packages/***/task/task_runner/standard_task_runner.py:70 DeprecationWarning: This process (pid=173) is multi-threaded, use of fork() may lead to deadlocks in the child.
[2026-05-11T00:23:20.588+0000] {standard_task_runner.py:105} INFO - Job 2: Subtask run_iot_etl_pipeline
[2026-05-11T00:23:20.588+0000] {standard_task_runner.py:72} INFO - Started process 175 to run task
[2026-05-11T00:23:20.640+0000] {task_command.py:467} INFO - Running <TaskInstance: iot_sensor_pipeline.run_iot_etl_pipeline scheduled__2026-05-11T00:15:00+00:00 [running]> on host 46ef8ae57998
[2026-05-11T00:23:20.716+0000] {taskinstance.py:3134} INFO - Exporting env vars: AIRFLOW_CTX_DAG_OWNER='amrire' AIRFLOW_CTX_DAG_ID='iot_sensor_pipeline' AIRFLOW_CTX_TASK_ID='run_iot_etl_pipeline' AIRFLOW_CTX_EXECUTION_DATE='2026-05-11T00:15:00+00:00' AIRFLOW_CTX_TRY_NUMBER='1' AIRFLOW_CTX_DAG_RUN_ID='scheduled__2026-05-11T00:15:00+00:00'
[2026-05-11T00:23:20.717+0000] {taskinstance.py:732} INFO - ::endgroup::
[2026-05-11T00:23:20.749+0000] {pipeline.py:36} INFO - --- sensor_etl RUN 1 STARTED ---
[2026-05-11T00:23:20.749+0000] {extract.py:8} INFO - Extract started
[2026-05-11T00:23:20.750+0000] {extract.py:23} INFO - No watermark found. Starting from ID 0.
[2026-05-11T00:23:20.755+0000] {extract.py:43} INFO - Extract completed | rows=6 | runtime=0.01s
[2026-05-11T00:23:20.755+0000] {transform.py:7} INFO - Transform started
[2026-05-11T00:23:20.769+0000] {transform.py:81} INFO - Transform completed | clean_rows=6 | quarantined_rows=0 | runtime=0.01s
[2026-05-11T00:23:20.769+0000] {load.py:9} INFO - Load started for Run ID: 1
[2026-05-11T00:23:20.775+0000] {load.py:41} INFO - Loaded 6 clean records.
[2026-05-11T00:23:20.777+0000] {load.py:67} INFO - Watermark updated | ID: 6 | TS: 2026-05-11 00:23:18.910887+00:00
[2026-05-11T00:23:20.778+0000] {load.py:74} INFO - Load completed | runtime=0.01s
[2026-05-11T00:23:20.780+0000] {pipeline.py:57} INFO - --- sensor_etl RUN 1 COMPLETED SUCCESSFULLY ---
[2026-05-11T00:23:20.780+0000] {python.py:240} INFO - Done. Returned value was: None
[2026-05-11T00:23:20.789+0000] {taskinstance.py:341} INFO - ::group::Post task execution logs
[2026-05-11T00:23:20.789+0000] {taskinstance.py:353} INFO - Marking task as SUCCESS. dag_id=iot_sensor_pipeline, task_id=run_iot_etl_pipeline, run_id=scheduled__2026-05-11T00:15:00+00:00, execution_date=20260511T001500, start_date=20260511T002320, end_date=20260511T002320
[2026-05-11T00:23:20.842+0000] {local_task_job_runner.py:266} INFO - Task exited with return code 0
[2026-05-11T00:23:20.854+0000] {taskinstance.py:3901} INFO - 0 downstream tasks scheduled from follow-on schedule check
[2026-05-11T00:23:20.856+0000] {local_task_job_runner.py:245} INFO - ::endgroup::
