[2026-04-21T23:05:00.881+0000] {local_task_job_runner.py:123} INFO - ::group::Pre task execution logs
[2026-04-21T23:05:00.893+0000] {taskinstance.py:2614} INFO - Dependencies all met for dep_context=non-requeueable deps ti=<TaskInstance: iot_sensor_pipeline.run_iot_etl_pipeline scheduled__2026-04-21T23:00:00+00:00 [queued]>
[2026-04-21T23:05:00.897+0000] {taskinstance.py:2614} INFO - Dependencies all met for dep_context=requeueable deps ti=<TaskInstance: iot_sensor_pipeline.run_iot_etl_pipeline scheduled__2026-04-21T23:00:00+00:00 [queued]>
[2026-04-21T23:05:00.898+0000] {taskinstance.py:2867} INFO - Starting attempt 1 of 2
[2026-04-21T23:05:00.907+0000] {taskinstance.py:2890} INFO - Executing <Task(PythonOperator): run_iot_etl_pipeline> on 2026-04-21 23:00:00+00:00
[2026-04-21T23:05:00.914+0000] {standard_task_runner.py:104} INFO - Running: ['***', 'tasks', 'run', 'iot_sensor_pipeline', 'run_iot_etl_pipeline', 'scheduled__2026-04-21T23:00:00+00:00', '--job-id', '10', '--raw', '--subdir', 'DAGS_FOLDER/iot_dag.py', '--cfg-path', '/tmp/tmp454yfphs']
[2026-04-21T23:05:00.915+0000] {logging_mixin.py:190} WARNING - /home/***/.local/lib/python3.12/site-packages/***/task/task_runner/standard_task_runner.py:70 DeprecationWarning: This process (pid=225) is multi-threaded, use of fork() may lead to deadlocks in the child.
[2026-04-21T23:05:00.916+0000] {standard_task_runner.py:105} INFO - Job 10: Subtask run_iot_etl_pipeline
[2026-04-21T23:05:00.916+0000] {standard_task_runner.py:72} INFO - Started process 227 to run task
[2026-04-21T23:05:00.955+0000] {task_command.py:467} INFO - Running <TaskInstance: iot_sensor_pipeline.run_iot_etl_pipeline scheduled__2026-04-21T23:00:00+00:00 [running]> on host 3b74ecf2fd6a
[2026-04-21T23:05:01.015+0000] {taskinstance.py:3134} INFO - Exporting env vars: AIRFLOW_CTX_DAG_OWNER='amrire' AIRFLOW_CTX_DAG_ID='iot_sensor_pipeline' AIRFLOW_CTX_TASK_ID='run_iot_etl_pipeline' AIRFLOW_CTX_EXECUTION_DATE='2026-04-21T23:00:00+00:00' AIRFLOW_CTX_TRY_NUMBER='1' AIRFLOW_CTX_DAG_RUN_ID='scheduled__2026-04-21T23:00:00+00:00'
[2026-04-21T23:05:01.016+0000] {taskinstance.py:732} INFO - ::endgroup::
[2026-04-21T23:05:01.034+0000] {pipeline.py:25} INFO - Pipeline run 6 started
[2026-04-21T23:05:01.035+0000] {extract.py:8} INFO - Extract started
[2026-04-21T23:05:01.039+0000] {extract.py:43} INFO - Extract completed | rows=37 | runtime=0.00s
[2026-04-21T23:05:01.041+0000] {transform.py:7} INFO - Transform started
[2026-04-21T23:05:01.050+0000] {transform.py:73} INFO - Transform completed | clean_rows=37 | quarantined_rows=0 | runtime=0.01s
[2026-04-21T23:05:01.050+0000] {load.py:10} INFO - Load started for Run ID: 6
[2026-04-21T23:05:01.058+0000] {load.py:33} INFO - Loaded 37 clean records.
[2026-04-21T23:05:01.060+0000] {load.py:61} INFO - Watermark successfully updated to 2026-04-21 23:04:59.391204+00:00.
[2026-04-21T23:05:01.060+0000] {load.py:68} INFO - Load completed | runtime=0.01s
[2026-04-21T23:05:01.062+0000] {pipeline.py:51} INFO - Pipeline run 6 completed successfully
[2026-04-21T23:05:01.063+0000] {python.py:240} INFO - Done. Returned value was: None
[2026-04-21T23:05:01.071+0000] {taskinstance.py:341} INFO - ::group::Post task execution logs
[2026-04-21T23:05:01.071+0000] {taskinstance.py:353} INFO - Marking task as SUCCESS. dag_id=iot_sensor_pipeline, task_id=run_iot_etl_pipeline, run_id=scheduled__2026-04-21T23:00:00+00:00, execution_date=20260421T230000, start_date=20260421T230500, end_date=20260421T230501
[2026-04-21T23:05:01.130+0000] {local_task_job_runner.py:266} INFO - Task exited with return code 0
[2026-04-21T23:05:01.145+0000] {taskinstance.py:3901} INFO - 0 downstream tasks scheduled from follow-on schedule check
[2026-04-21T23:05:01.147+0000] {local_task_job_runner.py:245} INFO - ::endgroup::
