[2026-04-24T21:15:00.839+0000] {local_task_job_runner.py:123} INFO - ::group::Pre task execution logs
[2026-04-24T21:15:00.850+0000] {taskinstance.py:2614} INFO - Dependencies all met for dep_context=non-requeueable deps ti=<TaskInstance: iot_sensor_pipeline.run_iot_etl_pipeline scheduled__2026-04-24T21:10:00+00:00 [queued]>
[2026-04-24T21:15:00.856+0000] {taskinstance.py:2614} INFO - Dependencies all met for dep_context=requeueable deps ti=<TaskInstance: iot_sensor_pipeline.run_iot_etl_pipeline scheduled__2026-04-24T21:10:00+00:00 [queued]>
[2026-04-24T21:15:00.856+0000] {taskinstance.py:2867} INFO - Starting attempt 1 of 2
[2026-04-24T21:15:00.867+0000] {taskinstance.py:2890} INFO - Executing <Task(PythonOperator): run_iot_etl_pipeline> on 2026-04-24 21:10:00+00:00
[2026-04-24T21:15:00.874+0000] {logging_mixin.py:190} WARNING - /home/***/.local/lib/python3.12/site-packages/***/task/task_runner/standard_task_runner.py:70 DeprecationWarning: This process (pid=2819) is multi-threaded, use of fork() may lead to deadlocks in the child.
[2026-04-24T21:15:00.875+0000] {standard_task_runner.py:72} INFO - Started process 2821 to run task
[2026-04-24T21:15:00.874+0000] {standard_task_runner.py:104} INFO - Running: ['***', 'tasks', 'run', 'iot_sensor_pipeline', 'run_iot_etl_pipeline', 'scheduled__2026-04-24T21:10:00+00:00', '--job-id', '345', '--raw', '--subdir', 'DAGS_FOLDER/iot_dag.py', '--cfg-path', '/tmp/tmpch1om2m5']
[2026-04-24T21:15:00.876+0000] {standard_task_runner.py:105} INFO - Job 345: Subtask run_iot_etl_pipeline
[2026-04-24T21:15:00.921+0000] {task_command.py:467} INFO - Running <TaskInstance: iot_sensor_pipeline.run_iot_etl_pipeline scheduled__2026-04-24T21:10:00+00:00 [running]> on host 0471fb5f5ee0
[2026-04-24T21:15:00.988+0000] {taskinstance.py:3134} INFO - Exporting env vars: AIRFLOW_CTX_DAG_OWNER='amrire' AIRFLOW_CTX_DAG_ID='iot_sensor_pipeline' AIRFLOW_CTX_TASK_ID='run_iot_etl_pipeline' AIRFLOW_CTX_EXECUTION_DATE='2026-04-24T21:10:00+00:00' AIRFLOW_CTX_TRY_NUMBER='1' AIRFLOW_CTX_DAG_RUN_ID='scheduled__2026-04-24T21:10:00+00:00'
[2026-04-24T21:15:00.988+0000] {taskinstance.py:732} INFO - ::endgroup::
[2026-04-24T21:15:01.008+0000] {pipeline.py:25} INFO - Pipeline run 247 started
[2026-04-24T21:15:01.009+0000] {extract.py:8} INFO - Extract started
[2026-04-24T21:15:01.016+0000] {extract.py:39} INFO - No new data found.
[2026-04-24T21:15:01.017+0000] {pipeline.py:30} INFO - No new data. Exiting.
[2026-04-24T21:15:01.019+0000] {python.py:240} INFO - Done. Returned value was: None
[2026-04-24T21:15:01.027+0000] {taskinstance.py:341} INFO - ::group::Post task execution logs
[2026-04-24T21:15:01.028+0000] {taskinstance.py:353} INFO - Marking task as SUCCESS. dag_id=iot_sensor_pipeline, task_id=run_iot_etl_pipeline, run_id=scheduled__2026-04-24T21:10:00+00:00, execution_date=20260424T211000, start_date=20260424T211500, end_date=20260424T211501
[2026-04-24T21:15:01.089+0000] {local_task_job_runner.py:266} INFO - Task exited with return code 0
[2026-04-24T21:15:01.115+0000] {taskinstance.py:3901} INFO - 0 downstream tasks scheduled from follow-on schedule check
[2026-04-24T21:15:01.118+0000] {local_task_job_runner.py:245} INFO - ::endgroup::
