[2026-04-22T00:00:00.889+0000] {local_task_job_runner.py:123} INFO - ::group::Pre task execution logs
[2026-04-22T00:00:00.900+0000] {taskinstance.py:2614} INFO - Dependencies all met for dep_context=non-requeueable deps ti=<TaskInstance: iot_sensor_pipeline.run_iot_etl_pipeline scheduled__2026-04-21T23:55:00+00:00 [queued]>
[2026-04-22T00:00:00.905+0000] {taskinstance.py:2614} INFO - Dependencies all met for dep_context=requeueable deps ti=<TaskInstance: iot_sensor_pipeline.run_iot_etl_pipeline scheduled__2026-04-21T23:55:00+00:00 [queued]>
[2026-04-22T00:00:00.906+0000] {taskinstance.py:2867} INFO - Starting attempt 1 of 2
[2026-04-22T00:00:00.914+0000] {taskinstance.py:2890} INFO - Executing <Task(PythonOperator): run_iot_etl_pipeline> on 2026-04-21 23:55:00+00:00
[2026-04-22T00:00:00.921+0000] {standard_task_runner.py:104} INFO - Running: ['***', 'tasks', 'run', 'iot_sensor_pipeline', 'run_iot_etl_pipeline', 'scheduled__2026-04-21T23:55:00+00:00', '--job-id', '21', '--raw', '--subdir', 'DAGS_FOLDER/iot_dag.py', '--cfg-path', '/tmp/tmp29u3mgic']
[2026-04-22T00:00:00.923+0000] {standard_task_runner.py:105} INFO - Job 21: Subtask run_iot_etl_pipeline
[2026-04-22T00:00:00.923+0000] {logging_mixin.py:190} WARNING - /home/***/.local/lib/python3.12/site-packages/***/task/task_runner/standard_task_runner.py:70 DeprecationWarning: This process (pid=911) is multi-threaded, use of fork() may lead to deadlocks in the child.
[2026-04-22T00:00:00.924+0000] {standard_task_runner.py:72} INFO - Started process 913 to run task
[2026-04-22T00:00:00.962+0000] {task_command.py:467} INFO - Running <TaskInstance: iot_sensor_pipeline.run_iot_etl_pipeline scheduled__2026-04-21T23:55:00+00:00 [running]> on host 3b74ecf2fd6a
[2026-04-22T00:00:01.024+0000] {taskinstance.py:3134} INFO - Exporting env vars: AIRFLOW_CTX_DAG_OWNER='amrire' AIRFLOW_CTX_DAG_ID='iot_sensor_pipeline' AIRFLOW_CTX_TASK_ID='run_iot_etl_pipeline' AIRFLOW_CTX_EXECUTION_DATE='2026-04-21T23:55:00+00:00' AIRFLOW_CTX_TRY_NUMBER='1' AIRFLOW_CTX_DAG_RUN_ID='scheduled__2026-04-21T23:55:00+00:00'
[2026-04-22T00:00:01.025+0000] {taskinstance.py:732} INFO - ::endgroup::
[2026-04-22T00:00:01.043+0000] {pipeline.py:25} INFO - Pipeline run 17 started
[2026-04-22T00:00:01.044+0000] {extract.py:8} INFO - Extract started
[2026-04-22T00:00:01.052+0000] {extract.py:43} INFO - Extract completed | rows=598 | runtime=0.01s
[2026-04-22T00:00:01.054+0000] {transform.py:7} INFO - Transform started
[2026-04-22T00:00:01.064+0000] {transform.py:73} INFO - Transform completed | clean_rows=598 | quarantined_rows=0 | runtime=0.01s
[2026-04-22T00:00:01.064+0000] {load.py:10} INFO - Load started for Run ID: 17
[2026-04-22T00:00:01.141+0000] {load.py:33} INFO - Loaded 598 clean records.
[2026-04-22T00:00:01.144+0000] {load.py:61} INFO - Watermark successfully updated to 2026-04-21 23:59:57.632771+00:00.
[2026-04-22T00:00:01.144+0000] {load.py:68} INFO - Load completed | runtime=0.08s
[2026-04-22T00:00:01.147+0000] {pipeline.py:51} INFO - Pipeline run 17 completed successfully
[2026-04-22T00:00:01.147+0000] {python.py:240} INFO - Done. Returned value was: None
[2026-04-22T00:00:01.155+0000] {taskinstance.py:341} INFO - ::group::Post task execution logs
[2026-04-22T00:00:01.156+0000] {taskinstance.py:353} INFO - Marking task as SUCCESS. dag_id=iot_sensor_pipeline, task_id=run_iot_etl_pipeline, run_id=scheduled__2026-04-21T23:55:00+00:00, execution_date=20260421T235500, start_date=20260422T000000, end_date=20260422T000001
[2026-04-22T00:00:01.218+0000] {local_task_job_runner.py:266} INFO - Task exited with return code 0
[2026-04-22T00:00:01.231+0000] {taskinstance.py:3901} INFO - 0 downstream tasks scheduled from follow-on schedule check
[2026-04-22T00:00:01.233+0000] {local_task_job_runner.py:245} INFO - ::endgroup::
