[2026-05-08T18:10:01.198+0000] {local_task_job_runner.py:123} INFO - ::group::Pre task execution logs
[2026-05-08T18:10:01.210+0000] {taskinstance.py:2614} INFO - Dependencies all met for dep_context=non-requeueable deps ti=<TaskInstance: iot_sensor_pipeline.run_iot_etl_pipeline scheduled__2026-05-08T18:05:00+00:00 [queued]>
[2026-05-08T18:10:01.217+0000] {taskinstance.py:2614} INFO - Dependencies all met for dep_context=requeueable deps ti=<TaskInstance: iot_sensor_pipeline.run_iot_etl_pipeline scheduled__2026-05-08T18:05:00+00:00 [queued]>
[2026-05-08T18:10:01.218+0000] {taskinstance.py:2867} INFO - Starting attempt 1 of 2
[2026-05-08T18:10:01.229+0000] {taskinstance.py:2890} INFO - Executing <Task(PythonOperator): run_iot_etl_pipeline> on 2026-05-08 18:05:00+00:00
[2026-05-08T18:10:01.239+0000] {standard_task_runner.py:104} INFO - Running: ['***', 'tasks', 'run', 'iot_sensor_pipeline', 'run_iot_etl_pipeline', 'scheduled__2026-05-08T18:05:00+00:00', '--job-id', '179', '--raw', '--subdir', 'DAGS_FOLDER/iot_dag.py', '--cfg-path', '/tmp/tmp12tor842']
[2026-05-08T18:10:01.242+0000] {standard_task_runner.py:105} INFO - Job 179: Subtask run_iot_etl_pipeline
[2026-05-08T18:10:01.242+0000] {logging_mixin.py:190} WARNING - /home/***/.local/lib/python3.12/site-packages/***/task/task_runner/standard_task_runner.py:70 DeprecationWarning: This process (pid=1203) is multi-threaded, use of fork() may lead to deadlocks in the child.
[2026-05-08T18:10:01.242+0000] {standard_task_runner.py:72} INFO - Started process 1205 to run task
[2026-05-08T18:10:01.288+0000] {task_command.py:467} INFO - Running <TaskInstance: iot_sensor_pipeline.run_iot_etl_pipeline scheduled__2026-05-08T18:05:00+00:00 [running]> on host 384a23093721
[2026-05-08T18:10:01.364+0000] {taskinstance.py:3134} INFO - Exporting env vars: AIRFLOW_CTX_DAG_OWNER='amrire' AIRFLOW_CTX_DAG_ID='iot_sensor_pipeline' AIRFLOW_CTX_TASK_ID='run_iot_etl_pipeline' AIRFLOW_CTX_EXECUTION_DATE='2026-05-08T18:05:00+00:00' AIRFLOW_CTX_TRY_NUMBER='1' AIRFLOW_CTX_DAG_RUN_ID='scheduled__2026-05-08T18:05:00+00:00'
[2026-05-08T18:10:01.366+0000] {taskinstance.py:732} INFO - ::endgroup::
[2026-05-08T18:10:01.389+0000] {pipeline.py:25} INFO - Pipeline run 177 started
[2026-05-08T18:10:01.389+0000] {extract.py:8} INFO - Extract started
[2026-05-08T18:10:01.396+0000] {extract.py:43} INFO - Extract completed | rows=51 | runtime=0.01s
[2026-05-08T18:10:01.397+0000] {transform.py:7} INFO - Transform started
[2026-05-08T18:10:01.409+0000] {transform.py:81} INFO - Transform completed | clean_rows=51 | quarantined_rows=0 | runtime=0.01s
[2026-05-08T18:10:01.409+0000] {load.py:9} INFO - Load started for Run ID: 177
[2026-05-08T18:10:01.423+0000] {load.py:41} INFO - Loaded 51 clean records.
[2026-05-08T18:10:01.425+0000] {load.py:67} INFO - Watermark updated | ID: 7393 | TS: 2026-05-08 18:09:55.911884+00:00
[2026-05-08T18:10:01.426+0000] {load.py:74} INFO - Load completed | runtime=0.02s
[2026-05-08T18:10:01.428+0000] {pipeline.py:46} INFO - Pipeline run 177 completed successfully
[2026-05-08T18:10:01.428+0000] {python.py:240} INFO - Done. Returned value was: None
[2026-05-08T18:10:01.439+0000] {taskinstance.py:341} INFO - ::group::Post task execution logs
[2026-05-08T18:10:01.440+0000] {taskinstance.py:353} INFO - Marking task as SUCCESS. dag_id=iot_sensor_pipeline, task_id=run_iot_etl_pipeline, run_id=scheduled__2026-05-08T18:05:00+00:00, execution_date=20260508T180500, start_date=20260508T181001, end_date=20260508T181001
[2026-05-08T18:10:01.497+0000] {local_task_job_runner.py:266} INFO - Task exited with return code 0
[2026-05-08T18:10:01.512+0000] {taskinstance.py:3901} INFO - 0 downstream tasks scheduled from follow-on schedule check
[2026-05-08T18:10:01.514+0000] {local_task_job_runner.py:245} INFO - ::endgroup::
