[2026-04-22T03:10:00.934+0000] {local_task_job_runner.py:123} INFO - ::group::Pre task execution logs
[2026-04-22T03:10:00.945+0000] {taskinstance.py:2614} INFO - Dependencies all met for dep_context=non-requeueable deps ti=<TaskInstance: iot_sensor_pipeline.run_iot_etl_pipeline scheduled__2026-04-22T03:05:00+00:00 [queued]>
[2026-04-22T03:10:00.950+0000] {taskinstance.py:2614} INFO - Dependencies all met for dep_context=requeueable deps ti=<TaskInstance: iot_sensor_pipeline.run_iot_etl_pipeline scheduled__2026-04-22T03:05:00+00:00 [queued]>
[2026-04-22T03:10:00.950+0000] {taskinstance.py:2867} INFO - Starting attempt 1 of 2
[2026-04-22T03:10:00.957+0000] {taskinstance.py:2890} INFO - Executing <Task(PythonOperator): run_iot_etl_pipeline> on 2026-04-22 03:05:00+00:00
[2026-04-22T03:10:00.964+0000] {standard_task_runner.py:104} INFO - Running: ['***', 'tasks', 'run', 'iot_sensor_pipeline', 'run_iot_etl_pipeline', 'scheduled__2026-04-22T03:05:00+00:00', '--job-id', '91', '--raw', '--subdir', 'DAGS_FOLDER/iot_dag.py', '--cfg-path', '/tmp/tmp5zpjvpl5']
[2026-04-22T03:10:00.966+0000] {standard_task_runner.py:105} INFO - Job 91: Subtask run_iot_etl_pipeline
[2026-04-22T03:10:00.966+0000] {logging_mixin.py:190} WARNING - /home/***/.local/lib/python3.12/site-packages/***/task/task_runner/standard_task_runner.py:70 DeprecationWarning: This process (pid=349) is multi-threaded, use of fork() may lead to deadlocks in the child.
[2026-04-22T03:10:00.967+0000] {standard_task_runner.py:72} INFO - Started process 351 to run task
[2026-04-22T03:10:01.003+0000] {task_command.py:467} INFO - Running <TaskInstance: iot_sensor_pipeline.run_iot_etl_pipeline scheduled__2026-04-22T03:05:00+00:00 [running]> on host 63e2ee4205d5
[2026-04-22T03:10:01.065+0000] {taskinstance.py:3134} INFO - Exporting env vars: AIRFLOW_CTX_DAG_OWNER='amrire' AIRFLOW_CTX_DAG_ID='iot_sensor_pipeline' AIRFLOW_CTX_TASK_ID='run_iot_etl_pipeline' AIRFLOW_CTX_EXECUTION_DATE='2026-04-22T03:05:00+00:00' AIRFLOW_CTX_TRY_NUMBER='1' AIRFLOW_CTX_DAG_RUN_ID='scheduled__2026-04-22T03:05:00+00:00'
[2026-04-22T03:10:01.066+0000] {taskinstance.py:732} INFO - ::endgroup::
[2026-04-22T03:10:01.083+0000] {pipeline.py:25} INFO - Pipeline run 3 started
[2026-04-22T03:10:01.084+0000] {extract.py:8} INFO - Extract started
[2026-04-22T03:10:01.089+0000] {extract.py:43} INFO - Extract completed | rows=75 | runtime=0.01s
[2026-04-22T03:10:01.091+0000] {transform.py:7} INFO - Transform started
[2026-04-22T03:10:01.100+0000] {transform.py:73} INFO - Transform completed | clean_rows=75 | quarantined_rows=0 | runtime=0.01s
[2026-04-22T03:10:01.100+0000] {load.py:10} INFO - Load started for Run ID: 3
[2026-04-22T03:10:01.111+0000] {load.py:33} INFO - Loaded 75 clean records.
[2026-04-22T03:10:01.114+0000] {load.py:61} INFO - Watermark successfully updated to 2026-04-22 03:04:20.804311+00:00.
[2026-04-22T03:10:01.114+0000] {load.py:68} INFO - Load completed | runtime=0.01s
[2026-04-22T03:10:01.117+0000] {pipeline.py:51} INFO - Pipeline run 3 completed successfully
[2026-04-22T03:10:01.117+0000] {python.py:240} INFO - Done. Returned value was: None
[2026-04-22T03:10:01.125+0000] {taskinstance.py:341} INFO - ::group::Post task execution logs
[2026-04-22T03:10:01.125+0000] {taskinstance.py:353} INFO - Marking task as SUCCESS. dag_id=iot_sensor_pipeline, task_id=run_iot_etl_pipeline, run_id=scheduled__2026-04-22T03:05:00+00:00, execution_date=20260422T030500, start_date=20260422T031000, end_date=20260422T031001
[2026-04-22T03:10:01.180+0000] {local_task_job_runner.py:266} INFO - Task exited with return code 0
[2026-04-22T03:10:01.195+0000] {taskinstance.py:3901} INFO - 0 downstream tasks scheduled from follow-on schedule check
[2026-04-22T03:10:01.197+0000] {local_task_job_runner.py:245} INFO - ::endgroup::
