[2026-05-08T20:45:00.578+0000] {local_task_job_runner.py:123} INFO - ::group::Pre task execution logs
[2026-05-08T20:45:00.590+0000] {taskinstance.py:2614} INFO - Dependencies all met for dep_context=non-requeueable deps ti=<TaskInstance: iot_sensor_pipeline.run_iot_etl_pipeline scheduled__2026-05-08T20:40:00+00:00 [queued]>
[2026-05-08T20:45:00.597+0000] {taskinstance.py:2614} INFO - Dependencies all met for dep_context=requeueable deps ti=<TaskInstance: iot_sensor_pipeline.run_iot_etl_pipeline scheduled__2026-05-08T20:40:00+00:00 [queued]>
[2026-05-08T20:45:00.597+0000] {taskinstance.py:2867} INFO - Starting attempt 1 of 2
[2026-05-08T20:45:00.607+0000] {taskinstance.py:2890} INFO - Executing <Task(PythonOperator): run_iot_etl_pipeline> on 2026-05-08 20:40:00+00:00
[2026-05-08T20:45:00.614+0000] {logging_mixin.py:190} WARNING - /home/***/.local/lib/python3.12/site-packages/***/task/task_runner/standard_task_runner.py:70 DeprecationWarning: This process (pid=3151) is multi-threaded, use of fork() may lead to deadlocks in the child.
[2026-05-08T20:45:00.615+0000] {standard_task_runner.py:72} INFO - Started process 3153 to run task
[2026-05-08T20:45:00.614+0000] {standard_task_runner.py:104} INFO - Running: ['***', 'tasks', 'run', 'iot_sensor_pipeline', 'run_iot_etl_pipeline', 'scheduled__2026-05-08T20:40:00+00:00', '--job-id', '210', '--raw', '--subdir', 'DAGS_FOLDER/iot_dag.py', '--cfg-path', '/tmp/tmp09ozwgme']
[2026-05-08T20:45:00.616+0000] {standard_task_runner.py:105} INFO - Job 210: Subtask run_iot_etl_pipeline
[2026-05-08T20:45:00.662+0000] {task_command.py:467} INFO - Running <TaskInstance: iot_sensor_pipeline.run_iot_etl_pipeline scheduled__2026-05-08T20:40:00+00:00 [running]> on host 384a23093721
[2026-05-08T20:45:00.741+0000] {taskinstance.py:3134} INFO - Exporting env vars: AIRFLOW_CTX_DAG_OWNER='amrire' AIRFLOW_CTX_DAG_ID='iot_sensor_pipeline' AIRFLOW_CTX_TASK_ID='run_iot_etl_pipeline' AIRFLOW_CTX_EXECUTION_DATE='2026-05-08T20:40:00+00:00' AIRFLOW_CTX_TRY_NUMBER='1' AIRFLOW_CTX_DAG_RUN_ID='scheduled__2026-05-08T20:40:00+00:00'
[2026-05-08T20:45:00.741+0000] {taskinstance.py:732} INFO - ::endgroup::
[2026-05-08T20:45:00.763+0000] {pipeline.py:25} INFO - Pipeline run 208 started
[2026-05-08T20:45:00.763+0000] {extract.py:8} INFO - Extract started
[2026-05-08T20:45:00.769+0000] {extract.py:43} INFO - Extract completed | rows=51 | runtime=0.01s
[2026-05-08T20:45:00.769+0000] {transform.py:7} INFO - Transform started
[2026-05-08T20:45:00.782+0000] {transform.py:81} INFO - Transform completed | clean_rows=51 | quarantined_rows=0 | runtime=0.01s
[2026-05-08T20:45:00.782+0000] {load.py:9} INFO - Load started for Run ID: 208
[2026-05-08T20:45:00.795+0000] {load.py:41} INFO - Loaded 51 clean records.
[2026-05-08T20:45:00.798+0000] {load.py:67} INFO - Watermark updated | ID: 8982 | TS: 2026-05-08 20:44:56.904587+00:00
[2026-05-08T20:45:00.799+0000] {load.py:74} INFO - Load completed | runtime=0.02s
[2026-05-08T20:45:00.801+0000] {pipeline.py:46} INFO - Pipeline run 208 completed successfully
[2026-05-08T20:45:00.802+0000] {python.py:240} INFO - Done. Returned value was: None
[2026-05-08T20:45:00.811+0000] {taskinstance.py:341} INFO - ::group::Post task execution logs
[2026-05-08T20:45:00.811+0000] {taskinstance.py:353} INFO - Marking task as SUCCESS. dag_id=iot_sensor_pipeline, task_id=run_iot_etl_pipeline, run_id=scheduled__2026-05-08T20:40:00+00:00, execution_date=20260508T204000, start_date=20260508T204500, end_date=20260508T204500
[2026-05-08T20:45:00.870+0000] {local_task_job_runner.py:266} INFO - Task exited with return code 0
[2026-05-08T20:45:00.885+0000] {taskinstance.py:3901} INFO - 0 downstream tasks scheduled from follow-on schedule check
[2026-05-08T20:45:00.887+0000] {local_task_job_runner.py:245} INFO - ::endgroup::
