[2026-04-22T02:56:16.768+0000] {local_task_job_runner.py:123} INFO - ::group::Pre task execution logs
[2026-04-22T02:56:16.785+0000] {taskinstance.py:2614} INFO - Dependencies all met for dep_context=non-requeueable deps ti=<TaskInstance: iot_sensor_pipeline.run_iot_etl_pipeline scheduled__2026-04-22T02:15:00+00:00 [queued]>
[2026-04-22T02:56:16.791+0000] {taskinstance.py:2614} INFO - Dependencies all met for dep_context=requeueable deps ti=<TaskInstance: iot_sensor_pipeline.run_iot_etl_pipeline scheduled__2026-04-22T02:15:00+00:00 [queued]>
[2026-04-22T02:56:16.791+0000] {taskinstance.py:2867} INFO - Starting attempt 2 of 2
[2026-04-22T02:56:16.802+0000] {taskinstance.py:2890} INFO - Executing <Task(PythonOperator): run_iot_etl_pipeline> on 2026-04-22 02:15:00+00:00
[2026-04-22T02:56:16.810+0000] {standard_task_runner.py:104} INFO - Running: ['***', 'tasks', 'run', 'iot_sensor_pipeline', 'run_iot_etl_pipeline', 'scheduled__2026-04-22T02:15:00+00:00', '--job-id', '86', '--raw', '--subdir', 'DAGS_FOLDER/iot_dag.py', '--cfg-path', '/tmp/tmp51cfzim6']
[2026-04-22T02:56:16.813+0000] {standard_task_runner.py:105} INFO - Job 86: Subtask run_iot_etl_pipeline
[2026-04-22T02:56:16.813+0000] {logging_mixin.py:190} WARNING - /home/***/.local/lib/python3.12/site-packages/***/task/task_runner/standard_task_runner.py:70 DeprecationWarning: This process (pid=172) is multi-threaded, use of fork() may lead to deadlocks in the child.
[2026-04-22T02:56:16.813+0000] {standard_task_runner.py:72} INFO - Started process 179 to run task
[2026-04-22T02:56:16.858+0000] {task_command.py:467} INFO - Running <TaskInstance: iot_sensor_pipeline.run_iot_etl_pipeline scheduled__2026-04-22T02:15:00+00:00 [running]> on host 63e2ee4205d5
[2026-04-22T02:56:16.936+0000] {taskinstance.py:3134} INFO - Exporting env vars: AIRFLOW_CTX_DAG_OWNER='amrire' AIRFLOW_CTX_DAG_ID='iot_sensor_pipeline' AIRFLOW_CTX_TASK_ID='run_iot_etl_pipeline' AIRFLOW_CTX_EXECUTION_DATE='2026-04-22T02:15:00+00:00' AIRFLOW_CTX_TRY_NUMBER='2' AIRFLOW_CTX_DAG_RUN_ID='scheduled__2026-04-22T02:15:00+00:00'
[2026-04-22T02:56:16.937+0000] {taskinstance.py:732} INFO - ::endgroup::
[2026-04-22T02:56:16.971+0000] {pipeline.py:25} INFO - Pipeline run 84 started
[2026-04-22T02:56:16.972+0000] {extract.py:8} INFO - Extract started
[2026-04-22T02:56:16.989+0000] {extract.py:43} INFO - Extract completed | rows=2295 | runtime=0.02s
[2026-04-22T02:56:16.990+0000] {transform.py:7} INFO - Transform started
[2026-04-22T02:56:17.010+0000] {transform.py:73} INFO - Transform completed | clean_rows=2295 | quarantined_rows=0 | runtime=0.02s
[2026-04-22T02:56:17.011+0000] {load.py:10} INFO - Load started for Run ID: 84
[2026-04-22T02:56:17.433+0000] {load.py:33} INFO - Loaded 2295 clean records.
[2026-04-22T02:56:17.437+0000] {load.py:61} INFO - Watermark successfully updated to 2026-04-22 02:56:14.140587+00:00.
[2026-04-22T02:56:17.437+0000] {load.py:68} INFO - Load completed | runtime=0.43s
[2026-04-22T02:56:17.441+0000] {pipeline.py:51} INFO - Pipeline run 84 completed successfully
[2026-04-22T02:56:17.442+0000] {python.py:240} INFO - Done. Returned value was: None
[2026-04-22T02:56:17.452+0000] {taskinstance.py:341} INFO - ::group::Post task execution logs
[2026-04-22T02:56:17.453+0000] {taskinstance.py:353} INFO - Marking task as SUCCESS. dag_id=iot_sensor_pipeline, task_id=run_iot_etl_pipeline, run_id=scheduled__2026-04-22T02:15:00+00:00, execution_date=20260422T021500, start_date=20260422T025616, end_date=20260422T025617
[2026-04-22T02:56:17.509+0000] {local_task_job_runner.py:266} INFO - Task exited with return code 0
[2026-04-22T02:56:17.523+0000] {taskinstance.py:3901} INFO - 0 downstream tasks scheduled from follow-on schedule check
[2026-04-22T02:56:17.526+0000] {local_task_job_runner.py:245} INFO - ::endgroup::
