[2026-04-22T01:45:00.939+0000] {local_task_job_runner.py:123} INFO - ::group::Pre task execution logs
[2026-04-22T01:45:00.949+0000] {taskinstance.py:2614} INFO - Dependencies all met for dep_context=non-requeueable deps ti=<TaskInstance: iot_sensor_pipeline.run_iot_etl_pipeline scheduled__2026-04-22T01:40:00+00:00 [queued]>
[2026-04-22T01:45:00.953+0000] {taskinstance.py:2614} INFO - Dependencies all met for dep_context=requeueable deps ti=<TaskInstance: iot_sensor_pipeline.run_iot_etl_pipeline scheduled__2026-04-22T01:40:00+00:00 [queued]>
[2026-04-22T01:45:00.954+0000] {taskinstance.py:2867} INFO - Starting attempt 1 of 2
[2026-04-22T01:45:00.962+0000] {taskinstance.py:2890} INFO - Executing <Task(PythonOperator): run_iot_etl_pipeline> on 2026-04-22 01:40:00+00:00
[2026-04-22T01:45:00.968+0000] {logging_mixin.py:190} WARNING - /home/***/.local/lib/python3.12/site-packages/***/task/task_runner/standard_task_runner.py:70 DeprecationWarning: This process (pid=2195) is multi-threaded, use of fork() may lead to deadlocks in the child.
[2026-04-22T01:45:00.969+0000] {standard_task_runner.py:72} INFO - Started process 2197 to run task
[2026-04-22T01:45:00.968+0000] {standard_task_runner.py:104} INFO - Running: ['***', 'tasks', 'run', 'iot_sensor_pipeline', 'run_iot_etl_pipeline', 'scheduled__2026-04-22T01:40:00+00:00', '--job-id', '42', '--raw', '--subdir', 'DAGS_FOLDER/iot_dag.py', '--cfg-path', '/tmp/tmpqapujxn3']
[2026-04-22T01:45:00.969+0000] {standard_task_runner.py:105} INFO - Job 42: Subtask run_iot_etl_pipeline
[2026-04-22T01:45:01.005+0000] {task_command.py:467} INFO - Running <TaskInstance: iot_sensor_pipeline.run_iot_etl_pipeline scheduled__2026-04-22T01:40:00+00:00 [running]> on host 3b74ecf2fd6a
[2026-04-22T01:45:01.063+0000] {taskinstance.py:3134} INFO - Exporting env vars: AIRFLOW_CTX_DAG_OWNER='amrire' AIRFLOW_CTX_DAG_ID='iot_sensor_pipeline' AIRFLOW_CTX_TASK_ID='run_iot_etl_pipeline' AIRFLOW_CTX_EXECUTION_DATE='2026-04-22T01:40:00+00:00' AIRFLOW_CTX_TRY_NUMBER='1' AIRFLOW_CTX_DAG_RUN_ID='scheduled__2026-04-22T01:40:00+00:00'
[2026-04-22T01:45:01.063+0000] {taskinstance.py:732} INFO - ::endgroup::
[2026-04-22T01:45:01.081+0000] {pipeline.py:25} INFO - Pipeline run 38 started
[2026-04-22T01:45:01.081+0000] {extract.py:8} INFO - Extract started
[2026-04-22T01:45:01.093+0000] {extract.py:43} INFO - Extract completed | rows=1670 | runtime=0.01s
[2026-04-22T01:45:01.095+0000] {transform.py:7} INFO - Transform started
[2026-04-22T01:45:01.107+0000] {transform.py:73} INFO - Transform completed | clean_rows=1670 | quarantined_rows=0 | runtime=0.01s
[2026-04-22T01:45:01.107+0000] {load.py:10} INFO - Load started for Run ID: 38
[2026-04-22T01:45:01.294+0000] {load.py:33} INFO - Loaded 1670 clean records.
[2026-04-22T01:45:01.298+0000] {load.py:61} INFO - Watermark successfully updated to 2026-04-22 01:44:56.700473+00:00.
[2026-04-22T01:45:01.298+0000] {load.py:68} INFO - Load completed | runtime=0.19s
[2026-04-22T01:45:01.300+0000] {pipeline.py:51} INFO - Pipeline run 38 completed successfully
[2026-04-22T01:45:01.300+0000] {python.py:240} INFO - Done. Returned value was: None
[2026-04-22T01:45:01.308+0000] {taskinstance.py:341} INFO - ::group::Post task execution logs
[2026-04-22T01:45:01.308+0000] {taskinstance.py:353} INFO - Marking task as SUCCESS. dag_id=iot_sensor_pipeline, task_id=run_iot_etl_pipeline, run_id=scheduled__2026-04-22T01:40:00+00:00, execution_date=20260422T014000, start_date=20260422T014500, end_date=20260422T014501
[2026-04-22T01:45:01.343+0000] {local_task_job_runner.py:266} INFO - Task exited with return code 0
[2026-04-22T01:45:01.353+0000] {taskinstance.py:3901} INFO - 0 downstream tasks scheduled from follow-on schedule check
[2026-04-22T01:45:01.355+0000] {local_task_job_runner.py:245} INFO - ::endgroup::
