[2026-05-11T00:15:01.528+0000] {local_task_job_runner.py:123} INFO - ::group::Pre task execution logs
[2026-05-11T00:15:01.539+0000] {taskinstance.py:2614} INFO - Dependencies all met for dep_context=non-requeueable deps ti=<TaskInstance: iot_sensor_pipeline.run_iot_etl_pipeline scheduled__2026-05-11T00:10:00+00:00 [queued]>
[2026-05-11T00:15:01.544+0000] {taskinstance.py:2614} INFO - Dependencies all met for dep_context=requeueable deps ti=<TaskInstance: iot_sensor_pipeline.run_iot_etl_pipeline scheduled__2026-05-11T00:10:00+00:00 [queued]>
[2026-05-11T00:15:01.545+0000] {taskinstance.py:2867} INFO - Starting attempt 1 of 2
[2026-05-11T00:15:01.554+0000] {taskinstance.py:2890} INFO - Executing <Task(PythonOperator): run_iot_etl_pipeline> on 2026-05-11 00:10:00+00:00
[2026-05-11T00:15:01.562+0000] {logging_mixin.py:190} WARNING - /home/***/.local/lib/python3.12/site-packages/***/task/task_runner/standard_task_runner.py:70 DeprecationWarning: This process (pid=262) is multi-threaded, use of fork() may lead to deadlocks in the child.
[2026-05-11T00:15:01.561+0000] {standard_task_runner.py:104} INFO - Running: ['***', 'tasks', 'run', 'iot_sensor_pipeline', 'run_iot_etl_pipeline', 'scheduled__2026-05-11T00:10:00+00:00', '--job-id', '265', '--raw', '--subdir', 'DAGS_FOLDER/iot_dag.py', '--cfg-path', '/tmp/tmp86qt2656']
[2026-05-11T00:15:01.563+0000] {standard_task_runner.py:72} INFO - Started process 264 to run task
[2026-05-11T00:15:01.563+0000] {standard_task_runner.py:105} INFO - Job 265: Subtask run_iot_etl_pipeline
[2026-05-11T00:15:01.598+0000] {task_command.py:467} INFO - Running <TaskInstance: iot_sensor_pipeline.run_iot_etl_pipeline scheduled__2026-05-11T00:10:00+00:00 [running]> on host ad3322a4200e
[2026-05-11T00:15:01.663+0000] {taskinstance.py:3134} INFO - Exporting env vars: AIRFLOW_CTX_DAG_OWNER='amrire' AIRFLOW_CTX_DAG_ID='iot_sensor_pipeline' AIRFLOW_CTX_TASK_ID='run_iot_etl_pipeline' AIRFLOW_CTX_EXECUTION_DATE='2026-05-11T00:10:00+00:00' AIRFLOW_CTX_TRY_NUMBER='1' AIRFLOW_CTX_DAG_RUN_ID='scheduled__2026-05-11T00:10:00+00:00'
[2026-05-11T00:15:01.664+0000] {taskinstance.py:732} INFO - ::endgroup::
[2026-05-11T00:15:01.682+0000] {pipeline.py:36} INFO - --- sensor_etl RUN 259 STARTED ---
[2026-05-11T00:15:01.682+0000] {extract.py:8} INFO - Extract started
[2026-05-11T00:15:01.688+0000] {extract.py:43} INFO - Extract completed | rows=31 | runtime=0.01s
[2026-05-11T00:15:01.689+0000] {transform.py:7} INFO - Transform started
[2026-05-11T00:15:01.701+0000] {transform.py:81} INFO - Transform completed | clean_rows=31 | quarantined_rows=0 | runtime=0.01s
[2026-05-11T00:15:01.701+0000] {load.py:9} INFO - Load started for Run ID: 259
[2026-05-11T00:15:01.712+0000] {load.py:41} INFO - Loaded 31 clean records.
[2026-05-11T00:15:01.715+0000] {load.py:67} INFO - Watermark updated | ID: 6422 | TS: 2026-05-11 00:14:58.401852+00:00
[2026-05-11T00:15:01.715+0000] {load.py:74} INFO - Load completed | runtime=0.01s
[2026-05-11T00:15:01.717+0000] {pipeline.py:57} INFO - --- sensor_etl RUN 259 COMPLETED SUCCESSFULLY ---
[2026-05-11T00:15:01.718+0000] {python.py:240} INFO - Done. Returned value was: None
[2026-05-11T00:15:01.727+0000] {taskinstance.py:341} INFO - ::group::Post task execution logs
[2026-05-11T00:15:01.727+0000] {taskinstance.py:353} INFO - Marking task as SUCCESS. dag_id=iot_sensor_pipeline, task_id=run_iot_etl_pipeline, run_id=scheduled__2026-05-11T00:10:00+00:00, execution_date=20260511T001000, start_date=20260511T001501, end_date=20260511T001501
[2026-05-11T00:15:01.776+0000] {local_task_job_runner.py:266} INFO - Task exited with return code 0
[2026-05-11T00:15:01.788+0000] {taskinstance.py:3901} INFO - 0 downstream tasks scheduled from follow-on schedule check
[2026-05-11T00:15:01.790+0000] {local_task_job_runner.py:245} INFO - ::endgroup::
[2026-05-11T00:17:06.687+0000] {local_task_job_runner.py:123} INFO - ::group::Pre task execution logs
[2026-05-11T00:17:06.712+0000] {taskinstance.py:2614} INFO - Dependencies all met for dep_context=non-requeueable deps ti=<TaskInstance: iot_sensor_pipeline.run_iot_etl_pipeline scheduled__2026-05-11T00:10:00+00:00 [queued]>
[2026-05-11T00:17:06.724+0000] {taskinstance.py:2614} INFO - Dependencies all met for dep_context=requeueable deps ti=<TaskInstance: iot_sensor_pipeline.run_iot_etl_pipeline scheduled__2026-05-11T00:10:00+00:00 [queued]>
[2026-05-11T00:17:06.724+0000] {taskinstance.py:2867} INFO - Starting attempt 1 of 2
[2026-05-11T00:17:06.736+0000] {taskinstance.py:2890} INFO - Executing <Task(PythonOperator): run_iot_etl_pipeline> on 2026-05-11 00:10:00+00:00
[2026-05-11T00:17:06.742+0000] {standard_task_runner.py:104} INFO - Running: ['***', 'tasks', 'run', 'iot_sensor_pipeline', 'run_iot_etl_pipeline', 'scheduled__2026-05-11T00:10:00+00:00', '--job-id', '2', '--raw', '--subdir', 'DAGS_FOLDER/iot_dag.py', '--cfg-path', '/tmp/tmp_lpk191h']
[2026-05-11T00:17:06.745+0000] {standard_task_runner.py:105} INFO - Job 2: Subtask run_iot_etl_pipeline
[2026-05-11T00:17:06.745+0000] {logging_mixin.py:190} WARNING - /home/***/.local/lib/python3.12/site-packages/***/task/task_runner/standard_task_runner.py:70 DeprecationWarning: This process (pid=173) is multi-threaded, use of fork() may lead to deadlocks in the child.
[2026-05-11T00:17:06.745+0000] {standard_task_runner.py:72} INFO - Started process 175 to run task
[2026-05-11T00:17:06.791+0000] {task_command.py:467} INFO - Running <TaskInstance: iot_sensor_pipeline.run_iot_etl_pipeline scheduled__2026-05-11T00:10:00+00:00 [running]> on host ed261c86b477
[2026-05-11T00:17:06.873+0000] {taskinstance.py:3134} INFO - Exporting env vars: AIRFLOW_CTX_DAG_OWNER='amrire' AIRFLOW_CTX_DAG_ID='iot_sensor_pipeline' AIRFLOW_CTX_TASK_ID='run_iot_etl_pipeline' AIRFLOW_CTX_EXECUTION_DATE='2026-05-11T00:10:00+00:00' AIRFLOW_CTX_TRY_NUMBER='1' AIRFLOW_CTX_DAG_RUN_ID='scheduled__2026-05-11T00:10:00+00:00'
[2026-05-11T00:17:06.874+0000] {taskinstance.py:732} INFO - ::endgroup::
[2026-05-11T00:17:06.912+0000] {pipeline.py:36} INFO - --- sensor_etl RUN 1 STARTED ---
[2026-05-11T00:17:06.913+0000] {extract.py:8} INFO - Extract started
[2026-05-11T00:17:06.914+0000] {extract.py:23} INFO - No watermark found. Starting from ID 0.
[2026-05-11T00:17:06.918+0000] {extract.py:43} INFO - Extract completed | rows=5 | runtime=0.01s
[2026-05-11T00:17:06.919+0000] {transform.py:7} INFO - Transform started
[2026-05-11T00:17:06.932+0000] {transform.py:81} INFO - Transform completed | clean_rows=5 | quarantined_rows=0 | runtime=0.01s
[2026-05-11T00:17:06.933+0000] {load.py:9} INFO - Load started for Run ID: 1
[2026-05-11T00:17:06.948+0000] {load.py:41} INFO - Loaded 5 clean records.
[2026-05-11T00:17:06.956+0000] {load.py:67} INFO - Watermark updated | ID: 5 | TS: 2026-05-11 00:17:04.968196+00:00
[2026-05-11T00:17:06.957+0000] {load.py:74} INFO - Load completed | runtime=0.02s
[2026-05-11T00:17:06.964+0000] {pipeline.py:57} INFO - --- sensor_etl RUN 1 COMPLETED SUCCESSFULLY ---
[2026-05-11T00:17:06.965+0000] {python.py:240} INFO - Done. Returned value was: None
[2026-05-11T00:17:06.978+0000] {taskinstance.py:341} INFO - ::group::Post task execution logs
[2026-05-11T00:17:06.978+0000] {taskinstance.py:353} INFO - Marking task as SUCCESS. dag_id=iot_sensor_pipeline, task_id=run_iot_etl_pipeline, run_id=scheduled__2026-05-11T00:10:00+00:00, execution_date=20260511T001000, start_date=20260511T001706, end_date=20260511T001706
[2026-05-11T00:17:07.040+0000] {local_task_job_runner.py:266} INFO - Task exited with return code 0
[2026-05-11T00:17:07.058+0000] {taskinstance.py:3901} INFO - 0 downstream tasks scheduled from follow-on schedule check
[2026-05-11T00:17:07.060+0000] {local_task_job_runner.py:245} INFO - ::endgroup::
