[2026-04-22T03:05:00.722+0000] {local_task_job_runner.py:123} INFO - ::group::Pre task execution logs
[2026-04-22T03:05:00.735+0000] {taskinstance.py:2614} INFO - Dependencies all met for dep_context=non-requeueable deps ti=<TaskInstance: iot_sensor_pipeline.run_iot_etl_pipeline scheduled__2026-04-22T03:00:00+00:00 [queued]>
[2026-04-22T03:05:00.741+0000] {taskinstance.py:2614} INFO - Dependencies all met for dep_context=requeueable deps ti=<TaskInstance: iot_sensor_pipeline.run_iot_etl_pipeline scheduled__2026-04-22T03:00:00+00:00 [queued]>
[2026-04-22T03:05:00.742+0000] {taskinstance.py:2867} INFO - Starting attempt 1 of 2
[2026-04-22T03:05:00.750+0000] {taskinstance.py:2890} INFO - Executing <Task(PythonOperator): run_iot_etl_pipeline> on 2026-04-22 03:00:00+00:00
[2026-04-22T03:05:00.757+0000] {standard_task_runner.py:104} INFO - Running: ['***', 'tasks', 'run', 'iot_sensor_pipeline', 'run_iot_etl_pipeline', 'scheduled__2026-04-22T03:00:00+00:00', '--job-id', '90', '--raw', '--subdir', 'DAGS_FOLDER/iot_dag.py', '--cfg-path', '/tmp/tmpr5vr5lvx']
[2026-04-22T03:05:00.759+0000] {logging_mixin.py:190} WARNING - /home/***/.local/lib/python3.12/site-packages/***/task/task_runner/standard_task_runner.py:70 DeprecationWarning: This process (pid=291) is multi-threaded, use of fork() may lead to deadlocks in the child.
[2026-04-22T03:05:00.759+0000] {standard_task_runner.py:105} INFO - Job 90: Subtask run_iot_etl_pipeline
[2026-04-22T03:05:00.759+0000] {standard_task_runner.py:72} INFO - Started process 293 to run task
[2026-04-22T03:05:00.800+0000] {task_command.py:467} INFO - Running <TaskInstance: iot_sensor_pipeline.run_iot_etl_pipeline scheduled__2026-04-22T03:00:00+00:00 [running]> on host 63e2ee4205d5
[2026-04-22T03:05:00.875+0000] {taskinstance.py:3134} INFO - Exporting env vars: AIRFLOW_CTX_DAG_OWNER='amrire' AIRFLOW_CTX_DAG_ID='iot_sensor_pipeline' AIRFLOW_CTX_TASK_ID='run_iot_etl_pipeline' AIRFLOW_CTX_EXECUTION_DATE='2026-04-22T03:00:00+00:00' AIRFLOW_CTX_TRY_NUMBER='1' AIRFLOW_CTX_DAG_RUN_ID='scheduled__2026-04-22T03:00:00+00:00'
[2026-04-22T03:05:00.876+0000] {taskinstance.py:732} INFO - ::endgroup::
[2026-04-22T03:05:00.895+0000] {pipeline.py:25} INFO - Pipeline run 2 started
[2026-04-22T03:05:00.895+0000] {extract.py:8} INFO - Extract started
[2026-04-22T03:05:00.901+0000] {extract.py:43} INFO - Extract completed | rows=75 | runtime=0.01s
[2026-04-22T03:05:00.903+0000] {transform.py:7} INFO - Transform started
[2026-04-22T03:05:00.914+0000] {transform.py:73} INFO - Transform completed | clean_rows=75 | quarantined_rows=0 | runtime=0.01s
[2026-04-22T03:05:00.914+0000] {load.py:10} INFO - Load started for Run ID: 2
[2026-04-22T03:05:00.927+0000] {load.py:33} INFO - Loaded 75 clean records.
[2026-04-22T03:05:00.929+0000] {load.py:61} INFO - Watermark successfully updated to 2026-04-22 03:04:20.804311+00:00.
[2026-04-22T03:05:00.930+0000] {load.py:68} INFO - Load completed | runtime=0.02s
[2026-04-22T03:05:00.932+0000] {pipeline.py:51} INFO - Pipeline run 2 completed successfully
[2026-04-22T03:05:00.933+0000] {python.py:240} INFO - Done. Returned value was: None
[2026-04-22T03:05:00.941+0000] {taskinstance.py:341} INFO - ::group::Post task execution logs
[2026-04-22T03:05:00.941+0000] {taskinstance.py:353} INFO - Marking task as SUCCESS. dag_id=iot_sensor_pipeline, task_id=run_iot_etl_pipeline, run_id=scheduled__2026-04-22T03:00:00+00:00, execution_date=20260422T030000, start_date=20260422T030500, end_date=20260422T030500
[2026-04-22T03:05:00.973+0000] {local_task_job_runner.py:266} INFO - Task exited with return code 0
[2026-04-22T03:05:00.986+0000] {taskinstance.py:3901} INFO - 0 downstream tasks scheduled from follow-on schedule check
[2026-04-22T03:05:00.988+0000] {local_task_job_runner.py:245} INFO - ::endgroup::
