[2026-04-21T23:03:18.314+0000] {local_task_job_runner.py:123} INFO - ::group::Pre task execution logs
[2026-04-21T23:03:18.325+0000] {taskinstance.py:2614} INFO - Dependencies all met for dep_context=non-requeueable deps ti=<TaskInstance: iot_sensor_pipeline.run_iot_etl_pipeline manual__2026-04-21T22:58:16.572884+00:00 [queued]>
[2026-04-21T23:03:18.330+0000] {taskinstance.py:2614} INFO - Dependencies all met for dep_context=requeueable deps ti=<TaskInstance: iot_sensor_pipeline.run_iot_etl_pipeline manual__2026-04-21T22:58:16.572884+00:00 [queued]>
[2026-04-21T23:03:18.330+0000] {taskinstance.py:2867} INFO - Starting attempt 2 of 2
[2026-04-21T23:03:18.338+0000] {taskinstance.py:2890} INFO - Executing <Task(PythonOperator): run_iot_etl_pipeline> on 2026-04-21 22:58:16.572884+00:00
[2026-04-21T23:03:18.345+0000] {standard_task_runner.py:104} INFO - Running: ['***', 'tasks', 'run', 'iot_sensor_pipeline', 'run_iot_etl_pipeline', 'manual__2026-04-21T22:58:16.572884+00:00', '--job-id', '9', '--raw', '--subdir', 'DAGS_FOLDER/iot_dag.py', '--cfg-path', '/tmp/tmp69y9c5zg']
[2026-04-21T23:03:18.347+0000] {logging_mixin.py:190} WARNING - /home/***/.local/lib/python3.12/site-packages/***/task/task_runner/standard_task_runner.py:70 DeprecationWarning: This process (pid=197) is multi-threaded, use of fork() may lead to deadlocks in the child.
[2026-04-21T23:03:18.348+0000] {standard_task_runner.py:105} INFO - Job 9: Subtask run_iot_etl_pipeline
[2026-04-21T23:03:18.348+0000] {standard_task_runner.py:72} INFO - Started process 199 to run task
[2026-04-21T23:03:18.385+0000] {task_command.py:467} INFO - Running <TaskInstance: iot_sensor_pipeline.run_iot_etl_pipeline manual__2026-04-21T22:58:16.572884+00:00 [running]> on host 3b74ecf2fd6a
[2026-04-21T23:03:18.445+0000] {taskinstance.py:3134} INFO - Exporting env vars: AIRFLOW_CTX_DAG_OWNER='amrire' AIRFLOW_CTX_DAG_ID='iot_sensor_pipeline' AIRFLOW_CTX_TASK_ID='run_iot_etl_pipeline' AIRFLOW_CTX_EXECUTION_DATE='2026-04-21T22:58:16.572884+00:00' AIRFLOW_CTX_TRY_NUMBER='2' AIRFLOW_CTX_DAG_RUN_ID='manual__2026-04-21T22:58:16.572884+00:00'
[2026-04-21T23:03:18.446+0000] {taskinstance.py:732} INFO - ::endgroup::
[2026-04-21T23:03:18.465+0000] {pipeline.py:25} INFO - Pipeline run 5 started
[2026-04-21T23:03:18.465+0000] {extract.py:8} INFO - Extract started
[2026-04-21T23:03:18.472+0000] {extract.py:43} INFO - Extract completed | rows=19 | runtime=0.01s
[2026-04-21T23:03:18.474+0000] {transform.py:7} INFO - Transform started
[2026-04-21T23:03:18.485+0000] {transform.py:73} INFO - Transform completed | clean_rows=19 | quarantined_rows=0 | runtime=0.01s
[2026-04-21T23:03:18.485+0000] {load.py:10} INFO - Load started for Run ID: 5
[2026-04-21T23:03:18.491+0000] {load.py:33} INFO - Loaded 19 clean records.
[2026-04-21T23:03:18.494+0000] {load.py:61} INFO - Watermark successfully updated to 2026-04-21 23:03:13.843672+00:00.
[2026-04-21T23:03:18.494+0000] {load.py:68} INFO - Load completed | runtime=0.01s
[2026-04-21T23:03:18.497+0000] {pipeline.py:51} INFO - Pipeline run 5 completed successfully
[2026-04-21T23:03:18.497+0000] {python.py:240} INFO - Done. Returned value was: None
[2026-04-21T23:03:18.505+0000] {taskinstance.py:341} INFO - ::group::Post task execution logs
[2026-04-21T23:03:18.506+0000] {taskinstance.py:353} INFO - Marking task as SUCCESS. dag_id=iot_sensor_pipeline, task_id=run_iot_etl_pipeline, run_id=manual__2026-04-21T22:58:16.572884+00:00, execution_date=20260421T225816, start_date=20260421T230318, end_date=20260421T230318
[2026-04-21T23:03:18.562+0000] {local_task_job_runner.py:266} INFO - Task exited with return code 0
[2026-04-21T23:03:18.576+0000] {taskinstance.py:3901} INFO - 0 downstream tasks scheduled from follow-on schedule check
[2026-04-21T23:03:18.578+0000] {local_task_job_runner.py:245} INFO - ::endgroup::
