[2026-05-04T02:30:00.736+0000] {local_task_job_runner.py:123} INFO - ::group::Pre task execution logs
[2026-05-04T02:30:00.749+0000] {taskinstance.py:2614} INFO - Dependencies all met for dep_context=non-requeueable deps ti=<TaskInstance: iot_sensor_pipeline.run_iot_etl_pipeline scheduled__2026-05-04T02:25:00+00:00 [queued]>
[2026-05-04T02:30:00.754+0000] {taskinstance.py:2614} INFO - Dependencies all met for dep_context=requeueable deps ti=<TaskInstance: iot_sensor_pipeline.run_iot_etl_pipeline scheduled__2026-05-04T02:25:00+00:00 [queued]>
[2026-05-04T02:30:00.754+0000] {taskinstance.py:2867} INFO - Starting attempt 1 of 2
[2026-05-04T02:30:00.764+0000] {taskinstance.py:2890} INFO - Executing <Task(PythonOperator): run_iot_etl_pipeline> on 2026-05-04 02:25:00+00:00
[2026-05-04T02:30:00.772+0000] {standard_task_runner.py:104} INFO - Running: ['***', 'tasks', 'run', 'iot_sensor_pipeline', 'run_iot_etl_pipeline', 'scheduled__2026-05-04T02:25:00+00:00', '--job-id', '1777', '--raw', '--subdir', 'DAGS_FOLDER/iot_dag.py', '--cfg-path', '/tmp/tmpv4rlsb6l']
[2026-05-04T02:30:00.775+0000] {standard_task_runner.py:105} INFO - Job 1777: Subtask run_iot_etl_pipeline
[2026-05-04T02:30:00.775+0000] {logging_mixin.py:190} WARNING - /home/***/.local/lib/python3.12/site-packages/***/task/task_runner/standard_task_runner.py:70 DeprecationWarning: This process (pid=1831) is multi-threaded, use of fork() may lead to deadlocks in the child.
[2026-05-04T02:30:00.775+0000] {standard_task_runner.py:72} INFO - Started process 1833 to run task
[2026-05-04T02:30:00.816+0000] {task_command.py:467} INFO - Running <TaskInstance: iot_sensor_pipeline.run_iot_etl_pipeline scheduled__2026-05-04T02:25:00+00:00 [running]> on host 4a6d37e2ab87
[2026-05-04T02:30:00.885+0000] {taskinstance.py:3134} INFO - Exporting env vars: AIRFLOW_CTX_DAG_OWNER='amrire' AIRFLOW_CTX_DAG_ID='iot_sensor_pipeline' AIRFLOW_CTX_TASK_ID='run_iot_etl_pipeline' AIRFLOW_CTX_EXECUTION_DATE='2026-05-04T02:25:00+00:00' AIRFLOW_CTX_TRY_NUMBER='1' AIRFLOW_CTX_DAG_RUN_ID='scheduled__2026-05-04T02:25:00+00:00'
[2026-05-04T02:30:00.886+0000] {taskinstance.py:732} INFO - ::endgroup::
[2026-05-04T02:30:00.907+0000] {pipeline.py:25} INFO - Pipeline run 1625 started
[2026-05-04T02:30:00.907+0000] {extract.py:8} INFO - Extract started
[2026-05-04T02:30:00.914+0000] {extract.py:43} INFO - Extract completed | rows=51 | runtime=0.01s
[2026-05-04T02:30:00.916+0000] {transform.py:7} INFO - Transform started
[2026-05-04T02:30:00.928+0000] {transform.py:81} INFO - Transform completed | clean_rows=51 | quarantined_rows=0 | runtime=0.01s
[2026-05-04T02:30:00.928+0000] {logging_mixin.py:190} INFO - DEBUG - CLEAN COLS: ['raw_id', 'run_id', 'device_id', 'event_ts_ms', 'event_ts', 'temperature', 'humidity', 'source', 'ingest_ts']
[2026-05-04T02:30:00.929+0000] {logging_mixin.py:190} INFO - DEBUG - NULL COUNT: 0
[2026-05-04T02:30:00.929+0000] {load.py:10} INFO - Load started for Run ID: 1625
[2026-05-04T02:30:00.941+0000] {load.py:39} INFO - Loaded 51 clean records.
[2026-05-04T02:30:00.943+0000] {load.py:62} INFO - Watermark updated to ID: 53534.
[2026-05-04T02:30:00.944+0000] {load.py:69} INFO - Load completed | runtime=0.01s
[2026-05-04T02:30:00.946+0000] {pipeline.py:51} INFO - Pipeline run 1625 completed successfully
[2026-05-04T02:30:00.946+0000] {python.py:240} INFO - Done. Returned value was: None
[2026-05-04T02:30:00.956+0000] {taskinstance.py:341} INFO - ::group::Post task execution logs
[2026-05-04T02:30:00.957+0000] {taskinstance.py:353} INFO - Marking task as SUCCESS. dag_id=iot_sensor_pipeline, task_id=run_iot_etl_pipeline, run_id=scheduled__2026-05-04T02:25:00+00:00, execution_date=20260504T022500, start_date=20260504T023000, end_date=20260504T023000
[2026-05-04T02:30:00.989+0000] {local_task_job_runner.py:266} INFO - Task exited with return code 0
[2026-05-04T02:30:01.001+0000] {taskinstance.py:3901} INFO - 0 downstream tasks scheduled from follow-on schedule check
[2026-05-04T02:30:01.004+0000] {local_task_job_runner.py:245} INFO - ::endgroup::
