[2026-04-22T21:15:04.389+0000] {local_task_job_runner.py:123} INFO - ::group::Pre task execution logs
[2026-04-22T21:15:04.399+0000] {taskinstance.py:2614} INFO - Dependencies all met for dep_context=non-requeueable deps ti=<TaskInstance: iot_sensor_pipeline.run_iot_etl_pipeline scheduled__2026-04-22T21:05:00+00:00 [queued]>
[2026-04-22T21:15:04.404+0000] {taskinstance.py:2614} INFO - Dependencies all met for dep_context=requeueable deps ti=<TaskInstance: iot_sensor_pipeline.run_iot_etl_pipeline scheduled__2026-04-22T21:05:00+00:00 [queued]>
[2026-04-22T21:15:04.404+0000] {taskinstance.py:2867} INFO - Starting attempt 2 of 2
[2026-04-22T21:15:04.412+0000] {taskinstance.py:2890} INFO - Executing <Task(PythonOperator): run_iot_etl_pipeline> on 2026-04-22 21:05:00+00:00
[2026-04-22T21:15:04.418+0000] {standard_task_runner.py:104} INFO - Running: ['***', 'tasks', 'run', 'iot_sensor_pipeline', 'run_iot_etl_pipeline', 'scheduled__2026-04-22T21:05:00+00:00', '--job-id', '104', '--raw', '--subdir', 'DAGS_FOLDER/iot_dag.py', '--cfg-path', '/tmp/tmpktvpm591']
[2026-04-22T21:15:04.420+0000] {logging_mixin.py:190} WARNING - /home/***/.local/lib/python3.12/site-packages/***/task/task_runner/standard_task_runner.py:70 DeprecationWarning: This process (pid=281) is multi-threaded, use of fork() may lead to deadlocks in the child.
[2026-04-22T21:15:04.420+0000] {standard_task_runner.py:105} INFO - Job 104: Subtask run_iot_etl_pipeline
[2026-04-22T21:15:04.420+0000] {standard_task_runner.py:72} INFO - Started process 283 to run task
[2026-04-22T21:15:04.455+0000] {task_command.py:467} INFO - Running <TaskInstance: iot_sensor_pipeline.run_iot_etl_pipeline scheduled__2026-04-22T21:05:00+00:00 [running]> on host 0471fb5f5ee0
[2026-04-22T21:15:04.509+0000] {taskinstance.py:3134} INFO - Exporting env vars: AIRFLOW_CTX_DAG_OWNER='amrire' AIRFLOW_CTX_DAG_ID='iot_sensor_pipeline' AIRFLOW_CTX_TASK_ID='run_iot_etl_pipeline' AIRFLOW_CTX_EXECUTION_DATE='2026-04-22T21:05:00+00:00' AIRFLOW_CTX_TRY_NUMBER='2' AIRFLOW_CTX_DAG_RUN_ID='scheduled__2026-04-22T21:05:00+00:00'
[2026-04-22T21:15:04.510+0000] {taskinstance.py:732} INFO - ::endgroup::
[2026-04-22T21:15:04.527+0000] {pipeline.py:25} INFO - Pipeline run 6 started
[2026-04-22T21:15:04.527+0000] {extract.py:8} INFO - Extract started
[2026-04-22T21:15:04.528+0000] {extract.py:23} INFO - No watermark found. Starting from ID 0.
[2026-04-22T21:15:04.532+0000] {extract.py:43} INFO - Extract completed | rows=76 | runtime=0.01s
[2026-04-22T21:15:04.534+0000] {transform.py:7} INFO - Transform started
[2026-04-22T21:15:04.542+0000] {transform.py:73} INFO - Transform completed | clean_rows=76 | quarantined_rows=0 | runtime=0.01s
[2026-04-22T21:15:04.542+0000] {load.py:10} INFO - Load started for Run ID: 6
[2026-04-22T21:15:04.545+0000] {load.py:65} ERROR - Load failed for Run ID: 6
Traceback (most recent call last):
  File "/home/airflow/.local/lib/python3.12/site-packages/sqlalchemy/engine/base.py", line 1890, in _execute_context
    self.dialect.do_executemany(
  File "/home/airflow/.local/lib/python3.12/site-packages/sqlalchemy/dialects/postgresql/psycopg2.py", line 1000, in do_executemany
    cursor.executemany(statement, parameters)
psycopg2.errors.NotNullViolation: null value in column "event_ts_ms" of relation "clean_events" violates not-null constraint
DETAIL:  Failing row contains (6, 1, 6, pico_001, null, 2026-04-22 22:07:44+00, 27.4, 74.200008, flask_api, 2026-04-22 21:07:43.797959+00, 2026-04-22 21:15:04.544557+00).


The above exception was the direct cause of the following exception:

Traceback (most recent call last):
  File "/opt/airflow/dags/load.py", line 33, in load
    conn.execute(text("""
  File "/home/airflow/.local/lib/python3.12/site-packages/sqlalchemy/engine/base.py", line 1385, in execute
    return meth(self, multiparams, params, _EMPTY_EXECUTION_OPTS)
           ^^^^^^^^^^^^^^^^^^^^^^^^^^^^^^^^^^^^^^^^^^^^^^^^^^^^^^
  File "/home/airflow/.local/lib/python3.12/site-packages/sqlalchemy/sql/elements.py", line 334, in _execute_on_connection
    return connection._execute_clauseelement(
           ^^^^^^^^^^^^^^^^^^^^^^^^^^^^^^^^^^
  File "/home/airflow/.local/lib/python3.12/site-packages/sqlalchemy/engine/base.py", line 1577, in _execute_clauseelement
    ret = self._execute_context(
          ^^^^^^^^^^^^^^^^^^^^^^
  File "/home/airflow/.local/lib/python3.12/site-packages/sqlalchemy/engine/base.py", line 1953, in _execute_context
    self._handle_dbapi_exception(
  File "/home/airflow/.local/lib/python3.12/site-packages/sqlalchemy/engine/base.py", line 2134, in _handle_dbapi_exception
    util.raise_(
  File "/home/airflow/.local/lib/python3.12/site-packages/sqlalchemy/util/compat.py", line 211, in raise_
    raise exception
  File "/home/airflow/.local/lib/python3.12/site-packages/sqlalchemy/engine/base.py", line 1890, in _execute_context
    self.dialect.do_executemany(
  File "/home/airflow/.local/lib/python3.12/site-packages/sqlalchemy/dialects/postgresql/psycopg2.py", line 1000, in do_executemany
    cursor.executemany(statement, parameters)
sqlalchemy.exc.IntegrityError: (psycopg2.errors.NotNullViolation) null value in column "event_ts_ms" of relation "clean_events" violates not-null constraint
DETAIL:  Failing row contains (6, 1, 6, pico_001, null, 2026-04-22 22:07:44+00, 27.4, 74.200008, flask_api, 2026-04-22 21:07:43.797959+00, 2026-04-22 21:15:04.544557+00).

[SQL: 
                    INSERT INTO iot_clean.clean_events 
                    (raw_id, run_id, device_id, event_ts, temperature, humidity, source, ingest_ts)
                    VALUES (%(raw_id)s, %(run_id)s, %(device_id)s, %(event_ts)s, %(temperature)s, %(humidity)s, %(source)s, %(ingest_ts)s)
                    ON CONFLICT (raw_id) DO NOTHING
                ]
[parameters: ({'raw_id': 1, 'run_id': 6, 'device_id': 'pico_001', 'event_ts': Timestamp('2026-04-22 22:07:44+0000', tz='UTC'), 'temperature': 27.4, 'humidity': 74.200008, 'source': 'flask_api', 'ingest_ts': Timestamp('2026-04-22 21:07:43.797959+0000', tz='UTC')}, {'raw_id': 2, 'run_id': 6, 'device_id': 'pico_001', 'event_ts': Timestamp('2026-04-22 22:07:50+0000', tz='UTC'), 'temperature': 27.300002, 'humidity': 74.200008, 'source': 'flask_api', 'ingest_ts': Timestamp('2026-04-22 21:07:49.218783+0000', tz='UTC')}, {'raw_id': 3, 'run_id': 6, 'device_id': 'pico_001', 'event_ts': Timestamp('2026-04-22 22:07:56+0000', tz='UTC'), 'temperature': 27.4, 'humidity': 74.200008, 'source': 'flask_api', 'ingest_ts': Timestamp('2026-04-22 21:07:56.895117+0000', tz='UTC')}, {'raw_id': 4, 'run_id': 6, 'device_id': 'pico_001', 'event_ts': Timestamp('2026-04-22 22:08:02+0000', tz='UTC'), 'temperature': 27.4, 'humidity': 74.200008, 'source': 'flask_api', 'ingest_ts': Timestamp('2026-04-22 21:08:02.273867+0000', tz='UTC')}, {'raw_id': 5, 'run_id': 6, 'device_id': 'pico_001', 'event_ts': Timestamp('2026-04-22 22:08:07+0000', tz='UTC'), 'temperature': 27.300002, 'humidity': 74.1, 'source': 'flask_api', 'ingest_ts': Timestamp('2026-04-22 21:08:07.737048+0000', tz='UTC')}, {'raw_id': 6, 'run_id': 6, 'device_id': 'pico_001', 'event_ts': Timestamp('2026-04-22 22:08:13+0000', tz='UTC'), 'temperature': 27.300002, 'humidity': 74.200008, 'source': 'flask_api', 'ingest_ts': Timestamp('2026-04-22 21:08:13.294437+0000', tz='UTC')}, {'raw_id': 7, 'run_id': 6, 'device_id': 'pico_001', 'event_ts': Timestamp('2026-04-22 22:08:19+0000', tz='UTC'), 'temperature': 27.300002, 'humidity': 74.1, 'source': 'flask_api', 'ingest_ts': Timestamp('2026-04-22 21:08:18.737907+0000', tz='UTC')}, {'raw_id': 8, 'run_id': 6, 'device_id': 'pico_001', 'event_ts': Timestamp('2026-04-22 22:08:25+0000', tz='UTC'), 'temperature': 27.300002, 'humidity': 74.200008, 'source': 'flask_api', 'ingest_ts': Timestamp('2026-04-22 21:08:24.843220+0000', tz='UTC')}  ... displaying 10 of 76 total bound parameter sets ...  {'raw_id': 75, 'run_id': 6, 'device_id': 'pico_001', 'event_ts': Timestamp('2026-04-22 22:14:58+0000', tz='UTC'), 'temperature': 27.2, 'humidity': 72.8, 'source': 'flask_api', 'ingest_ts': Timestamp('2026-04-22 21:14:58.642013+0000', tz='UTC')}, {'raw_id': 76, 'run_id': 6, 'device_id': 'pico_001', 'event_ts': Timestamp('2026-04-22 22:15:04+0000', tz='UTC'), 'temperature': 27.2, 'humidity': 72.8, 'source': 'flask_api', 'ingest_ts': Timestamp('2026-04-22 21:15:04.012632+0000', tz='UTC')})]
(Background on this error at: https://sqlalche.me/e/14/gkpj)
[2026-04-22T21:15:04.548+0000] {pipeline.py:54} ERROR - Pipeline 6 failed
Traceback (most recent call last):
  File "/home/airflow/.local/lib/python3.12/site-packages/sqlalchemy/engine/base.py", line 1890, in _execute_context
    self.dialect.do_executemany(
  File "/home/airflow/.local/lib/python3.12/site-packages/sqlalchemy/dialects/postgresql/psycopg2.py", line 1000, in do_executemany
    cursor.executemany(statement, parameters)
psycopg2.errors.NotNullViolation: null value in column "event_ts_ms" of relation "clean_events" violates not-null constraint
DETAIL:  Failing row contains (6, 1, 6, pico_001, null, 2026-04-22 22:07:44+00, 27.4, 74.200008, flask_api, 2026-04-22 21:07:43.797959+00, 2026-04-22 21:15:04.544557+00).


The above exception was the direct cause of the following exception:

Traceback (most recent call last):
  File "/opt/airflow/dags/pipeline.py", line 47, in run_pipeline
    load(df_clean, df_quarantine, engine, run_id)
  File "/opt/airflow/dags/load.py", line 33, in load
    conn.execute(text("""
  File "/home/airflow/.local/lib/python3.12/site-packages/sqlalchemy/engine/base.py", line 1385, in execute
    return meth(self, multiparams, params, _EMPTY_EXECUTION_OPTS)
           ^^^^^^^^^^^^^^^^^^^^^^^^^^^^^^^^^^^^^^^^^^^^^^^^^^^^^^
  File "/home/airflow/.local/lib/python3.12/site-packages/sqlalchemy/sql/elements.py", line 334, in _execute_on_connection
    return connection._execute_clauseelement(
           ^^^^^^^^^^^^^^^^^^^^^^^^^^^^^^^^^^
  File "/home/airflow/.local/lib/python3.12/site-packages/sqlalchemy/engine/base.py", line 1577, in _execute_clauseelement
    ret = self._execute_context(
          ^^^^^^^^^^^^^^^^^^^^^^
  File "/home/airflow/.local/lib/python3.12/site-packages/sqlalchemy/engine/base.py", line 1953, in _execute_context
    self._handle_dbapi_exception(
  File "/home/airflow/.local/lib/python3.12/site-packages/sqlalchemy/engine/base.py", line 2134, in _handle_dbapi_exception
    util.raise_(
  File "/home/airflow/.local/lib/python3.12/site-packages/sqlalchemy/util/compat.py", line 211, in raise_
    raise exception
  File "/home/airflow/.local/lib/python3.12/site-packages/sqlalchemy/engine/base.py", line 1890, in _execute_context
    self.dialect.do_executemany(
  File "/home/airflow/.local/lib/python3.12/site-packages/sqlalchemy/dialects/postgresql/psycopg2.py", line 1000, in do_executemany
    cursor.executemany(statement, parameters)
sqlalchemy.exc.IntegrityError: (psycopg2.errors.NotNullViolation) null value in column "event_ts_ms" of relation "clean_events" violates not-null constraint
DETAIL:  Failing row contains (6, 1, 6, pico_001, null, 2026-04-22 22:07:44+00, 27.4, 74.200008, flask_api, 2026-04-22 21:07:43.797959+00, 2026-04-22 21:15:04.544557+00).

[SQL: 
                    INSERT INTO iot_clean.clean_events 
                    (raw_id, run_id, device_id, event_ts, temperature, humidity, source, ingest_ts)
                    VALUES (%(raw_id)s, %(run_id)s, %(device_id)s, %(event_ts)s, %(temperature)s, %(humidity)s, %(source)s, %(ingest_ts)s)
                    ON CONFLICT (raw_id) DO NOTHING
                ]
[parameters: ({'raw_id': 1, 'run_id': 6, 'device_id': 'pico_001', 'event_ts': Timestamp('2026-04-22 22:07:44+0000', tz='UTC'), 'temperature': 27.4, 'humidity': 74.200008, 'source': 'flask_api', 'ingest_ts': Timestamp('2026-04-22 21:07:43.797959+0000', tz='UTC')}, {'raw_id': 2, 'run_id': 6, 'device_id': 'pico_001', 'event_ts': Timestamp('2026-04-22 22:07:50+0000', tz='UTC'), 'temperature': 27.300002, 'humidity': 74.200008, 'source': 'flask_api', 'ingest_ts': Timestamp('2026-04-22 21:07:49.218783+0000', tz='UTC')}, {'raw_id': 3, 'run_id': 6, 'device_id': 'pico_001', 'event_ts': Timestamp('2026-04-22 22:07:56+0000', tz='UTC'), 'temperature': 27.4, 'humidity': 74.200008, 'source': 'flask_api', 'ingest_ts': Timestamp('2026-04-22 21:07:56.895117+0000', tz='UTC')}, {'raw_id': 4, 'run_id': 6, 'device_id': 'pico_001', 'event_ts': Timestamp('2026-04-22 22:08:02+0000', tz='UTC'), 'temperature': 27.4, 'humidity': 74.200008, 'source': 'flask_api', 'ingest_ts': Timestamp('2026-04-22 21:08:02.273867+0000', tz='UTC')}, {'raw_id': 5, 'run_id': 6, 'device_id': 'pico_001', 'event_ts': Timestamp('2026-04-22 22:08:07+0000', tz='UTC'), 'temperature': 27.300002, 'humidity': 74.1, 'source': 'flask_api', 'ingest_ts': Timestamp('2026-04-22 21:08:07.737048+0000', tz='UTC')}, {'raw_id': 6, 'run_id': 6, 'device_id': 'pico_001', 'event_ts': Timestamp('2026-04-22 22:08:13+0000', tz='UTC'), 'temperature': 27.300002, 'humidity': 74.200008, 'source': 'flask_api', 'ingest_ts': Timestamp('2026-04-22 21:08:13.294437+0000', tz='UTC')}, {'raw_id': 7, 'run_id': 6, 'device_id': 'pico_001', 'event_ts': Timestamp('2026-04-22 22:08:19+0000', tz='UTC'), 'temperature': 27.300002, 'humidity': 74.1, 'source': 'flask_api', 'ingest_ts': Timestamp('2026-04-22 21:08:18.737907+0000', tz='UTC')}, {'raw_id': 8, 'run_id': 6, 'device_id': 'pico_001', 'event_ts': Timestamp('2026-04-22 22:08:25+0000', tz='UTC'), 'temperature': 27.300002, 'humidity': 74.200008, 'source': 'flask_api', 'ingest_ts': Timestamp('2026-04-22 21:08:24.843220+0000', tz='UTC')}  ... displaying 10 of 76 total bound parameter sets ...  {'raw_id': 75, 'run_id': 6, 'device_id': 'pico_001', 'event_ts': Timestamp('2026-04-22 22:14:58+0000', tz='UTC'), 'temperature': 27.2, 'humidity': 72.8, 'source': 'flask_api', 'ingest_ts': Timestamp('2026-04-22 21:14:58.642013+0000', tz='UTC')}, {'raw_id': 76, 'run_id': 6, 'device_id': 'pico_001', 'event_ts': Timestamp('2026-04-22 22:15:04+0000', tz='UTC'), 'temperature': 27.2, 'humidity': 72.8, 'source': 'flask_api', 'ingest_ts': Timestamp('2026-04-22 21:15:04.012632+0000', tz='UTC')})]
(Background on this error at: https://sqlalche.me/e/14/gkpj)
[2026-04-22T21:15:04.552+0000] {taskinstance.py:3313} ERROR - Task failed with exception
Traceback (most recent call last):
  File "/home/airflow/.local/lib/python3.12/site-packages/sqlalchemy/engine/base.py", line 1890, in _execute_context
    self.dialect.do_executemany(
  File "/home/airflow/.local/lib/python3.12/site-packages/sqlalchemy/dialects/postgresql/psycopg2.py", line 1000, in do_executemany
    cursor.executemany(statement, parameters)
psycopg2.errors.NotNullViolation: null value in column "event_ts_ms" of relation "clean_events" violates not-null constraint
DETAIL:  Failing row contains (6, 1, 6, pico_001, null, 2026-04-22 22:07:44+00, 27.4, 74.200008, flask_api, 2026-04-22 21:07:43.797959+00, 2026-04-22 21:15:04.544557+00).


The above exception was the direct cause of the following exception:

Traceback (most recent call last):
  File "/home/airflow/.local/lib/python3.12/site-packages/airflow/models/taskinstance.py", line 768, in _execute_task
    result = _execute_callable(context=context, **execute_callable_kwargs)
             ^^^^^^^^^^^^^^^^^^^^^^^^^^^^^^^^^^^^^^^^^^^^^^^^^^^^^^^^^^^^^
  File "/home/airflow/.local/lib/python3.12/site-packages/airflow/models/taskinstance.py", line 734, in _execute_callable
    return ExecutionCallableRunner(
           ^^^^^^^^^^^^^^^^^^^^^^^^
  File "/home/airflow/.local/lib/python3.12/site-packages/airflow/utils/operator_helpers.py", line 252, in run
    return self.func(*args, **kwargs)
           ^^^^^^^^^^^^^^^^^^^^^^^^^^
  File "/home/airflow/.local/lib/python3.12/site-packages/airflow/models/baseoperator.py", line 424, in wrapper
    return func(self, *args, **kwargs)
           ^^^^^^^^^^^^^^^^^^^^^^^^^^^
  File "/home/airflow/.local/lib/python3.12/site-packages/airflow/operators/python.py", line 238, in execute
    return_value = self.execute_callable()
                   ^^^^^^^^^^^^^^^^^^^^^^^
  File "/home/airflow/.local/lib/python3.12/site-packages/airflow/operators/python.py", line 256, in execute_callable
    return runner.run(*self.op_args, **self.op_kwargs)
           ^^^^^^^^^^^^^^^^^^^^^^^^^^^^^^^^^^^^^^^^^^^
  File "/home/airflow/.local/lib/python3.12/site-packages/airflow/utils/operator_helpers.py", line 252, in run
    return self.func(*args, **kwargs)
           ^^^^^^^^^^^^^^^^^^^^^^^^^^
  File "/opt/airflow/dags/pipeline.py", line 47, in run_pipeline
    load(df_clean, df_quarantine, engine, run_id)
  File "/opt/airflow/dags/load.py", line 33, in load
    conn.execute(text("""
  File "/home/airflow/.local/lib/python3.12/site-packages/sqlalchemy/engine/base.py", line 1385, in execute
    return meth(self, multiparams, params, _EMPTY_EXECUTION_OPTS)
           ^^^^^^^^^^^^^^^^^^^^^^^^^^^^^^^^^^^^^^^^^^^^^^^^^^^^^^
  File "/home/airflow/.local/lib/python3.12/site-packages/sqlalchemy/sql/elements.py", line 334, in _execute_on_connection
    return connection._execute_clauseelement(
           ^^^^^^^^^^^^^^^^^^^^^^^^^^^^^^^^^^
  File "/home/airflow/.local/lib/python3.12/site-packages/sqlalchemy/engine/base.py", line 1577, in _execute_clauseelement
    ret = self._execute_context(
          ^^^^^^^^^^^^^^^^^^^^^^
  File "/home/airflow/.local/lib/python3.12/site-packages/sqlalchemy/engine/base.py", line 1953, in _execute_context
    self._handle_dbapi_exception(
  File "/home/airflow/.local/lib/python3.12/site-packages/sqlalchemy/engine/base.py", line 2134, in _handle_dbapi_exception
    util.raise_(
  File "/home/airflow/.local/lib/python3.12/site-packages/sqlalchemy/util/compat.py", line 211, in raise_
    raise exception
  File "/home/airflow/.local/lib/python3.12/site-packages/sqlalchemy/engine/base.py", line 1890, in _execute_context
    self.dialect.do_executemany(
  File "/home/airflow/.local/lib/python3.12/site-packages/sqlalchemy/dialects/postgresql/psycopg2.py", line 1000, in do_executemany
    cursor.executemany(statement, parameters)
sqlalchemy.exc.IntegrityError: (psycopg2.errors.NotNullViolation) null value in column "event_ts_ms" of relation "clean_events" violates not-null constraint
DETAIL:  Failing row contains (6, 1, 6, pico_001, null, 2026-04-22 22:07:44+00, 27.4, 74.200008, flask_api, 2026-04-22 21:07:43.797959+00, 2026-04-22 21:15:04.544557+00).

[SQL: 
                    INSERT INTO iot_clean.clean_events 
                    (raw_id, run_id, device_id, event_ts, temperature, humidity, source, ingest_ts)
                    VALUES (%(raw_id)s, %(run_id)s, %(device_id)s, %(event_ts)s, %(temperature)s, %(humidity)s, %(source)s, %(ingest_ts)s)
                    ON CONFLICT (raw_id) DO NOTHING
                ]
[parameters: ({'raw_id': 1, 'run_id': 6, 'device_id': 'pico_001', 'event_ts': Timestamp('2026-04-22 22:07:44+0000', tz='UTC'), 'temperature': 27.4, 'humidity': 74.200008, 'source': 'flask_api', 'ingest_ts': Timestamp('2026-04-22 21:07:43.797959+0000', tz='UTC')}, {'raw_id': 2, 'run_id': 6, 'device_id': 'pico_001', 'event_ts': Timestamp('2026-04-22 22:07:50+0000', tz='UTC'), 'temperature': 27.300002, 'humidity': 74.200008, 'source': 'flask_api', 'ingest_ts': Timestamp('2026-04-22 21:07:49.218783+0000', tz='UTC')}, {'raw_id': 3, 'run_id': 6, 'device_id': 'pico_001', 'event_ts': Timestamp('2026-04-22 22:07:56+0000', tz='UTC'), 'temperature': 27.4, 'humidity': 74.200008, 'source': 'flask_api', 'ingest_ts': Timestamp('2026-04-22 21:07:56.895117+0000', tz='UTC')}, {'raw_id': 4, 'run_id': 6, 'device_id': 'pico_001', 'event_ts': Timestamp('2026-04-22 22:08:02+0000', tz='UTC'), 'temperature': 27.4, 'humidity': 74.200008, 'source': 'flask_api', 'ingest_ts': Timestamp('2026-04-22 21:08:02.273867+0000', tz='UTC')}, {'raw_id': 5, 'run_id': 6, 'device_id': 'pico_001', 'event_ts': Timestamp('2026-04-22 22:08:07+0000', tz='UTC'), 'temperature': 27.300002, 'humidity': 74.1, 'source': 'flask_api', 'ingest_ts': Timestamp('2026-04-22 21:08:07.737048+0000', tz='UTC')}, {'raw_id': 6, 'run_id': 6, 'device_id': 'pico_001', 'event_ts': Timestamp('2026-04-22 22:08:13+0000', tz='UTC'), 'temperature': 27.300002, 'humidity': 74.200008, 'source': 'flask_api', 'ingest_ts': Timestamp('2026-04-22 21:08:13.294437+0000', tz='UTC')}, {'raw_id': 7, 'run_id': 6, 'device_id': 'pico_001', 'event_ts': Timestamp('2026-04-22 22:08:19+0000', tz='UTC'), 'temperature': 27.300002, 'humidity': 74.1, 'source': 'flask_api', 'ingest_ts': Timestamp('2026-04-22 21:08:18.737907+0000', tz='UTC')}, {'raw_id': 8, 'run_id': 6, 'device_id': 'pico_001', 'event_ts': Timestamp('2026-04-22 22:08:25+0000', tz='UTC'), 'temperature': 27.300002, 'humidity': 74.200008, 'source': 'flask_api', 'ingest_ts': Timestamp('2026-04-22 21:08:24.843220+0000', tz='UTC')}  ... displaying 10 of 76 total bound parameter sets ...  {'raw_id': 75, 'run_id': 6, 'device_id': 'pico_001', 'event_ts': Timestamp('2026-04-22 22:14:58+0000', tz='UTC'), 'temperature': 27.2, 'humidity': 72.8, 'source': 'flask_api', 'ingest_ts': Timestamp('2026-04-22 21:14:58.642013+0000', tz='UTC')}, {'raw_id': 76, 'run_id': 6, 'device_id': 'pico_001', 'event_ts': Timestamp('2026-04-22 22:15:04+0000', tz='UTC'), 'temperature': 27.2, 'humidity': 72.8, 'source': 'flask_api', 'ingest_ts': Timestamp('2026-04-22 21:15:04.012632+0000', tz='UTC')})]
(Background on this error at: https://sqlalche.me/e/14/gkpj)
[2026-04-22T21:15:04.560+0000] {taskinstance.py:1226} INFO - Marking task as FAILED. dag_id=iot_sensor_pipeline, task_id=run_iot_etl_pipeline, run_id=scheduled__2026-04-22T21:05:00+00:00, execution_date=20260422T210500, start_date=20260422T211504, end_date=20260422T211504
[2026-04-22T21:15:04.578+0000] {taskinstance.py:341} INFO - ::group::Post task execution logs
[2026-04-22T21:15:04.579+0000] {standard_task_runner.py:124} ERROR - Failed to execute job 104 for task run_iot_etl_pipeline ((psycopg2.errors.NotNullViolation) null value in column "event_ts_ms" of relation "clean_events" violates not-null constraint
DETAIL:  Failing row contains (6, 1, 6, pico_001, null, 2026-04-22 22:07:44+00, 27.4, 74.200008, flask_api, 2026-04-22 21:07:43.797959+00, 2026-04-22 21:15:04.544557+00).

[SQL: 
                    INSERT INTO iot_clean.clean_events 
                    (raw_id, run_id, device_id, event_ts, temperature, humidity, source, ingest_ts)
                    VALUES (%(raw_id)s, %(run_id)s, %(device_id)s, %(event_ts)s, %(temperature)s, %(humidity)s, %(source)s, %(ingest_ts)s)
                    ON CONFLICT (raw_id) DO NOTHING
                ]
[parameters: ({'raw_id': 1, 'run_id': 6, 'device_id': 'pico_001', 'event_ts': Timestamp('2026-04-22 22:07:44+0000', tz='UTC'), 'temperature': 27.4, 'humidity': 74.200008, 'source': 'flask_api', 'ingest_ts': Timestamp('2026-04-22 21:07:43.797959+0000', tz='UTC')}, {'raw_id': 2, 'run_id': 6, 'device_id': 'pico_001', 'event_ts': Timestamp('2026-04-22 22:07:50+0000', tz='UTC'), 'temperature': 27.300002, 'humidity': 74.200008, 'source': 'flask_api', 'ingest_ts': Timestamp('2026-04-22 21:07:49.218783+0000', tz='UTC')}, {'raw_id': 3, 'run_id': 6, 'device_id': 'pico_001', 'event_ts': Timestamp('2026-04-22 22:07:56+0000', tz='UTC'), 'temperature': 27.4, 'humidity': 74.200008, 'source': 'flask_api', 'ingest_ts': Timestamp('2026-04-22 21:07:56.895117+0000', tz='UTC')}, {'raw_id': 4, 'run_id': 6, 'device_id': 'pico_001', 'event_ts': Timestamp('2026-04-22 22:08:02+0000', tz='UTC'), 'temperature': 27.4, 'humidity': 74.200008, 'source': 'flask_api', 'ingest_ts': Timestamp('2026-04-22 21:08:02.273867+0000', tz='UTC')}, {'raw_id': 5, 'run_id': 6, 'device_id': 'pico_001', 'event_ts': Timestamp('2026-04-22 22:08:07+0000', tz='UTC'), 'temperature': 27.300002, 'humidity': 74.1, 'source': 'flask_api', 'ingest_ts': Timestamp('2026-04-22 21:08:07.737048+0000', tz='UTC')}, {'raw_id': 6, 'run_id': 6, 'device_id': 'pico_001', 'event_ts': Timestamp('2026-04-22 22:08:13+0000', tz='UTC'), 'temperature': 27.300002, 'humidity': 74.200008, 'source': 'flask_api', 'ingest_ts': Timestamp('2026-04-22 21:08:13.294437+0000', tz='UTC')}, {'raw_id': 7, 'run_id': 6, 'device_id': 'pico_001', 'event_ts': Timestamp('2026-04-22 22:08:19+0000', tz='UTC'), 'temperature': 27.300002, 'humidity': 74.1, 'source': 'flask_api', 'ingest_ts': Timestamp('2026-04-22 21:08:18.737907+0000', tz='UTC')}, {'raw_id': 8, 'run_id': 6, 'device_id': 'pico_001', 'event_ts': Timestamp('2026-04-22 22:08:25+0000', tz='UTC'), 'temperature': 27.300002, 'humidity': 74.200008, 'source': 'flask_api', 'ingest_ts': Timestamp('2026-04-22 21:08:24.843220+0000', tz='UTC')}  ... displaying 10 of 76 total bound parameter sets ...  {'raw_id': 75, 'run_id': 6, 'device_id': 'pico_001', 'event_ts': Timestamp('2026-04-22 22:14:58+0000', tz='UTC'), 'temperature': 27.2, 'humidity': 72.8, 'source': 'flask_api', 'ingest_ts': Timestamp('2026-04-22 21:14:58.642013+0000', tz='UTC')}, {'raw_id': 76, 'run_id': 6, 'device_id': 'pico_001', 'event_ts': Timestamp('2026-04-22 22:15:04+0000', tz='UTC'), 'temperature': 27.2, 'humidity': 72.8, 'source': 'flask_api', 'ingest_ts': Timestamp('2026-04-22 21:15:04.012632+0000', tz='UTC')})]
(Background on this error at: https://sqlalche.me/e/14/gkpj); 283)
Traceback (most recent call last):
  File "/home/airflow/.local/lib/python3.12/site-packages/sqlalchemy/engine/base.py", line 1890, in _execute_context
    self.dialect.do_executemany(
  File "/home/airflow/.local/lib/python3.12/site-packages/sqlalchemy/dialects/postgresql/psycopg2.py", line 1000, in do_executemany
    cursor.executemany(statement, parameters)
psycopg2.errors.NotNullViolation: null value in column "event_ts_ms" of relation "clean_events" violates not-null constraint
DETAIL:  Failing row contains (6, 1, 6, pico_001, null, 2026-04-22 22:07:44+00, 27.4, 74.200008, flask_api, 2026-04-22 21:07:43.797959+00, 2026-04-22 21:15:04.544557+00).


The above exception was the direct cause of the following exception:

Traceback (most recent call last):
  File "/home/airflow/.local/lib/python3.12/site-packages/airflow/task/task_runner/standard_task_runner.py", line 117, in _start_by_fork
    ret = args.func(args, dag=self.dag)
          ^^^^^^^^^^^^^^^^^^^^^^^^^^^^^
  File "/home/airflow/.local/lib/python3.12/site-packages/airflow/cli/cli_config.py", line 49, in command
    return func(*args, **kwargs)
           ^^^^^^^^^^^^^^^^^^^^^
  File "/home/airflow/.local/lib/python3.12/site-packages/airflow/utils/cli.py", line 116, in wrapper
    return f(*args, **kwargs)
           ^^^^^^^^^^^^^^^^^^
  File "/home/airflow/.local/lib/python3.12/site-packages/airflow/cli/commands/task_command.py", line 483, in task_run
    task_return_code = _run_task_by_selected_method(args, _dag, ti)
                       ^^^^^^^^^^^^^^^^^^^^^^^^^^^^^^^^^^^^^^^^^^^^
  File "/home/airflow/.local/lib/python3.12/site-packages/airflow/cli/commands/task_command.py", line 256, in _run_task_by_selected_method
    return _run_raw_task(args, ti)
           ^^^^^^^^^^^^^^^^^^^^^^^
  File "/home/airflow/.local/lib/python3.12/site-packages/airflow/cli/commands/task_command.py", line 341, in _run_raw_task
    return ti._run_raw_task(
           ^^^^^^^^^^^^^^^^^
  File "/home/airflow/.local/lib/python3.12/site-packages/airflow/utils/session.py", line 97, in wrapper
    return func(*args, session=session, **kwargs)
           ^^^^^^^^^^^^^^^^^^^^^^^^^^^^^^^^^^^^^^
  File "/home/airflow/.local/lib/python3.12/site-packages/airflow/models/taskinstance.py", line 3006, in _run_raw_task
    return _run_raw_task(
           ^^^^^^^^^^^^^^
  File "/home/airflow/.local/lib/python3.12/site-packages/airflow/models/taskinstance.py", line 274, in _run_raw_task
    TaskInstance._execute_task_with_callbacks(
  File "/home/airflow/.local/lib/python3.12/site-packages/airflow/models/taskinstance.py", line 3161, in _execute_task_with_callbacks
    result = self._execute_task(context, task_orig)
             ^^^^^^^^^^^^^^^^^^^^^^^^^^^^^^^^^^^^^^
  File "/home/airflow/.local/lib/python3.12/site-packages/airflow/models/taskinstance.py", line 3185, in _execute_task
    return _execute_task(self, context, task_orig)
           ^^^^^^^^^^^^^^^^^^^^^^^^^^^^^^^^^^^^^^^
  File "/home/airflow/.local/lib/python3.12/site-packages/airflow/models/taskinstance.py", line 768, in _execute_task
    result = _execute_callable(context=context, **execute_callable_kwargs)
             ^^^^^^^^^^^^^^^^^^^^^^^^^^^^^^^^^^^^^^^^^^^^^^^^^^^^^^^^^^^^^
  File "/home/airflow/.local/lib/python3.12/site-packages/airflow/models/taskinstance.py", line 734, in _execute_callable
    return ExecutionCallableRunner(
           ^^^^^^^^^^^^^^^^^^^^^^^^
  File "/home/airflow/.local/lib/python3.12/site-packages/airflow/utils/operator_helpers.py", line 252, in run
    return self.func(*args, **kwargs)
           ^^^^^^^^^^^^^^^^^^^^^^^^^^
  File "/home/airflow/.local/lib/python3.12/site-packages/airflow/models/baseoperator.py", line 424, in wrapper
    return func(self, *args, **kwargs)
           ^^^^^^^^^^^^^^^^^^^^^^^^^^^
  File "/home/airflow/.local/lib/python3.12/site-packages/airflow/operators/python.py", line 238, in execute
    return_value = self.execute_callable()
                   ^^^^^^^^^^^^^^^^^^^^^^^
  File "/home/airflow/.local/lib/python3.12/site-packages/airflow/operators/python.py", line 256, in execute_callable
    return runner.run(*self.op_args, **self.op_kwargs)
           ^^^^^^^^^^^^^^^^^^^^^^^^^^^^^^^^^^^^^^^^^^^
  File "/home/airflow/.local/lib/python3.12/site-packages/airflow/utils/operator_helpers.py", line 252, in run
    return self.func(*args, **kwargs)
           ^^^^^^^^^^^^^^^^^^^^^^^^^^
  File "/opt/airflow/dags/pipeline.py", line 47, in run_pipeline
    load(df_clean, df_quarantine, engine, run_id)
  File "/opt/airflow/dags/load.py", line 33, in load
    conn.execute(text("""
  File "/home/airflow/.local/lib/python3.12/site-packages/sqlalchemy/engine/base.py", line 1385, in execute
    return meth(self, multiparams, params, _EMPTY_EXECUTION_OPTS)
           ^^^^^^^^^^^^^^^^^^^^^^^^^^^^^^^^^^^^^^^^^^^^^^^^^^^^^^
  File "/home/airflow/.local/lib/python3.12/site-packages/sqlalchemy/sql/elements.py", line 334, in _execute_on_connection
    return connection._execute_clauseelement(
           ^^^^^^^^^^^^^^^^^^^^^^^^^^^^^^^^^^
  File "/home/airflow/.local/lib/python3.12/site-packages/sqlalchemy/engine/base.py", line 1577, in _execute_clauseelement
    ret = self._execute_context(
          ^^^^^^^^^^^^^^^^^^^^^^
  File "/home/airflow/.local/lib/python3.12/site-packages/sqlalchemy/engine/base.py", line 1953, in _execute_context
    self._handle_dbapi_exception(
  File "/home/airflow/.local/lib/python3.12/site-packages/sqlalchemy/engine/base.py", line 2134, in _handle_dbapi_exception
    util.raise_(
  File "/home/airflow/.local/lib/python3.12/site-packages/sqlalchemy/util/compat.py", line 211, in raise_
    raise exception
  File "/home/airflow/.local/lib/python3.12/site-packages/sqlalchemy/engine/base.py", line 1890, in _execute_context
    self.dialect.do_executemany(
  File "/home/airflow/.local/lib/python3.12/site-packages/sqlalchemy/dialects/postgresql/psycopg2.py", line 1000, in do_executemany
    cursor.executemany(statement, parameters)
sqlalchemy.exc.IntegrityError: (psycopg2.errors.NotNullViolation) null value in column "event_ts_ms" of relation "clean_events" violates not-null constraint
DETAIL:  Failing row contains (6, 1, 6, pico_001, null, 2026-04-22 22:07:44+00, 27.4, 74.200008, flask_api, 2026-04-22 21:07:43.797959+00, 2026-04-22 21:15:04.544557+00).

[SQL: 
                    INSERT INTO iot_clean.clean_events 
                    (raw_id, run_id, device_id, event_ts, temperature, humidity, source, ingest_ts)
                    VALUES (%(raw_id)s, %(run_id)s, %(device_id)s, %(event_ts)s, %(temperature)s, %(humidity)s, %(source)s, %(ingest_ts)s)
                    ON CONFLICT (raw_id) DO NOTHING
                ]
[parameters: ({'raw_id': 1, 'run_id': 6, 'device_id': 'pico_001', 'event_ts': Timestamp('2026-04-22 22:07:44+0000', tz='UTC'), 'temperature': 27.4, 'humidity': 74.200008, 'source': 'flask_api', 'ingest_ts': Timestamp('2026-04-22 21:07:43.797959+0000', tz='UTC')}, {'raw_id': 2, 'run_id': 6, 'device_id': 'pico_001', 'event_ts': Timestamp('2026-04-22 22:07:50+0000', tz='UTC'), 'temperature': 27.300002, 'humidity': 74.200008, 'source': 'flask_api', 'ingest_ts': Timestamp('2026-04-22 21:07:49.218783+0000', tz='UTC')}, {'raw_id': 3, 'run_id': 6, 'device_id': 'pico_001', 'event_ts': Timestamp('2026-04-22 22:07:56+0000', tz='UTC'), 'temperature': 27.4, 'humidity': 74.200008, 'source': 'flask_api', 'ingest_ts': Timestamp('2026-04-22 21:07:56.895117+0000', tz='UTC')}, {'raw_id': 4, 'run_id': 6, 'device_id': 'pico_001', 'event_ts': Timestamp('2026-04-22 22:08:02+0000', tz='UTC'), 'temperature': 27.4, 'humidity': 74.200008, 'source': 'flask_api', 'ingest_ts': Timestamp('2026-04-22 21:08:02.273867+0000', tz='UTC')}, {'raw_id': 5, 'run_id': 6, 'device_id': 'pico_001', 'event_ts': Timestamp('2026-04-22 22:08:07+0000', tz='UTC'), 'temperature': 27.300002, 'humidity': 74.1, 'source': 'flask_api', 'ingest_ts': Timestamp('2026-04-22 21:08:07.737048+0000', tz='UTC')}, {'raw_id': 6, 'run_id': 6, 'device_id': 'pico_001', 'event_ts': Timestamp('2026-04-22 22:08:13+0000', tz='UTC'), 'temperature': 27.300002, 'humidity': 74.200008, 'source': 'flask_api', 'ingest_ts': Timestamp('2026-04-22 21:08:13.294437+0000', tz='UTC')}, {'raw_id': 7, 'run_id': 6, 'device_id': 'pico_001', 'event_ts': Timestamp('2026-04-22 22:08:19+0000', tz='UTC'), 'temperature': 27.300002, 'humidity': 74.1, 'source': 'flask_api', 'ingest_ts': Timestamp('2026-04-22 21:08:18.737907+0000', tz='UTC')}, {'raw_id': 8, 'run_id': 6, 'device_id': 'pico_001', 'event_ts': Timestamp('2026-04-22 22:08:25+0000', tz='UTC'), 'temperature': 27.300002, 'humidity': 74.200008, 'source': 'flask_api', 'ingest_ts': Timestamp('2026-04-22 21:08:24.843220+0000', tz='UTC')}  ... displaying 10 of 76 total bound parameter sets ...  {'raw_id': 75, 'run_id': 6, 'device_id': 'pico_001', 'event_ts': Timestamp('2026-04-22 22:14:58+0000', tz='UTC'), 'temperature': 27.2, 'humidity': 72.8, 'source': 'flask_api', 'ingest_ts': Timestamp('2026-04-22 21:14:58.642013+0000', tz='UTC')}, {'raw_id': 76, 'run_id': 6, 'device_id': 'pico_001', 'event_ts': Timestamp('2026-04-22 22:15:04+0000', tz='UTC'), 'temperature': 27.2, 'humidity': 72.8, 'source': 'flask_api', 'ingest_ts': Timestamp('2026-04-22 21:15:04.012632+0000', tz='UTC')})]
(Background on this error at: https://sqlalche.me/e/14/gkpj)
[2026-04-22T21:15:04.593+0000] {local_task_job_runner.py:266} INFO - Task exited with return code 1
[2026-04-22T21:15:04.603+0000] {taskinstance.py:3901} INFO - 0 downstream tasks scheduled from follow-on schedule check
[2026-04-22T21:15:04.605+0000] {local_task_job_runner.py:245} INFO - ::endgroup::
