[2026-05-09T22:10:01.466+0000] {local_task_job_runner.py:123} INFO - ::group::Pre task execution logs
[2026-05-09T22:10:01.477+0000] {taskinstance.py:2614} INFO - Dependencies all met for dep_context=non-requeueable deps ti=<TaskInstance: iot_sensor_pipeline.run_iot_etl_pipeline scheduled__2026-05-09T22:05:00+00:00 [queued]>
[2026-05-09T22:10:01.481+0000] {taskinstance.py:2614} INFO - Dependencies all met for dep_context=requeueable deps ti=<TaskInstance: iot_sensor_pipeline.run_iot_etl_pipeline scheduled__2026-05-09T22:05:00+00:00 [queued]>
[2026-05-09T22:10:01.482+0000] {taskinstance.py:2867} INFO - Starting attempt 1 of 2
[2026-05-09T22:10:01.493+0000] {taskinstance.py:2890} INFO - Executing <Task(PythonOperator): run_iot_etl_pipeline> on 2026-05-09 22:05:00+00:00
[2026-05-09T22:10:01.501+0000] {logging_mixin.py:190} WARNING - /home/***/.local/lib/python3.12/site-packages/***/task/task_runner/standard_task_runner.py:70 DeprecationWarning: This process (pid=3983) is multi-threaded, use of fork() may lead to deadlocks in the child.
[2026-05-09T22:10:01.502+0000] {standard_task_runner.py:72} INFO - Started process 3985 to run task
[2026-05-09T22:10:01.501+0000] {standard_task_runner.py:104} INFO - Running: ['***', 'tasks', 'run', 'iot_sensor_pipeline', 'run_iot_etl_pipeline', 'scheduled__2026-05-09T22:05:00+00:00', '--job-id', '163', '--raw', '--subdir', 'DAGS_FOLDER/iot_dag.py', '--cfg-path', '/tmp/tmpf0o_rmkq']
[2026-05-09T22:10:01.503+0000] {standard_task_runner.py:105} INFO - Job 163: Subtask run_iot_etl_pipeline
[2026-05-09T22:10:01.543+0000] {task_command.py:467} INFO - Running <TaskInstance: iot_sensor_pipeline.run_iot_etl_pipeline scheduled__2026-05-09T22:05:00+00:00 [running]> on host 5f88d49937a6
[2026-05-09T22:10:01.610+0000] {taskinstance.py:3134} INFO - Exporting env vars: AIRFLOW_CTX_DAG_OWNER='amrire' AIRFLOW_CTX_DAG_ID='iot_sensor_pipeline' AIRFLOW_CTX_TASK_ID='run_iot_etl_pipeline' AIRFLOW_CTX_EXECUTION_DATE='2026-05-09T22:05:00+00:00' AIRFLOW_CTX_TRY_NUMBER='1' AIRFLOW_CTX_DAG_RUN_ID='scheduled__2026-05-09T22:05:00+00:00'
[2026-05-09T22:10:01.611+0000] {taskinstance.py:732} INFO - ::endgroup::
[2026-05-09T22:10:01.631+0000] {pipeline.py:36} INFO - --- sensor_etl RUN 161 STARTED ---
[2026-05-09T22:10:01.631+0000] {extract.py:8} INFO - Extract started
[2026-05-09T22:10:01.636+0000] {extract.py:43} INFO - Extract completed | rows=51 | runtime=0.00s
[2026-05-09T22:10:01.637+0000] {transform.py:7} INFO - Transform started
[2026-05-09T22:10:01.649+0000] {transform.py:81} INFO - Transform completed | clean_rows=51 | quarantined_rows=0 | runtime=0.01s
[2026-05-09T22:10:01.649+0000] {load.py:9} INFO - Load started for Run ID: 161
[2026-05-09T22:10:01.660+0000] {load.py:41} INFO - Loaded 51 clean records.
[2026-05-09T22:10:01.663+0000] {load.py:67} INFO - Watermark updated | ID: 4316 | TS: 2026-05-09 22:09:58.181719+00:00
[2026-05-09T22:10:01.663+0000] {load.py:74} INFO - Load completed | runtime=0.01s
[2026-05-09T22:10:01.665+0000] {pipeline.py:57} INFO - --- sensor_etl RUN 161 COMPLETED SUCCESSFULLY ---
[2026-05-09T22:10:01.665+0000] {python.py:240} INFO - Done. Returned value was: None
[2026-05-09T22:10:01.674+0000] {taskinstance.py:341} INFO - ::group::Post task execution logs
[2026-05-09T22:10:01.675+0000] {taskinstance.py:353} INFO - Marking task as SUCCESS. dag_id=iot_sensor_pipeline, task_id=run_iot_etl_pipeline, run_id=scheduled__2026-05-09T22:05:00+00:00, execution_date=20260509T220500, start_date=20260509T221001, end_date=20260509T221001
[2026-05-09T22:10:01.716+0000] {local_task_job_runner.py:266} INFO - Task exited with return code 0
[2026-05-09T22:10:01.730+0000] {taskinstance.py:3901} INFO - 0 downstream tasks scheduled from follow-on schedule check
[2026-05-09T22:10:01.732+0000] {local_task_job_runner.py:245} INFO - ::endgroup::
