[2026-05-08T07:10:00.830+0000] {local_task_job_runner.py:123} INFO - ::group::Pre task execution logs
[2026-05-08T07:10:00.842+0000] {taskinstance.py:2614} INFO - Dependencies all met for dep_context=non-requeueable deps ti=<TaskInstance: iot_sensor_pipeline.run_iot_etl_pipeline scheduled__2026-05-08T07:05:00+00:00 [queued]>
[2026-05-08T07:10:00.846+0000] {taskinstance.py:2614} INFO - Dependencies all met for dep_context=requeueable deps ti=<TaskInstance: iot_sensor_pipeline.run_iot_etl_pipeline scheduled__2026-05-08T07:05:00+00:00 [queued]>
[2026-05-08T07:10:00.846+0000] {taskinstance.py:2867} INFO - Starting attempt 1 of 2
[2026-05-08T07:10:00.855+0000] {taskinstance.py:2890} INFO - Executing <Task(PythonOperator): run_iot_etl_pipeline> on 2026-05-08 07:05:00+00:00
[2026-05-08T07:10:00.861+0000] {standard_task_runner.py:104} INFO - Running: ['***', 'tasks', 'run', 'iot_sensor_pipeline', 'run_iot_etl_pipeline', 'scheduled__2026-05-08T07:05:00+00:00', '--job-id', '14', '--raw', '--subdir', 'DAGS_FOLDER/iot_dag.py', '--cfg-path', '/tmp/tmpq4162jzq']
[2026-05-08T07:10:00.864+0000] {standard_task_runner.py:105} INFO - Job 14: Subtask run_iot_etl_pipeline
[2026-05-08T07:10:00.864+0000] {logging_mixin.py:190} WARNING - /home/***/.local/lib/python3.12/site-packages/***/task/task_runner/standard_task_runner.py:70 DeprecationWarning: This process (pid=905) is multi-threaded, use of fork() may lead to deadlocks in the child.
[2026-05-08T07:10:00.864+0000] {standard_task_runner.py:72} INFO - Started process 907 to run task
[2026-05-08T07:10:00.905+0000] {task_command.py:467} INFO - Running <TaskInstance: iot_sensor_pipeline.run_iot_etl_pipeline scheduled__2026-05-08T07:05:00+00:00 [running]> on host 384a23093721
[2026-05-08T07:10:00.970+0000] {taskinstance.py:3134} INFO - Exporting env vars: AIRFLOW_CTX_DAG_OWNER='amrire' AIRFLOW_CTX_DAG_ID='iot_sensor_pipeline' AIRFLOW_CTX_TASK_ID='run_iot_etl_pipeline' AIRFLOW_CTX_EXECUTION_DATE='2026-05-08T07:05:00+00:00' AIRFLOW_CTX_TRY_NUMBER='1' AIRFLOW_CTX_DAG_RUN_ID='scheduled__2026-05-08T07:05:00+00:00'
[2026-05-08T07:10:00.970+0000] {taskinstance.py:732} INFO - ::endgroup::
[2026-05-08T07:10:00.988+0000] {pipeline.py:25} INFO - Pipeline run 13 started
[2026-05-08T07:10:00.988+0000] {extract.py:8} INFO - Extract started
[2026-05-08T07:10:00.994+0000] {extract.py:43} INFO - Extract completed | rows=51 | runtime=0.01s
[2026-05-08T07:10:00.994+0000] {transform.py:7} INFO - Transform started
[2026-05-08T07:10:01.005+0000] {transform.py:81} INFO - Transform completed | clean_rows=51 | quarantined_rows=0 | runtime=0.01s
[2026-05-08T07:10:01.006+0000] {load.py:9} INFO - Load started for Run ID: 13
[2026-05-08T07:10:01.015+0000] {load.py:41} INFO - Loaded 51 clean records.
[2026-05-08T07:10:01.018+0000] {load.py:67} INFO - Watermark updated | ID: 602 | TS: 2026-05-08 07:09:58.485447+00:00
[2026-05-08T07:10:01.018+0000] {load.py:74} INFO - Load completed | runtime=0.01s
[2026-05-08T07:10:01.021+0000] {pipeline.py:46} INFO - Pipeline run 13 completed successfully
[2026-05-08T07:10:01.021+0000] {python.py:240} INFO - Done. Returned value was: None
[2026-05-08T07:10:01.029+0000] {taskinstance.py:341} INFO - ::group::Post task execution logs
[2026-05-08T07:10:01.029+0000] {taskinstance.py:353} INFO - Marking task as SUCCESS. dag_id=iot_sensor_pipeline, task_id=run_iot_etl_pipeline, run_id=scheduled__2026-05-08T07:05:00+00:00, execution_date=20260508T070500, start_date=20260508T071000, end_date=20260508T071001
[2026-05-08T07:10:01.078+0000] {local_task_job_runner.py:266} INFO - Task exited with return code 0
[2026-05-08T07:10:01.094+0000] {taskinstance.py:3901} INFO - 0 downstream tasks scheduled from follow-on schedule check
[2026-05-08T07:10:01.095+0000] {local_task_job_runner.py:245} INFO - ::endgroup::
