[2026-05-07T04:20:01.162+0000] {local_task_job_runner.py:123} INFO - ::group::Pre task execution logs
[2026-05-07T04:20:01.172+0000] {taskinstance.py:2614} INFO - Dependencies all met for dep_context=non-requeueable deps ti=<TaskInstance: iot_sensor_pipeline.run_iot_etl_pipeline scheduled__2026-05-07T04:15:00+00:00 [queued]>
[2026-05-07T04:20:01.178+0000] {taskinstance.py:2614} INFO - Dependencies all met for dep_context=requeueable deps ti=<TaskInstance: iot_sensor_pipeline.run_iot_etl_pipeline scheduled__2026-05-07T04:15:00+00:00 [queued]>
[2026-05-07T04:20:01.178+0000] {taskinstance.py:2867} INFO - Starting attempt 1 of 2
[2026-05-07T04:20:01.187+0000] {taskinstance.py:2890} INFO - Executing <Task(PythonOperator): run_iot_etl_pipeline> on 2026-05-07 04:15:00+00:00
[2026-05-07T04:20:01.194+0000] {logging_mixin.py:190} WARNING - /home/***/.local/lib/python3.12/site-packages/***/task/task_runner/standard_task_runner.py:70 DeprecationWarning: This process (pid=6957) is multi-threaded, use of fork() may lead to deadlocks in the child.
[2026-05-07T04:20:01.195+0000] {standard_task_runner.py:72} INFO - Started process 6959 to run task
[2026-05-07T04:20:01.194+0000] {standard_task_runner.py:104} INFO - Running: ['***', 'tasks', 'run', 'iot_sensor_pipeline', 'run_iot_etl_pipeline', 'scheduled__2026-05-07T04:15:00+00:00', '--job-id', '2319', '--raw', '--subdir', 'DAGS_FOLDER/iot_dag.py', '--cfg-path', '/tmp/tmpgqn5b6fp']
[2026-05-07T04:20:01.196+0000] {standard_task_runner.py:105} INFO - Job 2319: Subtask run_iot_etl_pipeline
[2026-05-07T04:20:01.238+0000] {task_command.py:467} INFO - Running <TaskInstance: iot_sensor_pipeline.run_iot_etl_pipeline scheduled__2026-05-07T04:15:00+00:00 [running]> on host eb6d0aa2e1ba
[2026-05-07T04:20:01.302+0000] {taskinstance.py:3134} INFO - Exporting env vars: AIRFLOW_CTX_DAG_OWNER='amrire' AIRFLOW_CTX_DAG_ID='iot_sensor_pipeline' AIRFLOW_CTX_TASK_ID='run_iot_etl_pipeline' AIRFLOW_CTX_EXECUTION_DATE='2026-05-07T04:15:00+00:00' AIRFLOW_CTX_TRY_NUMBER='1' AIRFLOW_CTX_DAG_RUN_ID='scheduled__2026-05-07T04:15:00+00:00'
[2026-05-07T04:20:01.303+0000] {taskinstance.py:732} INFO - ::endgroup::
[2026-05-07T04:20:01.322+0000] {pipeline.py:25} INFO - Pipeline run 2154 started
[2026-05-07T04:20:01.322+0000] {extract.py:8} INFO - Extract started
[2026-05-07T04:20:01.328+0000] {extract.py:43} INFO - Extract completed | rows=51 | runtime=0.01s
[2026-05-07T04:20:01.330+0000] {transform.py:7} INFO - Transform started
[2026-05-07T04:20:01.342+0000] {transform.py:81} INFO - Transform completed | clean_rows=51 | quarantined_rows=0 | runtime=0.01s
[2026-05-07T04:20:01.342+0000] {load.py:11} INFO - Load started for Run ID: 2154
[2026-05-07T04:20:01.352+0000] {load.py:37} INFO - Loaded 51 clean records.
[2026-05-07T04:20:01.361+0000] {load.py:61} INFO - Watermark updated to ID: 73902.
[2026-05-07T04:20:01.361+0000] {load.py:68} INFO - Load completed | runtime=0.02s
[2026-05-07T04:20:01.363+0000] {pipeline.py:51} INFO - Pipeline run 2154 completed successfully
[2026-05-07T04:20:01.364+0000] {python.py:240} INFO - Done. Returned value was: None
[2026-05-07T04:20:01.376+0000] {taskinstance.py:341} INFO - ::group::Post task execution logs
[2026-05-07T04:20:01.376+0000] {taskinstance.py:353} INFO - Marking task as SUCCESS. dag_id=iot_sensor_pipeline, task_id=run_iot_etl_pipeline, run_id=scheduled__2026-05-07T04:15:00+00:00, execution_date=20260507T041500, start_date=20260507T042001, end_date=20260507T042001
[2026-05-07T04:20:01.410+0000] {local_task_job_runner.py:266} INFO - Task exited with return code 0
[2026-05-07T04:20:01.421+0000] {taskinstance.py:3901} INFO - 0 downstream tasks scheduled from follow-on schedule check
[2026-05-07T04:20:01.423+0000] {local_task_job_runner.py:245} INFO - ::endgroup::
