[2026-05-07T07:45:00.860+0000] {local_task_job_runner.py:123} INFO - ::group::Pre task execution logs
[2026-05-07T07:45:00.871+0000] {taskinstance.py:2614} INFO - Dependencies all met for dep_context=non-requeueable deps ti=<TaskInstance: iot_sensor_pipeline.run_iot_etl_pipeline scheduled__2026-05-07T07:40:00+00:00 [queued]>
[2026-05-07T07:45:00.876+0000] {taskinstance.py:2614} INFO - Dependencies all met for dep_context=requeueable deps ti=<TaskInstance: iot_sensor_pipeline.run_iot_etl_pipeline scheduled__2026-05-07T07:40:00+00:00 [queued]>
[2026-05-07T07:45:00.876+0000] {taskinstance.py:2867} INFO - Starting attempt 1 of 2
[2026-05-07T07:45:00.884+0000] {taskinstance.py:2890} INFO - Executing <Task(PythonOperator): run_iot_etl_pipeline> on 2026-05-07 07:40:00+00:00
[2026-05-07T07:45:00.890+0000] {standard_task_runner.py:104} INFO - Running: ['***', 'tasks', 'run', 'iot_sensor_pipeline', 'run_iot_etl_pipeline', 'scheduled__2026-05-07T07:40:00+00:00', '--job-id', '2362', '--raw', '--subdir', 'DAGS_FOLDER/iot_dag.py', '--cfg-path', '/tmp/tmpxpv_nmq9']
[2026-05-07T07:45:00.892+0000] {standard_task_runner.py:105} INFO - Job 2362: Subtask run_iot_etl_pipeline
[2026-05-07T07:45:00.892+0000] {logging_mixin.py:190} WARNING - /home/***/.local/lib/python3.12/site-packages/***/task/task_runner/standard_task_runner.py:70 DeprecationWarning: This process (pid=1615) is multi-threaded, use of fork() may lead to deadlocks in the child.
[2026-05-07T07:45:00.893+0000] {standard_task_runner.py:72} INFO - Started process 1617 to run task
[2026-05-07T07:45:00.932+0000] {task_command.py:467} INFO - Running <TaskInstance: iot_sensor_pipeline.run_iot_etl_pipeline scheduled__2026-05-07T07:40:00+00:00 [running]> on host 9a08d972aac1
[2026-05-07T07:45:00.995+0000] {taskinstance.py:3134} INFO - Exporting env vars: AIRFLOW_CTX_DAG_OWNER='amrire' AIRFLOW_CTX_DAG_ID='iot_sensor_pipeline' AIRFLOW_CTX_TASK_ID='run_iot_etl_pipeline' AIRFLOW_CTX_EXECUTION_DATE='2026-05-07T07:40:00+00:00' AIRFLOW_CTX_TRY_NUMBER='1' AIRFLOW_CTX_DAG_RUN_ID='scheduled__2026-05-07T07:40:00+00:00'
[2026-05-07T07:45:00.996+0000] {taskinstance.py:732} INFO - ::endgroup::
[2026-05-07T07:45:01.014+0000] {pipeline.py:25} INFO - Pipeline run 2195 started
[2026-05-07T07:45:01.015+0000] {extract.py:8} INFO - Extract started
[2026-05-07T07:45:01.021+0000] {extract.py:43} INFO - Extract completed | rows=51 | runtime=0.01s
[2026-05-07T07:45:01.021+0000] {transform.py:7} INFO - Transform started
[2026-05-07T07:45:01.032+0000] {transform.py:81} INFO - Transform completed | clean_rows=51 | quarantined_rows=0 | runtime=0.01s
[2026-05-07T07:45:01.033+0000] {load.py:11} INFO - Load started for Run ID: 2195
[2026-05-07T07:45:01.045+0000] {load.py:37} INFO - Loaded 51 clean records.
[2026-05-07T07:45:01.048+0000] {load.py:61} INFO - Watermark updated to ID: 75982.
[2026-05-07T07:45:01.048+0000] {load.py:68} INFO - Load completed | runtime=0.02s
[2026-05-07T07:45:01.051+0000] {pipeline.py:50} INFO - Pipeline run 2195 completed successfully
[2026-05-07T07:45:01.051+0000] {python.py:240} INFO - Done. Returned value was: None
[2026-05-07T07:45:01.060+0000] {taskinstance.py:341} INFO - ::group::Post task execution logs
[2026-05-07T07:45:01.061+0000] {taskinstance.py:353} INFO - Marking task as SUCCESS. dag_id=iot_sensor_pipeline, task_id=run_iot_etl_pipeline, run_id=scheduled__2026-05-07T07:40:00+00:00, execution_date=20260507T074000, start_date=20260507T074500, end_date=20260507T074501
[2026-05-07T07:45:01.106+0000] {local_task_job_runner.py:266} INFO - Task exited with return code 0
[2026-05-07T07:45:01.118+0000] {taskinstance.py:3901} INFO - 0 downstream tasks scheduled from follow-on schedule check
[2026-05-07T07:45:01.120+0000] {local_task_job_runner.py:245} INFO - ::endgroup::
