[2026-05-07T10:25:01.212+0000] {local_task_job_runner.py:123} INFO - ::group::Pre task execution logs
[2026-05-07T10:25:01.225+0000] {taskinstance.py:2614} INFO - Dependencies all met for dep_context=non-requeueable deps ti=<TaskInstance: iot_sensor_pipeline.run_iot_etl_pipeline scheduled__2026-05-07T10:20:00+00:00 [queued]>
[2026-05-07T10:25:01.230+0000] {taskinstance.py:2614} INFO - Dependencies all met for dep_context=requeueable deps ti=<TaskInstance: iot_sensor_pipeline.run_iot_etl_pipeline scheduled__2026-05-07T10:20:00+00:00 [queued]>
[2026-05-07T10:25:01.230+0000] {taskinstance.py:2867} INFO - Starting attempt 1 of 2
[2026-05-07T10:25:01.240+0000] {taskinstance.py:2890} INFO - Executing <Task(PythonOperator): run_iot_etl_pipeline> on 2026-05-07 10:20:00+00:00
[2026-05-07T10:25:01.247+0000] {standard_task_runner.py:104} INFO - Running: ['***', 'tasks', 'run', 'iot_sensor_pipeline', 'run_iot_etl_pipeline', 'scheduled__2026-05-07T10:20:00+00:00', '--job-id', '12', '--raw', '--subdir', 'DAGS_FOLDER/iot_dag.py', '--cfg-path', '/tmp/tmp4v_1ekjo']
[2026-05-07T10:25:01.249+0000] {standard_task_runner.py:105} INFO - Job 12: Subtask run_iot_etl_pipeline
[2026-05-07T10:25:01.250+0000] {logging_mixin.py:190} WARNING - /home/***/.local/lib/python3.12/site-packages/***/task/task_runner/standard_task_runner.py:70 DeprecationWarning: This process (pid=673) is multi-threaded, use of fork() may lead to deadlocks in the child.
[2026-05-07T10:25:01.250+0000] {standard_task_runner.py:72} INFO - Started process 675 to run task
[2026-05-07T10:25:01.292+0000] {task_command.py:467} INFO - Running <TaskInstance: iot_sensor_pipeline.run_iot_etl_pipeline scheduled__2026-05-07T10:20:00+00:00 [running]> on host e8c023bf0fb2
[2026-05-07T10:25:01.363+0000] {taskinstance.py:3134} INFO - Exporting env vars: AIRFLOW_CTX_DAG_OWNER='amrire' AIRFLOW_CTX_DAG_ID='iot_sensor_pipeline' AIRFLOW_CTX_TASK_ID='run_iot_etl_pipeline' AIRFLOW_CTX_EXECUTION_DATE='2026-05-07T10:20:00+00:00' AIRFLOW_CTX_TRY_NUMBER='1' AIRFLOW_CTX_DAG_RUN_ID='scheduled__2026-05-07T10:20:00+00:00'
[2026-05-07T10:25:01.363+0000] {taskinstance.py:732} INFO - ::endgroup::
[2026-05-07T10:25:01.384+0000] {pipeline.py:25} INFO - Pipeline run 10 started
[2026-05-07T10:25:01.385+0000] {extract.py:8} INFO - Extract started
[2026-05-07T10:25:01.391+0000] {extract.py:43} INFO - Extract completed | rows=52 | runtime=0.01s
[2026-05-07T10:25:01.391+0000] {transform.py:7} INFO - Transform started
[2026-05-07T10:25:01.403+0000] {transform.py:81} INFO - Transform completed | clean_rows=52 | quarantined_rows=0 | runtime=0.01s
[2026-05-07T10:25:01.403+0000] {load.py:9} INFO - Load started for Run ID: 10
[2026-05-07T10:25:01.414+0000] {load.py:41} INFO - Loaded 52 clean records.
[2026-05-07T10:25:01.417+0000] {load.py:67} INFO - Watermark updated | ID: 463 | TS: 2026-05-07 10:25:00.789008+00:00
[2026-05-07T10:25:01.417+0000] {load.py:74} INFO - Load completed | runtime=0.01s
[2026-05-07T10:25:01.420+0000] {pipeline.py:46} INFO - Pipeline run 10 completed successfully
[2026-05-07T10:25:01.420+0000] {python.py:240} INFO - Done. Returned value was: None
[2026-05-07T10:25:01.429+0000] {taskinstance.py:341} INFO - ::group::Post task execution logs
[2026-05-07T10:25:01.429+0000] {taskinstance.py:353} INFO - Marking task as SUCCESS. dag_id=iot_sensor_pipeline, task_id=run_iot_etl_pipeline, run_id=scheduled__2026-05-07T10:20:00+00:00, execution_date=20260507T102000, start_date=20260507T102501, end_date=20260507T102501
[2026-05-07T10:25:01.465+0000] {local_task_job_runner.py:266} INFO - Task exited with return code 0
[2026-05-07T10:25:01.477+0000] {taskinstance.py:3901} INFO - 0 downstream tasks scheduled from follow-on schedule check
[2026-05-07T10:25:01.479+0000] {local_task_job_runner.py:245} INFO - ::endgroup::
