[2026-04-26T21:20:00.958+0000] {local_task_job_runner.py:123} INFO - ::group::Pre task execution logs
[2026-04-26T21:20:00.969+0000] {taskinstance.py:2614} INFO - Dependencies all met for dep_context=non-requeueable deps ti=<TaskInstance: iot_sensor_pipeline.run_iot_etl_pipeline scheduled__2026-04-26T21:15:00+00:00 [queued]>
[2026-04-26T21:20:00.975+0000] {taskinstance.py:2614} INFO - Dependencies all met for dep_context=requeueable deps ti=<TaskInstance: iot_sensor_pipeline.run_iot_etl_pipeline scheduled__2026-04-26T21:15:00+00:00 [queued]>
[2026-04-26T21:20:00.975+0000] {taskinstance.py:2867} INFO - Starting attempt 1 of 2
[2026-04-26T21:20:00.984+0000] {taskinstance.py:2890} INFO - Executing <Task(PythonOperator): run_iot_etl_pipeline> on 2026-04-26 21:15:00+00:00
[2026-04-26T21:20:00.990+0000] {logging_mixin.py:190} WARNING - /home/***/.local/lib/python3.12/site-packages/***/task/task_runner/standard_task_runner.py:70 DeprecationWarning: This process (pid=7963) is multi-threaded, use of fork() may lead to deadlocks in the child.
[2026-04-26T21:20:00.991+0000] {standard_task_runner.py:72} INFO - Started process 7965 to run task
[2026-04-26T21:20:00.991+0000] {standard_task_runner.py:104} INFO - Running: ['***', 'tasks', 'run', 'iot_sensor_pipeline', 'run_iot_etl_pipeline', 'scheduled__2026-04-26T21:15:00+00:00', '--job-id', '689', '--raw', '--subdir', 'DAGS_FOLDER/iot_dag.py', '--cfg-path', '/tmp/tmpm5qc7_rp']
[2026-04-26T21:20:00.992+0000] {standard_task_runner.py:105} INFO - Job 689: Subtask run_iot_etl_pipeline
[2026-04-26T21:20:01.034+0000] {task_command.py:467} INFO - Running <TaskInstance: iot_sensor_pipeline.run_iot_etl_pipeline scheduled__2026-04-26T21:15:00+00:00 [running]> on host 0471fb5f5ee0
[2026-04-26T21:20:01.099+0000] {taskinstance.py:3134} INFO - Exporting env vars: AIRFLOW_CTX_DAG_OWNER='amrire' AIRFLOW_CTX_DAG_ID='iot_sensor_pipeline' AIRFLOW_CTX_TASK_ID='run_iot_etl_pipeline' AIRFLOW_CTX_EXECUTION_DATE='2026-04-26T21:15:00+00:00' AIRFLOW_CTX_TRY_NUMBER='1' AIRFLOW_CTX_DAG_RUN_ID='scheduled__2026-04-26T21:15:00+00:00'
[2026-04-26T21:20:01.099+0000] {taskinstance.py:732} INFO - ::endgroup::
[2026-04-26T21:20:01.118+0000] {pipeline.py:25} INFO - Pipeline run 589 started
[2026-04-26T21:20:01.119+0000] {extract.py:8} INFO - Extract started
[2026-04-26T21:20:01.124+0000] {extract.py:43} INFO - Extract completed | rows=42 | runtime=0.01s
[2026-04-26T21:20:01.126+0000] {transform.py:7} INFO - Transform started
[2026-04-26T21:20:01.135+0000] {transform.py:81} INFO - Transform completed | clean_rows=42 | quarantined_rows=0 | runtime=0.01s
[2026-04-26T21:20:01.136+0000] {logging_mixin.py:190} INFO - DEBUG - CLEAN COLS: ['raw_id', 'run_id', 'device_id', 'event_ts_ms', 'event_ts', 'temperature', 'humidity', 'source', 'ingest_ts']
[2026-04-26T21:20:01.137+0000] {logging_mixin.py:190} INFO - DEBUG - NULL COUNT: 0
[2026-04-26T21:20:01.137+0000] {load.py:10} INFO - Load started for Run ID: 589
[2026-04-26T21:20:01.145+0000] {load.py:39} INFO - Loaded 42 clean records.
[2026-04-26T21:20:01.147+0000] {load.py:62} INFO - Watermark updated to ID: 19684.
[2026-04-26T21:20:01.147+0000] {load.py:69} INFO - Load completed | runtime=0.01s
[2026-04-26T21:20:01.150+0000] {pipeline.py:51} INFO - Pipeline run 589 completed successfully
[2026-04-26T21:20:01.150+0000] {python.py:240} INFO - Done. Returned value was: None
[2026-04-26T21:20:01.158+0000] {taskinstance.py:341} INFO - ::group::Post task execution logs
[2026-04-26T21:20:01.159+0000] {taskinstance.py:353} INFO - Marking task as SUCCESS. dag_id=iot_sensor_pipeline, task_id=run_iot_etl_pipeline, run_id=scheduled__2026-04-26T21:15:00+00:00, execution_date=20260426T211500, start_date=20260426T212000, end_date=20260426T212001
[2026-04-26T21:20:01.205+0000] {local_task_job_runner.py:266} INFO - Task exited with return code 0
[2026-04-26T21:20:01.216+0000] {taskinstance.py:3901} INFO - 0 downstream tasks scheduled from follow-on schedule check
[2026-04-26T21:20:01.219+0000] {local_task_job_runner.py:245} INFO - ::endgroup::
