[2026-05-09T06:00:01.399+0000] {local_task_job_runner.py:123} INFO - ::group::Pre task execution logs
[2026-05-09T06:00:01.409+0000] {taskinstance.py:2614} INFO - Dependencies all met for dep_context=non-requeueable deps ti=<TaskInstance: iot_sensor_pipeline.run_iot_etl_pipeline scheduled__2026-05-09T05:55:00+00:00 [queued]>
[2026-05-09T06:00:01.414+0000] {taskinstance.py:2614} INFO - Dependencies all met for dep_context=requeueable deps ti=<TaskInstance: iot_sensor_pipeline.run_iot_etl_pipeline scheduled__2026-05-09T05:55:00+00:00 [queued]>
[2026-05-09T06:00:01.414+0000] {taskinstance.py:2867} INFO - Starting attempt 1 of 2
[2026-05-09T06:00:01.423+0000] {taskinstance.py:2890} INFO - Executing <Task(PythonOperator): run_iot_etl_pipeline> on 2026-05-09 05:55:00+00:00
[2026-05-09T06:00:01.430+0000] {standard_task_runner.py:104} INFO - Running: ['***', 'tasks', 'run', 'iot_sensor_pipeline', 'run_iot_etl_pipeline', 'scheduled__2026-05-09T05:55:00+00:00', '--job-id', '4', '--raw', '--subdir', 'DAGS_FOLDER/iot_dag.py', '--cfg-path', '/tmp/tmpmas5_qls']
[2026-05-09T06:00:01.432+0000] {logging_mixin.py:190} WARNING - /home/***/.local/lib/python3.12/site-packages/***/task/task_runner/standard_task_runner.py:70 DeprecationWarning: This process (pid=244) is multi-threaded, use of fork() may lead to deadlocks in the child.
[2026-05-09T06:00:01.432+0000] {standard_task_runner.py:105} INFO - Job 4: Subtask run_iot_etl_pipeline
[2026-05-09T06:00:01.432+0000] {standard_task_runner.py:72} INFO - Started process 249 to run task
[2026-05-09T06:00:01.471+0000] {task_command.py:467} INFO - Running <TaskInstance: iot_sensor_pipeline.run_iot_etl_pipeline scheduled__2026-05-09T05:55:00+00:00 [running]> on host a9b557c1044c
[2026-05-09T06:00:01.534+0000] {taskinstance.py:3134} INFO - Exporting env vars: AIRFLOW_CTX_DAG_OWNER='amrire' AIRFLOW_CTX_DAG_ID='iot_sensor_pipeline' AIRFLOW_CTX_TASK_ID='run_iot_etl_pipeline' AIRFLOW_CTX_EXECUTION_DATE='2026-05-09T05:55:00+00:00' AIRFLOW_CTX_TRY_NUMBER='1' AIRFLOW_CTX_DAG_RUN_ID='scheduled__2026-05-09T05:55:00+00:00'
[2026-05-09T06:00:01.534+0000] {taskinstance.py:732} INFO - ::endgroup::
[2026-05-09T06:00:01.552+0000] {pipeline.py:36} INFO - --- sensor_etl RUN 3 STARTED ---
[2026-05-09T06:00:01.552+0000] {extract.py:8} INFO - Extract started
[2026-05-09T06:00:01.557+0000] {extract.py:43} INFO - Extract completed | rows=51 | runtime=0.01s
[2026-05-09T06:00:01.558+0000] {transform.py:7} INFO - Transform started
[2026-05-09T06:00:01.568+0000] {transform.py:81} INFO - Transform completed | clean_rows=51 | quarantined_rows=0 | runtime=0.01s
[2026-05-09T06:00:01.568+0000] {load.py:9} INFO - Load started for Run ID: 3
[2026-05-09T06:00:01.578+0000] {load.py:41} INFO - Loaded 51 clean records.
[2026-05-09T06:00:01.580+0000] {load.py:67} INFO - Watermark updated | ID: 61 | TS: 2026-05-09 05:59:59.366266+00:00
[2026-05-09T06:00:01.580+0000] {load.py:74} INFO - Load completed | runtime=0.01s
[2026-05-09T06:00:01.583+0000] {pipeline.py:57} INFO - --- sensor_etl RUN 3 COMPLETED SUCCESSFULLY ---
[2026-05-09T06:00:01.583+0000] {python.py:240} INFO - Done. Returned value was: None
[2026-05-09T06:00:01.591+0000] {taskinstance.py:341} INFO - ::group::Post task execution logs
[2026-05-09T06:00:01.592+0000] {taskinstance.py:353} INFO - Marking task as SUCCESS. dag_id=iot_sensor_pipeline, task_id=run_iot_etl_pipeline, run_id=scheduled__2026-05-09T05:55:00+00:00, execution_date=20260509T055500, start_date=20260509T060001, end_date=20260509T060001
[2026-05-09T06:00:01.646+0000] {local_task_job_runner.py:266} INFO - Task exited with return code 0
[2026-05-09T06:00:01.659+0000] {taskinstance.py:3901} INFO - 0 downstream tasks scheduled from follow-on schedule check
[2026-05-09T06:00:01.661+0000] {local_task_job_runner.py:245} INFO - ::endgroup::
[2026-05-09T06:00:45.847+0000] {local_task_job_runner.py:123} INFO - ::group::Pre task execution logs
[2026-05-09T06:00:45.862+0000] {taskinstance.py:2614} INFO - Dependencies all met for dep_context=non-requeueable deps ti=<TaskInstance: iot_sensor_pipeline.run_iot_etl_pipeline scheduled__2026-05-09T05:55:00+00:00 [queued]>
[2026-05-09T06:00:45.868+0000] {taskinstance.py:2614} INFO - Dependencies all met for dep_context=requeueable deps ti=<TaskInstance: iot_sensor_pipeline.run_iot_etl_pipeline scheduled__2026-05-09T05:55:00+00:00 [queued]>
[2026-05-09T06:00:45.868+0000] {taskinstance.py:2867} INFO - Starting attempt 1 of 2
[2026-05-09T06:00:45.877+0000] {taskinstance.py:2890} INFO - Executing <Task(PythonOperator): run_iot_etl_pipeline> on 2026-05-09 05:55:00+00:00
[2026-05-09T06:00:45.886+0000] {logging_mixin.py:190} WARNING - /home/***/.local/lib/python3.12/site-packages/***/task/task_runner/standard_task_runner.py:70 DeprecationWarning: This process (pid=173) is multi-threaded, use of fork() may lead to deadlocks in the child.
[2026-05-09T06:00:45.885+0000] {standard_task_runner.py:104} INFO - Running: ['***', 'tasks', 'run', 'iot_sensor_pipeline', 'run_iot_etl_pipeline', 'scheduled__2026-05-09T05:55:00+00:00', '--job-id', '2', '--raw', '--subdir', 'DAGS_FOLDER/iot_dag.py', '--cfg-path', '/tmp/tmpsh9li0n6']
[2026-05-09T06:00:45.887+0000] {standard_task_runner.py:72} INFO - Started process 175 to run task
[2026-05-09T06:00:45.887+0000] {standard_task_runner.py:105} INFO - Job 2: Subtask run_iot_etl_pipeline
[2026-05-09T06:00:45.933+0000] {task_command.py:467} INFO - Running <TaskInstance: iot_sensor_pipeline.run_iot_etl_pipeline scheduled__2026-05-09T05:55:00+00:00 [running]> on host 5f88d49937a6
[2026-05-09T06:00:46.011+0000] {taskinstance.py:3134} INFO - Exporting env vars: AIRFLOW_CTX_DAG_OWNER='amrire' AIRFLOW_CTX_DAG_ID='iot_sensor_pipeline' AIRFLOW_CTX_TASK_ID='run_iot_etl_pipeline' AIRFLOW_CTX_EXECUTION_DATE='2026-05-09T05:55:00+00:00' AIRFLOW_CTX_TRY_NUMBER='1' AIRFLOW_CTX_DAG_RUN_ID='scheduled__2026-05-09T05:55:00+00:00'
[2026-05-09T06:00:46.012+0000] {taskinstance.py:732} INFO - ::endgroup::
[2026-05-09T06:00:46.047+0000] {pipeline.py:36} INFO - --- sensor_etl RUN 1 STARTED ---
[2026-05-09T06:00:46.047+0000] {extract.py:8} INFO - Extract started
[2026-05-09T06:00:46.049+0000] {extract.py:23} INFO - No watermark found. Starting from ID 0.
[2026-05-09T06:00:46.054+0000] {extract.py:43} INFO - Extract completed | rows=5 | runtime=0.01s
[2026-05-09T06:00:46.055+0000] {transform.py:7} INFO - Transform started
[2026-05-09T06:00:46.069+0000] {transform.py:81} INFO - Transform completed | clean_rows=5 | quarantined_rows=0 | runtime=0.01s
[2026-05-09T06:00:46.070+0000] {load.py:9} INFO - Load started for Run ID: 1
[2026-05-09T06:00:46.076+0000] {load.py:41} INFO - Loaded 5 clean records.
[2026-05-09T06:00:46.079+0000] {load.py:67} INFO - Watermark updated | ID: 5 | TS: 2026-05-09 06:00:45.103960+00:00
[2026-05-09T06:00:46.079+0000] {load.py:74} INFO - Load completed | runtime=0.01s
[2026-05-09T06:00:46.082+0000] {pipeline.py:57} INFO - --- sensor_etl RUN 1 COMPLETED SUCCESSFULLY ---
[2026-05-09T06:00:46.082+0000] {python.py:240} INFO - Done. Returned value was: None
[2026-05-09T06:00:46.093+0000] {taskinstance.py:341} INFO - ::group::Post task execution logs
[2026-05-09T06:00:46.093+0000] {taskinstance.py:353} INFO - Marking task as SUCCESS. dag_id=iot_sensor_pipeline, task_id=run_iot_etl_pipeline, run_id=scheduled__2026-05-09T05:55:00+00:00, execution_date=20260509T055500, start_date=20260509T060045, end_date=20260509T060046
[2026-05-09T06:00:46.141+0000] {local_task_job_runner.py:266} INFO - Task exited with return code 0
[2026-05-09T06:00:46.153+0000] {taskinstance.py:3901} INFO - 0 downstream tasks scheduled from follow-on schedule check
[2026-05-09T06:00:46.155+0000] {local_task_job_runner.py:245} INFO - ::endgroup::
