[2026-05-11T00:25:02.824+0000] {local_task_job_runner.py:123} INFO - ::group::Pre task execution logs
[2026-05-11T00:25:02.836+0000] {taskinstance.py:2614} INFO - Dependencies all met for dep_context=non-requeueable deps ti=<TaskInstance: iot_sensor_pipeline.run_iot_etl_pipeline scheduled__2026-05-11T00:20:00+00:00 [queued]>
[2026-05-11T00:25:02.841+0000] {taskinstance.py:2614} INFO - Dependencies all met for dep_context=requeueable deps ti=<TaskInstance: iot_sensor_pipeline.run_iot_etl_pipeline scheduled__2026-05-11T00:20:00+00:00 [queued]>
[2026-05-11T00:25:02.842+0000] {taskinstance.py:2867} INFO - Starting attempt 1 of 2
[2026-05-11T00:25:02.855+0000] {taskinstance.py:2890} INFO - Executing <Task(PythonOperator): run_iot_etl_pipeline> on 2026-05-11 00:20:00+00:00
[2026-05-11T00:25:02.861+0000] {standard_task_runner.py:104} INFO - Running: ['***', 'tasks', 'run', 'iot_sensor_pipeline', 'run_iot_etl_pipeline', 'scheduled__2026-05-11T00:20:00+00:00', '--job-id', '3', '--raw', '--subdir', 'DAGS_FOLDER/iot_dag.py', '--cfg-path', '/tmp/tmpsk5ggn80']
[2026-05-11T00:25:02.863+0000] {standard_task_runner.py:105} INFO - Job 3: Subtask run_iot_etl_pipeline
[2026-05-11T00:25:02.863+0000] {logging_mixin.py:190} WARNING - /home/***/.local/lib/python3.12/site-packages/***/task/task_runner/standard_task_runner.py:70 DeprecationWarning: This process (pid=195) is multi-threaded, use of fork() may lead to deadlocks in the child.
[2026-05-11T00:25:02.864+0000] {standard_task_runner.py:72} INFO - Started process 197 to run task
[2026-05-11T00:25:02.901+0000] {task_command.py:467} INFO - Running <TaskInstance: iot_sensor_pipeline.run_iot_etl_pipeline scheduled__2026-05-11T00:20:00+00:00 [running]> on host 46ef8ae57998
[2026-05-11T00:25:02.965+0000] {taskinstance.py:3134} INFO - Exporting env vars: AIRFLOW_CTX_DAG_OWNER='amrire' AIRFLOW_CTX_DAG_ID='iot_sensor_pipeline' AIRFLOW_CTX_TASK_ID='run_iot_etl_pipeline' AIRFLOW_CTX_EXECUTION_DATE='2026-05-11T00:20:00+00:00' AIRFLOW_CTX_TRY_NUMBER='1' AIRFLOW_CTX_DAG_RUN_ID='scheduled__2026-05-11T00:20:00+00:00'
[2026-05-11T00:25:02.966+0000] {taskinstance.py:732} INFO - ::endgroup::
[2026-05-11T00:25:02.984+0000] {pipeline.py:36} INFO - --- sensor_etl RUN 2 STARTED ---
[2026-05-11T00:25:02.984+0000] {extract.py:8} INFO - Extract started
[2026-05-11T00:25:02.991+0000] {extract.py:43} INFO - Extract completed | rows=17 | runtime=0.01s
[2026-05-11T00:25:02.991+0000] {transform.py:7} INFO - Transform started
[2026-05-11T00:25:03.002+0000] {transform.py:81} INFO - Transform completed | clean_rows=17 | quarantined_rows=0 | runtime=0.01s
[2026-05-11T00:25:03.003+0000] {load.py:9} INFO - Load started for Run ID: 2
[2026-05-11T00:25:03.009+0000] {load.py:41} INFO - Loaded 17 clean records.
[2026-05-11T00:25:03.011+0000] {load.py:67} INFO - Watermark updated | ID: 23 | TS: 2026-05-11 00:24:58.321070+00:00
[2026-05-11T00:25:03.011+0000] {load.py:74} INFO - Load completed | runtime=0.01s
[2026-05-11T00:25:03.013+0000] {pipeline.py:57} INFO - --- sensor_etl RUN 2 COMPLETED SUCCESSFULLY ---
[2026-05-11T00:25:03.014+0000] {python.py:240} INFO - Done. Returned value was: None
[2026-05-11T00:25:03.021+0000] {taskinstance.py:341} INFO - ::group::Post task execution logs
[2026-05-11T00:25:03.022+0000] {taskinstance.py:353} INFO - Marking task as SUCCESS. dag_id=iot_sensor_pipeline, task_id=run_iot_etl_pipeline, run_id=scheduled__2026-05-11T00:20:00+00:00, execution_date=20260511T002000, start_date=20260511T002502, end_date=20260511T002503
[2026-05-11T00:25:03.077+0000] {local_task_job_runner.py:266} INFO - Task exited with return code 0
[2026-05-11T00:25:03.094+0000] {taskinstance.py:3901} INFO - 0 downstream tasks scheduled from follow-on schedule check
[2026-05-11T00:25:03.096+0000] {local_task_job_runner.py:245} INFO - ::endgroup::
[2026-05-11T00:26:27.803+0000] {local_task_job_runner.py:123} INFO - ::group::Pre task execution logs
[2026-05-11T00:26:27.815+0000] {taskinstance.py:2614} INFO - Dependencies all met for dep_context=non-requeueable deps ti=<TaskInstance: iot_sensor_pipeline.run_iot_etl_pipeline scheduled__2026-05-11T00:20:00+00:00 [queued]>
[2026-05-11T00:26:27.821+0000] {taskinstance.py:2614} INFO - Dependencies all met for dep_context=requeueable deps ti=<TaskInstance: iot_sensor_pipeline.run_iot_etl_pipeline scheduled__2026-05-11T00:20:00+00:00 [queued]>
[2026-05-11T00:26:27.822+0000] {taskinstance.py:2867} INFO - Starting attempt 1 of 2
[2026-05-11T00:26:27.831+0000] {taskinstance.py:2890} INFO - Executing <Task(PythonOperator): run_iot_etl_pipeline> on 2026-05-11 00:20:00+00:00
[2026-05-11T00:26:27.837+0000] {standard_task_runner.py:104} INFO - Running: ['***', 'tasks', 'run', 'iot_sensor_pipeline', 'run_iot_etl_pipeline', 'scheduled__2026-05-11T00:20:00+00:00', '--job-id', '2', '--raw', '--subdir', 'DAGS_FOLDER/iot_dag.py', '--cfg-path', '/tmp/tmp2n00hz6v']
[2026-05-11T00:26:27.839+0000] {logging_mixin.py:190} WARNING - /home/***/.local/lib/python3.12/site-packages/***/task/task_runner/standard_task_runner.py:70 DeprecationWarning: This process (pid=173) is multi-threaded, use of fork() may lead to deadlocks in the child.
[2026-05-11T00:26:27.839+0000] {standard_task_runner.py:105} INFO - Job 2: Subtask run_iot_etl_pipeline
[2026-05-11T00:26:27.839+0000] {standard_task_runner.py:72} INFO - Started process 175 to run task
[2026-05-11T00:26:27.878+0000] {task_command.py:467} INFO - Running <TaskInstance: iot_sensor_pipeline.run_iot_etl_pipeline scheduled__2026-05-11T00:20:00+00:00 [running]> on host d88d0e053c15
[2026-05-11T00:26:27.945+0000] {taskinstance.py:3134} INFO - Exporting env vars: AIRFLOW_CTX_DAG_OWNER='amrire' AIRFLOW_CTX_DAG_ID='iot_sensor_pipeline' AIRFLOW_CTX_TASK_ID='run_iot_etl_pipeline' AIRFLOW_CTX_EXECUTION_DATE='2026-05-11T00:20:00+00:00' AIRFLOW_CTX_TRY_NUMBER='1' AIRFLOW_CTX_DAG_RUN_ID='scheduled__2026-05-11T00:20:00+00:00'
[2026-05-11T00:26:27.947+0000] {taskinstance.py:732} INFO - ::endgroup::
[2026-05-11T00:26:27.980+0000] {pipeline.py:36} INFO - --- sensor_etl RUN 1 STARTED ---
[2026-05-11T00:26:27.980+0000] {extract.py:8} INFO - Extract started
[2026-05-11T00:26:27.982+0000] {extract.py:23} INFO - No watermark found. Starting from ID 0.
[2026-05-11T00:26:27.986+0000] {extract.py:43} INFO - Extract completed | rows=5 | runtime=0.01s
[2026-05-11T00:26:27.986+0000] {transform.py:7} INFO - Transform started
[2026-05-11T00:26:27.996+0000] {transform.py:81} INFO - Transform completed | clean_rows=5 | quarantined_rows=0 | runtime=0.01s
[2026-05-11T00:26:27.996+0000] {load.py:9} INFO - Load started for Run ID: 1
[2026-05-11T00:26:28.003+0000] {load.py:41} INFO - Loaded 5 clean records.
[2026-05-11T00:26:28.005+0000] {load.py:67} INFO - Watermark updated | ID: 5 | TS: 2026-05-11 00:26:23.121978+00:00
[2026-05-11T00:26:28.005+0000] {load.py:74} INFO - Load completed | runtime=0.01s
[2026-05-11T00:26:28.008+0000] {pipeline.py:57} INFO - --- sensor_etl RUN 1 COMPLETED SUCCESSFULLY ---
[2026-05-11T00:26:28.009+0000] {python.py:240} INFO - Done. Returned value was: None
[2026-05-11T00:26:28.017+0000] {taskinstance.py:341} INFO - ::group::Post task execution logs
[2026-05-11T00:26:28.017+0000] {taskinstance.py:353} INFO - Marking task as SUCCESS. dag_id=iot_sensor_pipeline, task_id=run_iot_etl_pipeline, run_id=scheduled__2026-05-11T00:20:00+00:00, execution_date=20260511T002000, start_date=20260511T002627, end_date=20260511T002628
[2026-05-11T00:26:28.053+0000] {local_task_job_runner.py:266} INFO - Task exited with return code 0
[2026-05-11T00:26:28.065+0000] {taskinstance.py:3901} INFO - 0 downstream tasks scheduled from follow-on schedule check
[2026-05-11T00:26:28.068+0000] {local_task_job_runner.py:245} INFO - ::endgroup::
[2026-05-11T00:29:16.869+0000] {local_task_job_runner.py:123} INFO - ::group::Pre task execution logs
[2026-05-11T00:29:16.888+0000] {taskinstance.py:2614} INFO - Dependencies all met for dep_context=non-requeueable deps ti=<TaskInstance: iot_sensor_pipeline.run_iot_etl_pipeline scheduled__2026-05-11T00:20:00+00:00 [queued]>
[2026-05-11T00:29:16.898+0000] {taskinstance.py:2614} INFO - Dependencies all met for dep_context=requeueable deps ti=<TaskInstance: iot_sensor_pipeline.run_iot_etl_pipeline scheduled__2026-05-11T00:20:00+00:00 [queued]>
[2026-05-11T00:29:16.899+0000] {taskinstance.py:2867} INFO - Starting attempt 1 of 2
[2026-05-11T00:29:16.915+0000] {taskinstance.py:2890} INFO - Executing <Task(PythonOperator): run_iot_etl_pipeline> on 2026-05-11 00:20:00+00:00
[2026-05-11T00:29:16.927+0000] {standard_task_runner.py:104} INFO - Running: ['***', 'tasks', 'run', 'iot_sensor_pipeline', 'run_iot_etl_pipeline', 'scheduled__2026-05-11T00:20:00+00:00', '--job-id', '2', '--raw', '--subdir', 'DAGS_FOLDER/iot_dag.py', '--cfg-path', '/tmp/tmph6jz2ik8']
[2026-05-11T00:29:16.931+0000] {standard_task_runner.py:105} INFO - Job 2: Subtask run_iot_etl_pipeline
[2026-05-11T00:29:16.934+0000] {logging_mixin.py:190} WARNING - /home/***/.local/lib/python3.12/site-packages/***/task/task_runner/standard_task_runner.py:70 DeprecationWarning: This process (pid=173) is multi-threaded, use of fork() may lead to deadlocks in the child.
[2026-05-11T00:29:16.935+0000] {standard_task_runner.py:72} INFO - Started process 175 to run task
[2026-05-11T00:29:17.004+0000] {task_command.py:467} INFO - Running <TaskInstance: iot_sensor_pipeline.run_iot_etl_pipeline scheduled__2026-05-11T00:20:00+00:00 [running]> on host 15991d806b48
[2026-05-11T00:29:17.167+0000] {taskinstance.py:3134} INFO - Exporting env vars: AIRFLOW_CTX_DAG_OWNER='amrire' AIRFLOW_CTX_DAG_ID='iot_sensor_pipeline' AIRFLOW_CTX_TASK_ID='run_iot_etl_pipeline' AIRFLOW_CTX_EXECUTION_DATE='2026-05-11T00:20:00+00:00' AIRFLOW_CTX_TRY_NUMBER='1' AIRFLOW_CTX_DAG_RUN_ID='scheduled__2026-05-11T00:20:00+00:00'
[2026-05-11T00:29:17.168+0000] {taskinstance.py:732} INFO - ::endgroup::
[2026-05-11T00:29:17.214+0000] {pipeline.py:36} INFO - --- sensor_etl RUN 1 STARTED ---
[2026-05-11T00:29:17.214+0000] {extract.py:8} INFO - Extract started
[2026-05-11T00:29:17.216+0000] {extract.py:23} INFO - No watermark found. Starting from ID 0.
[2026-05-11T00:29:17.222+0000] {extract.py:43} INFO - Extract completed | rows=5 | runtime=0.01s
[2026-05-11T00:29:17.222+0000] {transform.py:7} INFO - Transform started
[2026-05-11T00:29:17.237+0000] {transform.py:81} INFO - Transform completed | clean_rows=5 | quarantined_rows=0 | runtime=0.01s
[2026-05-11T00:29:17.238+0000] {load.py:9} INFO - Load started for Run ID: 1
[2026-05-11T00:29:17.248+0000] {load.py:41} INFO - Loaded 5 clean records.
[2026-05-11T00:29:17.252+0000] {load.py:67} INFO - Watermark updated | ID: 5 | TS: 2026-05-11 00:29:13.027716+00:00
[2026-05-11T00:29:17.253+0000] {load.py:74} INFO - Load completed | runtime=0.01s
[2026-05-11T00:29:17.256+0000] {pipeline.py:57} INFO - --- sensor_etl RUN 1 COMPLETED SUCCESSFULLY ---
[2026-05-11T00:29:17.256+0000] {python.py:240} INFO - Done. Returned value was: None
[2026-05-11T00:29:17.266+0000] {taskinstance.py:341} INFO - ::group::Post task execution logs
[2026-05-11T00:29:17.266+0000] {taskinstance.py:353} INFO - Marking task as SUCCESS. dag_id=iot_sensor_pipeline, task_id=run_iot_etl_pipeline, run_id=scheduled__2026-05-11T00:20:00+00:00, execution_date=20260511T002000, start_date=20260511T002916, end_date=20260511T002917
[2026-05-11T00:29:17.312+0000] {local_task_job_runner.py:266} INFO - Task exited with return code 0
[2026-05-11T00:29:17.327+0000] {taskinstance.py:3901} INFO - 0 downstream tasks scheduled from follow-on schedule check
[2026-05-11T00:29:17.330+0000] {local_task_job_runner.py:245} INFO - ::endgroup::
