[2026-05-07T13:20:00.774+0000] {local_task_job_runner.py:123} INFO - ::group::Pre task execution logs
[2026-05-07T13:20:00.787+0000] {taskinstance.py:2614} INFO - Dependencies all met for dep_context=non-requeueable deps ti=<TaskInstance: iot_sensor_pipeline.run_iot_etl_pipeline scheduled__2026-05-07T13:15:00+00:00 [queued]>
[2026-05-07T13:20:00.792+0000] {taskinstance.py:2614} INFO - Dependencies all met for dep_context=requeueable deps ti=<TaskInstance: iot_sensor_pipeline.run_iot_etl_pipeline scheduled__2026-05-07T13:15:00+00:00 [queued]>
[2026-05-07T13:20:00.792+0000] {taskinstance.py:2867} INFO - Starting attempt 1 of 2
[2026-05-07T13:20:00.804+0000] {taskinstance.py:2890} INFO - Executing <Task(PythonOperator): run_iot_etl_pipeline> on 2026-05-07 13:15:00+00:00
[2026-05-07T13:20:00.810+0000] {logging_mixin.py:190} WARNING - /home/***/.local/lib/python3.12/site-packages/***/task/task_runner/standard_task_runner.py:70 DeprecationWarning: This process (pid=2877) is multi-threaded, use of fork() may lead to deadlocks in the child.
[2026-05-07T13:20:00.812+0000] {standard_task_runner.py:72} INFO - Started process 2879 to run task
[2026-05-07T13:20:00.810+0000] {standard_task_runner.py:104} INFO - Running: ['***', 'tasks', 'run', 'iot_sensor_pipeline', 'run_iot_etl_pipeline', 'scheduled__2026-05-07T13:15:00+00:00', '--job-id', '47', '--raw', '--subdir', 'DAGS_FOLDER/iot_dag.py', '--cfg-path', '/tmp/tmpi4_k1osx']
[2026-05-07T13:20:00.813+0000] {standard_task_runner.py:105} INFO - Job 47: Subtask run_iot_etl_pipeline
[2026-05-07T13:20:00.858+0000] {task_command.py:467} INFO - Running <TaskInstance: iot_sensor_pipeline.run_iot_etl_pipeline scheduled__2026-05-07T13:15:00+00:00 [running]> on host e8c023bf0fb2
[2026-05-07T13:20:00.928+0000] {taskinstance.py:3134} INFO - Exporting env vars: AIRFLOW_CTX_DAG_OWNER='amrire' AIRFLOW_CTX_DAG_ID='iot_sensor_pipeline' AIRFLOW_CTX_TASK_ID='run_iot_etl_pipeline' AIRFLOW_CTX_EXECUTION_DATE='2026-05-07T13:15:00+00:00' AIRFLOW_CTX_TRY_NUMBER='1' AIRFLOW_CTX_DAG_RUN_ID='scheduled__2026-05-07T13:15:00+00:00'
[2026-05-07T13:20:00.930+0000] {taskinstance.py:732} INFO - ::endgroup::
[2026-05-07T13:20:00.951+0000] {pipeline.py:25} INFO - Pipeline run 45 started
[2026-05-07T13:20:00.952+0000] {extract.py:8} INFO - Extract started
[2026-05-07T13:20:00.957+0000] {extract.py:43} INFO - Extract completed | rows=52 | runtime=0.01s
[2026-05-07T13:20:00.958+0000] {transform.py:7} INFO - Transform started
[2026-05-07T13:20:00.970+0000] {transform.py:81} INFO - Transform completed | clean_rows=52 | quarantined_rows=0 | runtime=0.01s
[2026-05-07T13:20:00.970+0000] {load.py:9} INFO - Load started for Run ID: 45
[2026-05-07T13:20:00.984+0000] {load.py:41} INFO - Loaded 52 clean records.
[2026-05-07T13:20:00.986+0000] {load.py:67} INFO - Watermark updated | ID: 2257 | TS: 2026-05-07 13:20:00.888307+00:00
[2026-05-07T13:20:00.987+0000] {load.py:74} INFO - Load completed | runtime=0.02s
[2026-05-07T13:20:00.989+0000] {pipeline.py:46} INFO - Pipeline run 45 completed successfully
[2026-05-07T13:20:00.989+0000] {python.py:240} INFO - Done. Returned value was: None
[2026-05-07T13:20:00.998+0000] {taskinstance.py:341} INFO - ::group::Post task execution logs
[2026-05-07T13:20:00.999+0000] {taskinstance.py:353} INFO - Marking task as SUCCESS. dag_id=iot_sensor_pipeline, task_id=run_iot_etl_pipeline, run_id=scheduled__2026-05-07T13:15:00+00:00, execution_date=20260507T131500, start_date=20260507T132000, end_date=20260507T132000
[2026-05-07T13:20:01.027+0000] {local_task_job_runner.py:266} INFO - Task exited with return code 0
[2026-05-07T13:20:01.041+0000] {taskinstance.py:3901} INFO - 0 downstream tasks scheduled from follow-on schedule check
[2026-05-07T13:20:01.044+0000] {local_task_job_runner.py:245} INFO - ::endgroup::
