[2026-04-22T00:45:01.142+0000] {local_task_job_runner.py:123} INFO - ::group::Pre task execution logs
[2026-04-22T00:45:01.153+0000] {taskinstance.py:2614} INFO - Dependencies all met for dep_context=non-requeueable deps ti=<TaskInstance: iot_sensor_pipeline.run_iot_etl_pipeline scheduled__2026-04-22T00:40:00+00:00 [queued]>
[2026-04-22T00:45:01.158+0000] {taskinstance.py:2614} INFO - Dependencies all met for dep_context=requeueable deps ti=<TaskInstance: iot_sensor_pipeline.run_iot_etl_pipeline scheduled__2026-04-22T00:40:00+00:00 [queued]>
[2026-04-22T00:45:01.158+0000] {taskinstance.py:2867} INFO - Starting attempt 1 of 2
[2026-04-22T00:45:01.168+0000] {taskinstance.py:2890} INFO - Executing <Task(PythonOperator): run_iot_etl_pipeline> on 2026-04-22 00:40:00+00:00
[2026-04-22T00:45:01.175+0000] {standard_task_runner.py:104} INFO - Running: ['***', 'tasks', 'run', 'iot_sensor_pipeline', 'run_iot_etl_pipeline', 'scheduled__2026-04-22T00:40:00+00:00', '--job-id', '30', '--raw', '--subdir', 'DAGS_FOLDER/iot_dag.py', '--cfg-path', '/tmp/tmpy6kfrihy']
[2026-04-22T00:45:01.177+0000] {standard_task_runner.py:105} INFO - Job 30: Subtask run_iot_etl_pipeline
[2026-04-22T00:45:01.177+0000] {logging_mixin.py:190} WARNING - /home/***/.local/lib/python3.12/site-packages/***/task/task_runner/standard_task_runner.py:70 DeprecationWarning: This process (pid=1475) is multi-threaded, use of fork() may lead to deadlocks in the child.
[2026-04-22T00:45:01.177+0000] {standard_task_runner.py:72} INFO - Started process 1477 to run task
[2026-04-22T00:45:01.215+0000] {task_command.py:467} INFO - Running <TaskInstance: iot_sensor_pipeline.run_iot_etl_pipeline scheduled__2026-04-22T00:40:00+00:00 [running]> on host 3b74ecf2fd6a
[2026-04-22T00:45:01.278+0000] {taskinstance.py:3134} INFO - Exporting env vars: AIRFLOW_CTX_DAG_OWNER='amrire' AIRFLOW_CTX_DAG_ID='iot_sensor_pipeline' AIRFLOW_CTX_TASK_ID='run_iot_etl_pipeline' AIRFLOW_CTX_EXECUTION_DATE='2026-04-22T00:40:00+00:00' AIRFLOW_CTX_TRY_NUMBER='1' AIRFLOW_CTX_DAG_RUN_ID='scheduled__2026-04-22T00:40:00+00:00'
[2026-04-22T00:45:01.279+0000] {taskinstance.py:732} INFO - ::endgroup::
[2026-04-22T00:45:01.298+0000] {pipeline.py:25} INFO - Pipeline run 26 started
[2026-04-22T00:45:01.299+0000] {extract.py:8} INFO - Extract started
[2026-04-22T00:45:01.314+0000] {extract.py:43} INFO - Extract completed | rows=1057 | runtime=0.01s
[2026-04-22T00:45:01.316+0000] {transform.py:7} INFO - Transform started
[2026-04-22T00:45:01.328+0000] {transform.py:73} INFO - Transform completed | clean_rows=1057 | quarantined_rows=0 | runtime=0.01s
[2026-04-22T00:45:01.328+0000] {load.py:10} INFO - Load started for Run ID: 26
[2026-04-22T00:45:01.458+0000] {load.py:33} INFO - Loaded 1057 clean records.
[2026-04-22T00:45:01.461+0000] {load.py:61} INFO - Watermark successfully updated to 2026-04-22 00:45:00.787928+00:00.
[2026-04-22T00:45:01.462+0000] {load.py:68} INFO - Load completed | runtime=0.13s
[2026-04-22T00:45:01.464+0000] {pipeline.py:51} INFO - Pipeline run 26 completed successfully
[2026-04-22T00:45:01.464+0000] {python.py:240} INFO - Done. Returned value was: None
[2026-04-22T00:45:01.473+0000] {taskinstance.py:341} INFO - ::group::Post task execution logs
[2026-04-22T00:45:01.473+0000] {taskinstance.py:353} INFO - Marking task as SUCCESS. dag_id=iot_sensor_pipeline, task_id=run_iot_etl_pipeline, run_id=scheduled__2026-04-22T00:40:00+00:00, execution_date=20260422T004000, start_date=20260422T004501, end_date=20260422T004501
[2026-04-22T00:45:01.512+0000] {local_task_job_runner.py:266} INFO - Task exited with return code 0
[2026-04-22T00:45:01.524+0000] {taskinstance.py:3901} INFO - 0 downstream tasks scheduled from follow-on schedule check
[2026-04-22T00:45:01.526+0000] {local_task_job_runner.py:245} INFO - ::endgroup::
