[2026-04-21T23:01:49.748+0000] {local_task_job_runner.py:123} INFO - ::group::Pre task execution logs
[2026-04-21T23:01:49.760+0000] {taskinstance.py:2614} INFO - Dependencies all met for dep_context=non-requeueable deps ti=<TaskInstance: iot_sensor_pipeline.run_iot_etl_pipeline scheduled__2026-04-21T22:55:00+00:00 [queued]>
[2026-04-21T23:01:49.764+0000] {taskinstance.py:2614} INFO - Dependencies all met for dep_context=requeueable deps ti=<TaskInstance: iot_sensor_pipeline.run_iot_etl_pipeline scheduled__2026-04-21T22:55:00+00:00 [queued]>
[2026-04-21T23:01:49.765+0000] {taskinstance.py:2867} INFO - Starting attempt 1 of 2
[2026-04-21T23:01:49.774+0000] {taskinstance.py:2890} INFO - Executing <Task(PythonOperator): run_iot_etl_pipeline> on 2026-04-21 22:55:00+00:00
[2026-04-21T23:01:49.781+0000] {standard_task_runner.py:104} INFO - Running: ['***', 'tasks', 'run', 'iot_sensor_pipeline', 'run_iot_etl_pipeline', 'scheduled__2026-04-21T22:55:00+00:00', '--job-id', '6', '--raw', '--subdir', 'DAGS_FOLDER/iot_dag.py', '--cfg-path', '/tmp/tmp2bd_qd85']
[2026-04-21T23:01:49.783+0000] {standard_task_runner.py:105} INFO - Job 6: Subtask run_iot_etl_pipeline
[2026-04-21T23:01:49.783+0000] {logging_mixin.py:190} WARNING - /home/***/.local/lib/python3.12/site-packages/***/task/task_runner/standard_task_runner.py:70 DeprecationWarning: This process (pid=171) is multi-threaded, use of fork() may lead to deadlocks in the child.
[2026-04-21T23:01:49.783+0000] {standard_task_runner.py:72} INFO - Started process 175 to run task
[2026-04-21T23:01:49.820+0000] {task_command.py:467} INFO - Running <TaskInstance: iot_sensor_pipeline.run_iot_etl_pipeline scheduled__2026-04-21T22:55:00+00:00 [running]> on host 3b74ecf2fd6a
[2026-04-21T23:01:49.878+0000] {taskinstance.py:3134} INFO - Exporting env vars: AIRFLOW_CTX_DAG_OWNER='amrire' AIRFLOW_CTX_DAG_ID='iot_sensor_pipeline' AIRFLOW_CTX_TASK_ID='run_iot_etl_pipeline' AIRFLOW_CTX_EXECUTION_DATE='2026-04-21T22:55:00+00:00' AIRFLOW_CTX_TRY_NUMBER='1' AIRFLOW_CTX_DAG_RUN_ID='scheduled__2026-04-21T22:55:00+00:00'
[2026-04-21T23:01:49.879+0000] {taskinstance.py:732} INFO - ::endgroup::
[2026-04-21T23:01:49.898+0000] {pipeline.py:25} INFO - Pipeline run 1 started
[2026-04-21T23:01:49.898+0000] {extract.py:8} INFO - Extract started
[2026-04-21T23:01:49.904+0000] {extract.py:43} INFO - Extract completed | rows=4 | runtime=0.01s
[2026-04-21T23:01:49.907+0000] {transform.py:7} INFO - Transform started
[2026-04-21T23:01:49.918+0000] {transform.py:73} INFO - Transform completed | clean_rows=4 | quarantined_rows=0 | runtime=0.01s
[2026-04-21T23:01:49.919+0000] {load.py:10} INFO - Load started for Run ID: 1
[2026-04-21T23:01:49.924+0000] {load.py:33} INFO - Loaded 4 clean records.
[2026-04-21T23:01:49.926+0000] {load.py:61} INFO - Watermark successfully updated to 2026-04-21 23:01:45.909540+00:00.
[2026-04-21T23:01:49.927+0000] {load.py:68} INFO - Load completed | runtime=0.01s
[2026-04-21T23:01:49.929+0000] {pipeline.py:51} INFO - Pipeline run 1 completed successfully
[2026-04-21T23:01:49.929+0000] {python.py:240} INFO - Done. Returned value was: None
[2026-04-21T23:01:49.937+0000] {taskinstance.py:341} INFO - ::group::Post task execution logs
[2026-04-21T23:01:49.937+0000] {taskinstance.py:353} INFO - Marking task as SUCCESS. dag_id=iot_sensor_pipeline, task_id=run_iot_etl_pipeline, run_id=scheduled__2026-04-21T22:55:00+00:00, execution_date=20260421T225500, start_date=20260421T230149, end_date=20260421T230149
[2026-04-21T23:01:49.997+0000] {local_task_job_runner.py:266} INFO - Task exited with return code 0
[2026-04-21T23:01:50.008+0000] {taskinstance.py:3901} INFO - 0 downstream tasks scheduled from follow-on schedule check
[2026-04-21T23:01:50.010+0000] {local_task_job_runner.py:245} INFO - ::endgroup::
