[2026-05-09T05:20:01.056+0000] {local_task_job_runner.py:123} INFO - ::group::Pre task execution logs
[2026-05-09T05:20:01.068+0000] {taskinstance.py:2614} INFO - Dependencies all met for dep_context=non-requeueable deps ti=<TaskInstance: iot_sensor_pipeline.run_iot_etl_pipeline scheduled__2026-05-09T05:15:00+00:00 [queued]>
[2026-05-09T05:20:01.074+0000] {taskinstance.py:2614} INFO - Dependencies all met for dep_context=requeueable deps ti=<TaskInstance: iot_sensor_pipeline.run_iot_etl_pipeline scheduled__2026-05-09T05:15:00+00:00 [queued]>
[2026-05-09T05:20:01.074+0000] {taskinstance.py:2867} INFO - Starting attempt 1 of 2
[2026-05-09T05:20:01.083+0000] {taskinstance.py:2890} INFO - Executing <Task(PythonOperator): run_iot_etl_pipeline> on 2026-05-09 05:15:00+00:00
[2026-05-09T05:20:01.090+0000] {standard_task_runner.py:104} INFO - Running: ['***', 'tasks', 'run', 'iot_sensor_pipeline', 'run_iot_etl_pipeline', 'scheduled__2026-05-09T05:15:00+00:00', '--job-id', '4', '--raw', '--subdir', 'DAGS_FOLDER/iot_dag.py', '--cfg-path', '/tmp/tmpl9xjpm9f']
[2026-05-09T05:20:01.093+0000] {standard_task_runner.py:105} INFO - Job 4: Subtask run_iot_etl_pipeline
[2026-05-09T05:20:01.093+0000] {logging_mixin.py:190} WARNING - /home/***/.local/lib/python3.12/site-packages/***/task/task_runner/standard_task_runner.py:70 DeprecationWarning: This process (pid=289) is multi-threaded, use of fork() may lead to deadlocks in the child.
[2026-05-09T05:20:01.094+0000] {standard_task_runner.py:72} INFO - Started process 291 to run task
[2026-05-09T05:20:01.131+0000] {task_command.py:467} INFO - Running <TaskInstance: iot_sensor_pipeline.run_iot_etl_pipeline scheduled__2026-05-09T05:15:00+00:00 [running]> on host 040643c4521f
[2026-05-09T05:20:01.194+0000] {taskinstance.py:3134} INFO - Exporting env vars: AIRFLOW_CTX_DAG_OWNER='amrire' AIRFLOW_CTX_DAG_ID='iot_sensor_pipeline' AIRFLOW_CTX_TASK_ID='run_iot_etl_pipeline' AIRFLOW_CTX_EXECUTION_DATE='2026-05-09T05:15:00+00:00' AIRFLOW_CTX_TRY_NUMBER='1' AIRFLOW_CTX_DAG_RUN_ID='scheduled__2026-05-09T05:15:00+00:00'
[2026-05-09T05:20:01.195+0000] {taskinstance.py:732} INFO - ::endgroup::
[2026-05-09T05:20:01.212+0000] {pipeline.py:25} INFO - Pipeline run 3 started
[2026-05-09T05:20:01.212+0000] {extract.py:8} INFO - Extract started
[2026-05-09T05:20:01.217+0000] {extract.py:43} INFO - Extract completed | rows=52 | runtime=0.00s
[2026-05-09T05:20:01.217+0000] {transform.py:7} INFO - Transform started
[2026-05-09T05:20:01.227+0000] {transform.py:81} INFO - Transform completed | clean_rows=52 | quarantined_rows=0 | runtime=0.01s
[2026-05-09T05:20:01.227+0000] {load.py:9} INFO - Load started for Run ID: 3
[2026-05-09T05:20:01.239+0000] {load.py:41} INFO - Loaded 52 clean records.
[2026-05-09T05:20:01.241+0000] {load.py:67} INFO - Watermark updated | ID: 101 | TS: 2026-05-09 05:20:01.067584+00:00
[2026-05-09T05:20:01.241+0000] {load.py:74} INFO - Load completed | runtime=0.01s
[2026-05-09T05:20:01.243+0000] {pipeline.py:46} INFO - Pipeline run 3 completed successfully
[2026-05-09T05:20:01.244+0000] {python.py:240} INFO - Done. Returned value was: None
[2026-05-09T05:20:01.251+0000] {taskinstance.py:341} INFO - ::group::Post task execution logs
[2026-05-09T05:20:01.252+0000] {taskinstance.py:353} INFO - Marking task as SUCCESS. dag_id=iot_sensor_pipeline, task_id=run_iot_etl_pipeline, run_id=scheduled__2026-05-09T05:15:00+00:00, execution_date=20260509T051500, start_date=20260509T052001, end_date=20260509T052001
[2026-05-09T05:20:01.308+0000] {local_task_job_runner.py:266} INFO - Task exited with return code 0
[2026-05-09T05:20:01.320+0000] {taskinstance.py:3901} INFO - 0 downstream tasks scheduled from follow-on schedule check
[2026-05-09T05:20:01.322+0000] {local_task_job_runner.py:245} INFO - ::endgroup::
[2026-05-09T05:24:13.981+0000] {local_task_job_runner.py:123} INFO - ::group::Pre task execution logs
[2026-05-09T05:24:14.001+0000] {taskinstance.py:2614} INFO - Dependencies all met for dep_context=non-requeueable deps ti=<TaskInstance: iot_sensor_pipeline.run_iot_etl_pipeline scheduled__2026-05-09T05:15:00+00:00 [queued]>
[2026-05-09T05:24:14.010+0000] {taskinstance.py:2614} INFO - Dependencies all met for dep_context=requeueable deps ti=<TaskInstance: iot_sensor_pipeline.run_iot_etl_pipeline scheduled__2026-05-09T05:15:00+00:00 [queued]>
[2026-05-09T05:24:14.011+0000] {taskinstance.py:2867} INFO - Starting attempt 1 of 2
[2026-05-09T05:24:14.025+0000] {taskinstance.py:2890} INFO - Executing <Task(PythonOperator): run_iot_etl_pipeline> on 2026-05-09 05:15:00+00:00
[2026-05-09T05:24:14.034+0000] {standard_task_runner.py:104} INFO - Running: ['***', 'tasks', 'run', 'iot_sensor_pipeline', 'run_iot_etl_pipeline', 'scheduled__2026-05-09T05:15:00+00:00', '--job-id', '2', '--raw', '--subdir', 'DAGS_FOLDER/iot_dag.py', '--cfg-path', '/tmp/tmp_oxjxkcz']
[2026-05-09T05:24:14.040+0000] {standard_task_runner.py:105} INFO - Job 2: Subtask run_iot_etl_pipeline
[2026-05-09T05:24:14.039+0000] {logging_mixin.py:190} WARNING - /home/***/.local/lib/python3.12/site-packages/***/task/task_runner/standard_task_runner.py:70 DeprecationWarning: This process (pid=173) is multi-threaded, use of fork() may lead to deadlocks in the child.
[2026-05-09T05:24:14.041+0000] {standard_task_runner.py:72} INFO - Started process 175 to run task
[2026-05-09T05:24:14.106+0000] {task_command.py:467} INFO - Running <TaskInstance: iot_sensor_pipeline.run_iot_etl_pipeline scheduled__2026-05-09T05:15:00+00:00 [running]> on host 6234ca83ac6f
[2026-05-09T05:24:14.235+0000] {taskinstance.py:3134} INFO - Exporting env vars: AIRFLOW_CTX_DAG_OWNER='amrire' AIRFLOW_CTX_DAG_ID='iot_sensor_pipeline' AIRFLOW_CTX_TASK_ID='run_iot_etl_pipeline' AIRFLOW_CTX_EXECUTION_DATE='2026-05-09T05:15:00+00:00' AIRFLOW_CTX_TRY_NUMBER='1' AIRFLOW_CTX_DAG_RUN_ID='scheduled__2026-05-09T05:15:00+00:00'
[2026-05-09T05:24:14.237+0000] {taskinstance.py:732} INFO - ::endgroup::
[2026-05-09T05:24:14.315+0000] {pipeline.py:36} INFO - --- sensor_etl RUN 1 STARTED ---
[2026-05-09T05:24:14.315+0000] {extract.py:8} INFO - Extract started
[2026-05-09T05:24:14.319+0000] {extract.py:23} INFO - No watermark found. Starting from ID 0.
[2026-05-09T05:24:14.329+0000] {extract.py:39} INFO - No new data found.
[2026-05-09T05:24:14.330+0000] {pipeline.py:41} INFO - Scan complete: No new data. Exiting.
[2026-05-09T05:24:14.337+0000] {python.py:240} INFO - Done. Returned value was: None
[2026-05-09T05:24:14.351+0000] {taskinstance.py:341} INFO - ::group::Post task execution logs
[2026-05-09T05:24:14.352+0000] {taskinstance.py:353} INFO - Marking task as SUCCESS. dag_id=iot_sensor_pipeline, task_id=run_iot_etl_pipeline, run_id=scheduled__2026-05-09T05:15:00+00:00, execution_date=20260509T051500, start_date=20260509T052414, end_date=20260509T052414
[2026-05-09T05:24:14.421+0000] {local_task_job_runner.py:266} INFO - Task exited with return code 0
[2026-05-09T05:24:14.439+0000] {taskinstance.py:3901} INFO - 0 downstream tasks scheduled from follow-on schedule check
[2026-05-09T05:24:14.443+0000] {local_task_job_runner.py:245} INFO - ::endgroup::
