[2026-05-08T21:10:00.823+0000] {local_task_job_runner.py:123} INFO - ::group::Pre task execution logs
[2026-05-08T21:10:00.838+0000] {taskinstance.py:2614} INFO - Dependencies all met for dep_context=non-requeueable deps ti=<TaskInstance: iot_sensor_pipeline.run_iot_etl_pipeline scheduled__2026-05-08T21:05:00+00:00 [queued]>
[2026-05-08T21:10:00.846+0000] {taskinstance.py:2614} INFO - Dependencies all met for dep_context=requeueable deps ti=<TaskInstance: iot_sensor_pipeline.run_iot_etl_pipeline scheduled__2026-05-08T21:05:00+00:00 [queued]>
[2026-05-08T21:10:00.847+0000] {taskinstance.py:2867} INFO - Starting attempt 1 of 2
[2026-05-08T21:10:00.862+0000] {taskinstance.py:2890} INFO - Executing <Task(PythonOperator): run_iot_etl_pipeline> on 2026-05-08 21:05:00+00:00
[2026-05-08T21:10:00.872+0000] {logging_mixin.py:190} WARNING - /home/***/.local/lib/python3.12/site-packages/***/task/task_runner/standard_task_runner.py:70 DeprecationWarning: This process (pid=3465) is multi-threaded, use of fork() may lead to deadlocks in the child.
[2026-05-08T21:10:00.873+0000] {standard_task_runner.py:72} INFO - Started process 3467 to run task
[2026-05-08T21:10:00.873+0000] {standard_task_runner.py:104} INFO - Running: ['***', 'tasks', 'run', 'iot_sensor_pipeline', 'run_iot_etl_pipeline', 'scheduled__2026-05-08T21:05:00+00:00', '--job-id', '215', '--raw', '--subdir', 'DAGS_FOLDER/iot_dag.py', '--cfg-path', '/tmp/tmpf7v9bp7o']
[2026-05-08T21:10:00.876+0000] {standard_task_runner.py:105} INFO - Job 215: Subtask run_iot_etl_pipeline
[2026-05-08T21:10:00.923+0000] {task_command.py:467} INFO - Running <TaskInstance: iot_sensor_pipeline.run_iot_etl_pipeline scheduled__2026-05-08T21:05:00+00:00 [running]> on host 384a23093721
[2026-05-08T21:10:00.997+0000] {taskinstance.py:3134} INFO - Exporting env vars: AIRFLOW_CTX_DAG_OWNER='amrire' AIRFLOW_CTX_DAG_ID='iot_sensor_pipeline' AIRFLOW_CTX_TASK_ID='run_iot_etl_pipeline' AIRFLOW_CTX_EXECUTION_DATE='2026-05-08T21:05:00+00:00' AIRFLOW_CTX_TRY_NUMBER='1' AIRFLOW_CTX_DAG_RUN_ID='scheduled__2026-05-08T21:05:00+00:00'
[2026-05-08T21:10:00.998+0000] {taskinstance.py:732} INFO - ::endgroup::
[2026-05-08T21:10:01.022+0000] {pipeline.py:25} INFO - Pipeline run 213 started
[2026-05-08T21:10:01.023+0000] {extract.py:8} INFO - Extract started
[2026-05-08T21:10:01.030+0000] {extract.py:43} INFO - Extract completed | rows=51 | runtime=0.01s
[2026-05-08T21:10:01.031+0000] {transform.py:7} INFO - Transform started
[2026-05-08T21:10:01.051+0000] {transform.py:81} INFO - Transform completed | clean_rows=51 | quarantined_rows=0 | runtime=0.02s
[2026-05-08T21:10:01.052+0000] {load.py:9} INFO - Load started for Run ID: 213
[2026-05-08T21:10:01.075+0000] {load.py:41} INFO - Loaded 51 clean records.
[2026-05-08T21:10:01.079+0000] {load.py:67} INFO - Watermark updated | ID: 9238 | TS: 2026-05-08 21:09:55.447605+00:00
[2026-05-08T21:10:01.080+0000] {load.py:74} INFO - Load completed | runtime=0.03s
[2026-05-08T21:10:01.082+0000] {pipeline.py:46} INFO - Pipeline run 213 completed successfully
[2026-05-08T21:10:01.083+0000] {python.py:240} INFO - Done. Returned value was: None
[2026-05-08T21:10:01.092+0000] {taskinstance.py:341} INFO - ::group::Post task execution logs
[2026-05-08T21:10:01.093+0000] {taskinstance.py:353} INFO - Marking task as SUCCESS. dag_id=iot_sensor_pipeline, task_id=run_iot_etl_pipeline, run_id=scheduled__2026-05-08T21:05:00+00:00, execution_date=20260508T210500, start_date=20260508T211000, end_date=20260508T211001
[2026-05-08T21:10:01.129+0000] {local_task_job_runner.py:266} INFO - Task exited with return code 0
[2026-05-08T21:10:01.141+0000] {taskinstance.py:3901} INFO - 0 downstream tasks scheduled from follow-on schedule check
[2026-05-08T21:10:01.144+0000] {local_task_job_runner.py:245} INFO - ::endgroup::
