[2026-04-22T01:05:00.565+0000] {local_task_job_runner.py:123} INFO - ::group::Pre task execution logs
[2026-04-22T01:05:00.576+0000] {taskinstance.py:2614} INFO - Dependencies all met for dep_context=non-requeueable deps ti=<TaskInstance: iot_sensor_pipeline.run_iot_etl_pipeline scheduled__2026-04-22T01:00:00+00:00 [queued]>
[2026-04-22T01:05:00.580+0000] {taskinstance.py:2614} INFO - Dependencies all met for dep_context=requeueable deps ti=<TaskInstance: iot_sensor_pipeline.run_iot_etl_pipeline scheduled__2026-04-22T01:00:00+00:00 [queued]>
[2026-04-22T01:05:00.580+0000] {taskinstance.py:2867} INFO - Starting attempt 1 of 2
[2026-04-22T01:05:00.590+0000] {taskinstance.py:2890} INFO - Executing <Task(PythonOperator): run_iot_etl_pipeline> on 2026-04-22 01:00:00+00:00
[2026-04-22T01:05:00.597+0000] {logging_mixin.py:190} WARNING - /home/***/.local/lib/python3.12/site-packages/***/task/task_runner/standard_task_runner.py:70 DeprecationWarning: This process (pid=1707) is multi-threaded, use of fork() may lead to deadlocks in the child.
[2026-04-22T01:05:00.596+0000] {standard_task_runner.py:104} INFO - Running: ['***', 'tasks', 'run', 'iot_sensor_pipeline', 'run_iot_etl_pipeline', 'scheduled__2026-04-22T01:00:00+00:00', '--job-id', '34', '--raw', '--subdir', 'DAGS_FOLDER/iot_dag.py', '--cfg-path', '/tmp/tmpx7u4qddu']
[2026-04-22T01:05:00.598+0000] {standard_task_runner.py:105} INFO - Job 34: Subtask run_iot_etl_pipeline
[2026-04-22T01:05:00.598+0000] {standard_task_runner.py:72} INFO - Started process 1709 to run task
[2026-04-22T01:05:00.636+0000] {task_command.py:467} INFO - Running <TaskInstance: iot_sensor_pipeline.run_iot_etl_pipeline scheduled__2026-04-22T01:00:00+00:00 [running]> on host 3b74ecf2fd6a
[2026-04-22T01:05:00.695+0000] {taskinstance.py:3134} INFO - Exporting env vars: AIRFLOW_CTX_DAG_OWNER='amrire' AIRFLOW_CTX_DAG_ID='iot_sensor_pipeline' AIRFLOW_CTX_TASK_ID='run_iot_etl_pipeline' AIRFLOW_CTX_EXECUTION_DATE='2026-04-22T01:00:00+00:00' AIRFLOW_CTX_TRY_NUMBER='1' AIRFLOW_CTX_DAG_RUN_ID='scheduled__2026-04-22T01:00:00+00:00'
[2026-04-22T01:05:00.695+0000] {taskinstance.py:732} INFO - ::endgroup::
[2026-04-22T01:05:00.713+0000] {pipeline.py:25} INFO - Pipeline run 30 started
[2026-04-22T01:05:00.714+0000] {extract.py:8} INFO - Extract started
[2026-04-22T01:05:00.725+0000] {extract.py:43} INFO - Extract completed | rows=1261 | runtime=0.01s
[2026-04-22T01:05:00.726+0000] {transform.py:7} INFO - Transform started
[2026-04-22T01:05:00.738+0000] {transform.py:73} INFO - Transform completed | clean_rows=1261 | quarantined_rows=0 | runtime=0.01s
[2026-04-22T01:05:00.739+0000] {load.py:10} INFO - Load started for Run ID: 30
[2026-04-22T01:05:00.913+0000] {load.py:33} INFO - Loaded 1261 clean records.
[2026-04-22T01:05:00.917+0000] {load.py:61} INFO - Watermark successfully updated to 2026-04-22 01:04:56.370901+00:00.
[2026-04-22T01:05:00.917+0000] {load.py:68} INFO - Load completed | runtime=0.18s
[2026-04-22T01:05:00.920+0000] {pipeline.py:51} INFO - Pipeline run 30 completed successfully
[2026-04-22T01:05:00.920+0000] {python.py:240} INFO - Done. Returned value was: None
[2026-04-22T01:05:00.928+0000] {taskinstance.py:341} INFO - ::group::Post task execution logs
[2026-04-22T01:05:00.928+0000] {taskinstance.py:353} INFO - Marking task as SUCCESS. dag_id=iot_sensor_pipeline, task_id=run_iot_etl_pipeline, run_id=scheduled__2026-04-22T01:00:00+00:00, execution_date=20260422T010000, start_date=20260422T010500, end_date=20260422T010500
[2026-04-22T01:05:00.972+0000] {local_task_job_runner.py:266} INFO - Task exited with return code 0
[2026-04-22T01:05:00.983+0000] {taskinstance.py:3901} INFO - 0 downstream tasks scheduled from follow-on schedule check
[2026-04-22T01:05:00.985+0000] {local_task_job_runner.py:245} INFO - ::endgroup::
