[2026-04-22T01:50:01.042+0000] {local_task_job_runner.py:123} INFO - ::group::Pre task execution logs
[2026-04-22T01:50:01.052+0000] {taskinstance.py:2614} INFO - Dependencies all met for dep_context=non-requeueable deps ti=<TaskInstance: iot_sensor_pipeline.run_iot_etl_pipeline scheduled__2026-04-22T01:45:00+00:00 [queued]>
[2026-04-22T01:50:01.056+0000] {taskinstance.py:2614} INFO - Dependencies all met for dep_context=requeueable deps ti=<TaskInstance: iot_sensor_pipeline.run_iot_etl_pipeline scheduled__2026-04-22T01:45:00+00:00 [queued]>
[2026-04-22T01:50:01.057+0000] {taskinstance.py:2867} INFO - Starting attempt 1 of 2
[2026-04-22T01:50:01.065+0000] {taskinstance.py:2890} INFO - Executing <Task(PythonOperator): run_iot_etl_pipeline> on 2026-04-22 01:45:00+00:00
[2026-04-22T01:50:01.071+0000] {logging_mixin.py:190} WARNING - /home/***/.local/lib/python3.12/site-packages/***/task/task_runner/standard_task_runner.py:70 DeprecationWarning: This process (pid=2253) is multi-threaded, use of fork() may lead to deadlocks in the child.
[2026-04-22T01:50:01.072+0000] {standard_task_runner.py:72} INFO - Started process 2255 to run task
[2026-04-22T01:50:01.071+0000] {standard_task_runner.py:104} INFO - Running: ['***', 'tasks', 'run', 'iot_sensor_pipeline', 'run_iot_etl_pipeline', 'scheduled__2026-04-22T01:45:00+00:00', '--job-id', '43', '--raw', '--subdir', 'DAGS_FOLDER/iot_dag.py', '--cfg-path', '/tmp/tmp2nh_7dpx']
[2026-04-22T01:50:01.072+0000] {standard_task_runner.py:105} INFO - Job 43: Subtask run_iot_etl_pipeline
[2026-04-22T01:50:01.110+0000] {task_command.py:467} INFO - Running <TaskInstance: iot_sensor_pipeline.run_iot_etl_pipeline scheduled__2026-04-22T01:45:00+00:00 [running]> on host 3b74ecf2fd6a
[2026-04-22T01:50:01.166+0000] {taskinstance.py:3134} INFO - Exporting env vars: AIRFLOW_CTX_DAG_OWNER='amrire' AIRFLOW_CTX_DAG_ID='iot_sensor_pipeline' AIRFLOW_CTX_TASK_ID='run_iot_etl_pipeline' AIRFLOW_CTX_EXECUTION_DATE='2026-04-22T01:45:00+00:00' AIRFLOW_CTX_TRY_NUMBER='1' AIRFLOW_CTX_DAG_RUN_ID='scheduled__2026-04-22T01:45:00+00:00'
[2026-04-22T01:50:01.167+0000] {taskinstance.py:732} INFO - ::endgroup::
[2026-04-22T01:50:01.184+0000] {pipeline.py:25} INFO - Pipeline run 39 started
[2026-04-22T01:50:01.184+0000] {extract.py:8} INFO - Extract started
[2026-04-22T01:50:01.196+0000] {extract.py:43} INFO - Extract completed | rows=1722 | runtime=0.01s
[2026-04-22T01:50:01.198+0000] {transform.py:7} INFO - Transform started
[2026-04-22T01:50:01.210+0000] {transform.py:73} INFO - Transform completed | clean_rows=1722 | quarantined_rows=0 | runtime=0.01s
[2026-04-22T01:50:01.210+0000] {load.py:10} INFO - Load started for Run ID: 39
[2026-04-22T01:50:01.403+0000] {load.py:33} INFO - Loaded 1722 clean records.
[2026-04-22T01:50:01.406+0000] {load.py:61} INFO - Watermark successfully updated to 2026-04-22 01:50:00.958600+00:00.
[2026-04-22T01:50:01.406+0000] {load.py:68} INFO - Load completed | runtime=0.20s
[2026-04-22T01:50:01.408+0000] {pipeline.py:51} INFO - Pipeline run 39 completed successfully
[2026-04-22T01:50:01.408+0000] {python.py:240} INFO - Done. Returned value was: None
[2026-04-22T01:50:01.416+0000] {taskinstance.py:341} INFO - ::group::Post task execution logs
[2026-04-22T01:50:01.416+0000] {taskinstance.py:353} INFO - Marking task as SUCCESS. dag_id=iot_sensor_pipeline, task_id=run_iot_etl_pipeline, run_id=scheduled__2026-04-22T01:45:00+00:00, execution_date=20260422T014500, start_date=20260422T015001, end_date=20260422T015001
[2026-04-22T01:50:01.445+0000] {local_task_job_runner.py:266} INFO - Task exited with return code 0
[2026-04-22T01:50:01.456+0000] {taskinstance.py:3901} INFO - 0 downstream tasks scheduled from follow-on schedule check
[2026-04-22T01:50:01.458+0000] {local_task_job_runner.py:245} INFO - ::endgroup::
