[2026-05-05T18:50:01.016+0000] {local_task_job_runner.py:123} INFO - ::group::Pre task execution logs
[2026-05-05T18:50:01.027+0000] {taskinstance.py:2614} INFO - Dependencies all met for dep_context=non-requeueable deps ti=<TaskInstance: iot_sensor_pipeline.run_iot_etl_pipeline scheduled__2026-05-05T18:45:00+00:00 [queued]>
[2026-05-05T18:50:01.032+0000] {taskinstance.py:2614} INFO - Dependencies all met for dep_context=requeueable deps ti=<TaskInstance: iot_sensor_pipeline.run_iot_etl_pipeline scheduled__2026-05-05T18:45:00+00:00 [queued]>
[2026-05-05T18:50:01.032+0000] {taskinstance.py:2867} INFO - Starting attempt 1 of 2
[2026-05-05T18:50:01.041+0000] {taskinstance.py:2890} INFO - Executing <Task(PythonOperator): run_iot_etl_pipeline> on 2026-05-05 18:45:00+00:00
[2026-05-05T18:50:01.048+0000] {standard_task_runner.py:104} INFO - Running: ['***', 'tasks', 'run', 'iot_sensor_pipeline', 'run_iot_etl_pipeline', 'scheduled__2026-05-05T18:45:00+00:00', '--job-id', '2046', '--raw', '--subdir', 'DAGS_FOLDER/iot_dag.py', '--cfg-path', '/tmp/tmp_k4ms2cg']
[2026-05-05T18:50:01.049+0000] {logging_mixin.py:190} WARNING - /home/***/.local/lib/python3.12/site-packages/***/task/task_runner/standard_task_runner.py:70 DeprecationWarning: This process (pid=2054) is multi-threaded, use of fork() may lead to deadlocks in the child.
[2026-05-05T18:50:01.050+0000] {standard_task_runner.py:105} INFO - Job 2046: Subtask run_iot_etl_pipeline
[2026-05-05T18:50:01.050+0000] {standard_task_runner.py:72} INFO - Started process 2056 to run task
[2026-05-05T18:50:01.087+0000] {task_command.py:467} INFO - Running <TaskInstance: iot_sensor_pipeline.run_iot_etl_pipeline scheduled__2026-05-05T18:45:00+00:00 [running]> on host eb6d0aa2e1ba
[2026-05-05T18:50:01.155+0000] {taskinstance.py:3134} INFO - Exporting env vars: AIRFLOW_CTX_DAG_OWNER='amrire' AIRFLOW_CTX_DAG_ID='iot_sensor_pipeline' AIRFLOW_CTX_TASK_ID='run_iot_etl_pipeline' AIRFLOW_CTX_EXECUTION_DATE='2026-05-05T18:45:00+00:00' AIRFLOW_CTX_TRY_NUMBER='1' AIRFLOW_CTX_DAG_RUN_ID='scheduled__2026-05-05T18:45:00+00:00'
[2026-05-05T18:50:01.156+0000] {taskinstance.py:732} INFO - ::endgroup::
[2026-05-05T18:50:01.174+0000] {pipeline.py:25} INFO - Pipeline run 1884 started
[2026-05-05T18:50:01.175+0000] {extract.py:8} INFO - Extract started
[2026-05-05T18:50:01.180+0000] {extract.py:39} INFO - No new data found.
[2026-05-05T18:50:01.180+0000] {pipeline.py:30} INFO - No new data. Exiting.
[2026-05-05T18:50:01.182+0000] {python.py:240} INFO - Done. Returned value was: None
[2026-05-05T18:50:01.190+0000] {taskinstance.py:341} INFO - ::group::Post task execution logs
[2026-05-05T18:50:01.190+0000] {taskinstance.py:353} INFO - Marking task as SUCCESS. dag_id=iot_sensor_pipeline, task_id=run_iot_etl_pipeline, run_id=scheduled__2026-05-05T18:45:00+00:00, execution_date=20260505T184500, start_date=20260505T185001, end_date=20260505T185001
[2026-05-05T18:50:01.224+0000] {local_task_job_runner.py:266} INFO - Task exited with return code 0
[2026-05-05T18:50:01.235+0000] {taskinstance.py:3901} INFO - 0 downstream tasks scheduled from follow-on schedule check
[2026-05-05T18:50:01.237+0000] {local_task_job_runner.py:245} INFO - ::endgroup::
