[2026-05-09T17:40:01.199+0000] {local_task_job_runner.py:123} INFO - ::group::Pre task execution logs
[2026-05-09T17:40:01.209+0000] {taskinstance.py:2614} INFO - Dependencies all met for dep_context=non-requeueable deps ti=<TaskInstance: iot_sensor_pipeline.run_iot_etl_pipeline scheduled__2026-05-09T17:35:00+00:00 [queued]>
[2026-05-09T17:40:01.213+0000] {taskinstance.py:2614} INFO - Dependencies all met for dep_context=requeueable deps ti=<TaskInstance: iot_sensor_pipeline.run_iot_etl_pipeline scheduled__2026-05-09T17:35:00+00:00 [queued]>
[2026-05-09T17:40:01.214+0000] {taskinstance.py:2867} INFO - Starting attempt 1 of 2
[2026-05-09T17:40:01.222+0000] {taskinstance.py:2890} INFO - Executing <Task(PythonOperator): run_iot_etl_pipeline> on 2026-05-09 17:35:00+00:00
[2026-05-09T17:40:01.230+0000] {logging_mixin.py:190} WARNING - /home/***/.local/lib/python3.12/site-packages/***/task/task_runner/standard_task_runner.py:70 DeprecationWarning: This process (pid=647) is multi-threaded, use of fork() may lead to deadlocks in the child.
[2026-05-09T17:40:01.229+0000] {standard_task_runner.py:104} INFO - Running: ['***', 'tasks', 'run', 'iot_sensor_pipeline', 'run_iot_etl_pipeline', 'scheduled__2026-05-09T17:35:00+00:00', '--job-id', '109', '--raw', '--subdir', 'DAGS_FOLDER/iot_dag.py', '--cfg-path', '/tmp/tmpt3so8_5n']
[2026-05-09T17:40:01.231+0000] {standard_task_runner.py:72} INFO - Started process 649 to run task
[2026-05-09T17:40:01.231+0000] {standard_task_runner.py:105} INFO - Job 109: Subtask run_iot_etl_pipeline
[2026-05-09T17:40:01.268+0000] {task_command.py:467} INFO - Running <TaskInstance: iot_sensor_pipeline.run_iot_etl_pipeline scheduled__2026-05-09T17:35:00+00:00 [running]> on host 5f88d49937a6
[2026-05-09T17:40:01.328+0000] {taskinstance.py:3134} INFO - Exporting env vars: AIRFLOW_CTX_DAG_OWNER='amrire' AIRFLOW_CTX_DAG_ID='iot_sensor_pipeline' AIRFLOW_CTX_TASK_ID='run_iot_etl_pipeline' AIRFLOW_CTX_EXECUTION_DATE='2026-05-09T17:35:00+00:00' AIRFLOW_CTX_TRY_NUMBER='1' AIRFLOW_CTX_DAG_RUN_ID='scheduled__2026-05-09T17:35:00+00:00'
[2026-05-09T17:40:01.328+0000] {taskinstance.py:732} INFO - ::endgroup::
[2026-05-09T17:40:01.346+0000] {pipeline.py:36} INFO - --- sensor_etl RUN 107 STARTED ---
[2026-05-09T17:40:01.347+0000] {extract.py:8} INFO - Extract started
[2026-05-09T17:40:01.352+0000] {extract.py:43} INFO - Extract completed | rows=51 | runtime=0.01s
[2026-05-09T17:40:01.353+0000] {transform.py:7} INFO - Transform started
[2026-05-09T17:40:01.363+0000] {transform.py:81} INFO - Transform completed | clean_rows=51 | quarantined_rows=0 | runtime=0.01s
[2026-05-09T17:40:01.364+0000] {load.py:9} INFO - Load started for Run ID: 107
[2026-05-09T17:40:01.373+0000] {load.py:41} INFO - Loaded 51 clean records.
[2026-05-09T17:40:01.376+0000] {load.py:67} INFO - Watermark updated | ID: 1736 | TS: 2026-05-09 17:39:58.479767+00:00
[2026-05-09T17:40:01.376+0000] {load.py:74} INFO - Load completed | runtime=0.01s
[2026-05-09T17:40:01.378+0000] {pipeline.py:57} INFO - --- sensor_etl RUN 107 COMPLETED SUCCESSFULLY ---
[2026-05-09T17:40:01.379+0000] {python.py:240} INFO - Done. Returned value was: None
[2026-05-09T17:40:01.386+0000] {taskinstance.py:341} INFO - ::group::Post task execution logs
[2026-05-09T17:40:01.386+0000] {taskinstance.py:353} INFO - Marking task as SUCCESS. dag_id=iot_sensor_pipeline, task_id=run_iot_etl_pipeline, run_id=scheduled__2026-05-09T17:35:00+00:00, execution_date=20260509T173500, start_date=20260509T174001, end_date=20260509T174001
[2026-05-09T17:40:01.445+0000] {local_task_job_runner.py:266} INFO - Task exited with return code 0
[2026-05-09T17:40:01.461+0000] {taskinstance.py:3901} INFO - 0 downstream tasks scheduled from follow-on schedule check
[2026-05-09T17:40:01.463+0000] {local_task_job_runner.py:245} INFO - ::endgroup::
